2024-11-25 20:11:57.712 [info] [main] Log level: Info
2024-11-25 20:11:57.712 [info] [main] Validating found git in: "git"
2024-11-25 20:11:57.712 [info] [main] Using git "2.34.1" from "git"
2024-11-25 20:11:57.712 [info] [Model][doInitialScan] Initial repository scan started
2024-11-25 20:11:57.736 [info] > git rev-parse --show-toplevel [23ms]
2024-11-25 20:11:57.741 [info] > git rev-parse --git-dir --git-common-dir [1ms]
2024-11-25 20:11:57.750 [info] [Model][openRepository] Opened repository: /var/www/html/2_team/2_team2
2024-11-25 20:11:57.759 [info] > git config --get commit.template [4ms]
2024-11-25 20:11:57.759 [info] > git rev-parse --show-toplevel [2ms]
2024-11-25 20:11:57.765 [info] > git rev-parse --show-toplevel [1ms]
2024-11-25 20:11:57.773 [info] > git rev-parse --show-toplevel [5ms]
2024-11-25 20:11:57.777 [info] > git rev-parse --show-toplevel [1ms]
2024-11-25 20:11:57.781 [info] > git rev-parse --show-toplevel [2ms]
2024-11-25 20:11:57.784 [info] > git rev-parse --show-toplevel [1ms]
2024-11-25 20:11:57.787 [info] > git rev-parse --show-toplevel [1ms]
2024-11-25 20:11:57.791 [info] > git rev-parse --show-toplevel [2ms]
2024-11-25 20:11:57.794 [info] > git rev-parse --show-toplevel [1ms]
2024-11-25 20:11:57.798 [info] > git rev-parse --show-toplevel [1ms]
2024-11-25 20:11:57.800 [info] [Model][doInitialScan] Initial repository scan completed - repositories (1), closed repositories (0), parent repositories (0), unsafe repositories (0)
2024-11-25 20:11:58.043 [info] > git for-each-ref --format=%(refname)%00%(upstream:short)%00%(objectname)%00%(upstream:track)%00%(upstream:remotename)%00%(upstream:remoteref) refs/heads/jhw refs/remotes/jhw [282ms]
2024-11-25 20:11:58.137 [info] > git for-each-ref --sort -committerdate --format %(refname) %(objectname) %(*objectname) [74ms]
2024-11-25 20:11:58.227 [info] > git ls-files --stage -- /var/www/html/2_team/2_team2/add_comment.php [91ms]
2024-11-25 20:11:58.265 [info] > git cat-file -s 46d75a1c5fff54cf9a63bd49989221962a68ba28 [34ms]
2024-11-25 20:11:58.266 [info] > git show --textconv :add_comment.php [136ms]
2024-11-25 20:11:58.337 [info] > git check-ignore -v -z --stdin [58ms]
2024-11-25 20:11:58.773 [info] > git status -z -uall [720ms]
2024-11-25 20:11:58.788 [info] > git for-each-ref --format=%(refname)%00%(upstream:short)%00%(objectname)%00%(upstream:track)%00%(upstream:remotename)%00%(upstream:remoteref) refs/heads/jhw refs/remotes/jhw [4ms]
2024-11-25 20:11:58.792 [info] > git config --get commit.template [3ms]
2024-11-25 20:11:58.794 [info] > git config --local branch.jhw.vscode-merge-base [3ms]
2024-11-25 20:11:58.795 [warning] [Git][config] git config failed: Failed to execute git
2024-11-25 20:11:58.797 [info] > git for-each-ref --format=%(refname)%00%(upstream:short)%00%(objectname)%00%(upstream:track)%00%(upstream:remotename)%00%(upstream:remoteref) refs/heads/jhw refs/remotes/jhw [3ms]
2024-11-25 20:11:58.804 [info] > git for-each-ref --sort -committerdate --format %(refname) %(objectname) %(*objectname) [2ms]
2024-11-25 20:11:58.874 [info] > git status -z -uall [74ms]
2024-11-25 20:11:58.881 [info] > git reflog jhw --grep-reflog=branch: Created from *. [84ms]
2024-11-25 20:11:58.884 [info] > git for-each-ref --format=%(refname)%00%(upstream:short)%00%(objectname)%00%(upstream:track)%00%(upstream:remotename)%00%(upstream:remoteref) refs/heads/jhw refs/remotes/jhw [4ms]
2024-11-25 20:11:58.887 [info] > git reflog HEAD --grep-reflog=checkout: moving from .* to jhw [4ms]
2024-11-25 20:11:58.890 [info] > git config --local branch.jhw.vscode-merge-base [4ms]
2024-11-25 20:11:58.890 [warning] [Git][config] git config failed: Failed to execute git
2024-11-25 20:11:58.893 [info] > git for-each-ref --format=%(refname)%00%(upstream:short)%00%(objectname)%00%(upstream:track)%00%(upstream:remotename)%00%(upstream:remoteref) refs/heads/main refs/remotes/main [4ms]
2024-11-25 20:11:58.896 [info] > git reflog jhw --grep-reflog=branch: Created from *. [4ms]
2024-11-25 20:11:58.900 [info] > git reflog HEAD --grep-reflog=checkout: moving from .* to jhw [2ms]
2024-11-25 20:11:58.904 [info] > git for-each-ref --format=%(refname)%00%(upstream:short)%00%(objectname)%00%(upstream:track)%00%(upstream:remotename)%00%(upstream:remoteref) refs/heads/main refs/remotes/main [1ms]
2024-11-25 20:11:58.946 [info] > git symbolic-ref --short refs/remotes/origin/HEAD [40ms]
2024-11-25 20:11:58.946 [info] fatal: ref refs/remotes/origin/HEAD is not a symbolic ref
2024-11-25 20:11:58.946 [warning] [Repository][getDefaultBranch] Failed to get default branch details: Failed to execute git.
2024-11-25 20:11:59.076 [info] > git merge-base refs/heads/jhw refs/remotes/origin/jhw [120ms]
2024-11-25 20:11:59.079 [info] > git symbolic-ref --short refs/remotes/origin/HEAD [183ms]
2024-11-25 20:11:59.079 [info] fatal: ref refs/remotes/origin/HEAD is not a symbolic ref
2024-11-25 20:11:59.079 [warning] [Repository][getDefaultBranch] Failed to get default branch details: Failed to execute git.
2024-11-25 20:11:59.082 [info] > git diff --name-status -z --diff-filter=ADMR 9737636c5f94e0bcd809246b99e222d049bc4914...refs/remotes/origin/jhw [4ms]
2024-11-25 20:11:59.083 [info] > git merge-base refs/heads/jhw refs/remotes/origin/jhw [2ms]
2024-11-25 20:11:59.087 [info] > git diff --name-status -z --diff-filter=ADMR 9737636c5f94e0bcd809246b99e222d049bc4914...refs/remotes/origin/jhw [2ms]
2024-11-25 20:12:03.671 [info] > git config --get commit.template [3ms]
2024-11-25 20:12:03.672 [info] > git for-each-ref --format=%(refname)%00%(upstream:short)%00%(objectname)%00%(upstream:track)%00%(upstream:remotename)%00%(upstream:remoteref) refs/heads/jhw refs/remotes/jhw [2ms]
2024-11-25 20:12:03.679 [info] > git for-each-ref --sort -committerdate --format %(refname) %(objectname) %(*objectname) [2ms]
2024-11-25 20:12:03.744 [info] > git status -z -uall [69ms]
2024-11-25 20:12:08.757 [info] > git config --get commit.template [4ms]
2024-11-25 20:12:08.758 [info] > git for-each-ref --format=%(refname)%00%(upstream:short)%00%(objectname)%00%(upstream:track)%00%(upstream:remotename)%00%(upstream:remoteref) refs/heads/jhw refs/remotes/jhw [2ms]
2024-11-25 20:12:08.766 [info] > git for-each-ref --sort -committerdate --format %(refname) %(objectname) %(*objectname) [3ms]
2024-11-25 20:12:08.831 [info] > git status -z -uall [71ms]
2024-11-25 20:12:13.844 [info] > git config --get commit.template [1ms]
2024-11-25 20:12:13.848 [info] > git for-each-ref --format=%(refname)%00%(upstream:short)%00%(objectname)%00%(upstream:track)%00%(upstream:remotename)%00%(upstream:remoteref) refs/heads/jhw refs/remotes/jhw [1ms]
2024-11-25 20:12:13.856 [info] > git for-each-ref --sort -committerdate --format %(refname) %(objectname) %(*objectname) [2ms]
2024-11-25 20:12:13.922 [info] > git status -z -uall [71ms]
2024-11-25 20:12:18.939 [info] > git config --get commit.template [4ms]
2024-11-25 20:12:18.940 [info] > git for-each-ref --format=%(refname)%00%(upstream:short)%00%(objectname)%00%(upstream:track)%00%(upstream:remotename)%00%(upstream:remoteref) refs/heads/jhw refs/remotes/jhw [2ms]
2024-11-25 20:12:18.947 [info] > git for-each-ref --sort -committerdate --format %(refname) %(objectname) %(*objectname) [2ms]
2024-11-25 20:12:19.014 [info] > git status -z -uall [71ms]
2024-11-25 20:12:24.028 [info] > git config --get commit.template [3ms]
2024-11-25 20:12:24.029 [info] > git for-each-ref --format=%(refname)%00%(upstream:short)%00%(objectname)%00%(upstream:track)%00%(upstream:remotename)%00%(upstream:remoteref) refs/heads/jhw refs/remotes/jhw [1ms]
2024-11-25 20:12:24.037 [info] > git for-each-ref --sort -committerdate --format %(refname) %(objectname) %(*objectname) [2ms]
2024-11-25 20:12:24.101 [info] > git status -z -uall [69ms]
2024-11-25 20:12:29.115 [info] > git config --get commit.template [3ms]
2024-11-25 20:12:29.115 [info] > git for-each-ref --format=%(refname)%00%(upstream:short)%00%(objectname)%00%(upstream:track)%00%(upstream:remotename)%00%(upstream:remoteref) refs/heads/jhw refs/remotes/jhw [1ms]
2024-11-25 20:12:29.124 [info] > git for-each-ref --sort -committerdate --format %(refname) %(objectname) %(*objectname) [3ms]
2024-11-25 20:12:29.189 [info] > git status -z -uall [71ms]
2024-11-25 20:12:34.202 [info] > git config --get commit.template [3ms]
2024-11-25 20:12:34.203 [info] > git for-each-ref --format=%(refname)%00%(upstream:short)%00%(objectname)%00%(upstream:track)%00%(upstream:remotename)%00%(upstream:remoteref) refs/heads/jhw refs/remotes/jhw [2ms]
2024-11-25 20:12:34.210 [info] > git for-each-ref --sort -committerdate --format %(refname) %(objectname) %(*objectname) [2ms]
2024-11-25 20:12:34.280 [info] > git status -z -uall [74ms]
2024-11-25 20:12:39.293 [info] > git config --get commit.template [3ms]
2024-11-25 20:12:39.294 [info] > git for-each-ref --format=%(refname)%00%(upstream:short)%00%(objectname)%00%(upstream:track)%00%(upstream:remotename)%00%(upstream:remoteref) refs/heads/jhw refs/remotes/jhw [1ms]
2024-11-25 20:12:39.302 [info] > git for-each-ref --sort -committerdate --format %(refname) %(objectname) %(*objectname) [2ms]
2024-11-25 20:12:39.366 [info] > git status -z -uall [69ms]
2024-11-25 20:12:44.385 [info] > git config --get commit.template [4ms]
2024-11-25 20:12:44.386 [info] > git for-each-ref --format=%(refname)%00%(upstream:short)%00%(objectname)%00%(upstream:track)%00%(upstream:remotename)%00%(upstream:remoteref) refs/heads/jhw refs/remotes/jhw [2ms]
2024-11-25 20:12:44.393 [info] > git for-each-ref --sort -committerdate --format %(refname) %(objectname) %(*objectname) [2ms]
2024-11-25 20:12:44.457 [info] > git status -z -uall [69ms]
2024-11-25 20:12:49.470 [info] > git config --get commit.template [2ms]
2024-11-25 20:12:49.472 [info] > git for-each-ref --format=%(refname)%00%(upstream:short)%00%(objectname)%00%(upstream:track)%00%(upstream:remotename)%00%(upstream:remoteref) refs/heads/jhw refs/remotes/jhw [2ms]
2024-11-25 20:12:49.479 [info] > git for-each-ref --sort -committerdate --format %(refname) %(objectname) %(*objectname) [2ms]
2024-11-25 20:12:49.545 [info] > git status -z -uall [71ms]
2024-11-25 20:12:54.559 [info] > git config --get commit.template [3ms]
2024-11-25 20:12:54.560 [info] > git for-each-ref --format=%(refname)%00%(upstream:short)%00%(objectname)%00%(upstream:track)%00%(upstream:remotename)%00%(upstream:remoteref) refs/heads/jhw refs/remotes/jhw [2ms]
2024-11-25 20:12:54.568 [info] > git for-each-ref --sort -committerdate --format %(refname) %(objectname) %(*objectname) [3ms]
2024-11-25 20:12:54.634 [info] > git status -z -uall [70ms]
2024-11-25 20:12:59.651 [info] > git config --get commit.template [4ms]
2024-11-25 20:12:59.652 [info] > git for-each-ref --format=%(refname)%00%(upstream:short)%00%(objectname)%00%(upstream:track)%00%(upstream:remotename)%00%(upstream:remoteref) refs/heads/jhw refs/remotes/jhw [2ms]
2024-11-25 20:12:59.659 [info] > git for-each-ref --sort -committerdate --format %(refname) %(objectname) %(*objectname) [2ms]
2024-11-25 20:12:59.726 [info] > git status -z -uall [71ms]
2024-11-25 20:13:04.740 [info] > git config --get commit.template [3ms]
2024-11-25 20:13:04.741 [info] > git for-each-ref --format=%(refname)%00%(upstream:short)%00%(objectname)%00%(upstream:track)%00%(upstream:remotename)%00%(upstream:remoteref) refs/heads/jhw refs/remotes/jhw [2ms]
2024-11-25 20:13:04.748 [info] > git for-each-ref --sort -committerdate --format %(refname) %(objectname) %(*objectname) [2ms]
2024-11-25 20:13:04.814 [info] > git status -z -uall [70ms]
2024-11-25 20:13:09.827 [info] > git config --get commit.template [3ms]
2024-11-25 20:13:09.828 [info] > git for-each-ref --format=%(refname)%00%(upstream:short)%00%(objectname)%00%(upstream:track)%00%(upstream:remotename)%00%(upstream:remoteref) refs/heads/jhw refs/remotes/jhw [2ms]
2024-11-25 20:13:09.835 [info] > git for-each-ref --sort -committerdate --format %(refname) %(objectname) %(*objectname) [2ms]
2024-11-25 20:13:09.903 [info] > git status -z -uall [73ms]
2024-11-25 20:13:14.916 [info] > git config --get commit.template [3ms]
2024-11-25 20:13:14.917 [info] > git for-each-ref --format=%(refname)%00%(upstream:short)%00%(objectname)%00%(upstream:track)%00%(upstream:remotename)%00%(upstream:remoteref) refs/heads/jhw refs/remotes/jhw [2ms]
2024-11-25 20:13:14.925 [info] > git for-each-ref --sort -committerdate --format %(refname) %(objectname) %(*objectname) [3ms]
2024-11-25 20:13:14.991 [info] > git status -z -uall [71ms]
2024-11-25 20:13:20.003 [info] > git config --get commit.template [3ms]
2024-11-25 20:13:20.004 [info] > git for-each-ref --format=%(refname)%00%(upstream:short)%00%(objectname)%00%(upstream:track)%00%(upstream:remotename)%00%(upstream:remoteref) refs/heads/jhw refs/remotes/jhw [2ms]
2024-11-25 20:13:20.012 [info] > git for-each-ref --sort -committerdate --format %(refname) %(objectname) %(*objectname) [3ms]
2024-11-25 20:13:20.076 [info] > git status -z -uall [69ms]
2024-11-25 20:13:25.089 [info] > git config --get commit.template [3ms]
2024-11-25 20:13:25.091 [info] > git for-each-ref --format=%(refname)%00%(upstream:short)%00%(objectname)%00%(upstream:track)%00%(upstream:remotename)%00%(upstream:remoteref) refs/heads/jhw refs/remotes/jhw [2ms]
2024-11-25 20:13:25.099 [info] > git for-each-ref --sort -committerdate --format %(refname) %(objectname) %(*objectname) [3ms]
2024-11-25 20:13:25.166 [info] > git status -z -uall [72ms]
2024-11-25 20:13:30.179 [info] > git config --get commit.template [2ms]
2024-11-25 20:13:30.180 [info] > git for-each-ref --format=%(refname)%00%(upstream:short)%00%(objectname)%00%(upstream:track)%00%(upstream:remotename)%00%(upstream:remoteref) refs/heads/jhw refs/remotes/jhw [2ms]
2024-11-25 20:13:30.188 [info] > git for-each-ref --sort -committerdate --format %(refname) %(objectname) %(*objectname) [2ms]
2024-11-25 20:13:30.252 [info] > git status -z -uall [69ms]
2024-11-25 20:13:35.265 [info] > git config --get commit.template [3ms]
2024-11-25 20:13:35.267 [info] > git for-each-ref --format=%(refname)%00%(upstream:short)%00%(objectname)%00%(upstream:track)%00%(upstream:remotename)%00%(upstream:remoteref) refs/heads/jhw refs/remotes/jhw [2ms]
2024-11-25 20:13:35.275 [info] > git for-each-ref --sort -committerdate --format %(refname) %(objectname) %(*objectname) [2ms]
2024-11-25 20:13:35.341 [info] > git status -z -uall [72ms]
2024-11-25 20:13:40.355 [info] > git config --get commit.template [3ms]
2024-11-25 20:13:40.356 [info] > git for-each-ref --format=%(refname)%00%(upstream:short)%00%(objectname)%00%(upstream:track)%00%(upstream:remotename)%00%(upstream:remoteref) refs/heads/jhw refs/remotes/jhw [1ms]
2024-11-25 20:13:40.364 [info] > git for-each-ref --sort -committerdate --format %(refname) %(objectname) %(*objectname) [2ms]
2024-11-25 20:13:40.430 [info] > git status -z -uall [71ms]
2024-11-25 20:13:45.447 [info] > git config --get commit.template [4ms]
2024-11-25 20:13:45.448 [info] > git for-each-ref --format=%(refname)%00%(upstream:short)%00%(objectname)%00%(upstream:track)%00%(upstream:remotename)%00%(upstream:remoteref) refs/heads/jhw refs/remotes/jhw [1ms]
2024-11-25 20:13:45.456 [info] > git for-each-ref --sort -committerdate --format %(refname) %(objectname) %(*objectname) [2ms]
2024-11-25 20:13:45.523 [info] > git status -z -uall [72ms]
2024-11-25 20:13:50.536 [info] > git config --get commit.template [3ms]
2024-11-25 20:13:50.537 [info] > git for-each-ref --format=%(refname)%00%(upstream:short)%00%(objectname)%00%(upstream:track)%00%(upstream:remotename)%00%(upstream:remoteref) refs/heads/jhw refs/remotes/jhw [2ms]
2024-11-25 20:13:50.544 [info] > git for-each-ref --sort -committerdate --format %(refname) %(objectname) %(*objectname) [2ms]
2024-11-25 20:13:50.609 [info] > git status -z -uall [70ms]
2024-11-25 20:13:55.626 [info] > git config --get commit.template [4ms]
2024-11-25 20:13:55.627 [info] > git for-each-ref --format=%(refname)%00%(upstream:short)%00%(objectname)%00%(upstream:track)%00%(upstream:remotename)%00%(upstream:remoteref) refs/heads/jhw refs/remotes/jhw [1ms]
2024-11-25 20:13:55.634 [info] > git for-each-ref --sort -committerdate --format %(refname) %(objectname) %(*objectname) [2ms]
2024-11-25 20:13:55.699 [info] > git status -z -uall [68ms]
2024-11-25 20:14:00.711 [info] > git config --get commit.template [3ms]
2024-11-25 20:14:00.712 [info] > git for-each-ref --format=%(refname)%00%(upstream:short)%00%(objectname)%00%(upstream:track)%00%(upstream:remotename)%00%(upstream:remoteref) refs/heads/jhw refs/remotes/jhw [2ms]
2024-11-25 20:14:00.719 [info] > git for-each-ref --sort -committerdate --format %(refname) %(objectname) %(*objectname) [2ms]
2024-11-25 20:14:00.783 [info] > git status -z -uall [69ms]
2024-11-25 20:14:05.796 [info] > git config --get commit.template [3ms]
2024-11-25 20:14:05.797 [info] > git for-each-ref --format=%(refname)%00%(upstream:short)%00%(objectname)%00%(upstream:track)%00%(upstream:remotename)%00%(upstream:remoteref) refs/heads/jhw refs/remotes/jhw [2ms]
2024-11-25 20:14:05.804 [info] > git for-each-ref --sort -committerdate --format %(refname) %(objectname) %(*objectname) [2ms]
2024-11-25 20:14:05.870 [info] > git status -z -uall [70ms]
2024-11-25 20:14:10.883 [info] > git config --get commit.template [3ms]
2024-11-25 20:14:10.884 [info] > git for-each-ref --format=%(refname)%00%(upstream:short)%00%(objectname)%00%(upstream:track)%00%(upstream:remotename)%00%(upstream:remoteref) refs/heads/jhw refs/remotes/jhw [1ms]
2024-11-25 20:14:10.892 [info] > git for-each-ref --sort -committerdate --format %(refname) %(objectname) %(*objectname) [2ms]
2024-11-25 20:14:10.959 [info] > git status -z -uall [72ms]
2024-11-25 20:14:15.975 [info] > git config --get commit.template [4ms]
2024-11-25 20:14:15.976 [info] > git for-each-ref --format=%(refname)%00%(upstream:short)%00%(objectname)%00%(upstream:track)%00%(upstream:remotename)%00%(upstream:remoteref) refs/heads/jhw refs/remotes/jhw [1ms]
2024-11-25 20:14:15.984 [info] > git for-each-ref --sort -committerdate --format %(refname) %(objectname) %(*objectname) [2ms]
2024-11-25 20:14:16.050 [info] > git status -z -uall [71ms]
2024-11-25 20:14:21.067 [info] > git config --get commit.template [4ms]
2024-11-25 20:14:21.068 [info] > git for-each-ref --format=%(refname)%00%(upstream:short)%00%(objectname)%00%(upstream:track)%00%(upstream:remotename)%00%(upstream:remoteref) refs/heads/jhw refs/remotes/jhw [1ms]
2024-11-25 20:14:21.076 [info] > git for-each-ref --sort -committerdate --format %(refname) %(objectname) %(*objectname) [2ms]
2024-11-25 20:14:21.140 [info] > git status -z -uall [69ms]
2024-11-25 20:14:26.153 [info] > git config --get commit.template [3ms]
2024-11-25 20:14:26.154 [info] > git for-each-ref --format=%(refname)%00%(upstream:short)%00%(objectname)%00%(upstream:track)%00%(upstream:remotename)%00%(upstream:remoteref) refs/heads/jhw refs/remotes/jhw [1ms]
2024-11-25 20:14:26.162 [info] > git for-each-ref --sort -committerdate --format %(refname) %(objectname) %(*objectname) [2ms]
2024-11-25 20:14:26.230 [info] > git status -z -uall [73ms]
2024-11-25 20:14:31.243 [info] > git config --get commit.template [3ms]
2024-11-25 20:14:31.244 [info] > git for-each-ref --format=%(refname)%00%(upstream:short)%00%(objectname)%00%(upstream:track)%00%(upstream:remotename)%00%(upstream:remoteref) refs/heads/jhw refs/remotes/jhw [2ms]
2024-11-25 20:14:31.252 [info] > git for-each-ref --sort -committerdate --format %(refname) %(objectname) %(*objectname) [3ms]
2024-11-25 20:14:31.318 [info] > git status -z -uall [71ms]
2024-11-25 20:14:36.331 [info] > git config --get commit.template [3ms]
2024-11-25 20:14:36.332 [info] > git for-each-ref --format=%(refname)%00%(upstream:short)%00%(objectname)%00%(upstream:track)%00%(upstream:remotename)%00%(upstream:remoteref) refs/heads/jhw refs/remotes/jhw [1ms]
2024-11-25 20:14:36.339 [info] > git for-each-ref --sort -committerdate --format %(refname) %(objectname) %(*objectname) [2ms]
2024-11-25 20:14:36.403 [info] > git status -z -uall [68ms]
2024-11-25 20:14:41.420 [info] > git config --get commit.template [3ms]
2024-11-25 20:14:41.422 [info] > git for-each-ref --format=%(refname)%00%(upstream:short)%00%(objectname)%00%(upstream:track)%00%(upstream:remotename)%00%(upstream:remoteref) refs/heads/jhw refs/remotes/jhw [2ms]
2024-11-25 20:14:41.429 [info] > git for-each-ref --sort -committerdate --format %(refname) %(objectname) %(*objectname) [2ms]
2024-11-25 20:14:41.492 [info] > git status -z -uall [68ms]
2024-11-25 20:14:46.509 [info] > git config --get commit.template [4ms]
2024-11-25 20:14:46.511 [info] > git for-each-ref --format=%(refname)%00%(upstream:short)%00%(objectname)%00%(upstream:track)%00%(upstream:remotename)%00%(upstream:remoteref) refs/heads/jhw refs/remotes/jhw [1ms]
2024-11-25 20:14:46.517 [info] > git for-each-ref --sort -committerdate --format %(refname) %(objectname) %(*objectname) [2ms]
2024-11-25 20:14:46.581 [info] > git status -z -uall [68ms]
2024-11-25 20:14:51.594 [info] > git config --get commit.template [3ms]
2024-11-25 20:14:51.595 [info] > git for-each-ref --format=%(refname)%00%(upstream:short)%00%(objectname)%00%(upstream:track)%00%(upstream:remotename)%00%(upstream:remoteref) refs/heads/jhw refs/remotes/jhw [1ms]
2024-11-25 20:14:51.603 [info] > git for-each-ref --sort -committerdate --format %(refname) %(objectname) %(*objectname) [2ms]
2024-11-25 20:14:51.668 [info] > git status -z -uall [70ms]
2024-11-25 20:17:36.307 [info] > git config --get commit.template [8ms]
2024-11-25 20:17:36.308 [info] > git for-each-ref --format=%(refname)%00%(upstream:short)%00%(objectname)%00%(upstream:track)%00%(upstream:remotename)%00%(upstream:remoteref) refs/heads/jhw refs/remotes/jhw [3ms]
2024-11-25 20:17:36.315 [info] > git for-each-ref --sort -committerdate --format %(refname) %(objectname) %(*objectname) [2ms]
2024-11-25 20:17:36.380 [info] > git status -z -uall [70ms]
2024-11-25 20:17:41.398 [info] > git config --get commit.template [4ms]
2024-11-25 20:17:41.399 [info] > git for-each-ref --format=%(refname)%00%(upstream:short)%00%(objectname)%00%(upstream:track)%00%(upstream:remotename)%00%(upstream:remoteref) refs/heads/jhw refs/remotes/jhw [2ms]
2024-11-25 20:17:41.406 [info] > git for-each-ref --sort -committerdate --format %(refname) %(objectname) %(*objectname) [2ms]
2024-11-25 20:17:41.470 [info] > git status -z -uall [69ms]
2024-11-25 20:17:46.487 [info] > git config --get commit.template [4ms]
2024-11-25 20:17:46.488 [info] > git for-each-ref --format=%(refname)%00%(upstream:short)%00%(objectname)%00%(upstream:track)%00%(upstream:remotename)%00%(upstream:remoteref) refs/heads/jhw refs/remotes/jhw [1ms]
2024-11-25 20:17:46.495 [info] > git for-each-ref --sort -committerdate --format %(refname) %(objectname) %(*objectname) [2ms]
2024-11-25 20:17:46.561 [info] > git status -z -uall [70ms]
2024-11-25 20:17:51.569 [info] > git config --get commit.template [3ms]
2024-11-25 20:17:51.570 [info] > git for-each-ref --format=%(refname)%00%(upstream:short)%00%(objectname)%00%(upstream:track)%00%(upstream:remotename)%00%(upstream:remoteref) refs/heads/jhw refs/remotes/jhw [2ms]
2024-11-25 20:17:51.577 [info] > git for-each-ref --sort -committerdate --format %(refname) %(objectname) %(*objectname) [2ms]
2024-11-25 20:17:51.643 [info] > git status -z -uall [70ms]
2024-11-25 20:17:56.658 [info] > git config --get commit.template [4ms]
2024-11-25 20:17:56.659 [info] > git for-each-ref --format=%(refname)%00%(upstream:short)%00%(objectname)%00%(upstream:track)%00%(upstream:remotename)%00%(upstream:remoteref) refs/heads/jhw refs/remotes/jhw [2ms]
2024-11-25 20:17:56.667 [info] > git for-each-ref --sort -committerdate --format %(refname) %(objectname) %(*objectname) [3ms]
2024-11-25 20:17:56.731 [info] > git status -z -uall [69ms]
