2024-11-24 22:27:52.566 [info] [main] 로그 수준: Info
2024-11-24 22:27:52.566 [info] [main] "git"에서 찾은 git 유효성을 검사하는 중
2024-11-24 22:27:52.606 [info] [main] "2.34.1"에서 git "git"을(를) 사용하는 중
2024-11-24 22:27:52.606 [info] [Model][doInitialScan] Initial repository scan started
2024-11-24 22:27:52.637 [info] > git rev-parse --show-toplevel [23ms]
2024-11-24 22:27:52.642 [info] > git rev-parse --git-dir --git-common-dir [1ms]
2024-11-24 22:27:52.652 [info] [Model][openRepository] Opened repository: /var/www/html/2_team/2_team2
2024-11-24 22:27:52.665 [info] > git config --get commit.template [3ms]
2024-11-24 22:27:52.666 [info] > git rev-parse --show-toplevel [2ms]
2024-11-24 22:27:52.673 [info] > git rev-parse --show-toplevel [1ms]
2024-11-24 22:27:52.676 [info] > git rev-parse --show-toplevel [1ms]
2024-11-24 22:27:52.679 [info] > git rev-parse --show-toplevel [1ms]
2024-11-24 22:27:52.682 [info] > git rev-parse --show-toplevel [1ms]
2024-11-24 22:27:52.686 [info] > git rev-parse --show-toplevel [1ms]
2024-11-24 22:27:52.689 [info] > git rev-parse --show-toplevel [1ms]
2024-11-24 22:27:52.692 [info] > git rev-parse --show-toplevel [1ms]
2024-11-24 22:27:52.696 [info] > git rev-parse --show-toplevel [2ms]
2024-11-24 22:27:52.700 [info] > git rev-parse --show-toplevel [2ms]
2024-11-24 22:27:52.702 [info] [Model][doInitialScan] Initial repository scan completed - repositories (1), closed repositories (0), parent repositories (0), unsafe repositories (0)
2024-11-24 22:27:52.721 [info] > git for-each-ref --format=%(refname)%00%(upstream:short)%00%(objectname)%00%(upstream:track)%00%(upstream:remotename)%00%(upstream:remoteref) refs/heads/jhw refs/remotes/jhw [53ms]
2024-11-24 22:27:53.058 [info] > git status -z -uall [333ms]
2024-11-24 22:27:53.059 [info] > git for-each-ref --sort -committerdate --format %(refname) %(objectname) %(*objectname) [331ms]
2024-11-24 22:27:53.087 [info] > git for-each-ref --format=%(refname)%00%(upstream:short)%00%(objectname)%00%(upstream:track)%00%(upstream:remotename)%00%(upstream:remoteref) refs/heads/jhw refs/remotes/jhw [11ms]
2024-11-24 22:27:53.122 [info] > git config --get commit.template [36ms]
2024-11-24 22:27:53.134 [info] > git config --local branch.jhw.vscode-merge-base [44ms]
2024-11-24 22:27:53.134 [warning] [Git][config] git config failed: Failed to execute git
2024-11-24 22:27:53.141 [info] > git show --textconv :mypage.php [12ms]
2024-11-24 22:27:53.142 [info] > git ls-files --stage -- /var/www/html/2_team/2_team2/mypage.php [10ms]
2024-11-24 22:27:53.144 [info] > git for-each-ref --format=%(refname)%00%(upstream:short)%00%(objectname)%00%(upstream:track)%00%(upstream:remotename)%00%(upstream:remoteref) refs/heads/jhw refs/remotes/jhw [4ms]
2024-11-24 22:27:53.151 [info] > git reflog jhw --grep-reflog=branch: Created from *. [14ms]
2024-11-24 22:27:53.160 [info] > git cat-file -s 9104ce1c9742f347dceb33d62fb4f4bf68ab9da3 [16ms]
2024-11-24 22:27:53.168 [info] > git reflog HEAD --grep-reflog=checkout: moving from .* to jhw [7ms]
2024-11-24 22:27:53.171 [info] > git for-each-ref --sort -committerdate --format %(refname) %(objectname) %(*objectname) [21ms]
2024-11-24 22:27:53.218 [info] > git check-ignore -v -z --stdin [52ms]
2024-11-24 22:27:53.220 [info] > git for-each-ref --format=%(refname)%00%(upstream:short)%00%(objectname)%00%(upstream:track)%00%(upstream:remotename)%00%(upstream:remoteref) refs/heads/main refs/remotes/main [49ms]
2024-11-24 22:27:53.224 [info] > git symbolic-ref --short refs/remotes/origin/HEAD [1ms]
2024-11-24 22:27:53.224 [info] fatal: ref refs/remotes/origin/HEAD is not a symbolic ref
2024-11-24 22:27:53.224 [warning] [Repository][getDefaultBranch] Failed to get default branch details: Failed to execute git.
2024-11-24 22:27:53.230 [info] > git merge-base refs/heads/jhw refs/remotes/origin/jhw [2ms]
2024-11-24 22:27:53.233 [info] > git status -z -uall [86ms]
2024-11-24 22:27:53.243 [info] > git diff --name-status -z --diff-filter=ADMR e7a47e12663b2a64afed8cfd125a9811ae58663d...refs/remotes/origin/jhw [10ms]
2024-11-24 22:27:53.303 [info] > git merge-base refs/heads/jhw refs/remotes/origin/jhw [62ms]
2024-11-24 22:27:53.308 [info] > git diff --name-status -z --diff-filter=ADMR e7a47e12663b2a64afed8cfd125a9811ae58663d...refs/remotes/origin/jhw [1ms]
2024-11-24 22:27:55.279 [info] > git config --get commit.template [45ms]
2024-11-24 22:27:55.379 [info] > git for-each-ref --format=%(refname)%00%(upstream:short)%00%(objectname)%00%(upstream:track)%00%(upstream:remotename)%00%(upstream:remoteref) refs/heads/jhw refs/remotes/jhw [142ms]
2024-11-24 22:27:55.455 [info] > git for-each-ref --sort -committerdate --format %(refname) %(objectname) %(*objectname) [69ms]
2024-11-24 22:27:55.588 [info] > git status -z -uall [206ms]
2024-11-24 22:28:00.607 [info] > git config --get commit.template [3ms]
2024-11-24 22:28:00.608 [info] > git for-each-ref --format=%(refname)%00%(upstream:short)%00%(objectname)%00%(upstream:track)%00%(upstream:remotename)%00%(upstream:remoteref) refs/heads/jhw refs/remotes/jhw [2ms]
2024-11-24 22:28:00.615 [info] > git for-each-ref --sort -committerdate --format %(refname) %(objectname) %(*objectname) [3ms]
2024-11-24 22:28:00.681 [info] > git status -z -uall [71ms]
2024-11-24 22:28:05.696 [info] > git config --get commit.template [3ms]
2024-11-24 22:28:05.697 [info] > git for-each-ref --format=%(refname)%00%(upstream:short)%00%(objectname)%00%(upstream:track)%00%(upstream:remotename)%00%(upstream:remoteref) refs/heads/jhw refs/remotes/jhw [2ms]
2024-11-24 22:28:05.705 [info] > git for-each-ref --sort -committerdate --format %(refname) %(objectname) %(*objectname) [2ms]
2024-11-24 22:28:05.771 [info] > git status -z -uall [71ms]
2024-11-24 22:28:10.789 [info] > git config --get commit.template [2ms]
2024-11-24 22:28:10.790 [info] > git for-each-ref --format=%(refname)%00%(upstream:short)%00%(objectname)%00%(upstream:track)%00%(upstream:remotename)%00%(upstream:remoteref) refs/heads/jhw refs/remotes/jhw [1ms]
2024-11-24 22:28:10.797 [info] > git for-each-ref --sort -committerdate --format %(refname) %(objectname) %(*objectname) [3ms]
2024-11-24 22:28:10.862 [info] > git status -z -uall [70ms]
2024-11-24 22:28:11.953 [info] > git show --textconv :add_comment.php [7ms]
2024-11-24 22:28:11.955 [info] > git ls-files --stage -- /var/www/html/2_team/2_team2/add_comment.php [7ms]
2024-11-24 22:28:15.879 [info] > git config --get commit.template [3ms]
2024-11-24 22:28:15.880 [info] > git for-each-ref --format=%(refname)%00%(upstream:short)%00%(objectname)%00%(upstream:track)%00%(upstream:remotename)%00%(upstream:remoteref) refs/heads/jhw refs/remotes/jhw [2ms]
2024-11-24 22:28:15.887 [info] > git for-each-ref --sort -committerdate --format %(refname) %(objectname) %(*objectname) [2ms]
2024-11-24 22:28:15.951 [info] > git status -z -uall [69ms]
2024-11-24 22:28:20.968 [info] > git config --get commit.template [2ms]
2024-11-24 22:28:20.969 [info] > git for-each-ref --format=%(refname)%00%(upstream:short)%00%(objectname)%00%(upstream:track)%00%(upstream:remotename)%00%(upstream:remoteref) refs/heads/jhw refs/remotes/jhw [2ms]
2024-11-24 22:28:20.976 [info] > git for-each-ref --sort -committerdate --format %(refname) %(objectname) %(*objectname) [2ms]
2024-11-24 22:28:21.041 [info] > git status -z -uall [70ms]
2024-11-24 22:28:26.058 [info] > git config --get commit.template [3ms]
2024-11-24 22:28:26.058 [info] > git for-each-ref --format=%(refname)%00%(upstream:short)%00%(objectname)%00%(upstream:track)%00%(upstream:remotename)%00%(upstream:remoteref) refs/heads/jhw refs/remotes/jhw [1ms]
2024-11-24 22:28:26.066 [info] > git for-each-ref --sort -committerdate --format %(refname) %(objectname) %(*objectname) [2ms]
2024-11-24 22:28:26.130 [info] > git status -z -uall [69ms]
2024-11-24 22:28:31.150 [info] > git config --get commit.template [5ms]
2024-11-24 22:28:31.151 [info] > git for-each-ref --format=%(refname)%00%(upstream:short)%00%(objectname)%00%(upstream:track)%00%(upstream:remotename)%00%(upstream:remoteref) refs/heads/jhw refs/remotes/jhw [2ms]
2024-11-24 22:28:31.158 [info] > git for-each-ref --sort -committerdate --format %(refname) %(objectname) %(*objectname) [2ms]
2024-11-24 22:28:31.223 [info] > git status -z -uall [70ms]
2024-11-24 22:28:43.244 [info] > git config --get commit.template [2ms]
2024-11-24 22:28:43.246 [info] > git for-each-ref --format=%(refname)%00%(upstream:short)%00%(objectname)%00%(upstream:track)%00%(upstream:remotename)%00%(upstream:remoteref) refs/heads/jhw refs/remotes/jhw [2ms]
2024-11-24 22:28:43.253 [info] > git for-each-ref --sort -committerdate --format %(refname) %(objectname) %(*objectname) [2ms]
2024-11-24 22:28:43.321 [info] > git status -z -uall [73ms]
2024-11-24 22:28:48.012 [info] > git ls-files --stage -- /var/www/html/2_team/2_team2/Battlegamepage.php [8ms]
2024-11-24 22:28:48.015 [info] > git show --textconv :Battlegamepage.php [18ms]
2024-11-24 22:28:48.016 [info] > git cat-file -s d03433c867e3855b4b75757f301758efe49bfd1a [2ms]
2024-11-24 22:28:48.333 [info] > git config --get commit.template [3ms]
2024-11-24 22:28:48.334 [info] > git for-each-ref --format=%(refname)%00%(upstream:short)%00%(objectname)%00%(upstream:track)%00%(upstream:remotename)%00%(upstream:remoteref) refs/heads/jhw refs/remotes/jhw [2ms]
2024-11-24 22:28:48.341 [info] > git for-each-ref --sort -committerdate --format %(refname) %(objectname) %(*objectname) [2ms]
2024-11-24 22:28:48.421 [info] > git status -z -uall [84ms]
2024-11-24 22:28:48.864 [info] > git ls-files --stage -- /var/www/html/2_team/2_team2/board_write.php [7ms]
2024-11-24 22:28:48.867 [info] > git show --textconv :board_write.php [13ms]
2024-11-24 22:28:48.868 [info] > git cat-file -s 0687fadee009738f5bf03747183511f44d3ccd7e [1ms]
2024-11-24 22:28:51.823 [info] > git show --textconv :board.php [8ms]
2024-11-24 22:28:51.825 [info] > git ls-files --stage -- /var/www/html/2_team/2_team2/board.php [7ms]
2024-11-24 22:28:51.828 [info] > git cat-file -s 2ee4d74996980f07de02c7aa253460f9c1ae3493 [1ms]
2024-11-24 22:28:52.402 [info] > git ls-files --stage -- /var/www/html/2_team/2_team2/cancel_participation.php [7ms]
2024-11-24 22:28:52.489 [info] > git cat-file -s 21564027af5265de19833fda1b3c7d40c7fb95c1 [85ms]
2024-11-24 22:28:52.491 [info] > git show --textconv :cancel_participation.php [99ms]
2024-11-24 22:28:53.434 [info] > git config --get commit.template [3ms]
2024-11-24 22:28:53.435 [info] > git for-each-ref --format=%(refname)%00%(upstream:short)%00%(objectname)%00%(upstream:track)%00%(upstream:remotename)%00%(upstream:remoteref) refs/heads/jhw refs/remotes/jhw [2ms]
2024-11-24 22:28:53.442 [info] > git for-each-ref --sort -committerdate --format %(refname) %(objectname) %(*objectname) [2ms]
2024-11-24 22:28:53.518 [info] > git status -z -uall [80ms]
