2024-11-21 20:15:11.773 [info] Extension host with pid 134312 started
2024-11-21 20:15:11.898 [info] ExtensionService#_doActivateExtension vscode.emmet, startup: false, activationEvent: 'onLanguage'
2024-11-21 20:15:11.899 [info] ExtensionService#_doActivateExtension vscode.git-base, startup: false, activationEvent: '*', root cause: vscode.git
2024-11-21 20:15:12.014 [info] ExtensionService#_doActivateExtension vscode.git, startup: false, activationEvent: '*'
2024-11-21 20:15:12.014 [info] ExtensionService#_doActivateExtension vscode.github, startup: false, activationEvent: '*'
2024-11-21 20:15:12.218 [info] Eager extensions activated
2024-11-21 20:15:12.218 [info] ExtensionService#_doActivateExtension vscode.debug-auto-launch, startup: false, activationEvent: 'onStartupFinished'
2024-11-21 20:15:12.219 [info] ExtensionService#_doActivateExtension vscode.merge-conflict, startup: false, activationEvent: 'onStartupFinished'
2024-11-21 20:15:12.219 [info] ExtensionService#_doActivateExtension esbenp.prettier-vscode, startup: false, activationEvent: 'onStartupFinished'
2024-11-21 20:15:12.219 [info] ExtensionService#_doActivateExtension ms-dotnettools.vscode-dotnet-runtime, startup: false, activationEvent: 'onStartupFinished'
2024-11-21 20:15:12.219 [info] ExtensionService#_doActivateExtension ritwickdey.LiveServer, startup: false, activationEvent: 'onStartupFinished'
2024-11-21 20:15:12.384 [info] ExtensionService#_doActivateExtension vscode.configuration-editing, startup: false, activationEvent: 'onLanguage:jsonc'
2024-11-21 20:15:12.384 [info] ExtensionService#_doActivateExtension vscode.json-language-features, startup: false, activationEvent: 'onLanguage:jsonc'
2024-11-21 20:15:12.385 [info] ExtensionService#_doActivateExtension vscode.typescript-language-features, startup: false, activationEvent: 'onLanguage:jsonc'
2024-11-21 20:15:31.526 [info] ExtensionService#_doActivateExtension Oracle.oracledevtools, startup: false, activationEvent: '*'
2024-11-21 20:15:34.982 [error] TypeError: Cannot read properties of undefined (reading 'replace')
	at n (/var/www/html/2_team/2_team2/.vscode-server/extensions/ms-dotnettools.vscode-dotnet-runtime-2.2.3/dist/extension.js:2:209589)
	at t.sanitizeProperties (/var/www/html/2_team/2_team2/.vscode-server/extensions/ms-dotnettools.vscode-dotnet-runtime-2.2.3/dist/extension.js:2:209776)
	at t.DotnetCommandFailed.getSanitizedProperties (/var/www/html/2_team/2_team2/.vscode-server/extensions/ms-dotnettools.vscode-dotnet-runtime-2.2.3/dist/extension.js:2:179106)
	at t.TelemetryObserver.post (/var/www/html/2_team/2_team2/.vscode-server/extensions/ms-dotnettools.vscode-dotnet-runtime-2.2.3/dist/extension.js:2:187747)
	at mh.value (/var/www/html/2_team/2_team2/.vscode-server/extensions/ms-dotnettools.vscode-dotnet-runtime-2.2.3/dist/extension.js:2:177094)
	at P.B (file:///var/www/html/2_team/2_team2/.vscode-server/cli/servers/Stable-f1a4fb101478ce6ec82fe9627c43efbf9e98c813/server/out/vs/workbench/api/node/extensionHostProcess.js:29:746)
	at P.C (file:///var/www/html/2_team/2_team2/.vscode-server/cli/servers/Stable-f1a4fb101478ce6ec82fe9627c43efbf9e98c813/server/out/vs/workbench/api/node/extensionHostProcess.js:29:816)
	at P.fire (file:///var/www/html/2_team/2_team2/.vscode-server/cli/servers/Stable-f1a4fb101478ce6ec82fe9627c43efbf9e98c813/server/out/vs/workbench/api/node/extensionHostProcess.js:29:1033)
	at t.EventStream.post (/var/www/html/2_team/2_team2/.vscode-server/extensions/ms-dotnettools.vscode-dotnet-runtime-2.2.3/dist/extension.js:2:134826)
	at /var/www/html/2_team/2_team2/.vscode-server/extensions/ms-dotnettools.vscode-dotnet-runtime-2.2.3/dist/extension.js:2:211358
	at Generator.throw (<anonymous>)
	at a (/var/www/html/2_team/2_team2/.vscode-server/extensions/ms-dotnettools.vscode-dotnet-runtime-2.2.3/dist/extension.js:2:210559)
2024-11-21 20:17:58.084 [info] Extension host terminating: received terminate message from renderer
2024-11-21 20:17:58.121 [info] Extension host with pid 134312 exiting with code 0
