2024-11-21 20:11:05.382 [info] Extension host with pid 132970 started
2024-11-21 20:11:05.513 [info] ExtensionService#_doActivateExtension vscode.git-base, startup: false, activationEvent: '*', root cause: vscode.git
2024-11-21 20:11:05.666 [info] ExtensionService#_doActivateExtension vscode.git, startup: false, activationEvent: '*'
2024-11-21 20:11:05.667 [info] ExtensionService#_doActivateExtension vscode.github, startup: false, activationEvent: '*'
2024-11-21 20:11:05.946 [info] Eager extensions activated
2024-11-21 20:11:05.947 [info] ExtensionService#_doActivateExtension vscode.debug-auto-launch, startup: false, activationEvent: 'onStartupFinished'
2024-11-21 20:11:05.947 [info] ExtensionService#_doActivateExtension vscode.merge-conflict, startup: false, activationEvent: 'onStartupFinished'
2024-11-21 20:11:14.675 [info] ExtensionService#_doActivateExtension vscode.emmet, startup: false, activationEvent: 'onLanguage'
2024-11-21 20:11:44.402 [info] ExtensionService#_doActivateExtension ritwickdey.LiveServer, startup: false, activationEvent: 'onStartupFinished'
2024-11-21 20:11:58.088 [info] ExtensionService#_doActivateExtension ms-dotnettools.vscode-dotnet-runtime, startup: false, activationEvent: 'onStartupFinished'
2024-11-21 20:11:58.242 [info] ExtensionService#_doActivateExtension Oracle.oracledevtools, startup: false, activationEvent: '*'
2024-11-21 20:12:08.457 [error] TypeError: Cannot read properties of undefined (reading 'replace')
	at n (/var/www/html/2_team/2_team2/.vscode-server/extensions/ms-dotnettools.vscode-dotnet-runtime-2.2.3/dist/extension.js:2:209589)
	at t.sanitizeProperties (/var/www/html/2_team/2_team2/.vscode-server/extensions/ms-dotnettools.vscode-dotnet-runtime-2.2.3/dist/extension.js:2:209776)
	at t.DotnetCommandFailed.getSanitizedProperties (/var/www/html/2_team/2_team2/.vscode-server/extensions/ms-dotnettools.vscode-dotnet-runtime-2.2.3/dist/extension.js:2:179106)
	at t.TelemetryObserver.post (/var/www/html/2_team/2_team2/.vscode-server/extensions/ms-dotnettools.vscode-dotnet-runtime-2.2.3/dist/extension.js:2:187747)
	at mh.value (/var/www/html/2_team/2_team2/.vscode-server/extensions/ms-dotnettools.vscode-dotnet-runtime-2.2.3/dist/extension.js:2:177094)
	at P.B (file:///var/www/html/2_team/2_team2/.vscode-server/cli/servers/Stable-f1a4fb101478ce6ec82fe9627c43efbf9e98c813/server/out/vs/workbench/api/node/extensionHostProcess.js:29:746)
	at P.C (file:///var/www/html/2_team/2_team2/.vscode-server/cli/servers/Stable-f1a4fb101478ce6ec82fe9627c43efbf9e98c813/server/out/vs/workbench/api/node/extensionHostProcess.js:29:816)
	at P.fire (file:///var/www/html/2_team/2_team2/.vscode-server/cli/servers/Stable-f1a4fb101478ce6ec82fe9627c43efbf9e98c813/server/out/vs/workbench/api/node/extensionHostProcess.js:29:1033)
	at t.EventStream.post (/var/www/html/2_team/2_team2/.vscode-server/extensions/ms-dotnettools.vscode-dotnet-runtime-2.2.3/dist/extension.js:2:134826)
	at /var/www/html/2_team/2_team2/.vscode-server/extensions/ms-dotnettools.vscode-dotnet-runtime-2.2.3/dist/extension.js:2:211358
	at Generator.throw (<anonymous>)
	at a (/var/www/html/2_team/2_team2/.vscode-server/extensions/ms-dotnettools.vscode-dotnet-runtime-2.2.3/dist/extension.js:2:210559)
2024-11-21 20:12:22.669 [info] Extension host terminating: received terminate message from renderer
2024-11-21 20:12:22.693 [info] Extension host with pid 132970 exiting with code 0
