2024-11-26 18:27:48.082 [info] [main] 로그 수준: Info
2024-11-26 18:27:48.082 [info] [main] "git"에서 찾은 git 유효성을 검사하는 중
2024-11-26 18:27:48.082 [info] [main] "2.34.1"에서 git "git"을(를) 사용하는 중
2024-11-26 18:27:48.082 [info] [Model][doInitialScan] Initial repository scan started
2024-11-26 18:27:48.082 [info] > git rev-parse --show-toplevel [11ms]
2024-11-26 18:27:48.082 [info] > git rev-parse --git-dir --git-common-dir [3ms]
2024-11-26 18:27:48.082 [info] [Model][openRepository] Opened repository: /var/www/html/2_team/2_team2
2024-11-26 18:27:48.082 [info] > git config --get commit.template [2ms]
2024-11-26 18:27:48.090 [info] > git for-each-ref --format=%(refname)%00%(upstream:short)%00%(objectname)%00%(upstream:track)%00%(upstream:remotename)%00%(upstream:remoteref) refs/heads/jhw refs/remotes/jhw [5ms]
2024-11-26 18:27:48.091 [info] > git rev-parse --show-toplevel [2ms]
2024-11-26 18:27:48.104 [info] > git rev-parse --show-toplevel [10ms]
2024-11-26 18:27:48.120 [info] > git for-each-ref --sort -committerdate --format %(refname) %(objectname) %(*objectname) [16ms]
2024-11-26 18:27:48.122 [info] > git rev-parse --show-toplevel [5ms]
2024-11-26 18:27:48.128 [info] > git rev-parse --show-toplevel [1ms]
2024-11-26 18:27:48.143 [info] > git rev-parse --show-toplevel [11ms]
2024-11-26 18:27:48.151 [info] > git rev-parse --show-toplevel [1ms]
2024-11-26 18:27:48.157 [info] > git rev-parse --show-toplevel [2ms]
2024-11-26 18:27:48.162 [info] > git rev-parse --show-toplevel [1ms]
2024-11-26 18:27:48.166 [info] > git rev-parse --show-toplevel [1ms]
2024-11-26 18:27:48.172 [info] > git rev-parse --show-toplevel [1ms]
2024-11-26 18:27:48.175 [info] [Model][doInitialScan] Initial repository scan completed - repositories (1), closed repositories (0), parent repositories (0), unsafe repositories (0)
2024-11-26 18:27:48.190 [info] > git status -z -uall [91ms]
2024-11-26 18:27:48.224 [info] > git for-each-ref --format=%(refname)%00%(upstream:short)%00%(objectname)%00%(upstream:track)%00%(upstream:remotename)%00%(upstream:remoteref) refs/heads/jhw refs/remotes/jhw [10ms]
2024-11-26 18:27:48.229 [info] > git config --get commit.template [10ms]
2024-11-26 18:27:48.229 [info] > git config --local branch.jhw.vscode-merge-base [2ms]
2024-11-26 18:27:48.229 [warning] [Git][config] git config failed: Failed to execute git
2024-11-26 18:27:48.238 [info] > git reflog jhw --grep-reflog=branch: Created from *. [5ms]
2024-11-26 18:27:48.242 [info] > git for-each-ref --format=%(refname)%00%(upstream:short)%00%(objectname)%00%(upstream:track)%00%(upstream:remotename)%00%(upstream:remoteref) refs/heads/jhw refs/remotes/jhw [5ms]
2024-11-26 18:27:48.258 [info] > git reflog HEAD --grep-reflog=checkout: moving from .* to jhw [17ms]
2024-11-26 18:27:48.270 [info] > git for-each-ref --sort -committerdate --format %(refname) %(objectname) %(*objectname) [19ms]
2024-11-26 18:27:48.279 [info] > git for-each-ref --format=%(refname)%00%(upstream:short)%00%(objectname)%00%(upstream:track)%00%(upstream:remotename)%00%(upstream:remoteref) refs/heads/main refs/remotes/main [9ms]
2024-11-26 18:27:48.287 [info] > git symbolic-ref --short refs/remotes/origin/HEAD [1ms]
2024-11-26 18:27:48.287 [info] fatal: ref refs/remotes/origin/HEAD is not a symbolic ref
2024-11-26 18:27:48.287 [warning] [Repository][getDefaultBranch] Failed to get default branch details: Failed to execute git.
2024-11-26 18:27:48.352 [info] > git status -z -uall [106ms]
2024-11-26 18:27:48.352 [info] > git merge-base refs/heads/jhw refs/remotes/origin/jhw [62ms]
2024-11-26 18:27:48.370 [info] > git merge-base refs/heads/jhw refs/remotes/origin/jhw [2ms]
2024-11-26 18:27:48.373 [info] > git diff --name-status -z --diff-filter=ADMR 9737636c5f94e0bcd809246b99e222d049bc4914...refs/remotes/origin/jhw [18ms]
2024-11-26 18:27:48.375 [info] > git diff --name-status -z --diff-filter=ADMR 9737636c5f94e0bcd809246b99e222d049bc4914...refs/remotes/origin/jhw [2ms]
2024-11-26 18:27:48.670 [info] > git check-ignore -v -z --stdin [31ms]
2024-11-26 18:27:48.959 [info] > git ls-files --stage -- /var/www/html/2_team/2_team2/Donate.php [11ms]
2024-11-26 18:27:48.989 [info] > git cat-file -s 3ebb1736c0d0b01cc86dabd4b8fe4adae8858ee9 [27ms]
2024-11-26 18:27:49.013 [info] > git show --textconv :Donate.php [69ms]
2024-11-26 18:34:11.800 [info] > git config --get commit.template [3ms]
2024-11-26 18:34:11.817 [info] > git for-each-ref --format=%(refname)%00%(upstream:short)%00%(objectname)%00%(upstream:track)%00%(upstream:remotename)%00%(upstream:remoteref) refs/heads/jhw refs/remotes/jhw [18ms]
2024-11-26 18:34:11.828 [info] > git for-each-ref --sort -committerdate --format %(refname) %(objectname) %(*objectname) [2ms]
2024-11-26 18:34:11.893 [info] > git status -z -uall [72ms]
2024-11-26 18:34:21.339 [info] > git check-ignore -v -z --stdin [8ms]
2024-11-26 18:34:22.798 [info] > git check-ignore -v -z --stdin [31ms]
2024-11-26 18:34:28.080 [info] > git check-ignore -v -z --stdin [11ms]
2024-11-26 18:34:33.090 [info] > git check-ignore -v -z --stdin [6ms]
2024-11-26 18:34:35.435 [info] > git ls-files --stage -- /var/www/html/2_team/2_team2/Donate.php [7ms]
2024-11-26 18:34:35.459 [info] > git cat-file -s 3ebb1736c0d0b01cc86dabd4b8fe4adae8858ee9 [20ms]
2024-11-26 18:34:35.463 [info] > git show --textconv :Donate.php [38ms]
2024-11-26 18:36:17.113 [info] > git config --get commit.template [10ms]
2024-11-26 18:36:17.114 [info] > git for-each-ref --format=%(refname)%00%(upstream:short)%00%(objectname)%00%(upstream:track)%00%(upstream:remotename)%00%(upstream:remoteref) refs/heads/jhw refs/remotes/jhw [3ms]
2024-11-26 18:36:17.122 [info] > git for-each-ref --sort -committerdate --format %(refname) %(objectname) %(*objectname) [2ms]
2024-11-26 18:36:17.187 [info] > git status -z -uall [70ms]
2024-11-26 18:36:22.068 [info] > git show --textconv :Donate.php [22ms]
2024-11-26 18:36:22.079 [info] > git ls-files --stage -- /var/www/html/2_team/2_team2/Donate.php [24ms]
2024-11-26 18:36:22.091 [info] > git cat-file -s 3ebb1736c0d0b01cc86dabd4b8fe4adae8858ee9 [4ms]
2024-11-26 18:36:22.225 [info] > git config --get commit.template [9ms]
2024-11-26 18:36:22.229 [info] > git for-each-ref --format=%(refname)%00%(upstream:short)%00%(objectname)%00%(upstream:track)%00%(upstream:remotename)%00%(upstream:remoteref) refs/heads/jhw refs/remotes/jhw [5ms]
2024-11-26 18:36:22.253 [info] > git for-each-ref --sort -committerdate --format %(refname) %(objectname) %(*objectname) [6ms]
2024-11-26 18:36:22.332 [info] > git status -z -uall [94ms]
2024-11-26 18:36:37.175 [info] > git check-ignore -v -z --stdin [22ms]
2024-11-26 18:36:38.389 [info] > git show --textconv :Donate.php [10ms]
2024-11-26 18:36:38.392 [info] > git ls-files --stage -- /var/www/html/2_team/2_team2/Donate.php [7ms]
2024-11-26 18:36:38.396 [info] > git cat-file -s 3ebb1736c0d0b01cc86dabd4b8fe4adae8858ee9 [2ms]
2024-11-26 18:36:41.025 [info] > git show --textconv :Donate.php [8ms]
2024-11-26 18:36:41.027 [info] > git ls-files --stage -- /var/www/html/2_team/2_team2/Donate.php [7ms]
2024-11-26 18:36:41.031 [info] > git cat-file -s 3ebb1736c0d0b01cc86dabd4b8fe4adae8858ee9 [1ms]
2024-11-26 18:37:29.591 [info] > git check-ignore -v -z --stdin [8ms]
2024-11-26 18:38:09.866 [info] > git show --textconv :Donate.php [7ms]
2024-11-26 18:38:09.869 [info] > git ls-files --stage -- /var/www/html/2_team/2_team2/Donate.php [8ms]
2024-11-26 18:38:09.873 [info] > git cat-file -s 3ebb1736c0d0b01cc86dabd4b8fe4adae8858ee9 [2ms]
2024-11-26 18:39:02.868 [info] > git show --textconv :Donate.php [8ms]
2024-11-26 18:39:02.871 [info] > git ls-files --stage -- /var/www/html/2_team/2_team2/Donate.php [6ms]
2024-11-26 18:39:02.874 [info] > git cat-file -s 3ebb1736c0d0b01cc86dabd4b8fe4adae8858ee9 [1ms]
2024-11-26 18:40:40.286 [info] > git show --textconv :Donate.php [7ms]
2024-11-26 18:40:40.289 [info] > git ls-files --stage -- /var/www/html/2_team/2_team2/Donate.php [7ms]
2024-11-26 18:40:40.293 [info] > git cat-file -s 3ebb1736c0d0b01cc86dabd4b8fe4adae8858ee9 [2ms]
2024-11-26 18:40:49.048 [info] > git check-ignore -v -z --stdin [8ms]
2024-11-26 18:40:50.111 [info] > git show --textconv :Donate.php [8ms]
2024-11-26 18:40:50.114 [info] > git ls-files --stage -- /var/www/html/2_team/2_team2/Donate.php [7ms]
2024-11-26 18:40:50.118 [info] > git cat-file -s 3ebb1736c0d0b01cc86dabd4b8fe4adae8858ee9 [2ms]
2024-11-26 18:41:07.714 [info] > git show --textconv :Donate.php [8ms]
2024-11-26 18:41:07.717 [info] > git ls-files --stage -- /var/www/html/2_team/2_team2/Donate.php [7ms]
2024-11-26 18:41:07.721 [info] > git cat-file -s 3ebb1736c0d0b01cc86dabd4b8fe4adae8858ee9 [2ms]
2024-11-26 18:47:23.754 [info] > git config --get commit.template [4ms]
2024-11-26 18:47:23.755 [info] > git for-each-ref --format=%(refname)%00%(upstream:short)%00%(objectname)%00%(upstream:track)%00%(upstream:remotename)%00%(upstream:remoteref) refs/heads/jhw refs/remotes/jhw [1ms]
2024-11-26 18:47:23.764 [info] > git for-each-ref --sort -committerdate --format %(refname) %(objectname) %(*objectname) [2ms]
2024-11-26 18:47:23.828 [info] > git status -z -uall [70ms]
2024-11-26 18:47:42.279 [info] > git show --textconv :media.php [7ms]
2024-11-26 18:47:42.283 [info] > git ls-files --stage -- /var/www/html/2_team/2_team2/media.php [9ms]
2024-11-26 18:47:42.522 [info] > git check-ignore -v -z --stdin [23ms]
2024-11-26 18:47:55.191 [info] > git check-ignore -v -z --stdin [8ms]
2024-11-26 18:48:01.656 [info] > git ls-files --stage -- /var/www/html/2_team/2_team2/LOLgamepage.php [25ms]
2024-11-26 18:48:01.664 [info] > git show --textconv :LOLgamepage.php [41ms]
2024-11-26 18:48:01.668 [info] > git cat-file -s 942297ea0cbad95c98c76104afbd216d02243b65 [5ms]
2024-11-26 18:48:18.354 [info] > git show --textconv :media.php [7ms]
2024-11-26 18:48:18.357 [info] > git ls-files --stage -- /var/www/html/2_team/2_team2/media.php [7ms]
2024-11-26 18:49:01.047 [info] > git config --get commit.template [4ms]
2024-11-26 18:49:01.048 [info] > git for-each-ref --format=%(refname)%00%(upstream:short)%00%(objectname)%00%(upstream:track)%00%(upstream:remotename)%00%(upstream:remoteref) refs/heads/jhw refs/remotes/jhw [2ms]
2024-11-26 18:49:01.057 [info] > git for-each-ref --sort -committerdate --format %(refname) %(objectname) %(*objectname) [2ms]
2024-11-26 18:49:01.129 [info] > git status -z -uall [77ms]
2024-11-26 18:51:09.781 [info] > git show --textconv :LOLgamepage.php [8ms]
2024-11-26 18:51:09.784 [info] > git ls-files --stage -- /var/www/html/2_team/2_team2/LOLgamepage.php [7ms]
2024-11-26 18:51:09.788 [info] > git cat-file -s 942297ea0cbad95c98c76104afbd216d02243b65 [2ms]
2024-11-26 18:51:21.833 [info] > git show --textconv :media.php [13ms]
2024-11-26 18:51:21.841 [info] > git ls-files --stage -- /var/www/html/2_team/2_team2/media.php [17ms]
2024-11-26 18:56:04.781 [info] > git config --get commit.template [4ms]
2024-11-26 18:56:04.782 [info] > git for-each-ref --format=%(refname)%00%(upstream:short)%00%(objectname)%00%(upstream:track)%00%(upstream:remotename)%00%(upstream:remoteref) refs/heads/jhw refs/remotes/jhw [2ms]
2024-11-26 18:56:04.789 [info] > git for-each-ref --sort -committerdate --format %(refname) %(objectname) %(*objectname) [2ms]
2024-11-26 18:56:04.857 [info] > git status -z -uall [72ms]
2024-11-26 18:56:27.242 [info] > git config --get commit.template [5ms]
2024-11-26 18:56:27.243 [info] > git for-each-ref --format=%(refname)%00%(upstream:short)%00%(objectname)%00%(upstream:track)%00%(upstream:remotename)%00%(upstream:remoteref) refs/heads/jhw refs/remotes/jhw [2ms]
2024-11-26 18:56:27.251 [info] > git for-each-ref --sort -committerdate --format %(refname) %(objectname) %(*objectname) [2ms]
2024-11-26 18:56:27.317 [info] > git status -z -uall [71ms]
2024-11-26 18:56:48.075 [info] > git config --get commit.template [3ms]
2024-11-26 18:56:48.075 [info] > git for-each-ref --format=%(refname)%00%(upstream:short)%00%(objectname)%00%(upstream:track)%00%(upstream:remotename)%00%(upstream:remoteref) refs/heads/jhw refs/remotes/jhw [1ms]
2024-11-26 18:56:48.084 [info] > git for-each-ref --sort -committerdate --format %(refname) %(objectname) %(*objectname) [3ms]
2024-11-26 18:56:48.153 [info] > git status -z -uall [73ms]
2024-11-26 18:56:53.176 [info] > git config --get commit.template [3ms]
2024-11-26 18:56:53.177 [info] > git for-each-ref --format=%(refname)%00%(upstream:short)%00%(objectname)%00%(upstream:track)%00%(upstream:remotename)%00%(upstream:remoteref) refs/heads/jhw refs/remotes/jhw [2ms]
2024-11-26 18:56:53.185 [info] > git for-each-ref --sort -committerdate --format %(refname) %(objectname) %(*objectname) [2ms]
2024-11-26 18:56:53.251 [info] > git status -z -uall [71ms]
2024-11-26 19:00:37.274 [info] > git show --textconv :media.php [7ms]
2024-11-26 19:00:37.277 [info] > git ls-files --stage -- /var/www/html/2_team/2_team2/media.php [7ms]
2024-11-26 19:00:41.625 [info] > git ls-files --stage -- /var/www/html/2_team/2_team2/mypage.php [24ms]
2024-11-26 19:00:41.636 [info] > git show --textconv :mypage.php [43ms]
2024-11-26 19:00:41.637 [info] > git cat-file -s 6b71a8c176f4554671cb1e3a655eb900dc70ebce [4ms]
2024-11-26 19:00:51.612 [info] > git show --textconv :media.php [7ms]
2024-11-26 19:00:51.615 [info] > git ls-files --stage -- /var/www/html/2_team/2_team2/media.php [7ms]
2024-11-26 19:08:45.021 [info] > git check-ignore -v -z --stdin [9ms]
2024-11-26 19:08:45.530 [info] > git check-ignore -v -z --stdin [8ms]
2024-11-26 19:08:50.329 [info] > git check-ignore -v -z --stdin [8ms]
2024-11-26 19:08:56.644 [info] > git check-ignore -v -z --stdin [6ms]
2024-11-26 19:09:01.794 [info] > git show --textconv :media.php [8ms]
2024-11-26 19:09:01.797 [info] > git ls-files --stage -- /var/www/html/2_team/2_team2/media.php [7ms]
2024-11-26 19:12:11.297 [info] > git ls-files --stage -- /var/www/html/2_team/2_team2/navbar.php [23ms]
2024-11-26 19:12:11.305 [info] > git show --textconv :navbar.php [40ms]
2024-11-26 19:12:11.309 [info] > git cat-file -s a82ac9c1ef03f9b6a122ed71477c3f1ca0c6d7bd [5ms]
2024-11-26 19:14:10.544 [info] > git show --textconv :mainpage.php [13ms]
2024-11-26 19:14:10.547 [info] > git ls-files --stage -- /var/www/html/2_team/2_team2/mainpage.php [8ms]
2024-11-26 19:14:10.551 [info] > git cat-file -s ff381064874d037e7ed492e5fdc73bc9c0dc040b [1ms]
2024-11-26 19:28:56.739 [info] > git config --get commit.template [3ms]
2024-11-26 19:28:56.741 [info] > git for-each-ref --format=%(refname)%00%(upstream:short)%00%(objectname)%00%(upstream:track)%00%(upstream:remotename)%00%(upstream:remoteref) refs/heads/jhw refs/remotes/jhw [2ms]
2024-11-26 19:28:56.748 [info] > git for-each-ref --sort -committerdate --format %(refname) %(objectname) %(*objectname) [2ms]
2024-11-26 19:28:56.815 [info] > git status -z -uall [71ms]
2024-11-26 19:29:01.836 [info] > git config --get commit.template [2ms]
2024-11-26 19:29:01.840 [info] > git for-each-ref --format=%(refname)%00%(upstream:short)%00%(objectname)%00%(upstream:track)%00%(upstream:remotename)%00%(upstream:remoteref) refs/heads/jhw refs/remotes/jhw [2ms]
2024-11-26 19:29:01.848 [info] > git for-each-ref --sort -committerdate --format %(refname) %(objectname) %(*objectname) [2ms]
2024-11-26 19:29:01.915 [info] > git status -z -uall [72ms]
2024-11-26 19:29:05.732 [info] > git show --textconv :media.php [8ms]
2024-11-26 19:29:05.736 [info] > git ls-files --stage -- /var/www/html/2_team/2_team2/media.php [7ms]
2024-11-26 19:32:37.562 [info] > git config --get commit.template [3ms]
2024-11-26 19:32:37.564 [info] > git for-each-ref --format=%(refname)%00%(upstream:short)%00%(objectname)%00%(upstream:track)%00%(upstream:remotename)%00%(upstream:remoteref) refs/heads/jhw refs/remotes/jhw [1ms]
2024-11-26 19:32:37.572 [info] > git for-each-ref --sort -committerdate --format %(refname) %(objectname) %(*objectname) [3ms]
2024-11-26 19:32:37.639 [info] > git status -z -uall [72ms]
2024-11-26 19:32:42.662 [info] > git config --get commit.template [3ms]
2024-11-26 19:32:42.663 [info] > git for-each-ref --format=%(refname)%00%(upstream:short)%00%(objectname)%00%(upstream:track)%00%(upstream:remotename)%00%(upstream:remoteref) refs/heads/jhw refs/remotes/jhw [1ms]
2024-11-26 19:32:42.671 [info] > git for-each-ref --sort -committerdate --format %(refname) %(objectname) %(*objectname) [2ms]
2024-11-26 19:32:42.737 [info] > git status -z -uall [71ms]
2024-11-26 19:32:48.594 [info] > git config --get commit.template [2ms]
2024-11-26 19:32:48.596 [info] > git for-each-ref --format=%(refname)%00%(upstream:short)%00%(objectname)%00%(upstream:track)%00%(upstream:remotename)%00%(upstream:remoteref) refs/heads/jhw refs/remotes/jhw [2ms]
2024-11-26 19:32:48.603 [info] > git for-each-ref --sort -committerdate --format %(refname) %(objectname) %(*objectname) [2ms]
2024-11-26 19:32:48.670 [info] > git status -z -uall [72ms]
2024-11-26 19:57:13.556 [info] > git show --textconv :mainpage.php [8ms]
2024-11-26 19:57:13.559 [info] > git ls-files --stage -- /var/www/html/2_team/2_team2/mainpage.php [7ms]
2024-11-26 19:57:13.563 [info] > git cat-file -s ff381064874d037e7ed492e5fdc73bc9c0dc040b [2ms]
2024-11-26 20:01:03.900 [info] > git check-ignore -v -z --stdin [7ms]
2024-11-26 20:01:24.542 [info] > git config --get commit.template [3ms]
2024-11-26 20:01:24.543 [info] > git for-each-ref --format=%(refname)%00%(upstream:short)%00%(objectname)%00%(upstream:track)%00%(upstream:remotename)%00%(upstream:remoteref) refs/heads/jhw refs/remotes/jhw [1ms]
2024-11-26 20:01:24.551 [info] > git for-each-ref --sort -committerdate --format %(refname) %(objectname) %(*objectname) [2ms]
2024-11-26 20:01:24.619 [info] > git status -z -uall [73ms]
2024-11-26 20:02:36.275 [info] > git config --get commit.template [3ms]
2024-11-26 20:02:36.276 [info] > git for-each-ref --format=%(refname)%00%(upstream:short)%00%(objectname)%00%(upstream:track)%00%(upstream:remotename)%00%(upstream:remoteref) refs/heads/jhw refs/remotes/jhw [1ms]
2024-11-26 20:02:36.285 [info] > git for-each-ref --sort -committerdate --format %(refname) %(objectname) %(*objectname) [3ms]
2024-11-26 20:02:36.352 [info] > git status -z -uall [71ms]
2024-11-26 20:04:08.965 [info] > git show --textconv :media.php [8ms]
2024-11-26 20:04:08.969 [info] > git ls-files --stage -- /var/www/html/2_team/2_team2/media.php [7ms]
2024-11-26 20:04:23.021 [info] > git show --textconv :mainpage.php [8ms]
2024-11-26 20:04:23.024 [info] > git ls-files --stage -- /var/www/html/2_team/2_team2/mainpage.php [7ms]
2024-11-26 20:04:23.028 [info] > git cat-file -s ff381064874d037e7ed492e5fdc73bc9c0dc040b [2ms]
2024-11-26 20:05:34.565 [info] > git config --get commit.template [4ms]
2024-11-26 20:05:34.566 [info] > git for-each-ref --format=%(refname)%00%(upstream:short)%00%(objectname)%00%(upstream:track)%00%(upstream:remotename)%00%(upstream:remoteref) refs/heads/jhw refs/remotes/jhw [2ms]
2024-11-26 20:05:34.573 [info] > git for-each-ref --sort -committerdate --format %(refname) %(objectname) %(*objectname) [2ms]
2024-11-26 20:05:34.640 [info] > git status -z -uall [71ms]
2024-11-26 20:06:03.995 [info] > git show --textconv :media.php [8ms]
2024-11-26 20:06:03.998 [info] > git ls-files --stage -- /var/www/html/2_team/2_team2/media.php [7ms]
2024-11-26 20:07:16.219 [info] > git show --textconv :membership.php [14ms]
2024-11-26 20:07:16.221 [info] > git ls-files --stage -- /var/www/html/2_team/2_team2/membership.php [7ms]
2024-11-26 20:07:16.225 [info] > git cat-file -s 3f7a0fc01bd5733456ba160dee99317b46a0bd84 [1ms]
2024-11-26 20:07:16.693 [info] > git show --textconv :mainpage.php [9ms]
2024-11-26 20:07:16.695 [info] > git ls-files --stage -- /var/www/html/2_team/2_team2/mainpage.php [7ms]
2024-11-26 20:07:16.699 [info] > git cat-file -s ff381064874d037e7ed492e5fdc73bc9c0dc040b [1ms]
2024-11-26 20:08:09.653 [info] > git config --get commit.template [4ms]
2024-11-26 20:08:09.653 [info] > git for-each-ref --format=%(refname)%00%(upstream:short)%00%(objectname)%00%(upstream:track)%00%(upstream:remotename)%00%(upstream:remoteref) refs/heads/jhw refs/remotes/jhw [1ms]
2024-11-26 20:08:09.661 [info] > git for-each-ref --sort -committerdate --format %(refname) %(objectname) %(*objectname) [2ms]
2024-11-26 20:08:09.727 [info] > git status -z -uall [71ms]
2024-11-26 20:09:23.672 [info] > git config --get commit.template [2ms]
2024-11-26 20:09:23.673 [info] > git for-each-ref --format=%(refname)%00%(upstream:short)%00%(objectname)%00%(upstream:track)%00%(upstream:remotename)%00%(upstream:remoteref) refs/heads/jhw refs/remotes/jhw [2ms]
2024-11-26 20:09:23.681 [info] > git for-each-ref --sort -committerdate --format %(refname) %(objectname) %(*objectname) [3ms]
2024-11-26 20:09:23.747 [info] > git status -z -uall [72ms]
2024-11-26 20:09:42.966 [info] > git show --textconv :media.php [7ms]
2024-11-26 20:09:42.969 [info] > git ls-files --stage -- /var/www/html/2_team/2_team2/media.php [7ms]
2024-11-26 20:09:58.740 [info] > git config --get commit.template [4ms]
2024-11-26 20:09:58.741 [info] > git for-each-ref --format=%(refname)%00%(upstream:short)%00%(objectname)%00%(upstream:track)%00%(upstream:remotename)%00%(upstream:remoteref) refs/heads/jhw refs/remotes/jhw [2ms]
2024-11-26 20:09:58.748 [info] > git for-each-ref --sort -committerdate --format %(refname) %(objectname) %(*objectname) [2ms]
2024-11-26 20:09:58.814 [info] > git status -z -uall [71ms]
2024-11-26 20:10:05.575 [info] > git config --get commit.template [3ms]
2024-11-26 20:10:05.576 [info] > git for-each-ref --format=%(refname)%00%(upstream:short)%00%(objectname)%00%(upstream:track)%00%(upstream:remotename)%00%(upstream:remoteref) refs/heads/jhw refs/remotes/jhw [1ms]
2024-11-26 20:10:05.584 [info] > git for-each-ref --sort -committerdate --format %(refname) %(objectname) %(*objectname) [2ms]
2024-11-26 20:10:05.651 [info] > git status -z -uall [72ms]
2024-11-26 20:10:10.677 [info] > git config --get commit.template [4ms]
2024-11-26 20:10:10.678 [info] > git for-each-ref --format=%(refname)%00%(upstream:short)%00%(objectname)%00%(upstream:track)%00%(upstream:remotename)%00%(upstream:remoteref) refs/heads/jhw refs/remotes/jhw [2ms]
2024-11-26 20:10:10.686 [info] > git for-each-ref --sort -committerdate --format %(refname) %(objectname) %(*objectname) [2ms]
2024-11-26 20:10:10.753 [info] > git status -z -uall [72ms]
2024-11-26 20:10:15.773 [info] > git config --get commit.template [2ms]
2024-11-26 20:10:15.774 [info] > git for-each-ref --format=%(refname)%00%(upstream:short)%00%(objectname)%00%(upstream:track)%00%(upstream:remotename)%00%(upstream:remoteref) refs/heads/jhw refs/remotes/jhw [1ms]
2024-11-26 20:10:15.782 [info] > git for-each-ref --sort -committerdate --format %(refname) %(objectname) %(*objectname) [2ms]
2024-11-26 20:10:15.849 [info] > git status -z -uall [72ms]
2024-11-26 20:10:41.695 [info] > git config --get commit.template [3ms]
2024-11-26 20:10:41.696 [info] > git for-each-ref --format=%(refname)%00%(upstream:short)%00%(objectname)%00%(upstream:track)%00%(upstream:remotename)%00%(upstream:remoteref) refs/heads/jhw refs/remotes/jhw [1ms]
2024-11-26 20:10:41.704 [info] > git for-each-ref --sort -committerdate --format %(refname) %(objectname) %(*objectname) [2ms]
2024-11-26 20:10:41.771 [info] > git status -z -uall [72ms]
2024-11-26 20:11:07.502 [info] > git show --textconv :mainpage.php [8ms]
2024-11-26 20:11:07.505 [info] > git ls-files --stage -- /var/www/html/2_team/2_team2/mainpage.php [7ms]
2024-11-26 20:11:07.509 [info] > git cat-file -s ff381064874d037e7ed492e5fdc73bc9c0dc040b [1ms]
2024-11-26 20:11:24.415 [info] > git show --textconv :media.php [7ms]
2024-11-26 20:11:24.418 [info] > git ls-files --stage -- /var/www/html/2_team/2_team2/media.php [7ms]
2024-11-26 20:11:27.098 [info] > git show --textconv :mainpage.php [8ms]
2024-11-26 20:11:27.100 [info] > git ls-files --stage -- /var/www/html/2_team/2_team2/mainpage.php [7ms]
2024-11-26 20:11:27.104 [info] > git cat-file -s ff381064874d037e7ed492e5fdc73bc9c0dc040b [1ms]
2024-11-26 20:11:33.008 [info] > git show --textconv :media.php [7ms]
2024-11-26 20:11:33.011 [info] > git ls-files --stage -- /var/www/html/2_team/2_team2/media.php [7ms]
2024-11-26 20:11:36.738 [info] > git show --textconv :mainpage.php [8ms]
2024-11-26 20:11:36.741 [info] > git ls-files --stage -- /var/www/html/2_team/2_team2/mainpage.php [7ms]
2024-11-26 20:11:36.744 [info] > git cat-file -s ff381064874d037e7ed492e5fdc73bc9c0dc040b [1ms]
2024-11-26 20:12:07.323 [info] > git show --textconv :media.php [8ms]
2024-11-26 20:12:07.326 [info] > git ls-files --stage -- /var/www/html/2_team/2_team2/media.php [7ms]
2024-11-26 20:12:09.404 [info] > git show --textconv :mainpage.php [8ms]
2024-11-26 20:12:09.407 [info] > git ls-files --stage -- /var/www/html/2_team/2_team2/mainpage.php [8ms]
2024-11-26 20:12:09.410 [info] > git cat-file -s ff381064874d037e7ed492e5fdc73bc9c0dc040b [1ms]
2024-11-26 20:12:43.528 [info] > git show --textconv :media.php [13ms]
2024-11-26 20:12:43.531 [info] > git ls-files --stage -- /var/www/html/2_team/2_team2/media.php [8ms]
2024-11-26 20:12:44.698 [info] > git show --textconv :mainpage.php [8ms]
2024-11-26 20:12:44.701 [info] > git ls-files --stage -- /var/www/html/2_team/2_team2/mainpage.php [7ms]
2024-11-26 20:12:44.705 [info] > git cat-file -s ff381064874d037e7ed492e5fdc73bc9c0dc040b [1ms]
2024-11-26 20:12:52.764 [info] > git config --get commit.template [4ms]
2024-11-26 20:12:52.765 [info] > git for-each-ref --format=%(refname)%00%(upstream:short)%00%(objectname)%00%(upstream:track)%00%(upstream:remotename)%00%(upstream:remoteref) refs/heads/jhw refs/remotes/jhw [2ms]
2024-11-26 20:12:52.773 [info] > git for-each-ref --sort -committerdate --format %(refname) %(objectname) %(*objectname) [2ms]
2024-11-26 20:12:52.886 [info] > git status -z -uall [118ms]
2024-11-26 20:15:26.819 [info] > git config --get commit.template [3ms]
2024-11-26 20:15:26.820 [info] > git for-each-ref --format=%(refname)%00%(upstream:short)%00%(objectname)%00%(upstream:track)%00%(upstream:remotename)%00%(upstream:remoteref) refs/heads/jhw refs/remotes/jhw [2ms]
2024-11-26 20:15:26.827 [info] > git for-each-ref --sort -committerdate --format %(refname) %(objectname) %(*objectname) [2ms]
2024-11-26 20:15:26.892 [info] > git status -z -uall [70ms]
2024-11-26 20:15:32.829 [info] > git config --get commit.template [3ms]
2024-11-26 20:15:32.830 [info] > git for-each-ref --format=%(refname)%00%(upstream:short)%00%(objectname)%00%(upstream:track)%00%(upstream:remotename)%00%(upstream:remoteref) refs/heads/jhw refs/remotes/jhw [2ms]
2024-11-26 20:15:32.837 [info] > git for-each-ref --sort -committerdate --format %(refname) %(objectname) %(*objectname) [2ms]
2024-11-26 20:15:32.903 [info] > git status -z -uall [71ms]
2024-11-26 20:17:23.365 [info] > git show --textconv :media.php [8ms]
2024-11-26 20:17:23.368 [info] > git ls-files --stage -- /var/www/html/2_team/2_team2/media.php [7ms]
2024-11-26 20:17:28.007 [info] > git show --textconv :mainpage.php [8ms]
2024-11-26 20:17:28.010 [info] > git ls-files --stage -- /var/www/html/2_team/2_team2/mainpage.php [7ms]
2024-11-26 20:17:28.013 [info] > git cat-file -s ff381064874d037e7ed492e5fdc73bc9c0dc040b [1ms]
2024-11-26 20:19:01.562 [info] > git show --textconv :media.php [8ms]
2024-11-26 20:19:01.565 [info] > git ls-files --stage -- /var/www/html/2_team/2_team2/media.php [7ms]
2024-11-26 20:19:18.563 [info] > git show --textconv :mainpage.php [7ms]
2024-11-26 20:19:18.566 [info] > git ls-files --stage -- /var/www/html/2_team/2_team2/mainpage.php [7ms]
2024-11-26 20:19:18.570 [info] > git cat-file -s ff381064874d037e7ed492e5fdc73bc9c0dc040b [2ms]
2024-11-26 20:21:25.343 [info] > git show --textconv :media.php [8ms]
2024-11-26 20:21:25.346 [info] > git ls-files --stage -- /var/www/html/2_team/2_team2/media.php [7ms]
2024-11-26 20:22:02.882 [info] > git show --textconv :mainpage.php [7ms]
2024-11-26 20:22:02.885 [info] > git ls-files --stage -- /var/www/html/2_team/2_team2/mainpage.php [7ms]
2024-11-26 20:22:02.889 [info] > git cat-file -s ff381064874d037e7ed492e5fdc73bc9c0dc040b [2ms]
2024-11-26 20:22:43.481 [info] > git check-ignore -v -z --stdin [8ms]
2024-11-26 20:22:45.560 [info] > git check-ignore -v -z --stdin [9ms]
2024-11-26 20:22:55.295 [info] > git config --get commit.template [3ms]
2024-11-26 20:22:55.296 [info] > git for-each-ref --format=%(refname)%00%(upstream:short)%00%(objectname)%00%(upstream:track)%00%(upstream:remotename)%00%(upstream:remoteref) refs/heads/jhw refs/remotes/jhw [2ms]
2024-11-26 20:22:55.304 [info] > git for-each-ref --sort -committerdate --format %(refname) %(objectname) %(*objectname) [2ms]
2024-11-26 20:22:55.370 [info] > git status -z -uall [71ms]
2024-11-26 20:22:57.457 [info] > git check-ignore -v -z --stdin [8ms]
2024-11-26 20:25:09.143 [info] > git config --get commit.template [3ms]
2024-11-26 20:25:09.144 [info] > git for-each-ref --format=%(refname)%00%(upstream:short)%00%(objectname)%00%(upstream:track)%00%(upstream:remotename)%00%(upstream:remoteref) refs/heads/jhw refs/remotes/jhw [2ms]
2024-11-26 20:25:09.151 [info] > git for-each-ref --sort -committerdate --format %(refname) %(objectname) %(*objectname) [2ms]
2024-11-26 20:25:09.217 [info] > git status -z -uall [71ms]
2024-11-26 20:25:53.527 [info] > git check-ignore -v -z --stdin [8ms]
2024-11-26 20:29:17.218 [info] > git config --get commit.template [4ms]
2024-11-26 20:29:17.219 [info] > git for-each-ref --format=%(refname)%00%(upstream:short)%00%(objectname)%00%(upstream:track)%00%(upstream:remotename)%00%(upstream:remoteref) refs/heads/jhw refs/remotes/jhw [2ms]
2024-11-26 20:29:17.227 [info] > git for-each-ref --sort -committerdate --format %(refname) %(objectname) %(*objectname) [2ms]
2024-11-26 20:29:17.297 [info] > git status -z -uall [75ms]
2024-11-26 20:29:59.297 [info] > git config --get commit.template [3ms]
2024-11-26 20:29:59.298 [info] > git for-each-ref --format=%(refname)%00%(upstream:short)%00%(objectname)%00%(upstream:track)%00%(upstream:remotename)%00%(upstream:remoteref) refs/heads/jhw refs/remotes/jhw [2ms]
2024-11-26 20:29:59.306 [info] > git for-each-ref --sort -committerdate --format %(refname) %(objectname) %(*objectname) [3ms]
2024-11-26 20:29:59.373 [info] > git status -z -uall [72ms]
2024-11-26 20:30:01.170 [info] > git show --textconv :add_comment.php [23ms]
2024-11-26 20:30:01.181 [info] > git ls-files --stage -- /var/www/html/2_team/2_team2/add_comment.php [24ms]
2024-11-26 20:30:01.191 [info] > git cat-file -s 46d75a1c5fff54cf9a63bd49989221962a68ba28 [3ms]
2024-11-26 20:30:24.319 [info] > git config --get commit.template [3ms]
2024-11-26 20:30:24.320 [info] > git for-each-ref --format=%(refname)%00%(upstream:short)%00%(objectname)%00%(upstream:track)%00%(upstream:remotename)%00%(upstream:remoteref) refs/heads/jhw refs/remotes/jhw [2ms]
2024-11-26 20:30:24.328 [info] > git for-each-ref --sort -committerdate --format %(refname) %(objectname) %(*objectname) [2ms]
2024-11-26 20:30:24.395 [info] > git status -z -uall [72ms]
2024-11-26 20:30:32.270 [info] > git show --textconv :participant.php [7ms]
2024-11-26 20:30:32.273 [info] > git ls-files --stage -- /var/www/html/2_team/2_team2/participant.php [7ms]
2024-11-26 20:30:32.277 [info] > git cat-file -s 48c1ac1565519cd275c5a171126c88fa7d686cbc [2ms]
2024-11-26 20:30:33.466 [info] > git show --textconv :participant_process.php [8ms]
2024-11-26 20:30:33.469 [info] > git ls-files --stage -- /var/www/html/2_team/2_team2/participant_process.php [7ms]
2024-11-26 20:30:33.473 [info] > git cat-file -s 20a98fef21ceaa24eefe8c9cc31fb462fef604a4 [2ms]
2024-11-26 20:30:38.557 [info] > git show --textconv :participant.php [13ms]
2024-11-26 20:30:38.560 [info] > git ls-files --stage -- /var/www/html/2_team/2_team2/participant.php [8ms]
2024-11-26 20:30:38.564 [info] > git cat-file -s 48c1ac1565519cd275c5a171126c88fa7d686cbc [1ms]
2024-11-26 20:30:42.324 [info] > git show --textconv :participant_process.php [8ms]
2024-11-26 20:30:42.327 [info] > git ls-files --stage -- /var/www/html/2_team/2_team2/participant_process.php [7ms]
2024-11-26 20:30:42.331 [info] > git cat-file -s 20a98fef21ceaa24eefe8c9cc31fb462fef604a4 [2ms]
2024-11-26 20:31:17.260 [info] > git config --get commit.template [4ms]
2024-11-26 20:31:17.261 [info] > git for-each-ref --format=%(refname)%00%(upstream:short)%00%(objectname)%00%(upstream:track)%00%(upstream:remotename)%00%(upstream:remoteref) refs/heads/jhw refs/remotes/jhw [2ms]
2024-11-26 20:31:17.269 [info] > git for-each-ref --sort -committerdate --format %(refname) %(objectname) %(*objectname) [3ms]
2024-11-26 20:31:17.339 [info] > git status -z -uall [75ms]
2024-11-26 20:31:26.412 [info] > git config --get commit.template [5ms]
2024-11-26 20:31:26.413 [info] > git for-each-ref --format=%(refname)%00%(upstream:short)%00%(objectname)%00%(upstream:track)%00%(upstream:remotename)%00%(upstream:remoteref) refs/heads/jhw refs/remotes/jhw [2ms]
2024-11-26 20:31:26.421 [info] > git for-each-ref --sort -committerdate --format %(refname) %(objectname) %(*objectname) [2ms]
2024-11-26 20:31:26.490 [info] > git status -z -uall [74ms]
2024-11-26 20:31:26.680 [info] > git show --textconv :mainpage.php [103ms]
2024-11-26 20:31:26.680 [info] > git ls-files --stage -- /var/www/html/2_team/2_team2/mainpage.php [94ms]
2024-11-26 20:31:26.684 [info] > git cat-file -s ff381064874d037e7ed492e5fdc73bc9c0dc040b [1ms]
2024-11-26 20:31:31.512 [info] > git config --get commit.template [3ms]
2024-11-26 20:31:31.513 [info] > git for-each-ref --format=%(refname)%00%(upstream:short)%00%(objectname)%00%(upstream:track)%00%(upstream:remotename)%00%(upstream:remoteref) refs/heads/jhw refs/remotes/jhw [1ms]
2024-11-26 20:31:31.521 [info] > git for-each-ref --sort -committerdate --format %(refname) %(objectname) %(*objectname) [2ms]
2024-11-26 20:31:31.587 [info] > git status -z -uall [71ms]
2024-11-26 20:31:36.610 [info] > git config --get commit.template [3ms]
2024-11-26 20:31:36.611 [info] > git for-each-ref --format=%(refname)%00%(upstream:short)%00%(objectname)%00%(upstream:track)%00%(upstream:remotename)%00%(upstream:remoteref) refs/heads/jhw refs/remotes/jhw [2ms]
2024-11-26 20:31:36.618 [info] > git for-each-ref --sort -committerdate --format %(refname) %(objectname) %(*objectname) [2ms]
2024-11-26 20:31:36.686 [info] > git status -z -uall [73ms]
2024-11-26 20:31:41.707 [info] > git config --get commit.template [3ms]
2024-11-26 20:31:41.708 [info] > git for-each-ref --format=%(refname)%00%(upstream:short)%00%(objectname)%00%(upstream:track)%00%(upstream:remotename)%00%(upstream:remoteref) refs/heads/jhw refs/remotes/jhw [2ms]
2024-11-26 20:31:41.716 [info] > git for-each-ref --sort -committerdate --format %(refname) %(objectname) %(*objectname) [2ms]
2024-11-26 20:31:41.783 [info] > git status -z -uall [72ms]
2024-11-26 20:32:07.711 [info] > git show --textconv :participant.php [8ms]
2024-11-26 20:32:07.714 [info] > git ls-files --stage -- /var/www/html/2_team/2_team2/participant.php [8ms]
2024-11-26 20:32:07.718 [info] > git cat-file -s 48c1ac1565519cd275c5a171126c88fa7d686cbc [2ms]
2024-11-26 20:32:38.711 [info] > git show --textconv :LOLgamepage.php [13ms]
2024-11-26 20:32:38.714 [info] > git ls-files --stage -- /var/www/html/2_team/2_team2/LOLgamepage.php [8ms]
2024-11-26 20:32:38.718 [info] > git cat-file -s 942297ea0cbad95c98c76104afbd216d02243b65 [1ms]
2024-11-26 20:32:56.283 [info] > git show --textconv :participant_process.php [8ms]
2024-11-26 20:32:56.286 [info] > git ls-files --stage -- /var/www/html/2_team/2_team2/participant_process.php [7ms]
2024-11-26 20:32:56.290 [info] > git cat-file -s 20a98fef21ceaa24eefe8c9cc31fb462fef604a4 [1ms]
2024-11-26 20:34:22.827 [info] > git show --textconv :add_comment.php [13ms]
2024-11-26 20:34:22.830 [info] > git ls-files --stage -- /var/www/html/2_team/2_team2/add_comment.php [8ms]
2024-11-26 20:34:22.834 [info] > git cat-file -s 46d75a1c5fff54cf9a63bd49989221962a68ba28 [1ms]
2024-11-26 20:35:42.196 [info] > git show --textconv :login.php [8ms]
2024-11-26 20:35:42.199 [info] > git ls-files --stage -- /var/www/html/2_team/2_team2/login.php [7ms]
2024-11-26 20:35:42.203 [info] > git cat-file -s 80cd8af5a43b428e6a64f14ac2c8c840e0b0f155 [1ms]
2024-11-26 20:37:29.277 [info] > git show --textconv :add_comment.php [13ms]
2024-11-26 20:37:29.279 [info] > git ls-files --stage -- /var/www/html/2_team/2_team2/add_comment.php [8ms]
2024-11-26 20:37:29.283 [info] > git cat-file -s 46d75a1c5fff54cf9a63bd49989221962a68ba28 [1ms]
2024-11-26 20:37:37.678 [info] > git show --textconv :login.php [11ms]
2024-11-26 20:37:37.682 [info] > git ls-files --stage -- /var/www/html/2_team/2_team2/login.php [12ms]
2024-11-26 20:37:37.689 [info] > git cat-file -s 80cd8af5a43b428e6a64f14ac2c8c840e0b0f155 [3ms]
2024-11-26 20:40:48.737 [info] > git show --textconv :add_comment.php [14ms]
2024-11-26 20:40:48.739 [info] > git ls-files --stage -- /var/www/html/2_team/2_team2/add_comment.php [8ms]
2024-11-26 20:40:48.743 [info] > git cat-file -s 46d75a1c5fff54cf9a63bd49989221962a68ba28 [1ms]
2024-11-26 20:44:32.200 [info] > git config --get commit.template [4ms]
2024-11-26 20:44:32.201 [info] > git for-each-ref --format=%(refname)%00%(upstream:short)%00%(objectname)%00%(upstream:track)%00%(upstream:remotename)%00%(upstream:remoteref) refs/heads/jhw refs/remotes/jhw [2ms]
2024-11-26 20:44:32.209 [info] > git for-each-ref --sort -committerdate --format %(refname) %(objectname) %(*objectname) [2ms]
2024-11-26 20:44:32.276 [info] > git status -z -uall [72ms]
2024-11-26 20:45:45.401 [info] > git config --get commit.template [3ms]
2024-11-26 20:45:45.402 [info] > git for-each-ref --format=%(refname)%00%(upstream:short)%00%(objectname)%00%(upstream:track)%00%(upstream:remotename)%00%(upstream:remoteref) refs/heads/jhw refs/remotes/jhw [2ms]
2024-11-26 20:45:45.410 [info] > git for-each-ref --sort -committerdate --format %(refname) %(objectname) %(*objectname) [2ms]
2024-11-26 20:45:45.478 [info] > git status -z -uall [73ms]
2024-11-26 20:45:54.021 [info] > git config --get commit.template [2ms]
2024-11-26 20:45:54.023 [info] > git for-each-ref --format=%(refname)%00%(upstream:short)%00%(objectname)%00%(upstream:track)%00%(upstream:remotename)%00%(upstream:remoteref) refs/heads/jhw refs/remotes/jhw [2ms]
2024-11-26 20:45:54.031 [info] > git for-each-ref --sort -committerdate --format %(refname) %(objectname) %(*objectname) [3ms]
2024-11-26 20:45:54.099 [info] > git status -z -uall [74ms]
2024-11-26 20:52:09.052 [info] > git config --get commit.template [3ms]
2024-11-26 20:52:09.053 [info] > git for-each-ref --format=%(refname)%00%(upstream:short)%00%(objectname)%00%(upstream:track)%00%(upstream:remotename)%00%(upstream:remoteref) refs/heads/jhw refs/remotes/jhw [2ms]
2024-11-26 20:52:09.061 [info] > git for-each-ref --sort -committerdate --format %(refname) %(objectname) %(*objectname) [3ms]
2024-11-26 20:52:09.129 [info] > git status -z -uall [73ms]
2024-11-26 20:52:14.153 [info] > git config --get commit.template [6ms]
2024-11-26 20:52:14.155 [info] > git for-each-ref --format=%(refname)%00%(upstream:short)%00%(objectname)%00%(upstream:track)%00%(upstream:remotename)%00%(upstream:remoteref) refs/heads/jhw refs/remotes/jhw [3ms]
2024-11-26 20:52:14.169 [info] > git for-each-ref --sort -committerdate --format %(refname) %(objectname) %(*objectname) [4ms]
2024-11-26 20:52:14.242 [info] > git status -z -uall [82ms]
2024-11-26 20:53:52.027 [info] > git config --get commit.template [4ms]
2024-11-26 20:53:52.028 [info] > git for-each-ref --format=%(refname)%00%(upstream:short)%00%(objectname)%00%(upstream:track)%00%(upstream:remotename)%00%(upstream:remoteref) refs/heads/jhw refs/remotes/jhw [1ms]
2024-11-26 20:53:52.036 [info] > git for-each-ref --sort -committerdate --format %(refname) %(objectname) %(*objectname) [2ms]
2024-11-26 20:53:52.104 [info] > git status -z -uall [73ms]
