2024-11-26 15:57:50.158 [info] [main] Log level: Info
2024-11-26 15:57:50.158 [info] [main] Validating found git in: "git"
2024-11-26 15:57:50.158 [info] [main] Using git "2.34.1" from "git"
2024-11-26 15:57:50.158 [info] [Model][doInitialScan] Initial repository scan started
2024-11-26 15:57:50.158 [info] > git rev-parse --show-toplevel [38ms]
2024-11-26 15:57:50.158 [info] > git rev-parse --git-dir --git-common-dir [2ms]
2024-11-26 15:57:50.158 [info] [Model][openRepository] Opened repository: /var/www/html/2_team/2_team2
2024-11-26 15:57:50.158 [info] > git config --get commit.template [2ms]
2024-11-26 15:57:50.158 [info] > git rev-parse --show-toplevel [1ms]
2024-11-26 15:57:50.158 [info] > git rev-parse --show-toplevel [1ms]
2024-11-26 15:57:50.158 [info] > git rev-parse --show-toplevel [1ms]
2024-11-26 15:57:50.158 [info] > git rev-parse --show-toplevel [2ms]
2024-11-26 15:57:50.158 [info] > git rev-parse --show-toplevel [1ms]
2024-11-26 15:57:50.158 [info] > git rev-parse --show-toplevel [1ms]
2024-11-26 15:57:50.158 [info] > git rev-parse --show-toplevel [2ms]
2024-11-26 15:57:50.158 [info] > git rev-parse --show-toplevel [2ms]
2024-11-26 15:57:50.158 [info] > git rev-parse --show-toplevel [1ms]
2024-11-26 15:57:50.158 [info] > git rev-parse --show-toplevel [1ms]
2024-11-26 15:57:50.158 [info] [Model][doInitialScan] Initial repository scan completed - repositories (1), closed repositories (0), parent repositories (0), unsafe repositories (0)
2024-11-26 15:57:50.337 [info] > git for-each-ref --format=%(refname)%00%(upstream:short)%00%(objectname)%00%(upstream:track)%00%(upstream:remotename)%00%(upstream:remoteref) refs/heads/jhw refs/remotes/jhw [265ms]
2024-11-26 15:57:50.468 [info] > git for-each-ref --sort -committerdate --format %(refname) %(objectname) %(*objectname) [113ms]
2024-11-26 15:57:50.569 [info] > git show --textconv :add_comment.php [21ms]
2024-11-26 15:57:50.570 [info] > git ls-files --stage -- /var/www/html/2_team/2_team2/add_comment.php [18ms]
2024-11-26 15:57:50.576 [info] > git cat-file -s 46d75a1c5fff54cf9a63bd49989221962a68ba28 [2ms]
2024-11-26 15:57:50.886 [info] > git check-ignore -v -z --stdin [122ms]
2024-11-26 15:57:50.902 [info] > git status -z -uall [556ms]
2024-11-26 15:57:50.922 [info] > git for-each-ref --format=%(refname)%00%(upstream:short)%00%(objectname)%00%(upstream:track)%00%(upstream:remotename)%00%(upstream:remoteref) refs/heads/jhw refs/remotes/jhw [4ms]
2024-11-26 15:57:50.925 [info] > git config --get commit.template [3ms]
2024-11-26 15:57:50.928 [info] > git config --local branch.jhw.vscode-merge-base [3ms]
2024-11-26 15:57:50.928 [warning] [Git][config] git config failed: Failed to execute git
2024-11-26 15:57:50.931 [info] > git for-each-ref --format=%(refname)%00%(upstream:short)%00%(objectname)%00%(upstream:track)%00%(upstream:remotename)%00%(upstream:remoteref) refs/heads/jhw refs/remotes/jhw [4ms]
2024-11-26 15:57:50.938 [info] > git for-each-ref --sort -committerdate --format %(refname) %(objectname) %(*objectname) [2ms]
2024-11-26 15:57:51.003 [info] > git status -z -uall [69ms]
2024-11-26 15:57:51.016 [info] > git for-each-ref --format=%(refname)%00%(upstream:short)%00%(objectname)%00%(upstream:track)%00%(upstream:remotename)%00%(upstream:remoteref) refs/heads/jhw refs/remotes/jhw [3ms]
2024-11-26 15:57:51.020 [info] > git config --local branch.jhw.vscode-merge-base [2ms]
2024-11-26 15:57:51.020 [warning] [Git][config] git config failed: Failed to execute git
2024-11-26 15:57:51.022 [info] > git reflog jhw --grep-reflog=branch: Created from *. [92ms]
2024-11-26 15:57:51.025 [info] > git reflog jhw --grep-reflog=branch: Created from *. [2ms]
2024-11-26 15:57:51.039 [info] > git reflog HEAD --grep-reflog=checkout: moving from .* to jhw [13ms]
2024-11-26 15:57:51.042 [info] > git reflog HEAD --grep-reflog=checkout: moving from .* to jhw [18ms]
2024-11-26 15:57:51.045 [info] > git for-each-ref --format=%(refname)%00%(upstream:short)%00%(objectname)%00%(upstream:track)%00%(upstream:remotename)%00%(upstream:remoteref) refs/heads/main refs/remotes/main [3ms]
2024-11-26 15:57:51.048 [info] > git for-each-ref --format=%(refname)%00%(upstream:short)%00%(objectname)%00%(upstream:track)%00%(upstream:remotename)%00%(upstream:remoteref) refs/heads/main refs/remotes/main [4ms]
2024-11-26 15:57:51.306 [info] > git symbolic-ref --short refs/remotes/origin/HEAD [258ms]
2024-11-26 15:57:51.306 [info] fatal: ref refs/remotes/origin/HEAD is not a symbolic ref
2024-11-26 15:57:51.306 [warning] [Repository][getDefaultBranch] Failed to get default branch details: Failed to execute git.
2024-11-26 15:57:51.312 [info] > git symbolic-ref --short refs/remotes/origin/HEAD [262ms]
2024-11-26 15:57:51.312 [info] fatal: ref refs/remotes/origin/HEAD is not a symbolic ref
2024-11-26 15:57:51.312 [warning] [Repository][getDefaultBranch] Failed to get default branch details: Failed to execute git.
2024-11-26 15:57:51.318 [info] > git merge-base refs/heads/jhw refs/remotes/origin/jhw [7ms]
2024-11-26 15:57:51.323 [info] > git merge-base refs/heads/jhw refs/remotes/origin/jhw [6ms]
2024-11-26 15:57:51.344 [info] > git diff --name-status -z --diff-filter=ADMR 9737636c5f94e0bcd809246b99e222d049bc4914...refs/remotes/origin/jhw [21ms]
2024-11-26 15:57:51.344 [info] > git diff --name-status -z --diff-filter=ADMR 9737636c5f94e0bcd809246b99e222d049bc4914...refs/remotes/origin/jhw [18ms]
2024-11-26 15:57:53.003 [info] > git config --get commit.template [3ms]
2024-11-26 15:57:53.004 [info] > git for-each-ref --format=%(refname)%00%(upstream:short)%00%(objectname)%00%(upstream:track)%00%(upstream:remotename)%00%(upstream:remoteref) refs/heads/jhw refs/remotes/jhw [2ms]
2024-11-26 15:57:53.012 [info] > git for-each-ref --sort -committerdate --format %(refname) %(objectname) %(*objectname) [2ms]
2024-11-26 15:57:53.081 [info] > git status -z -uall [74ms]
2024-11-26 15:57:54.467 [info] > git check-ignore -v -z --stdin [10ms]
2024-11-26 15:57:58.098 [info] > git config --get commit.template [3ms]
2024-11-26 15:57:58.099 [info] > git for-each-ref --format=%(refname)%00%(upstream:short)%00%(objectname)%00%(upstream:track)%00%(upstream:remotename)%00%(upstream:remoteref) refs/heads/jhw refs/remotes/jhw [2ms]
2024-11-26 15:57:58.106 [info] > git for-each-ref --sort -committerdate --format %(refname) %(objectname) %(*objectname) [2ms]
2024-11-26 15:57:58.172 [info] > git status -z -uall [71ms]
2024-11-26 15:58:03.189 [info] > git config --get commit.template [3ms]
2024-11-26 15:58:03.190 [info] > git for-each-ref --format=%(refname)%00%(upstream:short)%00%(objectname)%00%(upstream:track)%00%(upstream:remotename)%00%(upstream:remoteref) refs/heads/jhw refs/remotes/jhw [1ms]
2024-11-26 15:58:03.198 [info] > git for-each-ref --sort -committerdate --format %(refname) %(objectname) %(*objectname) [2ms]
2024-11-26 15:58:03.264 [info] > git status -z -uall [71ms]
2024-11-26 15:58:08.285 [info] > git config --get commit.template [3ms]
2024-11-26 15:58:08.286 [info] > git for-each-ref --format=%(refname)%00%(upstream:short)%00%(objectname)%00%(upstream:track)%00%(upstream:remotename)%00%(upstream:remoteref) refs/heads/jhw refs/remotes/jhw [1ms]
2024-11-26 15:58:08.295 [info] > git for-each-ref --sort -committerdate --format %(refname) %(objectname) %(*objectname) [3ms]
2024-11-26 15:58:08.363 [info] > git status -z -uall [73ms]
2024-11-26 15:58:13.384 [info] > git config --get commit.template [4ms]
2024-11-26 15:58:13.385 [info] > git for-each-ref --format=%(refname)%00%(upstream:short)%00%(objectname)%00%(upstream:track)%00%(upstream:remotename)%00%(upstream:remoteref) refs/heads/jhw refs/remotes/jhw [2ms]
2024-11-26 15:58:13.392 [info] > git for-each-ref --sort -committerdate --format %(refname) %(objectname) %(*objectname) [2ms]
2024-11-26 15:58:13.460 [info] > git status -z -uall [72ms]
