2024-11-21 20:30:02.955 [info] [main] 로그 수준: Info
2024-11-21 20:30:02.955 [info] [main] "git"에서 찾은 git 유효성을 검사하는 중
2024-11-21 20:30:02.955 [info] [main] "2.34.1"에서 git "git"을(를) 사용하는 중
2024-11-21 20:30:02.955 [info] [Model][doInitialScan] Initial repository scan started
2024-11-21 20:30:02.955 [info] > git rev-parse --show-toplevel [2ms]
2024-11-21 20:30:02.956 [info] > git rev-parse --git-dir --git-common-dir [2ms]
2024-11-21 20:30:02.965 [info] [Model][openRepository] Opened repository: /var/www/html/2_team/2_team2
2024-11-21 20:30:02.973 [info] > git config --get commit.template [3ms]
2024-11-21 20:30:02.978 [info] > git rev-parse --show-toplevel [3ms]
2024-11-21 20:30:02.979 [info] > git for-each-ref --format=%(refname)%00%(upstream:short)%00%(objectname)%00%(upstream:track)%00%(upstream:remotename)%00%(upstream:remoteref) refs/heads/main refs/remotes/main [2ms]
2024-11-21 20:30:02.991 [info] > git rev-parse --show-toplevel [1ms]
2024-11-21 20:30:02.991 [info] > git for-each-ref --sort -committerdate --format %(refname) %(objectname) %(*objectname) [7ms]
2024-11-21 20:30:02.999 [info] > git rev-parse --show-toplevel [0ms]
2024-11-21 20:30:03.005 [info] > git rev-parse --show-toplevel [1ms]
2024-11-21 20:30:03.008 [info] > git rev-parse --show-toplevel [1ms]
2024-11-21 20:30:03.012 [info] > git rev-parse --show-toplevel [1ms]
2024-11-21 20:30:03.019 [info] > git rev-parse --show-toplevel [4ms]
2024-11-21 20:30:03.024 [info] > git rev-parse --show-toplevel [1ms]
2024-11-21 20:30:03.029 [info] > git rev-parse --show-toplevel [2ms]
2024-11-21 20:30:03.033 [info] > git rev-parse --show-toplevel [2ms]
2024-11-21 20:30:03.036 [info] [Model][doInitialScan] Initial repository scan completed - repositories (1), closed repositories (0), parent repositories (0), unsafe repositories (0)
2024-11-21 20:30:03.439 [info] > git status -z -uall [457ms] (cancelled)
2024-11-21 20:30:10.691 [info] > git check-ignore -v -z --stdin [19ms]
2024-11-21 20:30:25.295 [info] > git show --textconv :db.php [6ms]
2024-11-21 20:30:25.301 [info] > git ls-files --stage -- /var/www/html/2_team/2_team2/db.php [8ms]
2024-11-21 20:30:25.490 [info] > git check-ignore -v -z --stdin [7ms]
2024-11-21 20:31:49.583 [info] > git show --textconv :logintest.php [20ms]
2024-11-21 20:31:49.594 [info] > git ls-files --stage -- /var/www/html/2_team/2_team2/logintest.php [23ms]
2024-11-21 20:31:49.844 [info] > git check-ignore -v -z --stdin [21ms]
2024-11-21 20:32:22.300 [info] > git show --textconv :logout.php [12ms]
2024-11-21 20:32:22.304 [info] > git ls-files --stage -- /var/www/html/2_team/2_team2/logout.php [8ms]
2024-11-21 20:32:22.570 [info] > git check-ignore -v -z --stdin [21ms]
2024-11-21 20:32:42.533 [info] > git show --textconv :mainpage_login.php [13ms]
2024-11-21 20:32:42.536 [info] > git ls-files --stage -- /var/www/html/2_team/2_team2/mainpage_login.php [8ms]
2024-11-21 20:32:42.800 [info] > git check-ignore -v -z --stdin [7ms]
2024-11-21 20:32:49.388 [info] > git show --textconv :membership.php [13ms]
2024-11-21 20:32:49.391 [info] > git ls-files --stage -- /var/www/html/2_team/2_team2/membership.php [8ms]
2024-11-21 20:32:49.395 [info] > git cat-file -s 1c24c61a560416fbf0f2a787ff55a4b3f20d5123 [2ms]
2024-11-21 20:32:52.282 [info] > git show --textconv :logout.php [7ms]
2024-11-21 20:32:52.284 [info] > git ls-files --stage -- /var/www/html/2_team/2_team2/logout.php [7ms]
2024-11-21 20:33:07.176 [info] > git ls-files --stage -- /var/www/html/2_team/2_team2/logout.php [8ms]
2024-11-21 20:33:07.193 [info] > git show --textconv :logout.php [7ms]
2024-11-21 20:33:13.631 [info] > git show --textconv :navbar_login.php [15ms]
2024-11-21 20:33:13.636 [info] > git ls-files --stage -- /var/www/html/2_team/2_team2/navbar_login.php [12ms]
2024-11-21 20:33:13.894 [info] > git check-ignore -v -z --stdin [23ms]
2024-11-21 20:33:45.211 [info] > git ls-files --stage -- /var/www/html/2_team/2_team2/navbar_login.php [7ms]
2024-11-21 20:33:45.280 [info] > git show --textconv :navbar_login.php [21ms]
2024-11-21 20:33:54.245 [info] > git ls-files --stage -- /var/www/html/2_team/2_team2/navbar_login.php [8ms]
2024-11-21 20:33:54.278 [info] > git show --textconv :navbar_login.php [9ms]
2024-11-21 20:33:58.147 [info] > git ls-files --stage -- /var/www/html/2_team/2_team2/navbar_login.php [7ms]
2024-11-21 20:33:58.165 [info] > git show --textconv :navbar_login.php [6ms]
2024-11-21 20:34:02.886 [info] > git show --textconv :index.php [20ms]
2024-11-21 20:34:02.896 [info] > git ls-files --stage -- /var/www/html/2_team/2_team2/index.php [23ms]
2024-11-21 20:34:03.155 [info] > git check-ignore -v -z --stdin [22ms]
2024-11-21 20:34:13.301 [info] > git show --textconv :participant.php [6ms]
2024-11-21 20:34:13.305 [info] > git ls-files --stage -- /var/www/html/2_team/2_team2/participant.php [7ms]
2024-11-21 20:34:13.309 [info] > git cat-file -s f99aa1c8aa403281223ec1132e4b7634f3a6e662 [2ms]
2024-11-21 20:34:15.536 [info] > git ls-files --stage -- /var/www/html/2_team/2_team2/participant.php [8ms]
2024-11-21 20:34:15.539 [info] > git cat-file -s f99aa1c8aa403281223ec1132e4b7634f3a6e662 [1ms]
2024-11-21 20:34:15.556 [info] > git show --textconv :participant.php [7ms]
2024-11-21 20:34:17.607 [info] > git ls-files --stage -- /var/www/html/2_team/2_team2/participant.php [23ms]
2024-11-21 20:34:17.618 [info] > git cat-file -s f99aa1c8aa403281223ec1132e4b7634f3a6e662 [4ms]
2024-11-21 20:34:17.654 [info] > git show --textconv :participant.php [22ms]
2024-11-21 20:34:37.899 [info] > git ls-files --stage -- /var/www/html/2_team/2_team2/participant.php [23ms]
2024-11-21 20:34:37.911 [info] > git cat-file -s f99aa1c8aa403281223ec1132e4b7634f3a6e662 [5ms]
2024-11-21 20:34:37.941 [info] > git show --textconv :participant.php [18ms]
2024-11-21 20:36:10.757 [info] > git ls-files --stage -- /var/www/html/2_team/2_team2/participant.php [8ms]
2024-11-21 20:36:10.760 [info] > git cat-file -s f99aa1c8aa403281223ec1132e4b7634f3a6e662 [1ms]
2024-11-21 20:36:10.818 [info] > git show --textconv :participant.php [17ms]
2024-11-21 20:38:03.940 [info] > git ls-files --stage -- /var/www/html/2_team/2_team2/participant.php [7ms]
2024-11-21 20:38:03.944 [info] > git cat-file -s f99aa1c8aa403281223ec1132e4b7634f3a6e662 [1ms]
2024-11-21 20:38:04.036 [info] > git show --textconv :participant.php [22ms]
2024-11-21 20:38:29.986 [info] > git show --textconv :participant.php [12ms]
2024-11-21 20:38:29.990 [info] > git ls-files --stage -- /var/www/html/2_team/2_team2/participant.php [8ms]
2024-11-21 20:38:29.994 [info] > git cat-file -s f99aa1c8aa403281223ec1132e4b7634f3a6e662 [2ms]
2024-11-21 20:39:24.134 [info] > git ls-files --stage -- /var/www/html/2_team/2_team2/participant.php [22ms]
2024-11-21 20:39:24.145 [info] > git cat-file -s f99aa1c8aa403281223ec1132e4b7634f3a6e662 [4ms]
2024-11-21 20:39:24.194 [info] > git show --textconv :participant.php [20ms]
2024-11-21 20:39:27.762 [info] > git ls-files --stage -- /var/www/html/2_team/2_team2/participant.php [9ms]
2024-11-21 20:39:27.767 [info] > git cat-file -s f99aa1c8aa403281223ec1132e4b7634f3a6e662 [2ms]
2024-11-21 20:39:27.784 [info] > git show --textconv :participant.php [8ms]
2024-11-21 20:39:29.598 [info] > git ls-files --stage -- /var/www/html/2_team/2_team2/participant.php [7ms]
2024-11-21 20:39:29.602 [info] > git cat-file -s f99aa1c8aa403281223ec1132e4b7634f3a6e662 [1ms]
2024-11-21 20:39:29.618 [info] > git show --textconv :participant.php [7ms]
2024-11-21 20:48:15.233 [info] > git ls-files --stage -- /var/www/html/2_team/2_team2/participant.php [23ms]
2024-11-21 20:48:15.242 [info] > git cat-file -s f99aa1c8aa403281223ec1132e4b7634f3a6e662 [2ms]
2024-11-21 20:48:15.262 [info] > git show --textconv :participant.php [6ms]
2024-11-21 20:56:35.354 [info] > git ls-files --stage -- /var/www/html/2_team/2_team2/participant.php [8ms]
2024-11-21 20:56:35.357 [info] > git cat-file -s 4293d4e03fbf5266ded6f12bd4d2ce57d5cac7df [1ms]
2024-11-21 20:56:35.373 [info] > git show --textconv :participant.php [7ms]
2024-11-21 21:01:15.860 [info] > git ls-files --stage -- /var/www/html/2_team/2_team2/participant.php [23ms]
2024-11-21 21:01:15.869 [info] > git cat-file -s 4293d4e03fbf5266ded6f12bd4d2ce57d5cac7df [2ms]
2024-11-21 21:01:15.931 [info] > git show --textconv :participant.php [15ms]
2024-11-21 21:01:16.994 [info] > git ls-files --stage -- /var/www/html/2_team/2_team2/participant.php [8ms]
2024-11-21 21:01:16.997 [info] > git cat-file -s 4293d4e03fbf5266ded6f12bd4d2ce57d5cac7df [1ms]
2024-11-21 21:01:17.013 [info] > git show --textconv :participant.php [7ms]
2024-11-21 21:01:38.145 [info] > git ls-files --stage -- /var/www/html/2_team/2_team2/participant.php [8ms]
2024-11-21 21:01:38.149 [info] > git cat-file -s 4293d4e03fbf5266ded6f12bd4d2ce57d5cac7df [2ms]
2024-11-21 21:01:38.164 [info] > git show --textconv :participant.php [7ms]
2024-11-21 21:01:41.531 [info] > git ls-files --stage -- /var/www/html/2_team/2_team2/participant.php [23ms]
2024-11-21 21:01:41.542 [info] > git cat-file -s 4293d4e03fbf5266ded6f12bd4d2ce57d5cac7df [4ms]
2024-11-21 21:01:41.568 [info] > git show --textconv :participant.php [14ms]
2024-11-21 21:01:45.637 [info] > git ls-files --stage -- /var/www/html/2_team/2_team2/participant.php [24ms]
2024-11-21 21:01:45.648 [info] > git cat-file -s 4293d4e03fbf5266ded6f12bd4d2ce57d5cac7df [4ms]
2024-11-21 21:01:45.698 [info] > git show --textconv :participant.php [10ms]
2024-11-21 21:02:08.312 [info] > git show --textconv :write_process.php [22ms]
2024-11-21 21:02:08.319 [info] > git ls-files --stage -- /var/www/html/2_team/2_team2/write_process.php [20ms]
2024-11-21 21:02:08.325 [info] > git cat-file -s b50524b0c24257c5f10cbc48e0f017dc7d68c457 [2ms]
2024-11-21 21:02:24.901 [info] > git show --textconv :write.php [8ms]
2024-11-21 21:02:24.904 [info] > git ls-files --stage -- /var/www/html/2_team/2_team2/write.php [7ms]
2024-11-21 21:02:24.907 [info] > git cat-file -s 93d11d1808c9045c42b5ecb6fb725dd38a274765 [1ms]
2024-11-21 21:02:30.953 [info] > git show --textconv :write_process.php [8ms]
2024-11-21 21:02:30.956 [info] > git ls-files --stage -- /var/www/html/2_team/2_team2/write_process.php [7ms]
2024-11-21 21:02:30.960 [info] > git cat-file -s b50524b0c24257c5f10cbc48e0f017dc7d68c457 [2ms]
2024-11-21 21:02:38.730 [info] > git show --textconv :participant.php [13ms]
2024-11-21 21:02:38.732 [info] > git ls-files --stage -- /var/www/html/2_team/2_team2/participant.php [8ms]
2024-11-21 21:02:38.736 [info] > git cat-file -s 4293d4e03fbf5266ded6f12bd4d2ce57d5cac7df [1ms]
2024-11-21 21:06:23.991 [info] > git ls-files --stage -- /var/www/html/2_team/2_team2/participant.php [23ms]
2024-11-21 21:06:24.000 [info] > git cat-file -s 4293d4e03fbf5266ded6f12bd4d2ce57d5cac7df [3ms]
2024-11-21 21:06:24.016 [info] > git show --textconv :participant.php [7ms]
2024-11-21 21:06:33.192 [info] > git show --textconv :index.php [7ms]
2024-11-21 21:06:33.195 [info] > git ls-files --stage -- /var/www/html/2_team/2_team2/index.php [7ms]
2024-11-21 21:06:33.199 [info] > git cat-file -s cb07caedbeebce2eb8eb0cc28e3f557327150e7a [2ms]
2024-11-21 21:06:46.134 [info] > git ls-files --stage -- /var/www/html/2_team/2_team2/index.php [8ms]
2024-11-21 21:06:46.138 [info] > git cat-file -s cb07caedbeebce2eb8eb0cc28e3f557327150e7a [1ms]
2024-11-21 21:06:46.153 [info] > git show --textconv :index.php [7ms]
2024-11-21 21:06:58.343 [info] > git ls-files --stage -- /var/www/html/2_team/2_team2/index.php [7ms]
2024-11-21 21:06:58.346 [info] > git cat-file -s cb07caedbeebce2eb8eb0cc28e3f557327150e7a [1ms]
2024-11-21 21:06:58.363 [info] > git show --textconv :index.php [8ms]
