2024-11-26 18:02:48.778 [info] [main] 로그 수준: Info
2024-11-26 18:02:48.778 [info] [main] "git"에서 찾은 git 유효성을 검사하는 중
2024-11-26 18:02:48.778 [info] [main] "2.34.1"에서 git "git"을(를) 사용하는 중
2024-11-26 18:02:48.778 [info] [Model][doInitialScan] Initial repository scan started
2024-11-26 18:02:48.909 [info] > git rev-parse --show-toplevel [129ms]
2024-11-26 18:02:48.917 [info] > git rev-parse --git-dir --git-common-dir [2ms]
2024-11-26 18:02:48.930 [info] [Model][openRepository] Opened repository: /var/www/html/2_team/2_team2
2024-11-26 18:02:48.947 [info] > git rev-parse --show-toplevel [11ms]
2024-11-26 18:02:48.948 [info] > git config --get commit.template [13ms]
2024-11-26 18:02:48.954 [info] > git rev-parse --show-toplevel [4ms]
2024-11-26 18:02:48.957 [info] > git for-each-ref --format=%(refname)%00%(upstream:short)%00%(objectname)%00%(upstream:track)%00%(upstream:remotename)%00%(upstream:remoteref) refs/heads/jhw refs/remotes/jhw [3ms]
2024-11-26 18:02:48.957 [info] > git rev-parse --show-toplevel [1ms]
2024-11-26 18:02:48.967 [info] > git rev-parse --show-toplevel [6ms]
2024-11-26 18:02:48.973 [info] > git rev-parse --show-toplevel [1ms]
2024-11-26 18:02:48.973 [info] > git for-each-ref --sort -committerdate --format %(refname) %(objectname) %(*objectname) [7ms]
2024-11-26 18:02:48.990 [info] > git rev-parse --show-toplevel [10ms]
2024-11-26 18:02:48.994 [info] > git rev-parse --show-toplevel [1ms]
2024-11-26 18:02:48.998 [info] > git rev-parse --show-toplevel [2ms]
2024-11-26 18:02:49.002 [info] > git rev-parse --show-toplevel [1ms]
2024-11-26 18:02:49.005 [info] > git rev-parse --show-toplevel [1ms]
2024-11-26 18:02:49.008 [info] [Model][doInitialScan] Initial repository scan completed - repositories (1), closed repositories (0), parent repositories (0), unsafe repositories (0)
2024-11-26 18:02:49.044 [info] > git status -z -uall [82ms]
2024-11-26 18:02:49.070 [info] > git for-each-ref --format=%(refname)%00%(upstream:short)%00%(objectname)%00%(upstream:track)%00%(upstream:remotename)%00%(upstream:remoteref) refs/heads/jhw refs/remotes/jhw [5ms]
2024-11-26 18:02:49.073 [info] > git config --get commit.template [4ms]
2024-11-26 18:02:49.076 [info] > git config --local branch.jhw.vscode-merge-base [4ms]
2024-11-26 18:02:49.076 [warning] [Git][config] git config failed: Failed to execute git
2024-11-26 18:02:49.079 [info] > git for-each-ref --format=%(refname)%00%(upstream:short)%00%(objectname)%00%(upstream:track)%00%(upstream:remotename)%00%(upstream:remoteref) refs/heads/jhw refs/remotes/jhw [4ms]
2024-11-26 18:02:49.087 [info] > git for-each-ref --sort -committerdate --format %(refname) %(objectname) %(*objectname) [2ms]
2024-11-26 18:02:49.227 [info] > git status -z -uall [145ms]
2024-11-26 18:02:49.227 [info] > git reflog jhw --grep-reflog=branch: Created from *. [148ms]
2024-11-26 18:02:49.244 [info] > git reflog HEAD --grep-reflog=checkout: moving from .* to jhw [14ms]
2024-11-26 18:02:49.247 [info] > git for-each-ref --format=%(refname)%00%(upstream:short)%00%(objectname)%00%(upstream:track)%00%(upstream:remotename)%00%(upstream:remoteref) refs/heads/jhw refs/remotes/jhw [5ms]
2024-11-26 18:02:49.251 [info] > git for-each-ref --format=%(refname)%00%(upstream:short)%00%(objectname)%00%(upstream:track)%00%(upstream:remotename)%00%(upstream:remoteref) refs/heads/main refs/remotes/main [4ms]
2024-11-26 18:02:49.255 [info] > git config --local branch.jhw.vscode-merge-base [4ms]
2024-11-26 18:02:49.255 [warning] [Git][config] git config failed: Failed to execute git
2024-11-26 18:02:49.258 [info] > git symbolic-ref --short refs/remotes/origin/HEAD [4ms]
2024-11-26 18:02:49.258 [info] fatal: ref refs/remotes/origin/HEAD is not a symbolic ref
2024-11-26 18:02:49.258 [warning] [Repository][getDefaultBranch] Failed to get default branch details: Failed to execute git.
2024-11-26 18:02:49.264 [info] > git reflog jhw --grep-reflog=branch: Created from *. [7ms]
2024-11-26 18:02:49.268 [info] > git merge-base refs/heads/jhw refs/remotes/origin/jhw [7ms]
2024-11-26 18:02:49.272 [info] > git reflog HEAD --grep-reflog=checkout: moving from .* to jhw [6ms]
2024-11-26 18:02:49.275 [info] > git diff --name-status -z --diff-filter=ADMR 9737636c5f94e0bcd809246b99e222d049bc4914...refs/remotes/origin/jhw [4ms]
2024-11-26 18:02:49.276 [info] > git for-each-ref --format=%(refname)%00%(upstream:short)%00%(objectname)%00%(upstream:track)%00%(upstream:remotename)%00%(upstream:remoteref) refs/heads/main refs/remotes/main [2ms]
2024-11-26 18:02:49.279 [info] > git symbolic-ref --short refs/remotes/origin/HEAD [1ms]
2024-11-26 18:02:49.279 [info] fatal: ref refs/remotes/origin/HEAD is not a symbolic ref
2024-11-26 18:02:49.279 [warning] [Repository][getDefaultBranch] Failed to get default branch details: Failed to execute git.
2024-11-26 18:02:49.511 [info] > git check-ignore -v -z --stdin [20ms]
2024-11-26 18:02:49.629 [info] > git ls-files --stage -- /var/www/html/2_team/2_team2/navbar.php [7ms]
2024-11-26 18:02:49.653 [info] > git show --textconv :navbar.php [35ms]
2024-11-26 18:02:49.673 [info] > git cat-file -s a82ac9c1ef03f9b6a122ed71477c3f1ca0c6d7bd [40ms]
2024-11-26 18:04:21.712 [info] > git config --get commit.template [26ms]
2024-11-26 18:04:21.734 [info] > git for-each-ref --format=%(refname)%00%(upstream:short)%00%(objectname)%00%(upstream:track)%00%(upstream:remotename)%00%(upstream:remoteref) refs/heads/jhw refs/remotes/jhw [23ms]
2024-11-26 18:04:21.743 [info] > git for-each-ref --sort -committerdate --format %(refname) %(objectname) %(*objectname) [2ms]
2024-11-26 18:04:21.835 [info] > git status -z -uall [97ms]
2024-11-26 18:05:36.645 [info] > git config --get commit.template [68ms]
2024-11-26 18:05:36.812 [info] > git for-each-ref --format=%(refname)%00%(upstream:short)%00%(objectname)%00%(upstream:track)%00%(upstream:remotename)%00%(upstream:remoteref) refs/heads/jhw refs/remotes/jhw [168ms]
2024-11-26 18:05:37.353 [info] > git for-each-ref --sort -committerdate --format %(refname) %(objectname) %(*objectname) [534ms]
2024-11-26 18:05:46.781 [info] > git status -z -uall [9965ms]
2024-11-26 18:07:36.672 [info] > git config --get commit.template [56ms]
2024-11-26 18:07:36.760 [info] > git for-each-ref --format=%(refname)%00%(upstream:short)%00%(objectname)%00%(upstream:track)%00%(upstream:remotename)%00%(upstream:remoteref) refs/heads/jhw refs/remotes/jhw [122ms]
2024-11-26 18:07:38.079 [info] > git for-each-ref --sort -committerdate --format %(refname) %(objectname) %(*objectname) [1313ms]
2024-11-26 18:07:39.004 [info] > git status -z -uall [2240ms]
2024-11-26 18:09:53.717 [info] > git config --get commit.template [154ms]
2024-11-26 18:09:53.889 [info] > git for-each-ref --format=%(refname)%00%(upstream:short)%00%(objectname)%00%(upstream:track)%00%(upstream:remotename)%00%(upstream:remoteref) refs/heads/jhw refs/remotes/jhw [310ms]
2024-11-26 18:09:55.421 [info] > git for-each-ref --sort -committerdate --format %(refname) %(objectname) %(*objectname) [1513ms]
2024-11-26 18:09:57.572 [info] > git status -z -uall [3679ms]
2024-11-26 18:10:03.571 [info] > git config --get commit.template [695ms]
2024-11-26 18:10:04.156 [info] > git for-each-ref --format=%(refname)%00%(upstream:short)%00%(objectname)%00%(upstream:track)%00%(upstream:remotename)%00%(upstream:remoteref) refs/heads/jhw refs/remotes/jhw [1220ms]
2024-11-26 18:10:05.655 [info] > git for-each-ref --sort -committerdate --format %(refname) %(objectname) %(*objectname) [988ms]
2024-11-26 18:11:09.821 [info] > git ls-files --stage -- /var/www/html/2_team/2_team2/mainpage.php [22961ms]
2024-11-26 18:11:45.239 [info] > git show --textconv :mainpage.php [71605ms]
2024-11-26 18:11:47.945 [info] > git cat-file -s ff381064874d037e7ed492e5fdc73bc9c0dc040b [15404ms]
2024-11-26 18:12:51.518 [info] > git status -z -uall [166864ms]
2024-11-26 18:12:59.960 [info] > git config --get commit.template [1529ms]
2024-11-26 18:13:00.854 [info] > git for-each-ref --format=%(refname)%00%(upstream:short)%00%(objectname)%00%(upstream:track)%00%(upstream:remotename)%00%(upstream:remoteref) refs/heads/jhw refs/remotes/jhw [2301ms]
2024-11-26 18:13:01.344 [info] > git for-each-ref --sort -committerdate --format %(refname) %(objectname) %(*objectname) [485ms]
2024-11-26 18:13:14.902 [info] > git status -z -uall [14046ms]
