2024-11-26 17:43:33.194 [info] [main] 로그 수준: Info
2024-11-26 17:43:33.194 [info] [main] "git"에서 찾은 git 유효성을 검사하는 중
2024-11-26 17:43:33.194 [info] [main] "2.34.1"에서 git "git"을(를) 사용하는 중
2024-11-26 17:43:33.194 [info] [Model][doInitialScan] Initial repository scan started
2024-11-26 17:43:33.194 [info] > git rev-parse --show-toplevel [3ms]
2024-11-26 17:43:33.194 [info] > git rev-parse --git-dir --git-common-dir [2ms]
2024-11-26 17:43:33.194 [info] [Model][openRepository] Opened repository: /var/www/html/2_team/2_team2
2024-11-26 17:43:33.194 [info] > git config --get commit.template [4ms]
2024-11-26 17:43:33.194 [info] > git rev-parse --show-toplevel [2ms]
2024-11-26 17:43:33.194 [info] > git for-each-ref --format=%(refname)%00%(upstream:short)%00%(objectname)%00%(upstream:track)%00%(upstream:remotename)%00%(upstream:remoteref) refs/heads/jhw refs/remotes/jhw [5ms]
2024-11-26 17:43:33.194 [info] > git rev-parse --show-toplevel [2ms]
2024-11-26 17:43:33.194 [info] > git rev-parse --show-toplevel [9ms]
2024-11-26 17:43:33.194 [info] > git for-each-ref --sort -committerdate --format %(refname) %(objectname) %(*objectname) [16ms]
2024-11-26 17:43:33.194 [info] > git rev-parse --show-toplevel [13ms]
2024-11-26 17:43:33.194 [info] > git rev-parse --show-toplevel [2ms]
2024-11-26 17:43:33.194 [info] > git rev-parse --show-toplevel [1ms]
2024-11-26 17:43:33.194 [info] > git rev-parse --show-toplevel [2ms]
2024-11-26 17:43:33.194 [info] > git rev-parse --show-toplevel [1ms]
2024-11-26 17:43:33.194 [info] > git rev-parse --show-toplevel [11ms]
2024-11-26 17:43:33.194 [info] > git rev-parse --show-toplevel [1ms]
2024-11-26 17:43:33.194 [info] [Model][doInitialScan] Initial repository scan completed - repositories (1), closed repositories (0), parent repositories (0), unsafe repositories (0)
2024-11-26 17:43:33.194 [info] > git status -z -uall [100ms]
2024-11-26 17:43:33.194 [info] > git for-each-ref --format=%(refname)%00%(upstream:short)%00%(objectname)%00%(upstream:track)%00%(upstream:remotename)%00%(upstream:remoteref) refs/heads/jhw refs/remotes/jhw [6ms]
2024-11-26 17:43:33.194 [info] > git config --get commit.template [5ms]
2024-11-26 17:43:33.194 [info] > git config --local branch.jhw.vscode-merge-base [2ms]
2024-11-26 17:43:33.194 [warning] [Git][config] git config failed: Failed to execute git
2024-11-26 17:43:33.194 [info] > git reflog jhw --grep-reflog=branch: Created from *. [3ms]
2024-11-26 17:43:33.194 [info] > git for-each-ref --format=%(refname)%00%(upstream:short)%00%(objectname)%00%(upstream:track)%00%(upstream:remotename)%00%(upstream:remoteref) refs/heads/jhw refs/remotes/jhw [4ms]
2024-11-26 17:43:33.194 [info] > git reflog HEAD --grep-reflog=checkout: moving from .* to jhw [11ms]
2024-11-26 17:43:33.194 [info] > git for-each-ref --sort -committerdate --format %(refname) %(objectname) %(*objectname) [12ms]
2024-11-26 17:43:33.194 [info] > git for-each-ref --format=%(refname)%00%(upstream:short)%00%(objectname)%00%(upstream:track)%00%(upstream:remotename)%00%(upstream:remoteref) refs/heads/main refs/remotes/main [1ms]
2024-11-26 17:43:33.194 [info] > git symbolic-ref --short refs/remotes/origin/HEAD [1ms]
2024-11-26 17:43:33.194 [info] fatal: ref refs/remotes/origin/HEAD is not a symbolic ref
2024-11-26 17:43:33.194 [warning] [Repository][getDefaultBranch] Failed to get default branch details: Failed to execute git.
2024-11-26 17:43:33.194 [info] > git merge-base refs/heads/jhw refs/remotes/origin/jhw [2ms]
2024-11-26 17:43:33.194 [info] > git diff --name-status -z --diff-filter=ADMR 9737636c5f94e0bcd809246b99e222d049bc4914...refs/remotes/origin/jhw [2ms]
2024-11-26 17:43:33.194 [info] > git status -z -uall [120ms]
2024-11-26 17:43:33.854 [info] > git check-ignore -v -z --stdin [22ms]
2024-11-26 17:43:34.231 [info] > git show --textconv :promotion_board.php [44ms]
2024-11-26 17:43:34.232 [info] > git ls-files --stage -- /var/www/html/2_team/2_team2/promotion_board.php [41ms]
2024-11-26 17:43:34.236 [info] > git cat-file -s 46e683d855091f59789ce3b0cf10bb45398af23c [2ms]
2024-11-26 17:43:35.274 [info] > git config --get commit.template [4ms]
2024-11-26 17:43:35.275 [info] > git for-each-ref --format=%(refname)%00%(upstream:short)%00%(objectname)%00%(upstream:track)%00%(upstream:remotename)%00%(upstream:remoteref) refs/heads/jhw refs/remotes/jhw [2ms]
2024-11-26 17:43:35.296 [info] > git for-each-ref --sort -committerdate --format %(refname) %(objectname) %(*objectname) [11ms]
2024-11-26 17:43:35.365 [info] > git status -z -uall [86ms]
2024-11-26 17:44:01.999 [info] > git config --get commit.template [3ms]
2024-11-26 17:44:02.000 [info] > git for-each-ref --format=%(refname)%00%(upstream:short)%00%(objectname)%00%(upstream:track)%00%(upstream:remotename)%00%(upstream:remoteref) refs/heads/jhw refs/remotes/jhw [2ms]
2024-11-26 17:44:02.008 [info] > git for-each-ref --sort -committerdate --format %(refname) %(objectname) %(*objectname) [3ms]
2024-11-26 17:44:02.076 [info] > git status -z -uall [73ms]
2024-11-26 17:44:07.101 [info] > git config --get commit.template [2ms]
2024-11-26 17:44:07.102 [info] > git for-each-ref --format=%(refname)%00%(upstream:short)%00%(objectname)%00%(upstream:track)%00%(upstream:remotename)%00%(upstream:remoteref) refs/heads/jhw refs/remotes/jhw [2ms]
2024-11-26 17:44:07.109 [info] > git for-each-ref --sort -committerdate --format %(refname) %(objectname) %(*objectname) [3ms]
2024-11-26 17:44:07.178 [info] > git status -z -uall [74ms]
2024-11-26 17:44:09.476 [info] > git check-ignore -v -z --stdin [13ms]
2024-11-26 17:44:12.194 [info] > git config --get commit.template [3ms]
2024-11-26 17:44:12.196 [info] > git for-each-ref --format=%(refname)%00%(upstream:short)%00%(objectname)%00%(upstream:track)%00%(upstream:remotename)%00%(upstream:remoteref) refs/heads/jhw refs/remotes/jhw [2ms]
2024-11-26 17:44:12.203 [info] > git for-each-ref --sort -committerdate --format %(refname) %(objectname) %(*objectname) [2ms]
2024-11-26 17:44:12.272 [info] > git status -z -uall [74ms]
2024-11-26 17:44:14.537 [info] > git show --textconv :db.php [7ms]
2024-11-26 17:44:14.540 [info] > git ls-files --stage -- /var/www/html/2_team/2_team2/db.php [7ms]
2024-11-26 17:44:14.544 [info] > git cat-file -s 2661495db8c958d585234b0e6968bcaad3c10423 [1ms]
2024-11-26 17:44:17.288 [info] > git config --get commit.template [3ms]
2024-11-26 17:44:17.290 [info] > git for-each-ref --format=%(refname)%00%(upstream:short)%00%(objectname)%00%(upstream:track)%00%(upstream:remotename)%00%(upstream:remoteref) refs/heads/jhw refs/remotes/jhw [1ms]
2024-11-26 17:44:17.297 [info] > git for-each-ref --sort -committerdate --format %(refname) %(objectname) %(*objectname) [3ms]
2024-11-26 17:44:17.368 [info] > git status -z -uall [76ms]
2024-11-26 17:44:22.188 [info] > git ls-files --stage -- /var/www/html/2_team/2_team2/delete_comment.php [7ms]
2024-11-26 17:44:22.204 [info] > git cat-file -s 7b60c883da7800b6917febda7748c9a917f8660d [13ms]
2024-11-26 17:44:22.205 [info] > git show --textconv :delete_comment.php [26ms]
2024-11-26 17:44:22.385 [info] > git config --get commit.template [3ms]
2024-11-26 17:44:22.385 [info] > git for-each-ref --format=%(refname)%00%(upstream:short)%00%(objectname)%00%(upstream:track)%00%(upstream:remotename)%00%(upstream:remoteref) refs/heads/jhw refs/remotes/jhw [1ms]
2024-11-26 17:44:22.393 [info] > git for-each-ref --sort -committerdate --format %(refname) %(objectname) %(*objectname) [2ms]
2024-11-26 17:44:22.463 [info] > git status -z -uall [75ms]
2024-11-26 17:44:27.479 [info] > git config --get commit.template [3ms]
2024-11-26 17:44:27.480 [info] > git for-each-ref --format=%(refname)%00%(upstream:short)%00%(objectname)%00%(upstream:track)%00%(upstream:remotename)%00%(upstream:remoteref) refs/heads/jhw refs/remotes/jhw [2ms]
2024-11-26 17:44:27.492 [info] > git for-each-ref --sort -committerdate --format %(refname) %(objectname) %(*objectname) [5ms]
2024-11-26 17:44:27.556 [info] > git status -z -uall [73ms]
2024-11-26 17:44:32.579 [info] > git config --get commit.template [3ms]
2024-11-26 17:44:32.580 [info] > git for-each-ref --format=%(refname)%00%(upstream:short)%00%(objectname)%00%(upstream:track)%00%(upstream:remotename)%00%(upstream:remoteref) refs/heads/jhw refs/remotes/jhw [1ms]
2024-11-26 17:44:32.588 [info] > git for-each-ref --sort -committerdate --format %(refname) %(objectname) %(*objectname) [2ms]
2024-11-26 17:44:32.667 [info] > git status -z -uall [84ms]
2024-11-26 17:45:44.080 [info] > git show --textconv :navbar.php [7ms]
2024-11-26 17:45:44.082 [info] > git ls-files --stage -- /var/www/html/2_team/2_team2/navbar.php [7ms]
2024-11-26 17:45:44.087 [info] > git cat-file -s a82ac9c1ef03f9b6a122ed71477c3f1ca0c6d7bd [2ms]
2024-11-26 17:45:47.962 [info] > git config --get commit.template [3ms]
2024-11-26 17:45:47.963 [info] > git for-each-ref --format=%(refname)%00%(upstream:short)%00%(objectname)%00%(upstream:track)%00%(upstream:remotename)%00%(upstream:remoteref) refs/heads/jhw refs/remotes/jhw [1ms]
2024-11-26 17:45:47.971 [info] > git for-each-ref --sort -committerdate --format %(refname) %(objectname) %(*objectname) [2ms]
2024-11-26 17:45:48.040 [info] > git status -z -uall [74ms]
2024-11-26 17:45:53.058 [info] > git config --get commit.template [3ms]
2024-11-26 17:45:53.060 [info] > git for-each-ref --format=%(refname)%00%(upstream:short)%00%(objectname)%00%(upstream:track)%00%(upstream:remotename)%00%(upstream:remoteref) refs/heads/jhw refs/remotes/jhw [1ms]
2024-11-26 17:45:53.067 [info] > git for-each-ref --sort -committerdate --format %(refname) %(objectname) %(*objectname) [2ms]
2024-11-26 17:45:53.135 [info] > git status -z -uall [73ms]
2024-11-26 17:45:58.150 [info] > git config --get commit.template [3ms]
2024-11-26 17:45:58.151 [info] > git for-each-ref --format=%(refname)%00%(upstream:short)%00%(objectname)%00%(upstream:track)%00%(upstream:remotename)%00%(upstream:remoteref) refs/heads/jhw refs/remotes/jhw [2ms]
2024-11-26 17:45:58.158 [info] > git for-each-ref --sort -committerdate --format %(refname) %(objectname) %(*objectname) [2ms]
2024-11-26 17:45:58.226 [info] > git status -z -uall [72ms]
2024-11-26 17:46:03.240 [info] > git config --get commit.template [3ms]
2024-11-26 17:46:03.241 [info] > git for-each-ref --format=%(refname)%00%(upstream:short)%00%(objectname)%00%(upstream:track)%00%(upstream:remotename)%00%(upstream:remoteref) refs/heads/jhw refs/remotes/jhw [1ms]
2024-11-26 17:46:03.249 [info] > git for-each-ref --sort -committerdate --format %(refname) %(objectname) %(*objectname) [3ms]
2024-11-26 17:46:03.319 [info] > git status -z -uall [75ms]
2024-11-26 17:46:08.338 [info] > git config --get commit.template [3ms]
2024-11-26 17:46:08.340 [info] > git for-each-ref --format=%(refname)%00%(upstream:short)%00%(objectname)%00%(upstream:track)%00%(upstream:remotename)%00%(upstream:remoteref) refs/heads/jhw refs/remotes/jhw [2ms]
2024-11-26 17:46:08.348 [info] > git for-each-ref --sort -committerdate --format %(refname) %(objectname) %(*objectname) [2ms]
2024-11-26 17:46:08.416 [info] > git status -z -uall [72ms]
2024-11-26 17:46:13.430 [info] > git config --get commit.template [3ms]
2024-11-26 17:46:13.431 [info] > git for-each-ref --format=%(refname)%00%(upstream:short)%00%(objectname)%00%(upstream:track)%00%(upstream:remotename)%00%(upstream:remoteref) refs/heads/jhw refs/remotes/jhw [2ms]
2024-11-26 17:46:13.438 [info] > git for-each-ref --sort -committerdate --format %(refname) %(objectname) %(*objectname) [2ms]
2024-11-26 17:46:13.524 [info] > git status -z -uall [90ms]
2024-11-26 17:46:18.538 [info] > git config --get commit.template [3ms]
2024-11-26 17:46:18.539 [info] > git for-each-ref --format=%(refname)%00%(upstream:short)%00%(objectname)%00%(upstream:track)%00%(upstream:remotename)%00%(upstream:remoteref) refs/heads/jhw refs/remotes/jhw [2ms]
2024-11-26 17:46:18.548 [info] > git for-each-ref --sort -committerdate --format %(refname) %(objectname) %(*objectname) [2ms]
2024-11-26 17:46:18.618 [info] > git status -z -uall [76ms]
2024-11-26 17:46:23.631 [info] > git config --get commit.template [3ms]
2024-11-26 17:46:23.632 [info] > git for-each-ref --format=%(refname)%00%(upstream:short)%00%(objectname)%00%(upstream:track)%00%(upstream:remotename)%00%(upstream:remoteref) refs/heads/jhw refs/remotes/jhw [2ms]
2024-11-26 17:46:23.639 [info] > git for-each-ref --sort -committerdate --format %(refname) %(objectname) %(*objectname) [2ms]
2024-11-26 17:46:23.710 [info] > git status -z -uall [76ms]
2024-11-26 17:46:28.723 [info] > git config --get commit.template [3ms]
2024-11-26 17:46:28.724 [info] > git for-each-ref --format=%(refname)%00%(upstream:short)%00%(objectname)%00%(upstream:track)%00%(upstream:remotename)%00%(upstream:remoteref) refs/heads/jhw refs/remotes/jhw [2ms]
2024-11-26 17:46:28.731 [info] > git for-each-ref --sort -committerdate --format %(refname) %(objectname) %(*objectname) [2ms]
2024-11-26 17:46:28.800 [info] > git status -z -uall [74ms]
2024-11-26 17:46:33.817 [info] > git config --get commit.template [4ms]
2024-11-26 17:46:33.817 [info] > git for-each-ref --format=%(refname)%00%(upstream:short)%00%(objectname)%00%(upstream:track)%00%(upstream:remotename)%00%(upstream:remoteref) refs/heads/jhw refs/remotes/jhw [1ms]
2024-11-26 17:46:33.831 [info] > git for-each-ref --sort -committerdate --format %(refname) %(objectname) %(*objectname) [5ms]
2024-11-26 17:46:33.893 [info] > git status -z -uall [72ms]
2024-11-26 17:46:38.915 [info] > git config --get commit.template [2ms]
2024-11-26 17:46:38.916 [info] > git for-each-ref --format=%(refname)%00%(upstream:short)%00%(objectname)%00%(upstream:track)%00%(upstream:remotename)%00%(upstream:remoteref) refs/heads/jhw refs/remotes/jhw [2ms]
2024-11-26 17:46:38.923 [info] > git for-each-ref --sort -committerdate --format %(refname) %(objectname) %(*objectname) [2ms]
2024-11-26 17:46:38.990 [info] > git status -z -uall [72ms]
2024-11-26 17:46:44.005 [info] > git config --get commit.template [3ms]
2024-11-26 17:46:44.006 [info] > git for-each-ref --format=%(refname)%00%(upstream:short)%00%(objectname)%00%(upstream:track)%00%(upstream:remotename)%00%(upstream:remoteref) refs/heads/jhw refs/remotes/jhw [1ms]
2024-11-26 17:46:44.014 [info] > git for-each-ref --sort -committerdate --format %(refname) %(objectname) %(*objectname) [2ms]
2024-11-26 17:46:44.080 [info] > git status -z -uall [71ms]
2024-11-26 17:46:49.093 [info] > git config --get commit.template [3ms]
2024-11-26 17:46:49.094 [info] > git for-each-ref --format=%(refname)%00%(upstream:short)%00%(objectname)%00%(upstream:track)%00%(upstream:remotename)%00%(upstream:remoteref) refs/heads/jhw refs/remotes/jhw [1ms]
2024-11-26 17:46:49.102 [info] > git for-each-ref --sort -committerdate --format %(refname) %(objectname) %(*objectname) [2ms]
2024-11-26 17:46:49.169 [info] > git status -z -uall [72ms]
2024-11-26 17:46:54.192 [info] > git config --get commit.template [4ms]
2024-11-26 17:46:54.193 [info] > git for-each-ref --format=%(refname)%00%(upstream:short)%00%(objectname)%00%(upstream:track)%00%(upstream:remotename)%00%(upstream:remoteref) refs/heads/jhw refs/remotes/jhw [2ms]
2024-11-26 17:46:54.202 [info] > git for-each-ref --sort -committerdate --format %(refname) %(objectname) %(*objectname) [2ms]
2024-11-26 17:46:54.267 [info] > git status -z -uall [71ms]
2024-11-26 17:46:59.281 [info] > git config --get commit.template [2ms]
2024-11-26 17:46:59.283 [info] > git for-each-ref --format=%(refname)%00%(upstream:short)%00%(objectname)%00%(upstream:track)%00%(upstream:remotename)%00%(upstream:remoteref) refs/heads/jhw refs/remotes/jhw [2ms]
2024-11-26 17:46:59.290 [info] > git for-each-ref --sort -committerdate --format %(refname) %(objectname) %(*objectname) [2ms]
2024-11-26 17:46:59.358 [info] > git status -z -uall [73ms]
2024-11-26 17:47:04.371 [info] > git config --get commit.template [3ms]
2024-11-26 17:47:04.372 [info] > git for-each-ref --format=%(refname)%00%(upstream:short)%00%(objectname)%00%(upstream:track)%00%(upstream:remotename)%00%(upstream:remoteref) refs/heads/jhw refs/remotes/jhw [1ms]
2024-11-26 17:47:04.381 [info] > git for-each-ref --sort -committerdate --format %(refname) %(objectname) %(*objectname) [2ms]
2024-11-26 17:47:04.455 [info] > git status -z -uall [80ms]
2024-11-26 17:47:09.468 [info] > git config --get commit.template [3ms]
2024-11-26 17:47:09.469 [info] > git for-each-ref --format=%(refname)%00%(upstream:short)%00%(objectname)%00%(upstream:track)%00%(upstream:remotename)%00%(upstream:remoteref) refs/heads/jhw refs/remotes/jhw [2ms]
2024-11-26 17:47:09.476 [info] > git for-each-ref --sort -committerdate --format %(refname) %(objectname) %(*objectname) [2ms]
2024-11-26 17:47:09.548 [info] > git status -z -uall [75ms]
2024-11-26 17:47:14.562 [info] > git config --get commit.template [3ms]
2024-11-26 17:47:14.563 [info] > git for-each-ref --format=%(refname)%00%(upstream:short)%00%(objectname)%00%(upstream:track)%00%(upstream:remotename)%00%(upstream:remoteref) refs/heads/jhw refs/remotes/jhw [1ms]
2024-11-26 17:47:14.571 [info] > git for-each-ref --sort -committerdate --format %(refname) %(objectname) %(*objectname) [2ms]
2024-11-26 17:47:14.638 [info] > git status -z -uall [72ms]
2024-11-26 17:47:19.661 [info] > git config --get commit.template [3ms]
2024-11-26 17:47:19.662 [info] > git for-each-ref --format=%(refname)%00%(upstream:short)%00%(objectname)%00%(upstream:track)%00%(upstream:remotename)%00%(upstream:remoteref) refs/heads/jhw refs/remotes/jhw [1ms]
2024-11-26 17:47:19.670 [info] > git for-each-ref --sort -committerdate --format %(refname) %(objectname) %(*objectname) [2ms]
2024-11-26 17:47:19.738 [info] > git status -z -uall [73ms]
2024-11-26 17:47:24.753 [info] > git config --get commit.template [2ms]
2024-11-26 17:47:24.754 [info] > git for-each-ref --format=%(refname)%00%(upstream:short)%00%(objectname)%00%(upstream:track)%00%(upstream:remotename)%00%(upstream:remoteref) refs/heads/jhw refs/remotes/jhw [2ms]
2024-11-26 17:47:24.761 [info] > git for-each-ref --sort -committerdate --format %(refname) %(objectname) %(*objectname) [2ms]
2024-11-26 17:47:24.842 [info] > git status -z -uall [86ms]
2024-11-26 17:47:29.857 [info] > git config --get commit.template [3ms]
2024-11-26 17:47:29.858 [info] > git for-each-ref --format=%(refname)%00%(upstream:short)%00%(objectname)%00%(upstream:track)%00%(upstream:remotename)%00%(upstream:remoteref) refs/heads/jhw refs/remotes/jhw [2ms]
2024-11-26 17:47:29.866 [info] > git for-each-ref --sort -committerdate --format %(refname) %(objectname) %(*objectname) [3ms]
2024-11-26 17:47:29.935 [info] > git status -z -uall [73ms]
2024-11-26 17:47:34.948 [info] > git config --get commit.template [3ms]
2024-11-26 17:47:34.949 [info] > git for-each-ref --format=%(refname)%00%(upstream:short)%00%(objectname)%00%(upstream:track)%00%(upstream:remotename)%00%(upstream:remoteref) refs/heads/jhw refs/remotes/jhw [2ms]
2024-11-26 17:47:34.956 [info] > git for-each-ref --sort -committerdate --format %(refname) %(objectname) %(*objectname) [2ms]
2024-11-26 17:47:35.038 [info] > git status -z -uall [86ms]
2024-11-26 17:47:40.051 [info] > git config --get commit.template [2ms]
2024-11-26 17:47:40.053 [info] > git for-each-ref --format=%(refname)%00%(upstream:short)%00%(objectname)%00%(upstream:track)%00%(upstream:remotename)%00%(upstream:remoteref) refs/heads/jhw refs/remotes/jhw [2ms]
2024-11-26 17:47:40.060 [info] > git for-each-ref --sort -committerdate --format %(refname) %(objectname) %(*objectname) [2ms]
2024-11-26 17:47:40.128 [info] > git status -z -uall [73ms]
2024-11-26 17:47:45.142 [info] > git config --get commit.template [3ms]
2024-11-26 17:47:45.143 [info] > git for-each-ref --format=%(refname)%00%(upstream:short)%00%(objectname)%00%(upstream:track)%00%(upstream:remotename)%00%(upstream:remoteref) refs/heads/jhw refs/remotes/jhw [2ms]
2024-11-26 17:47:45.150 [info] > git for-each-ref --sort -committerdate --format %(refname) %(objectname) %(*objectname) [2ms]
2024-11-26 17:47:45.233 [info] > git status -z -uall [87ms]
2024-11-26 17:47:50.246 [info] > git config --get commit.template [2ms]
2024-11-26 17:47:50.247 [info] > git for-each-ref --format=%(refname)%00%(upstream:short)%00%(objectname)%00%(upstream:track)%00%(upstream:remotename)%00%(upstream:remoteref) refs/heads/jhw refs/remotes/jhw [2ms]
2024-11-26 17:47:50.254 [info] > git for-each-ref --sort -committerdate --format %(refname) %(objectname) %(*objectname) [2ms]
2024-11-26 17:47:50.323 [info] > git status -z -uall [74ms]
2024-11-26 17:47:55.345 [info] > git config --get commit.template [4ms]
2024-11-26 17:47:55.346 [info] > git for-each-ref --format=%(refname)%00%(upstream:short)%00%(objectname)%00%(upstream:track)%00%(upstream:remotename)%00%(upstream:remoteref) refs/heads/jhw refs/remotes/jhw [2ms]
2024-11-26 17:47:55.353 [info] > git for-each-ref --sort -committerdate --format %(refname) %(objectname) %(*objectname) [2ms]
2024-11-26 17:47:55.448 [info] > git status -z -uall [100ms]
2024-11-26 17:48:00.462 [info] > git config --get commit.template [3ms]
2024-11-26 17:48:00.463 [info] > git for-each-ref --format=%(refname)%00%(upstream:short)%00%(objectname)%00%(upstream:track)%00%(upstream:remotename)%00%(upstream:remoteref) refs/heads/jhw refs/remotes/jhw [1ms]
2024-11-26 17:48:00.471 [info] > git for-each-ref --sort -committerdate --format %(refname) %(objectname) %(*objectname) [3ms]
2024-11-26 17:48:00.538 [info] > git status -z -uall [72ms]
2024-11-26 17:48:05.552 [info] > git config --get commit.template [3ms]
2024-11-26 17:48:05.554 [info] > git for-each-ref --format=%(refname)%00%(upstream:short)%00%(objectname)%00%(upstream:track)%00%(upstream:remotename)%00%(upstream:remoteref) refs/heads/jhw refs/remotes/jhw [2ms]
2024-11-26 17:48:05.562 [info] > git for-each-ref --sort -committerdate --format %(refname) %(objectname) %(*objectname) [3ms]
2024-11-26 17:48:05.630 [info] > git status -z -uall [73ms]
2024-11-26 17:48:10.643 [info] > git config --get commit.template [3ms]
2024-11-26 17:48:10.644 [info] > git for-each-ref --format=%(refname)%00%(upstream:short)%00%(objectname)%00%(upstream:track)%00%(upstream:remotename)%00%(upstream:remoteref) refs/heads/jhw refs/remotes/jhw [1ms]
2024-11-26 17:48:10.652 [info] > git for-each-ref --sort -committerdate --format %(refname) %(objectname) %(*objectname) [2ms]
2024-11-26 17:48:10.733 [info] > git status -z -uall [86ms]
2024-11-26 17:48:15.749 [info] > git config --get commit.template [4ms]
2024-11-26 17:48:15.750 [info] > git for-each-ref --format=%(refname)%00%(upstream:short)%00%(objectname)%00%(upstream:track)%00%(upstream:remotename)%00%(upstream:remoteref) refs/heads/jhw refs/remotes/jhw [2ms]
2024-11-26 17:48:15.759 [info] > git for-each-ref --sort -committerdate --format %(refname) %(objectname) %(*objectname) [2ms]
2024-11-26 17:48:15.826 [info] > git status -z -uall [73ms]
2024-11-26 17:53:53.947 [info] > git config --get commit.template [100ms]
2024-11-26 17:53:54.083 [info] > git for-each-ref --format=%(refname)%00%(upstream:short)%00%(objectname)%00%(upstream:track)%00%(upstream:remotename)%00%(upstream:remoteref) refs/heads/jhw refs/remotes/jhw [233ms]
2024-11-26 17:53:54.234 [info] > git for-each-ref --sort -committerdate --format %(refname) %(objectname) %(*objectname) [145ms]
2024-11-26 17:53:55.920 [info] > git status -z -uall [1833ms]
2024-11-26 17:54:00.992 [info] > git config --get commit.template [3ms]
2024-11-26 17:54:00.993 [info] > git for-each-ref --format=%(refname)%00%(upstream:short)%00%(objectname)%00%(upstream:track)%00%(upstream:remotename)%00%(upstream:remoteref) refs/heads/jhw refs/remotes/jhw [1ms]
2024-11-26 17:54:01.002 [info] > git for-each-ref --sort -committerdate --format %(refname) %(objectname) %(*objectname) [2ms]
2024-11-26 17:54:01.077 [info] > git status -z -uall [80ms]
2024-11-26 17:54:02.857 [info] > git check-ignore -v -z --stdin [10ms]
2024-11-26 17:54:04.806 [info] > git check-ignore -v -z --stdin [92ms]
2024-11-26 17:54:09.233 [info] > git check-ignore -v -z --stdin [6ms]
2024-11-26 17:54:14.972 [info] > git ls-files --stage -- /var/www/html/2_team/2_team2/navbar.php [7ms]
2024-11-26 17:54:15.013 [info] > git cat-file -s a82ac9c1ef03f9b6a122ed71477c3f1ca0c6d7bd [38ms]
2024-11-26 17:54:15.018 [info] > git show --textconv :navbar.php [55ms]
2024-11-26 17:57:43.136 [info] > git show --textconv :navbar.php [7ms]
2024-11-26 17:57:43.138 [info] > git ls-files --stage -- /var/www/html/2_team/2_team2/navbar.php [7ms]
2024-11-26 17:57:43.142 [info] > git cat-file -s a82ac9c1ef03f9b6a122ed71477c3f1ca0c6d7bd [1ms]
2024-11-26 17:58:49.931 [info] > git show --textconv :navbar.php [7ms]
2024-11-26 17:58:49.934 [info] > git ls-files --stage -- /var/www/html/2_team/2_team2/navbar.php [7ms]
2024-11-26 17:58:49.938 [info] > git cat-file -s a82ac9c1ef03f9b6a122ed71477c3f1ca0c6d7bd [2ms]
2024-11-26 17:59:17.465 [info] > git show --textconv :navbar.php [7ms]
2024-11-26 17:59:17.468 [info] > git ls-files --stage -- /var/www/html/2_team/2_team2/navbar.php [7ms]
2024-11-26 17:59:17.472 [info] > git cat-file -s a82ac9c1ef03f9b6a122ed71477c3f1ca0c6d7bd [1ms]
2024-11-26 18:02:33.889 [info] > git check-ignore -v -z --stdin [400ms]
2024-11-26 18:04:12.703 [info] > git config --get commit.template [34ms]
2024-11-26 18:04:12.899 [info] > git for-each-ref --format=%(refname)%00%(upstream:short)%00%(objectname)%00%(upstream:track)%00%(upstream:remotename)%00%(upstream:remoteref) refs/heads/jhw refs/remotes/jhw [230ms]
2024-11-26 18:04:13.045 [info] > git for-each-ref --sort -committerdate --format %(refname) %(objectname) %(*objectname) [140ms]
2024-11-26 18:04:15.060 [info] > git check-ignore -v -z --stdin [96ms]
2024-11-26 18:04:16.130 [info] > git status -z -uall [3228ms]
2024-11-26 18:04:21.425 [info] > git config --get commit.template [41ms]
2024-11-26 18:04:21.563 [info] > git for-each-ref --format=%(refname)%00%(upstream:short)%00%(objectname)%00%(upstream:track)%00%(upstream:remotename)%00%(upstream:remoteref) refs/heads/jhw refs/remotes/jhw [141ms]
2024-11-26 18:04:21.608 [info] > git for-each-ref --sort -committerdate --format %(refname) %(objectname) %(*objectname) [40ms]
2024-11-26 18:04:21.659 [info] > git status -z -uall [93ms]
2024-11-26 18:04:21.930 [info] > git ls-files --stage -- /var/www/html/2_team/2_team2/navbar.php [23ms]
2024-11-26 18:04:21.951 [info] > git cat-file -s a82ac9c1ef03f9b6a122ed71477c3f1ca0c6d7bd [18ms]
2024-11-26 18:04:21.952 [info] > git show --textconv :navbar.php [47ms]
2024-11-26 18:07:55.863 [info] > git config --get commit.template [42ms]
2024-11-26 18:07:55.944 [info] > git for-each-ref --format=%(refname)%00%(upstream:short)%00%(objectname)%00%(upstream:track)%00%(upstream:remotename)%00%(upstream:remoteref) refs/heads/jhw refs/remotes/jhw [120ms]
2024-11-26 18:07:55.965 [info] > git for-each-ref --sort -committerdate --format %(refname) %(objectname) %(*objectname) [15ms]
2024-11-26 18:07:57.688 [info] > git status -z -uall [1741ms]
2024-11-26 18:08:02.898 [info] > git config --get commit.template [149ms]
2024-11-26 18:08:02.984 [info] > git for-each-ref --format=%(refname)%00%(upstream:short)%00%(objectname)%00%(upstream:track)%00%(upstream:remotename)%00%(upstream:remoteref) refs/heads/jhw refs/remotes/jhw [180ms]
2024-11-26 18:08:03.048 [info] > git for-each-ref --sort -committerdate --format %(refname) %(objectname) %(*objectname) [59ms]
2024-11-26 18:08:04.925 [info] > git status -z -uall [1938ms]
2024-11-26 18:08:09.941 [info] > git config --get commit.template [2ms]
2024-11-26 18:08:09.967 [info] > git for-each-ref --format=%(refname)%00%(upstream:short)%00%(objectname)%00%(upstream:track)%00%(upstream:remotename)%00%(upstream:remoteref) refs/heads/jhw refs/remotes/jhw [26ms]
2024-11-26 18:08:10.007 [info] > git for-each-ref --sort -committerdate --format %(refname) %(objectname) %(*objectname) [34ms]
2024-11-26 18:08:10.063 [info] > git status -z -uall [93ms]
2024-11-26 18:08:11.249 [info] > git ls-files --stage -- /var/www/html/2_team/2_team2/navbar.php [8ms]
2024-11-26 18:08:11.258 [info] > git cat-file -s a82ac9c1ef03f9b6a122ed71477c3f1ca0c6d7bd [6ms]
2024-11-26 18:08:11.271 [info] > git show --textconv :navbar.php [33ms]
2024-11-26 18:09:21.295 [info] > git check-ignore -v -z --stdin [285ms]
2024-11-26 18:09:33.454 [info] > git check-ignore -v -z --stdin [426ms]
2024-11-26 18:11:54.382 [info] > git config --get commit.template [4723ms]
2024-11-26 18:11:59.360 [info] > git for-each-ref --format=%(refname)%00%(upstream:short)%00%(objectname)%00%(upstream:track)%00%(upstream:remotename)%00%(upstream:remoteref) refs/heads/jhw refs/remotes/jhw [9698ms]
2024-11-26 18:12:09.049 [info] > git for-each-ref --sort -committerdate --format %(refname) %(objectname) %(*objectname) [9684ms]
2024-11-26 18:12:25.124 [info] > git ls-files --stage -- /var/www/html/2_team/2_team2/navbar.php [2912ms]
2024-11-26 18:12:25.804 [info] > git show --textconv :navbar.php [3836ms]
2024-11-26 18:12:26.129 [info] > git cat-file -s a82ac9c1ef03f9b6a122ed71477c3f1ca0c6d7bd [326ms]
2024-11-26 18:13:03.393 [info] > git status -z -uall [64030ms]
2024-11-26 18:13:11.864 [info] > git config --get commit.template [250ms]
2024-11-26 18:13:12.560 [info] > git for-each-ref --format=%(refname)%00%(upstream:short)%00%(objectname)%00%(upstream:track)%00%(upstream:remotename)%00%(upstream:remoteref) refs/heads/jhw refs/remotes/jhw [816ms]
2024-11-26 18:13:13.046 [info] > git for-each-ref --sort -committerdate --format %(refname) %(objectname) %(*objectname) [478ms]
2024-11-26 18:13:34.642 [info] > git status -z -uall [22079ms]
2024-11-26 18:13:41.143 [info] > git config --get commit.template [1321ms]
2024-11-26 18:13:41.696 [info] > git for-each-ref --format=%(refname)%00%(upstream:short)%00%(objectname)%00%(upstream:track)%00%(upstream:remotename)%00%(upstream:remoteref) refs/heads/jhw refs/remotes/jhw [1793ms]
2024-11-26 18:13:41.982 [info] > git for-each-ref --sort -committerdate --format %(refname) %(objectname) %(*objectname) [184ms]
2024-11-26 18:13:46.420 [info] > git status -z -uall [4625ms]
2024-11-26 18:13:52.413 [info] > git config --get commit.template [457ms]
2024-11-26 18:13:52.496 [info] > git for-each-ref --format=%(refname)%00%(upstream:short)%00%(objectname)%00%(upstream:track)%00%(upstream:remotename)%00%(upstream:remoteref) refs/heads/jhw refs/remotes/jhw [571ms]
2024-11-26 18:13:53.103 [info] > git for-each-ref --sort -committerdate --format %(refname) %(objectname) %(*objectname) [602ms]
2024-11-26 18:13:55.088 [info] > git status -z -uall [2590ms]
2024-11-26 18:14:01.236 [info] > git config --get commit.template [409ms]
2024-11-26 18:14:02.623 [info] > git for-each-ref --format=%(refname)%00%(upstream:short)%00%(objectname)%00%(upstream:track)%00%(upstream:remotename)%00%(upstream:remoteref) refs/heads/jhw refs/remotes/jhw [1635ms]
2024-11-26 18:14:03.020 [info] > git for-each-ref --sort -committerdate --format %(refname) %(objectname) %(*objectname) [214ms]
2024-11-26 18:14:17.077 [info] > git status -z -uall [14229ms]
2024-11-26 18:16:20.612 [info] > git config --get commit.template [549ms]
2024-11-26 18:16:20.867 [info] > git for-each-ref --format=%(refname)%00%(upstream:short)%00%(objectname)%00%(upstream:track)%00%(upstream:remotename)%00%(upstream:remoteref) refs/heads/jhw refs/remotes/jhw [720ms]
2024-11-26 18:16:22.532 [info] > git for-each-ref --sort -committerdate --format %(refname) %(objectname) %(*objectname) [1660ms]
2024-11-26 18:16:29.512 [info] > git status -z -uall [8600ms]
2024-11-26 18:16:35.803 [info] > git config --get commit.template [329ms]
2024-11-26 18:16:35.992 [info] > git for-each-ref --format=%(refname)%00%(upstream:short)%00%(objectname)%00%(upstream:track)%00%(upstream:remotename)%00%(upstream:remoteref) refs/heads/jhw refs/remotes/jhw [502ms]
2024-11-26 18:16:36.221 [info] > git for-each-ref --sort -committerdate --format %(refname) %(objectname) %(*objectname) [224ms]
2024-11-26 18:17:21.630 [info] > git ls-files --stage -- /var/www/html/2_team/2_team2/Donate.php [13841ms]
2024-11-26 18:17:34.539 [info] > git show --textconv :Donate.php [26728ms]
2024-11-26 18:17:34.920 [info] > git status -z -uall [58925ms]
2024-11-26 18:17:41.946 [info] > git cat-file -s 3ebb1736c0d0b01cc86dabd4b8fe4adae8858ee9 [15131ms]
2024-11-26 18:18:04.388 [info] > git config --get commit.template [6702ms]
2024-11-26 18:18:11.291 [info] > git for-each-ref --format=%(refname)%00%(upstream:short)%00%(objectname)%00%(upstream:track)%00%(upstream:remotename)%00%(upstream:remoteref) refs/heads/jhw refs/remotes/jhw [6018ms]
2024-11-26 18:18:25.308 [info] > git for-each-ref --sort -committerdate --format %(refname) %(objectname) %(*objectname) [11639ms]
2024-11-26 18:18:45.956 [info] > git status -z -uall [32379ms]
2024-11-26 18:18:52.281 [info] > git config --get commit.template [477ms]
2024-11-26 18:18:52.786 [info] > git for-each-ref --format=%(refname)%00%(upstream:short)%00%(objectname)%00%(upstream:track)%00%(upstream:remotename)%00%(upstream:remoteref) refs/heads/jhw refs/remotes/jhw [910ms]
2024-11-26 18:18:52.921 [info] > git for-each-ref --sort -committerdate --format %(refname) %(objectname) %(*objectname) [130ms]
2024-11-26 18:19:10.915 [info] > git status -z -uall [18101ms]
2024-11-26 18:19:22.285 [info] > git config --get commit.template [222ms]
2024-11-26 18:19:22.486 [info] > git for-each-ref --format=%(refname)%00%(upstream:short)%00%(objectname)%00%(upstream:track)%00%(upstream:remotename)%00%(upstream:remoteref) refs/heads/jhw refs/remotes/jhw [417ms]
2024-11-26 18:19:22.588 [info] > git for-each-ref --sort -committerdate --format %(refname) %(objectname) %(*objectname) [96ms]
2024-11-26 18:19:24.801 [info] > git check-ignore -v -z --stdin [1377ms]
2024-11-26 18:19:25.426 [info] > git ls-files --stage -- /var/www/html/2_team/2_team2/Donate.php [11ms]
2024-11-26 18:19:25.492 [info] > git cat-file -s 3ebb1736c0d0b01cc86dabd4b8fe4adae8858ee9 [63ms]
2024-11-26 18:19:25.493 [info] > git show --textconv :Donate.php [83ms]
2024-11-26 18:19:29.327 [info] > git status -z -uall [6838ms]
2024-11-26 18:19:35.002 [info] > git config --get commit.template [255ms]
2024-11-26 18:19:35.191 [info] > git for-each-ref --format=%(refname)%00%(upstream:short)%00%(objectname)%00%(upstream:track)%00%(upstream:remotename)%00%(upstream:remoteref) refs/heads/jhw refs/remotes/jhw [423ms]
2024-11-26 18:19:36.960 [info] > git for-each-ref --sort -committerdate --format %(refname) %(objectname) %(*objectname) [1698ms]
2024-11-26 18:19:39.245 [info] > git status -z -uall [3985ms]
2024-11-26 18:19:46.032 [info] > git config --get commit.template [755ms]
2024-11-26 18:19:48.430 [info] > git for-each-ref --format=%(refname)%00%(upstream:short)%00%(objectname)%00%(upstream:track)%00%(upstream:remotename)%00%(upstream:remoteref) refs/heads/jhw refs/remotes/jhw [3291ms]
2024-11-26 18:19:48.877 [info] > git for-each-ref --sort -committerdate --format %(refname) %(objectname) %(*objectname) [345ms]
2024-11-26 18:20:07.241 [info] > git status -z -uall [18695ms]
2024-11-26 18:26:55.201 [info] > git config --get commit.template [6894ms]
2024-11-26 18:27:03.461 [info] > git for-each-ref --format=%(refname)%00%(upstream:short)%00%(objectname)%00%(upstream:track)%00%(upstream:remotename)%00%(upstream:remoteref) refs/heads/jhw refs/remotes/jhw [13540ms]
2024-11-26 18:27:13.398 [info] > git for-each-ref --sort -committerdate --format %(refname) %(objectname) %(*objectname) [6376ms]
2024-11-26 18:27:22.973 [info] > git status -z -uall [16153ms]
2024-11-26 18:27:28.249 [info] > git config --get commit.template [5ms]
2024-11-26 18:27:28.252 [info] > git for-each-ref --format=%(refname)%00%(upstream:short)%00%(objectname)%00%(upstream:track)%00%(upstream:remotename)%00%(upstream:remoteref) refs/heads/jhw refs/remotes/jhw [3ms]
2024-11-26 18:27:28.263 [info] > git for-each-ref --sort -committerdate --format %(refname) %(objectname) %(*objectname) [2ms]
2024-11-26 18:27:28.331 [info] > git status -z -uall [74ms]
