2024-11-26 17:05:22.951 [info] [main] Log level: Info
2024-11-26 17:05:22.951 [info] [main] Validating found git in: "git"
2024-11-26 17:05:22.951 [info] [main] Using git "2.34.1" from "git"
2024-11-26 17:05:22.951 [info] [Model][doInitialScan] Initial repository scan started
2024-11-26 17:05:22.951 [info] > git rev-parse --show-toplevel [3ms]
2024-11-26 17:05:22.951 [info] > git rev-parse --git-dir --git-common-dir [1ms]
2024-11-26 17:05:22.951 [info] [Model][openRepository] Opened repository: /var/www/html/2_team/2_team2
2024-11-26 17:05:22.951 [info] > git config --get commit.template [3ms]
2024-11-26 17:05:22.951 [info] > git rev-parse --show-toplevel [2ms]
2024-11-26 17:05:22.951 [info] > git for-each-ref --format=%(refname)%00%(upstream:short)%00%(objectname)%00%(upstream:track)%00%(upstream:remotename)%00%(upstream:remoteref) refs/heads/jhw refs/remotes/jhw [3ms]
2024-11-26 17:05:22.951 [info] > git rev-parse --show-toplevel [2ms]
2024-11-26 17:05:22.951 [info] > git rev-parse --show-toplevel [15ms]
2024-11-26 17:05:22.951 [info] > git for-each-ref --sort -committerdate --format %(refname) %(objectname) %(*objectname) [8ms]
2024-11-26 17:05:22.951 [info] > git rev-parse --show-toplevel [1ms]
2024-11-26 17:05:22.951 [info] > git rev-parse --show-toplevel [3ms]
2024-11-26 17:05:22.956 [info] > git rev-parse --show-toplevel [1ms]
2024-11-26 17:05:22.965 [info] > git rev-parse --show-toplevel [6ms]
2024-11-26 17:05:22.969 [info] > git rev-parse --show-toplevel [2ms]
2024-11-26 17:05:22.972 [info] > git rev-parse --show-toplevel [1ms]
2024-11-26 17:05:22.976 [info] > git rev-parse --show-toplevel [1ms]
2024-11-26 17:05:22.978 [info] [Model][doInitialScan] Initial repository scan completed - repositories (1), closed repositories (0), parent repositories (0), unsafe repositories (0)
2024-11-26 17:05:23.009 [info] > git status -z -uall [87ms]
2024-11-26 17:05:23.043 [info] > git for-each-ref --format=%(refname)%00%(upstream:short)%00%(objectname)%00%(upstream:track)%00%(upstream:remotename)%00%(upstream:remoteref) refs/heads/jhw refs/remotes/jhw [5ms]
2024-11-26 17:05:23.047 [info] > git config --get commit.template [4ms]
2024-11-26 17:05:23.050 [info] > git config --local branch.jhw.vscode-merge-base [4ms]
2024-11-26 17:05:23.050 [warning] [Git][config] git config failed: Failed to execute git
2024-11-26 17:05:23.053 [info] > git for-each-ref --format=%(refname)%00%(upstream:short)%00%(objectname)%00%(upstream:track)%00%(upstream:remotename)%00%(upstream:remoteref) refs/heads/jhw refs/remotes/jhw [4ms]
2024-11-26 17:05:23.061 [info] > git reflog jhw --grep-reflog=branch: Created from *. [8ms]
2024-11-26 17:05:23.065 [info] > git for-each-ref --sort -committerdate --format %(refname) %(objectname) %(*objectname) [4ms]
2024-11-26 17:05:23.077 [info] > git reflog HEAD --grep-reflog=checkout: moving from .* to jhw [13ms]
2024-11-26 17:05:23.083 [info] > git for-each-ref --format=%(refname)%00%(upstream:short)%00%(objectname)%00%(upstream:track)%00%(upstream:remotename)%00%(upstream:remoteref) refs/heads/main refs/remotes/main [2ms]
2024-11-26 17:05:23.088 [info] > git symbolic-ref --short refs/remotes/origin/HEAD [2ms]
2024-11-26 17:05:23.088 [info] fatal: ref refs/remotes/origin/HEAD is not a symbolic ref
2024-11-26 17:05:23.088 [warning] [Repository][getDefaultBranch] Failed to get default branch details: Failed to execute git.
2024-11-26 17:05:23.095 [info] > git merge-base refs/heads/jhw refs/remotes/origin/jhw [3ms]
2024-11-26 17:05:23.101 [info] > git diff --name-status -z --diff-filter=ADMR 9737636c5f94e0bcd809246b99e222d049bc4914...refs/remotes/origin/jhw [2ms]
2024-11-26 17:05:23.157 [info] > git status -z -uall [101ms]
2024-11-26 17:05:23.548 [info] > git check-ignore -v -z --stdin [22ms]
2024-11-26 17:05:26.641 [info] > git check-ignore -v -z --stdin [7ms]
2024-11-26 17:05:26.916 [info] > git config --get commit.template [3ms]
2024-11-26 17:05:26.917 [info] > git for-each-ref --format=%(refname)%00%(upstream:short)%00%(objectname)%00%(upstream:track)%00%(upstream:remotename)%00%(upstream:remoteref) refs/heads/jhw refs/remotes/jhw [1ms]
2024-11-26 17:05:26.925 [info] > git for-each-ref --sort -committerdate --format %(refname) %(objectname) %(*objectname) [2ms]
2024-11-26 17:05:26.990 [info] > git status -z -uall [70ms]
2024-11-26 17:05:27.182 [info] > git show --textconv :add_comment.php [7ms]
2024-11-26 17:05:27.185 [info] > git ls-files --stage -- /var/www/html/2_team/2_team2/add_comment.php [7ms]
2024-11-26 17:05:27.189 [info] > git cat-file -s 46d75a1c5fff54cf9a63bd49989221962a68ba28 [2ms]
2024-11-26 17:06:03.244 [info] > git config --get commit.template [3ms]
2024-11-26 17:06:03.244 [info] > git for-each-ref --format=%(refname)%00%(upstream:short)%00%(objectname)%00%(upstream:track)%00%(upstream:remotename)%00%(upstream:remoteref) refs/heads/jhw refs/remotes/jhw [1ms]
2024-11-26 17:06:03.252 [info] > git for-each-ref --sort -committerdate --format %(refname) %(objectname) %(*objectname) [2ms]
2024-11-26 17:06:03.316 [info] > git status -z -uall [69ms]
2024-11-26 17:06:08.338 [info] > git config --get commit.template [3ms]
2024-11-26 17:06:08.339 [info] > git for-each-ref --format=%(refname)%00%(upstream:short)%00%(objectname)%00%(upstream:track)%00%(upstream:remotename)%00%(upstream:remoteref) refs/heads/jhw refs/remotes/jhw [1ms]
2024-11-26 17:06:08.346 [info] > git for-each-ref --sort -committerdate --format %(refname) %(objectname) %(*objectname) [2ms]
2024-11-26 17:06:08.412 [info] > git status -z -uall [70ms]
2024-11-26 17:06:13.428 [info] > git config --get commit.template [3ms]
2024-11-26 17:06:13.428 [info] > git for-each-ref --format=%(refname)%00%(upstream:short)%00%(objectname)%00%(upstream:track)%00%(upstream:remotename)%00%(upstream:remoteref) refs/heads/jhw refs/remotes/jhw [1ms]
2024-11-26 17:06:13.437 [info] > git for-each-ref --sort -committerdate --format %(refname) %(objectname) %(*objectname) [2ms]
2024-11-26 17:06:13.502 [info] > git status -z -uall [71ms]
2024-11-26 17:06:18.518 [info] > git config --get commit.template [3ms]
2024-11-26 17:06:18.519 [info] > git for-each-ref --format=%(refname)%00%(upstream:short)%00%(objectname)%00%(upstream:track)%00%(upstream:remotename)%00%(upstream:remoteref) refs/heads/jhw refs/remotes/jhw [2ms]
2024-11-26 17:06:18.527 [info] > git for-each-ref --sort -committerdate --format %(refname) %(objectname) %(*objectname) [3ms]
2024-11-26 17:06:18.594 [info] > git status -z -uall [73ms]
2024-11-26 17:06:23.611 [info] > git config --get commit.template [4ms]
2024-11-26 17:06:23.612 [info] > git for-each-ref --format=%(refname)%00%(upstream:short)%00%(objectname)%00%(upstream:track)%00%(upstream:remotename)%00%(upstream:remoteref) refs/heads/jhw refs/remotes/jhw [2ms]
2024-11-26 17:06:23.621 [info] > git for-each-ref --sort -committerdate --format %(refname) %(objectname) %(*objectname) [3ms]
2024-11-26 17:06:23.687 [info] > git status -z -uall [72ms]
2024-11-26 17:06:28.707 [info] > git config --get commit.template [3ms]
2024-11-26 17:06:28.708 [info] > git for-each-ref --format=%(refname)%00%(upstream:short)%00%(objectname)%00%(upstream:track)%00%(upstream:remotename)%00%(upstream:remoteref) refs/heads/jhw refs/remotes/jhw [2ms]
2024-11-26 17:06:28.716 [info] > git for-each-ref --sort -committerdate --format %(refname) %(objectname) %(*objectname) [2ms]
2024-11-26 17:06:28.783 [info] > git status -z -uall [72ms]
2024-11-26 17:06:33.797 [info] > git config --get commit.template [2ms]
2024-11-26 17:06:33.802 [info] > git for-each-ref --format=%(refname)%00%(upstream:short)%00%(objectname)%00%(upstream:track)%00%(upstream:remotename)%00%(upstream:remoteref) refs/heads/jhw refs/remotes/jhw [2ms]
2024-11-26 17:06:33.811 [info] > git for-each-ref --sort -committerdate --format %(refname) %(objectname) %(*objectname) [3ms]
2024-11-26 17:06:33.879 [info] > git status -z -uall [73ms]
2024-11-26 17:06:38.897 [info] > git config --get commit.template [6ms]
2024-11-26 17:06:38.899 [info] > git for-each-ref --format=%(refname)%00%(upstream:short)%00%(objectname)%00%(upstream:track)%00%(upstream:remotename)%00%(upstream:remoteref) refs/heads/jhw refs/remotes/jhw [3ms]
2024-11-26 17:06:38.914 [info] > git for-each-ref --sort -committerdate --format %(refname) %(objectname) %(*objectname) [3ms]
2024-11-26 17:06:39.037 [info] > git status -z -uall [132ms]
2024-11-26 17:06:44.071 [info] > git config --get commit.template [4ms]
2024-11-26 17:06:44.072 [info] > git for-each-ref --format=%(refname)%00%(upstream:short)%00%(objectname)%00%(upstream:track)%00%(upstream:remotename)%00%(upstream:remoteref) refs/heads/jhw refs/remotes/jhw [2ms]
2024-11-26 17:06:44.080 [info] > git for-each-ref --sort -committerdate --format %(refname) %(objectname) %(*objectname) [2ms]
2024-11-26 17:06:44.146 [info] > git status -z -uall [71ms]
2024-11-26 17:06:49.159 [info] > git config --get commit.template [3ms]
2024-11-26 17:06:49.161 [info] > git for-each-ref --format=%(refname)%00%(upstream:short)%00%(objectname)%00%(upstream:track)%00%(upstream:remotename)%00%(upstream:remoteref) refs/heads/jhw refs/remotes/jhw [1ms]
2024-11-26 17:06:49.168 [info] > git for-each-ref --sort -committerdate --format %(refname) %(objectname) %(*objectname) [2ms]
2024-11-26 17:06:49.258 [info] > git status -z -uall [95ms]
2024-11-26 17:06:54.278 [info] > git config --get commit.template [7ms]
2024-11-26 17:06:54.280 [info] > git for-each-ref --format=%(refname)%00%(upstream:short)%00%(objectname)%00%(upstream:track)%00%(upstream:remotename)%00%(upstream:remoteref) refs/heads/jhw refs/remotes/jhw [3ms]
2024-11-26 17:06:54.294 [info] > git for-each-ref --sort -committerdate --format %(refname) %(objectname) %(*objectname) [4ms]
2024-11-26 17:06:54.410 [info] > git status -z -uall [125ms]
2024-11-26 17:07:05.746 [info] > git config --get commit.template [3ms]
2024-11-26 17:07:05.747 [info] > git for-each-ref --format=%(refname)%00%(upstream:short)%00%(objectname)%00%(upstream:track)%00%(upstream:remotename)%00%(upstream:remoteref) refs/heads/jhw refs/remotes/jhw [2ms]
2024-11-26 17:07:05.755 [info] > git for-each-ref --sort -committerdate --format %(refname) %(objectname) %(*objectname) [3ms]
2024-11-26 17:07:05.822 [info] > git status -z -uall [73ms]
2024-11-26 17:07:10.835 [info] > git config --get commit.template [3ms]
2024-11-26 17:07:10.837 [info] > git for-each-ref --format=%(refname)%00%(upstream:short)%00%(objectname)%00%(upstream:track)%00%(upstream:remotename)%00%(upstream:remoteref) refs/heads/jhw refs/remotes/jhw [2ms]
2024-11-26 17:07:10.844 [info] > git for-each-ref --sort -committerdate --format %(refname) %(objectname) %(*objectname) [2ms]
2024-11-26 17:07:10.910 [info] > git status -z -uall [71ms]
2024-11-26 17:07:15.926 [info] > git config --get commit.template [3ms]
2024-11-26 17:07:15.927 [info] > git for-each-ref --format=%(refname)%00%(upstream:short)%00%(objectname)%00%(upstream:track)%00%(upstream:remotename)%00%(upstream:remoteref) refs/heads/jhw refs/remotes/jhw [2ms]
2024-11-26 17:07:15.934 [info] > git for-each-ref --sort -committerdate --format %(refname) %(objectname) %(*objectname) [2ms]
2024-11-26 17:07:16.000 [info] > git status -z -uall [69ms]
2024-11-26 17:07:21.016 [info] > git config --get commit.template [4ms]
2024-11-26 17:07:21.018 [info] > git for-each-ref --format=%(refname)%00%(upstream:short)%00%(objectname)%00%(upstream:track)%00%(upstream:remotename)%00%(upstream:remoteref) refs/heads/jhw refs/remotes/jhw [2ms]
2024-11-26 17:07:21.028 [info] > git for-each-ref --sort -committerdate --format %(refname) %(objectname) %(*objectname) [3ms]
2024-11-26 17:07:21.095 [info] > git status -z -uall [73ms]
2024-11-26 17:07:31.609 [info] > git config --get commit.template [4ms]
2024-11-26 17:07:31.610 [info] > git for-each-ref --format=%(refname)%00%(upstream:short)%00%(objectname)%00%(upstream:track)%00%(upstream:remotename)%00%(upstream:remoteref) refs/heads/jhw refs/remotes/jhw [2ms]
2024-11-26 17:07:31.619 [info] > git for-each-ref --sort -committerdate --format %(refname) %(objectname) %(*objectname) [2ms]
2024-11-26 17:07:31.684 [info] > git status -z -uall [71ms]
2024-11-26 17:07:36.704 [info] > git config --get commit.template [4ms]
2024-11-26 17:07:36.705 [info] > git for-each-ref --format=%(refname)%00%(upstream:short)%00%(objectname)%00%(upstream:track)%00%(upstream:remotename)%00%(upstream:remoteref) refs/heads/jhw refs/remotes/jhw [1ms]
2024-11-26 17:07:36.713 [info] > git for-each-ref --sort -committerdate --format %(refname) %(objectname) %(*objectname) [2ms]
2024-11-26 17:07:36.782 [info] > git status -z -uall [74ms]
2024-11-26 17:07:41.800 [info] > git config --get commit.template [3ms]
2024-11-26 17:07:41.801 [info] > git for-each-ref --format=%(refname)%00%(upstream:short)%00%(objectname)%00%(upstream:track)%00%(upstream:remotename)%00%(upstream:remoteref) refs/heads/jhw refs/remotes/jhw [1ms]
2024-11-26 17:07:41.810 [info] > git for-each-ref --sort -committerdate --format %(refname) %(objectname) %(*objectname) [3ms]
2024-11-26 17:07:41.876 [info] > git status -z -uall [72ms]
2024-11-26 17:07:47.208 [info] > git config --get commit.template [3ms]
2024-11-26 17:07:47.209 [info] > git for-each-ref --format=%(refname)%00%(upstream:short)%00%(objectname)%00%(upstream:track)%00%(upstream:remotename)%00%(upstream:remoteref) refs/heads/jhw refs/remotes/jhw [1ms]
2024-11-26 17:07:47.217 [info] > git for-each-ref --sort -committerdate --format %(refname) %(objectname) %(*objectname) [2ms]
2024-11-26 17:07:47.283 [info] > git status -z -uall [71ms]
2024-11-26 17:07:53.193 [info] > git config --get commit.template [3ms]
2024-11-26 17:07:53.194 [info] > git for-each-ref --format=%(refname)%00%(upstream:short)%00%(objectname)%00%(upstream:track)%00%(upstream:remotename)%00%(upstream:remoteref) refs/heads/jhw refs/remotes/jhw [1ms]
2024-11-26 17:07:53.202 [info] > git for-each-ref --sort -committerdate --format %(refname) %(objectname) %(*objectname) [2ms]
2024-11-26 17:07:53.268 [info] > git status -z -uall [71ms]
2024-11-26 17:08:02.296 [info] > git config --get commit.template [4ms]
2024-11-26 17:08:02.297 [info] > git for-each-ref --format=%(refname)%00%(upstream:short)%00%(objectname)%00%(upstream:track)%00%(upstream:remotename)%00%(upstream:remoteref) refs/heads/jhw refs/remotes/jhw [2ms]
2024-11-26 17:08:02.307 [info] > git for-each-ref --sort -committerdate --format %(refname) %(objectname) %(*objectname) [2ms]
2024-11-26 17:08:02.375 [info] > git status -z -uall [74ms]
2024-11-26 17:08:07.391 [info] > git config --get commit.template [2ms]
2024-11-26 17:08:07.393 [info] > git for-each-ref --format=%(refname)%00%(upstream:short)%00%(objectname)%00%(upstream:track)%00%(upstream:remotename)%00%(upstream:remoteref) refs/heads/jhw refs/remotes/jhw [1ms]
2024-11-26 17:08:07.400 [info] > git for-each-ref --sort -committerdate --format %(refname) %(objectname) %(*objectname) [2ms]
2024-11-26 17:08:07.466 [info] > git status -z -uall [71ms]
2024-11-26 17:08:12.482 [info] > git config --get commit.template [3ms]
2024-11-26 17:08:12.483 [info] > git for-each-ref --format=%(refname)%00%(upstream:short)%00%(objectname)%00%(upstream:track)%00%(upstream:remotename)%00%(upstream:remoteref) refs/heads/jhw refs/remotes/jhw [1ms]
2024-11-26 17:08:12.491 [info] > git for-each-ref --sort -committerdate --format %(refname) %(objectname) %(*objectname) [2ms]
2024-11-26 17:08:12.556 [info] > git status -z -uall [70ms]
2024-11-26 17:08:16.349 [info] > git show --textconv :add_comment.php [8ms]
2024-11-26 17:08:16.352 [info] > git ls-files --stage -- /var/www/html/2_team/2_team2/add_comment.php [7ms]
2024-11-26 17:08:16.356 [info] > git cat-file -s 46d75a1c5fff54cf9a63bd49989221962a68ba28 [1ms]
2024-11-26 17:08:17.573 [info] > git config --get commit.template [2ms]
2024-11-26 17:08:17.574 [info] > git for-each-ref --format=%(refname)%00%(upstream:short)%00%(objectname)%00%(upstream:track)%00%(upstream:remotename)%00%(upstream:remoteref) refs/heads/jhw refs/remotes/jhw [2ms]
2024-11-26 17:08:17.582 [info] > git for-each-ref --sort -committerdate --format %(refname) %(objectname) %(*objectname) [2ms]
2024-11-26 17:08:17.648 [info] > git status -z -uall [72ms]
2024-11-26 17:08:21.368 [info] > git check-ignore -v -z --stdin [12ms]
2024-11-26 17:08:22.665 [info] > git config --get commit.template [3ms]
2024-11-26 17:08:22.666 [info] > git for-each-ref --format=%(refname)%00%(upstream:short)%00%(objectname)%00%(upstream:track)%00%(upstream:remotename)%00%(upstream:remoteref) refs/heads/jhw refs/remotes/jhw [1ms]
2024-11-26 17:08:22.675 [info] > git for-each-ref --sort -committerdate --format %(refname) %(objectname) %(*objectname) [3ms]
2024-11-26 17:08:22.739 [info] > git status -z -uall [69ms]
2024-11-26 17:08:23.617 [info] > git check-ignore -v -z --stdin [11ms]
2024-11-26 17:08:26.023 [info] > git check-ignore -v -z --stdin [8ms]
2024-11-26 17:08:27.755 [info] > git config --get commit.template [3ms]
2024-11-26 17:08:27.756 [info] > git for-each-ref --format=%(refname)%00%(upstream:short)%00%(objectname)%00%(upstream:track)%00%(upstream:remotename)%00%(upstream:remoteref) refs/heads/jhw refs/remotes/jhw [1ms]
2024-11-26 17:08:27.764 [info] > git for-each-ref --sort -committerdate --format %(refname) %(objectname) %(*objectname) [2ms]
2024-11-26 17:08:27.831 [info] > git status -z -uall [72ms]
2024-11-26 17:08:32.847 [info] > git config --get commit.template [3ms]
2024-11-26 17:08:32.848 [info] > git for-each-ref --format=%(refname)%00%(upstream:short)%00%(objectname)%00%(upstream:track)%00%(upstream:remotename)%00%(upstream:remoteref) refs/heads/jhw refs/remotes/jhw [1ms]
2024-11-26 17:08:32.856 [info] > git for-each-ref --sort -committerdate --format %(refname) %(objectname) %(*objectname) [2ms]
2024-11-26 17:08:32.922 [info] > git status -z -uall [71ms]
2024-11-26 17:08:53.231 [info] > git config --get commit.template [3ms]
2024-11-26 17:08:53.232 [info] > git for-each-ref --format=%(refname)%00%(upstream:short)%00%(objectname)%00%(upstream:track)%00%(upstream:remotename)%00%(upstream:remoteref) refs/heads/jhw refs/remotes/jhw [2ms]
2024-11-26 17:08:53.240 [info] > git for-each-ref --sort -committerdate --format %(refname) %(objectname) %(*objectname) [3ms]
2024-11-26 17:08:53.305 [info] > git status -z -uall [71ms]
2024-11-26 17:08:58.318 [info] > git config --get commit.template [3ms]
2024-11-26 17:08:58.319 [info] > git for-each-ref --format=%(refname)%00%(upstream:short)%00%(objectname)%00%(upstream:track)%00%(upstream:remotename)%00%(upstream:remoteref) refs/heads/jhw refs/remotes/jhw [2ms]
2024-11-26 17:08:58.326 [info] > git for-each-ref --sort -committerdate --format %(refname) %(objectname) %(*objectname) [2ms]
2024-11-26 17:08:58.391 [info] > git status -z -uall [70ms]
2024-11-26 17:09:09.114 [info] > git config --get commit.template [2ms]
2024-11-26 17:09:09.115 [info] > git for-each-ref --format=%(refname)%00%(upstream:short)%00%(objectname)%00%(upstream:track)%00%(upstream:remotename)%00%(upstream:remoteref) refs/heads/jhw refs/remotes/jhw [1ms]
2024-11-26 17:09:09.123 [info] > git for-each-ref --sort -committerdate --format %(refname) %(objectname) %(*objectname) [2ms]
2024-11-26 17:09:09.189 [info] > git status -z -uall [71ms]
2024-11-26 17:09:28.424 [info] > git config --get commit.template [3ms]
2024-11-26 17:09:28.425 [info] > git for-each-ref --format=%(refname)%00%(upstream:short)%00%(objectname)%00%(upstream:track)%00%(upstream:remotename)%00%(upstream:remoteref) refs/heads/jhw refs/remotes/jhw [2ms]
2024-11-26 17:09:28.432 [info] > git for-each-ref --sort -committerdate --format %(refname) %(objectname) %(*objectname) [2ms]
2024-11-26 17:09:28.497 [info] > git status -z -uall [69ms]
2024-11-26 17:09:33.516 [info] > git config --get commit.template [4ms]
2024-11-26 17:09:33.517 [info] > git for-each-ref --format=%(refname)%00%(upstream:short)%00%(objectname)%00%(upstream:track)%00%(upstream:remotename)%00%(upstream:remoteref) refs/heads/jhw refs/remotes/jhw [2ms]
2024-11-26 17:09:33.524 [info] > git for-each-ref --sort -committerdate --format %(refname) %(objectname) %(*objectname) [2ms]
2024-11-26 17:09:33.590 [info] > git status -z -uall [70ms]
2024-11-26 17:09:38.606 [info] > git config --get commit.template [3ms]
2024-11-26 17:09:38.607 [info] > git for-each-ref --format=%(refname)%00%(upstream:short)%00%(objectname)%00%(upstream:track)%00%(upstream:remotename)%00%(upstream:remoteref) refs/heads/jhw refs/remotes/jhw [1ms]
2024-11-26 17:09:38.615 [info] > git for-each-ref --sort -committerdate --format %(refname) %(objectname) %(*objectname) [2ms]
2024-11-26 17:09:38.681 [info] > git status -z -uall [71ms]
2024-11-26 17:09:44.165 [info] > git config --get commit.template [4ms]
2024-11-26 17:09:44.166 [info] > git for-each-ref --format=%(refname)%00%(upstream:short)%00%(objectname)%00%(upstream:track)%00%(upstream:remotename)%00%(upstream:remoteref) refs/heads/jhw refs/remotes/jhw [2ms]
2024-11-26 17:09:44.172 [info] > git for-each-ref --sort -committerdate --format %(refname) %(objectname) %(*objectname) [2ms]
2024-11-26 17:09:44.237 [info] > git status -z -uall [69ms]
2024-11-26 17:09:50.911 [info] > git config --get commit.template [3ms]
2024-11-26 17:09:50.912 [info] > git for-each-ref --format=%(refname)%00%(upstream:short)%00%(objectname)%00%(upstream:track)%00%(upstream:remotename)%00%(upstream:remoteref) refs/heads/jhw refs/remotes/jhw [1ms]
2024-11-26 17:09:50.920 [info] > git for-each-ref --sort -committerdate --format %(refname) %(objectname) %(*objectname) [2ms]
2024-11-26 17:09:50.987 [info] > git status -z -uall [72ms]
2024-11-26 17:09:56.007 [info] > git config --get commit.template [4ms]
2024-11-26 17:09:56.008 [info] > git for-each-ref --format=%(refname)%00%(upstream:short)%00%(objectname)%00%(upstream:track)%00%(upstream:remotename)%00%(upstream:remoteref) refs/heads/jhw refs/remotes/jhw [1ms]
2024-11-26 17:09:56.016 [info] > git for-each-ref --sort -committerdate --format %(refname) %(objectname) %(*objectname) [3ms]
2024-11-26 17:09:56.082 [info] > git status -z -uall [71ms]
2024-11-26 17:10:01.100 [info] > git config --get commit.template [3ms]
2024-11-26 17:10:01.102 [info] > git for-each-ref --format=%(refname)%00%(upstream:short)%00%(objectname)%00%(upstream:track)%00%(upstream:remotename)%00%(upstream:remoteref) refs/heads/jhw refs/remotes/jhw [2ms]
2024-11-26 17:10:01.110 [info] > git for-each-ref --sort -committerdate --format %(refname) %(objectname) %(*objectname) [3ms]
2024-11-26 17:10:01.175 [info] > git status -z -uall [71ms]
2024-11-26 17:10:06.296 [info] > git config --get commit.template [3ms]
2024-11-26 17:10:06.297 [info] > git for-each-ref --format=%(refname)%00%(upstream:short)%00%(objectname)%00%(upstream:track)%00%(upstream:remotename)%00%(upstream:remoteref) refs/heads/jhw refs/remotes/jhw [2ms]
2024-11-26 17:10:06.304 [info] > git for-each-ref --sort -committerdate --format %(refname) %(objectname) %(*objectname) [2ms]
2024-11-26 17:10:06.371 [info] > git status -z -uall [71ms]
2024-11-26 17:10:11.387 [info] > git config --get commit.template [3ms]
2024-11-26 17:10:11.388 [info] > git for-each-ref --format=%(refname)%00%(upstream:short)%00%(objectname)%00%(upstream:track)%00%(upstream:remotename)%00%(upstream:remoteref) refs/heads/jhw refs/remotes/jhw [1ms]
2024-11-26 17:10:11.396 [info] > git for-each-ref --sort -committerdate --format %(refname) %(objectname) %(*objectname) [3ms]
2024-11-26 17:10:11.460 [info] > git status -z -uall [69ms]
2024-11-26 17:10:16.476 [info] > git config --get commit.template [3ms]
2024-11-26 17:10:16.477 [info] > git for-each-ref --format=%(refname)%00%(upstream:short)%00%(objectname)%00%(upstream:track)%00%(upstream:remotename)%00%(upstream:remoteref) refs/heads/jhw refs/remotes/jhw [1ms]
2024-11-26 17:10:16.485 [info] > git for-each-ref --sort -committerdate --format %(refname) %(objectname) %(*objectname) [2ms]
2024-11-26 17:10:16.553 [info] > git status -z -uall [73ms]
2024-11-26 17:10:21.571 [info] > git config --get commit.template [3ms]
2024-11-26 17:10:21.573 [info] > git for-each-ref --format=%(refname)%00%(upstream:short)%00%(objectname)%00%(upstream:track)%00%(upstream:remotename)%00%(upstream:remoteref) refs/heads/jhw refs/remotes/jhw [1ms]
2024-11-26 17:10:21.580 [info] > git for-each-ref --sort -committerdate --format %(refname) %(objectname) %(*objectname) [2ms]
2024-11-26 17:10:21.647 [info] > git status -z -uall [72ms]
2024-11-26 17:10:26.662 [info] > git config --get commit.template [3ms]
2024-11-26 17:10:26.663 [info] > git for-each-ref --format=%(refname)%00%(upstream:short)%00%(objectname)%00%(upstream:track)%00%(upstream:remotename)%00%(upstream:remoteref) refs/heads/jhw refs/remotes/jhw [1ms]
2024-11-26 17:10:26.671 [info] > git for-each-ref --sort -committerdate --format %(refname) %(objectname) %(*objectname) [2ms]
2024-11-26 17:10:26.737 [info] > git status -z -uall [71ms]
2024-11-26 17:11:14.049 [info] > git config --get commit.template [5ms]
2024-11-26 17:11:14.049 [info] > git for-each-ref --format=%(refname)%00%(upstream:short)%00%(objectname)%00%(upstream:track)%00%(upstream:remotename)%00%(upstream:remoteref) refs/heads/jhw refs/remotes/jhw [1ms]
2024-11-26 17:11:14.058 [info] > git for-each-ref --sort -committerdate --format %(refname) %(objectname) %(*objectname) [2ms]
2024-11-26 17:11:14.126 [info] > git status -z -uall [73ms]
2024-11-26 17:11:19.150 [info] > git config --get commit.template [2ms]
2024-11-26 17:11:19.152 [info] > git for-each-ref --format=%(refname)%00%(upstream:short)%00%(objectname)%00%(upstream:track)%00%(upstream:remotename)%00%(upstream:remoteref) refs/heads/jhw refs/remotes/jhw [2ms]
2024-11-26 17:11:19.159 [info] > git for-each-ref --sort -committerdate --format %(refname) %(objectname) %(*objectname) [2ms]
2024-11-26 17:11:19.227 [info] > git status -z -uall [73ms]
2024-11-26 17:11:24.241 [info] > git config --get commit.template [2ms]
2024-11-26 17:11:24.243 [info] > git for-each-ref --format=%(refname)%00%(upstream:short)%00%(objectname)%00%(upstream:track)%00%(upstream:remotename)%00%(upstream:remoteref) refs/heads/jhw refs/remotes/jhw [2ms]
2024-11-26 17:11:24.250 [info] > git for-each-ref --sort -committerdate --format %(refname) %(objectname) %(*objectname) [2ms]
2024-11-26 17:11:24.319 [info] > git status -z -uall [74ms]
2024-11-26 17:11:42.849 [info] > git config --get commit.template [2ms]
2024-11-26 17:11:42.850 [info] > git for-each-ref --format=%(refname)%00%(upstream:short)%00%(objectname)%00%(upstream:track)%00%(upstream:remotename)%00%(upstream:remoteref) refs/heads/jhw refs/remotes/jhw [2ms]
2024-11-26 17:11:42.857 [info] > git for-each-ref --sort -committerdate --format %(refname) %(objectname) %(*objectname) [3ms]
2024-11-26 17:11:42.928 [info] > git status -z -uall [76ms]
2024-11-26 17:11:52.803 [info] > git config --get commit.template [3ms]
2024-11-26 17:11:52.804 [info] > git for-each-ref --format=%(refname)%00%(upstream:short)%00%(objectname)%00%(upstream:track)%00%(upstream:remotename)%00%(upstream:remoteref) refs/heads/jhw refs/remotes/jhw [1ms]
2024-11-26 17:11:52.811 [info] > git for-each-ref --sort -committerdate --format %(refname) %(objectname) %(*objectname) [2ms]
2024-11-26 17:11:52.885 [info] > git status -z -uall [78ms]
2024-11-26 17:11:57.901 [info] > git config --get commit.template [3ms]
2024-11-26 17:11:57.902 [info] > git for-each-ref --format=%(refname)%00%(upstream:short)%00%(objectname)%00%(upstream:track)%00%(upstream:remotename)%00%(upstream:remoteref) refs/heads/jhw refs/remotes/jhw [1ms]
2024-11-26 17:11:57.910 [info] > git for-each-ref --sort -committerdate --format %(refname) %(objectname) %(*objectname) [2ms]
2024-11-26 17:11:57.980 [info] > git status -z -uall [75ms]
2024-11-26 17:12:02.994 [info] > git config --get commit.template [3ms]
2024-11-26 17:12:02.995 [info] > git for-each-ref --format=%(refname)%00%(upstream:short)%00%(objectname)%00%(upstream:track)%00%(upstream:remotename)%00%(upstream:remoteref) refs/heads/jhw refs/remotes/jhw [2ms]
2024-11-26 17:12:03.001 [info] > git for-each-ref --sort -committerdate --format %(refname) %(objectname) %(*objectname) [2ms]
2024-11-26 17:12:03.106 [info] > git status -z -uall [109ms]
2024-11-26 17:12:08.121 [info] > git config --get commit.template [4ms]
2024-11-26 17:12:08.122 [info] > git for-each-ref --format=%(refname)%00%(upstream:short)%00%(objectname)%00%(upstream:track)%00%(upstream:remotename)%00%(upstream:remoteref) refs/heads/jhw refs/remotes/jhw [1ms]
2024-11-26 17:12:08.131 [info] > git for-each-ref --sort -committerdate --format %(refname) %(objectname) %(*objectname) [2ms]
2024-11-26 17:12:08.200 [info] > git status -z -uall [74ms]
2024-11-26 17:12:52.894 [info] > git config --get commit.template [3ms]
2024-11-26 17:12:52.895 [info] > git for-each-ref --format=%(refname)%00%(upstream:short)%00%(objectname)%00%(upstream:track)%00%(upstream:remotename)%00%(upstream:remoteref) refs/heads/jhw refs/remotes/jhw [1ms]
2024-11-26 17:12:52.903 [info] > git for-each-ref --sort -committerdate --format %(refname) %(objectname) %(*objectname) [2ms]
2024-11-26 17:12:52.975 [info] > git status -z -uall [77ms]
2024-11-26 17:12:57.991 [info] > git config --get commit.template [3ms]
2024-11-26 17:12:57.992 [info] > git for-each-ref --format=%(refname)%00%(upstream:short)%00%(objectname)%00%(upstream:track)%00%(upstream:remotename)%00%(upstream:remoteref) refs/heads/jhw refs/remotes/jhw [2ms]
2024-11-26 17:12:57.999 [info] > git for-each-ref --sort -committerdate --format %(refname) %(objectname) %(*objectname) [2ms]
2024-11-26 17:12:58.066 [info] > git status -z -uall [72ms]
2024-11-26 17:13:03.091 [info] > git config --get commit.template [3ms]
2024-11-26 17:13:03.092 [info] > git for-each-ref --format=%(refname)%00%(upstream:short)%00%(objectname)%00%(upstream:track)%00%(upstream:remotename)%00%(upstream:remoteref) refs/heads/jhw refs/remotes/jhw [1ms]
2024-11-26 17:13:03.100 [info] > git for-each-ref --sort -committerdate --format %(refname) %(objectname) %(*objectname) [2ms]
2024-11-26 17:13:03.168 [info] > git status -z -uall [73ms]
2024-11-26 17:13:12.230 [info] > git config --get commit.template [1ms]
2024-11-26 17:13:12.235 [info] > git for-each-ref --format=%(refname)%00%(upstream:short)%00%(objectname)%00%(upstream:track)%00%(upstream:remotename)%00%(upstream:remoteref) refs/heads/jhw refs/remotes/jhw [2ms]
2024-11-26 17:13:12.244 [info] > git for-each-ref --sort -committerdate --format %(refname) %(objectname) %(*objectname) [2ms]
2024-11-26 17:13:12.311 [info] > git status -z -uall [73ms]
2024-11-26 17:13:17.335 [info] > git config --get commit.template [3ms]
2024-11-26 17:13:17.336 [info] > git for-each-ref --format=%(refname)%00%(upstream:short)%00%(objectname)%00%(upstream:track)%00%(upstream:remotename)%00%(upstream:remoteref) refs/heads/jhw refs/remotes/jhw [2ms]
2024-11-26 17:13:17.343 [info] > git for-each-ref --sort -committerdate --format %(refname) %(objectname) %(*objectname) [2ms]
2024-11-26 17:13:17.412 [info] > git status -z -uall [73ms]
2024-11-26 17:13:22.438 [info] > git config --get commit.template [3ms]
2024-11-26 17:13:22.438 [info] > git for-each-ref --format=%(refname)%00%(upstream:short)%00%(objectname)%00%(upstream:track)%00%(upstream:remotename)%00%(upstream:remoteref) refs/heads/jhw refs/remotes/jhw [1ms]
2024-11-26 17:13:22.447 [info] > git for-each-ref --sort -committerdate --format %(refname) %(objectname) %(*objectname) [2ms]
2024-11-26 17:13:22.521 [info] > git status -z -uall [79ms]
2024-11-26 17:13:27.536 [info] > git config --get commit.template [4ms]
2024-11-26 17:13:27.536 [info] > git for-each-ref --format=%(refname)%00%(upstream:short)%00%(objectname)%00%(upstream:track)%00%(upstream:remotename)%00%(upstream:remoteref) refs/heads/jhw refs/remotes/jhw [1ms]
2024-11-26 17:13:27.544 [info] > git for-each-ref --sort -committerdate --format %(refname) %(objectname) %(*objectname) [2ms]
2024-11-26 17:13:27.611 [info] > git status -z -uall [72ms]
2024-11-26 17:13:32.622 [info] > git config --get commit.template [2ms]
2024-11-26 17:13:32.624 [info] > git for-each-ref --format=%(refname)%00%(upstream:short)%00%(objectname)%00%(upstream:track)%00%(upstream:remotename)%00%(upstream:remoteref) refs/heads/jhw refs/remotes/jhw [2ms]
2024-11-26 17:13:32.631 [info] > git for-each-ref --sort -committerdate --format %(refname) %(objectname) %(*objectname) [2ms]
2024-11-26 17:13:32.698 [info] > git status -z -uall [71ms]
2024-11-26 17:13:37.712 [info] > git config --get commit.template [2ms]
2024-11-26 17:13:37.713 [info] > git for-each-ref --format=%(refname)%00%(upstream:short)%00%(objectname)%00%(upstream:track)%00%(upstream:remotename)%00%(upstream:remoteref) refs/heads/jhw refs/remotes/jhw [2ms]
2024-11-26 17:13:37.720 [info] > git for-each-ref --sort -committerdate --format %(refname) %(objectname) %(*objectname) [2ms]
2024-11-26 17:13:37.790 [info] > git status -z -uall [74ms]
2024-11-26 17:13:42.804 [info] > git config --get commit.template [3ms]
2024-11-26 17:13:42.805 [info] > git for-each-ref --format=%(refname)%00%(upstream:short)%00%(objectname)%00%(upstream:track)%00%(upstream:remotename)%00%(upstream:remoteref) refs/heads/jhw refs/remotes/jhw [1ms]
2024-11-26 17:13:42.813 [info] > git for-each-ref --sort -committerdate --format %(refname) %(objectname) %(*objectname) [3ms]
2024-11-26 17:13:42.882 [info] > git status -z -uall [73ms]
2024-11-26 17:13:47.894 [info] > git config --get commit.template [3ms]
2024-11-26 17:13:47.895 [info] > git for-each-ref --format=%(refname)%00%(upstream:short)%00%(objectname)%00%(upstream:track)%00%(upstream:remotename)%00%(upstream:remoteref) refs/heads/jhw refs/remotes/jhw [2ms]
2024-11-26 17:13:47.903 [info] > git for-each-ref --sort -committerdate --format %(refname) %(objectname) %(*objectname) [2ms]
2024-11-26 17:13:47.972 [info] > git status -z -uall [74ms]
2024-11-26 17:13:52.989 [info] > git config --get commit.template [5ms]
2024-11-26 17:13:52.990 [info] > git for-each-ref --format=%(refname)%00%(upstream:short)%00%(objectname)%00%(upstream:track)%00%(upstream:remotename)%00%(upstream:remoteref) refs/heads/jhw refs/remotes/jhw [2ms]
2024-11-26 17:13:53.016 [info] > git for-each-ref --sort -committerdate --format %(refname) %(objectname) %(*objectname) [6ms]
2024-11-26 17:13:53.086 [info] > git status -z -uall [79ms]
2024-11-26 17:13:59.093 [info] > git config --get commit.template [2ms]
2024-11-26 17:13:59.095 [info] > git for-each-ref --format=%(refname)%00%(upstream:short)%00%(objectname)%00%(upstream:track)%00%(upstream:remotename)%00%(upstream:remoteref) refs/heads/jhw refs/remotes/jhw [2ms]
2024-11-26 17:13:59.102 [info] > git for-each-ref --sort -committerdate --format %(refname) %(objectname) %(*objectname) [2ms]
2024-11-26 17:13:59.174 [info] > git status -z -uall [76ms]
2024-11-26 17:14:04.189 [info] > git config --get commit.template [5ms]
2024-11-26 17:14:04.194 [info] > git for-each-ref --format=%(refname)%00%(upstream:short)%00%(objectname)%00%(upstream:track)%00%(upstream:remotename)%00%(upstream:remoteref) refs/heads/jhw refs/remotes/jhw [2ms]
2024-11-26 17:14:04.202 [info] > git for-each-ref --sort -committerdate --format %(refname) %(objectname) %(*objectname) [3ms]
2024-11-26 17:14:04.272 [info] > git status -z -uall [75ms]
2024-11-26 17:14:09.285 [info] > git config --get commit.template [3ms]
2024-11-26 17:14:09.286 [info] > git for-each-ref --format=%(refname)%00%(upstream:short)%00%(objectname)%00%(upstream:track)%00%(upstream:remotename)%00%(upstream:remoteref) refs/heads/jhw refs/remotes/jhw [1ms]
2024-11-26 17:14:09.293 [info] > git for-each-ref --sort -committerdate --format %(refname) %(objectname) %(*objectname) [2ms]
2024-11-26 17:14:09.361 [info] > git status -z -uall [72ms]
2024-11-26 17:14:14.377 [info] > git config --get commit.template [4ms]
2024-11-26 17:14:14.378 [info] > git for-each-ref --format=%(refname)%00%(upstream:short)%00%(objectname)%00%(upstream:track)%00%(upstream:remotename)%00%(upstream:remoteref) refs/heads/jhw refs/remotes/jhw [2ms]
2024-11-26 17:14:14.386 [info] > git for-each-ref --sort -committerdate --format %(refname) %(objectname) %(*objectname) [2ms]
2024-11-26 17:14:14.455 [info] > git status -z -uall [74ms]
2024-11-26 17:14:19.469 [info] > git config --get commit.template [3ms]
2024-11-26 17:14:19.470 [info] > git for-each-ref --format=%(refname)%00%(upstream:short)%00%(objectname)%00%(upstream:track)%00%(upstream:remotename)%00%(upstream:remoteref) refs/heads/jhw refs/remotes/jhw [2ms]
2024-11-26 17:14:19.477 [info] > git for-each-ref --sort -committerdate --format %(refname) %(objectname) %(*objectname) [2ms]
2024-11-26 17:14:19.546 [info] > git status -z -uall [74ms]
2024-11-26 17:14:24.559 [info] > git config --get commit.template [3ms]
2024-11-26 17:14:24.560 [info] > git for-each-ref --format=%(refname)%00%(upstream:short)%00%(objectname)%00%(upstream:track)%00%(upstream:remotename)%00%(upstream:remoteref) refs/heads/jhw refs/remotes/jhw [1ms]
2024-11-26 17:14:24.567 [info] > git for-each-ref --sort -committerdate --format %(refname) %(objectname) %(*objectname) [2ms]
2024-11-26 17:14:24.636 [info] > git status -z -uall [73ms]
2024-11-26 17:14:29.651 [info] > git config --get commit.template [3ms]
2024-11-26 17:14:29.652 [info] > git for-each-ref --format=%(refname)%00%(upstream:short)%00%(objectname)%00%(upstream:track)%00%(upstream:remotename)%00%(upstream:remoteref) refs/heads/jhw refs/remotes/jhw [1ms]
2024-11-26 17:14:29.661 [info] > git for-each-ref --sort -committerdate --format %(refname) %(objectname) %(*objectname) [1ms]
2024-11-26 17:14:29.728 [info] > git status -z -uall [73ms]
2024-11-26 17:14:43.790 [info] > git config --get commit.template [4ms]
2024-11-26 17:14:43.791 [info] > git for-each-ref --format=%(refname)%00%(upstream:short)%00%(objectname)%00%(upstream:track)%00%(upstream:remotename)%00%(upstream:remoteref) refs/heads/jhw refs/remotes/jhw [2ms]
2024-11-26 17:14:43.800 [info] > git for-each-ref --sort -committerdate --format %(refname) %(objectname) %(*objectname) [2ms]
2024-11-26 17:14:43.867 [info] > git status -z -uall [72ms]
2024-11-26 17:14:48.888 [info] > git config --get commit.template [10ms]
2024-11-26 17:14:48.889 [info] > git for-each-ref --format=%(refname)%00%(upstream:short)%00%(objectname)%00%(upstream:track)%00%(upstream:remotename)%00%(upstream:remoteref) refs/heads/jhw refs/remotes/jhw [8ms]
2024-11-26 17:14:48.903 [info] > git for-each-ref --sort -committerdate --format %(refname) %(objectname) %(*objectname) [6ms]
2024-11-26 17:14:48.966 [info] > git status -z -uall [73ms]
2024-11-26 17:14:53.978 [info] > git config --get commit.template [2ms]
2024-11-26 17:14:53.980 [info] > git for-each-ref --format=%(refname)%00%(upstream:short)%00%(objectname)%00%(upstream:track)%00%(upstream:remotename)%00%(upstream:remoteref) refs/heads/jhw refs/remotes/jhw [2ms]
2024-11-26 17:14:53.987 [info] > git for-each-ref --sort -committerdate --format %(refname) %(objectname) %(*objectname) [2ms]
2024-11-26 17:14:54.056 [info] > git status -z -uall [74ms]
2024-11-26 17:14:59.069 [info] > git config --get commit.template [3ms]
2024-11-26 17:14:59.070 [info] > git for-each-ref --format=%(refname)%00%(upstream:short)%00%(objectname)%00%(upstream:track)%00%(upstream:remotename)%00%(upstream:remoteref) refs/heads/jhw refs/remotes/jhw [1ms]
2024-11-26 17:14:59.077 [info] > git for-each-ref --sort -committerdate --format %(refname) %(objectname) %(*objectname) [2ms]
2024-11-26 17:14:59.147 [info] > git status -z -uall [74ms]
2024-11-26 17:15:04.160 [info] > git config --get commit.template [2ms]
2024-11-26 17:15:04.161 [info] > git for-each-ref --format=%(refname)%00%(upstream:short)%00%(objectname)%00%(upstream:track)%00%(upstream:remotename)%00%(upstream:remoteref) refs/heads/jhw refs/remotes/jhw [1ms]
2024-11-26 17:15:04.169 [info] > git for-each-ref --sort -committerdate --format %(refname) %(objectname) %(*objectname) [2ms]
2024-11-26 17:15:04.237 [info] > git status -z -uall [73ms]
2024-11-26 17:15:35.007 [info] > git config --get commit.template [3ms]
2024-11-26 17:15:35.008 [info] > git for-each-ref --format=%(refname)%00%(upstream:short)%00%(objectname)%00%(upstream:track)%00%(upstream:remotename)%00%(upstream:remoteref) refs/heads/jhw refs/remotes/jhw [1ms]
2024-11-26 17:15:35.015 [info] > git for-each-ref --sort -committerdate --format %(refname) %(objectname) %(*objectname) [2ms]
2024-11-26 17:15:35.086 [info] > git status -z -uall [75ms]
2024-11-26 17:15:40.098 [info] > git config --get commit.template [2ms]
2024-11-26 17:15:40.099 [info] > git for-each-ref --format=%(refname)%00%(upstream:short)%00%(objectname)%00%(upstream:track)%00%(upstream:remotename)%00%(upstream:remoteref) refs/heads/jhw refs/remotes/jhw [2ms]
2024-11-26 17:15:40.106 [info] > git for-each-ref --sort -committerdate --format %(refname) %(objectname) %(*objectname) [2ms]
2024-11-26 17:15:40.175 [info] > git status -z -uall [73ms]
2024-11-26 17:15:45.189 [info] > git config --get commit.template [3ms]
2024-11-26 17:15:45.190 [info] > git for-each-ref --format=%(refname)%00%(upstream:short)%00%(objectname)%00%(upstream:track)%00%(upstream:remotename)%00%(upstream:remoteref) refs/heads/jhw refs/remotes/jhw [2ms]
2024-11-26 17:15:45.197 [info] > git for-each-ref --sort -committerdate --format %(refname) %(objectname) %(*objectname) [2ms]
2024-11-26 17:15:45.288 [info] > git status -z -uall [95ms]
2024-11-26 17:15:50.306 [info] > git config --get commit.template [6ms]
2024-11-26 17:15:50.308 [info] > git for-each-ref --format=%(refname)%00%(upstream:short)%00%(objectname)%00%(upstream:track)%00%(upstream:remotename)%00%(upstream:remoteref) refs/heads/jhw refs/remotes/jhw [2ms]
2024-11-26 17:15:50.319 [info] > git for-each-ref --sort -committerdate --format %(refname) %(objectname) %(*objectname) [1ms]
2024-11-26 17:15:50.397 [info] > git status -z -uall [84ms]
2024-11-26 17:15:55.822 [info] > git config --get commit.template [4ms]
2024-11-26 17:15:55.822 [info] > git for-each-ref --format=%(refname)%00%(upstream:short)%00%(objectname)%00%(upstream:track)%00%(upstream:remotename)%00%(upstream:remoteref) refs/heads/jhw refs/remotes/jhw [2ms]
2024-11-26 17:15:55.829 [info] > git for-each-ref --sort -committerdate --format %(refname) %(objectname) %(*objectname) [2ms]
2024-11-26 17:15:55.900 [info] > git status -z -uall [75ms]
2024-11-26 17:16:04.115 [info] > git config --get commit.template [2ms]
2024-11-26 17:16:04.119 [info] > git for-each-ref --format=%(refname)%00%(upstream:short)%00%(objectname)%00%(upstream:track)%00%(upstream:remotename)%00%(upstream:remoteref) refs/heads/jhw refs/remotes/jhw [1ms]
2024-11-26 17:16:04.126 [info] > git for-each-ref --sort -committerdate --format %(refname) %(objectname) %(*objectname) [2ms]
2024-11-26 17:16:04.208 [info] > git status -z -uall [86ms]
2024-11-26 17:16:09.223 [info] > git config --get commit.template [2ms]
2024-11-26 17:16:09.225 [info] > git for-each-ref --format=%(refname)%00%(upstream:short)%00%(objectname)%00%(upstream:track)%00%(upstream:remotename)%00%(upstream:remoteref) refs/heads/jhw refs/remotes/jhw [2ms]
2024-11-26 17:16:09.234 [info] > git for-each-ref --sort -committerdate --format %(refname) %(objectname) %(*objectname) [2ms]
2024-11-26 17:16:09.303 [info] > git status -z -uall [75ms]
2024-11-26 17:16:14.317 [info] > git config --get commit.template [2ms]
2024-11-26 17:16:14.319 [info] > git for-each-ref --format=%(refname)%00%(upstream:short)%00%(objectname)%00%(upstream:track)%00%(upstream:remotename)%00%(upstream:remoteref) refs/heads/jhw refs/remotes/jhw [2ms]
2024-11-26 17:16:14.325 [info] > git for-each-ref --sort -committerdate --format %(refname) %(objectname) %(*objectname) [2ms]
2024-11-26 17:16:14.395 [info] > git status -z -uall [74ms]
2024-11-26 17:16:17.598 [info] > git show --textconv :add_comment.php [7ms]
2024-11-26 17:16:17.601 [info] > git ls-files --stage -- /var/www/html/2_team/2_team2/add_comment.php [7ms]
2024-11-26 17:16:17.605 [info] > git cat-file -s 46d75a1c5fff54cf9a63bd49989221962a68ba28 [2ms]
2024-11-26 17:16:19.416 [info] > git config --get commit.template [3ms]
2024-11-26 17:16:19.417 [info] > git for-each-ref --format=%(refname)%00%(upstream:short)%00%(objectname)%00%(upstream:track)%00%(upstream:remotename)%00%(upstream:remoteref) refs/heads/jhw refs/remotes/jhw [1ms]
2024-11-26 17:16:19.424 [info] > git for-each-ref --sort -committerdate --format %(refname) %(objectname) %(*objectname) [2ms]
2024-11-26 17:16:19.519 [info] > git status -z -uall [99ms]
2024-11-26 17:16:24.533 [info] > git config --get commit.template [3ms]
2024-11-26 17:16:24.534 [info] > git for-each-ref --format=%(refname)%00%(upstream:short)%00%(objectname)%00%(upstream:track)%00%(upstream:remotename)%00%(upstream:remoteref) refs/heads/jhw refs/remotes/jhw [1ms]
2024-11-26 17:16:24.542 [info] > git for-each-ref --sort -committerdate --format %(refname) %(objectname) %(*objectname) [2ms]
2024-11-26 17:16:24.611 [info] > git status -z -uall [74ms]
2024-11-26 17:16:29.625 [info] > git config --get commit.template [4ms]
2024-11-26 17:16:29.626 [info] > git for-each-ref --format=%(refname)%00%(upstream:short)%00%(objectname)%00%(upstream:track)%00%(upstream:remotename)%00%(upstream:remoteref) refs/heads/jhw refs/remotes/jhw [2ms]
2024-11-26 17:16:29.633 [info] > git for-each-ref --sort -committerdate --format %(refname) %(objectname) %(*objectname) [2ms]
2024-11-26 17:16:29.721 [info] > git status -z -uall [92ms]
2024-11-26 17:16:34.735 [info] > git config --get commit.template [3ms]
2024-11-26 17:16:34.737 [info] > git for-each-ref --format=%(refname)%00%(upstream:short)%00%(objectname)%00%(upstream:track)%00%(upstream:remotename)%00%(upstream:remoteref) refs/heads/jhw refs/remotes/jhw [2ms]
2024-11-26 17:16:34.744 [info] > git for-each-ref --sort -committerdate --format %(refname) %(objectname) %(*objectname) [2ms]
2024-11-26 17:16:34.825 [info] > git status -z -uall [86ms]
2024-11-26 17:18:50.920 [info] > git config --get commit.template [4ms]
2024-11-26 17:18:50.921 [info] > git for-each-ref --format=%(refname)%00%(upstream:short)%00%(objectname)%00%(upstream:track)%00%(upstream:remotename)%00%(upstream:remoteref) refs/heads/jhw refs/remotes/jhw [2ms]
2024-11-26 17:18:50.930 [info] > git for-each-ref --sort -committerdate --format %(refname) %(objectname) %(*objectname) [2ms]
2024-11-26 17:18:50.998 [info] > git status -z -uall [74ms]
2024-11-26 17:18:56.018 [info] > git config --get commit.template [4ms]
2024-11-26 17:18:56.019 [info] > git for-each-ref --format=%(refname)%00%(upstream:short)%00%(objectname)%00%(upstream:track)%00%(upstream:remotename)%00%(upstream:remoteref) refs/heads/jhw refs/remotes/jhw [2ms]
2024-11-26 17:18:56.028 [info] > git for-each-ref --sort -committerdate --format %(refname) %(objectname) %(*objectname) [2ms]
2024-11-26 17:18:56.097 [info] > git status -z -uall [75ms]
2024-11-26 17:19:01.121 [info] > git config --get commit.template [2ms]
2024-11-26 17:19:01.122 [info] > git for-each-ref --format=%(refname)%00%(upstream:short)%00%(objectname)%00%(upstream:track)%00%(upstream:remotename)%00%(upstream:remoteref) refs/heads/jhw refs/remotes/jhw [2ms]
2024-11-26 17:19:01.129 [info] > git for-each-ref --sort -committerdate --format %(refname) %(objectname) %(*objectname) [2ms]
2024-11-26 17:19:01.199 [info] > git status -z -uall [74ms]
2024-11-26 17:19:06.212 [info] > git config --get commit.template [3ms]
2024-11-26 17:19:06.213 [info] > git for-each-ref --format=%(refname)%00%(upstream:short)%00%(objectname)%00%(upstream:track)%00%(upstream:remotename)%00%(upstream:remoteref) refs/heads/jhw refs/remotes/jhw [1ms]
2024-11-26 17:19:06.220 [info] > git for-each-ref --sort -committerdate --format %(refname) %(objectname) %(*objectname) [2ms]
2024-11-26 17:19:06.289 [info] > git status -z -uall [73ms]
2024-11-26 17:19:11.302 [info] > git config --get commit.template [2ms]
2024-11-26 17:19:11.304 [info] > git for-each-ref --format=%(refname)%00%(upstream:short)%00%(objectname)%00%(upstream:track)%00%(upstream:remotename)%00%(upstream:remoteref) refs/heads/jhw refs/remotes/jhw [2ms]
2024-11-26 17:19:11.311 [info] > git for-each-ref --sort -committerdate --format %(refname) %(objectname) %(*objectname) [2ms]
2024-11-26 17:19:11.377 [info] > git status -z -uall [70ms]
2024-11-26 17:19:16.390 [info] > git config --get commit.template [3ms]
2024-11-26 17:19:16.391 [info] > git for-each-ref --format=%(refname)%00%(upstream:short)%00%(objectname)%00%(upstream:track)%00%(upstream:remotename)%00%(upstream:remoteref) refs/heads/jhw refs/remotes/jhw [1ms]
2024-11-26 17:19:16.399 [info] > git for-each-ref --sort -committerdate --format %(refname) %(objectname) %(*objectname) [3ms]
2024-11-26 17:19:16.469 [info] > git status -z -uall [75ms]
2024-11-26 17:19:21.483 [info] > git config --get commit.template [3ms]
2024-11-26 17:19:21.484 [info] > git for-each-ref --format=%(refname)%00%(upstream:short)%00%(objectname)%00%(upstream:track)%00%(upstream:remotename)%00%(upstream:remoteref) refs/heads/jhw refs/remotes/jhw [2ms]
2024-11-26 17:19:21.491 [info] > git for-each-ref --sort -committerdate --format %(refname) %(objectname) %(*objectname) [2ms]
2024-11-26 17:19:21.561 [info] > git status -z -uall [74ms]
2024-11-26 17:19:26.574 [info] > git config --get commit.template [2ms]
2024-11-26 17:19:26.575 [info] > git for-each-ref --format=%(refname)%00%(upstream:short)%00%(objectname)%00%(upstream:track)%00%(upstream:remotename)%00%(upstream:remoteref) refs/heads/jhw refs/remotes/jhw [1ms]
2024-11-26 17:19:26.582 [info] > git for-each-ref --sort -committerdate --format %(refname) %(objectname) %(*objectname) [2ms]
2024-11-26 17:19:26.655 [info] > git status -z -uall [77ms]
2024-11-26 17:19:31.668 [info] > git config --get commit.template [3ms]
2024-11-26 17:19:31.669 [info] > git for-each-ref --format=%(refname)%00%(upstream:short)%00%(objectname)%00%(upstream:track)%00%(upstream:remotename)%00%(upstream:remoteref) refs/heads/jhw refs/remotes/jhw [1ms]
2024-11-26 17:19:31.677 [info] > git for-each-ref --sort -committerdate --format %(refname) %(objectname) %(*objectname) [2ms]
2024-11-26 17:19:31.745 [info] > git status -z -uall [73ms]
2024-11-26 17:19:36.757 [info] > git config --get commit.template [3ms]
2024-11-26 17:19:36.758 [info] > git for-each-ref --format=%(refname)%00%(upstream:short)%00%(objectname)%00%(upstream:track)%00%(upstream:remotename)%00%(upstream:remoteref) refs/heads/jhw refs/remotes/jhw [1ms]
2024-11-26 17:19:36.766 [info] > git for-each-ref --sort -committerdate --format %(refname) %(objectname) %(*objectname) [3ms]
2024-11-26 17:19:36.835 [info] > git status -z -uall [74ms]
2024-11-26 17:19:41.850 [info] > git config --get commit.template [2ms]
2024-11-26 17:19:41.851 [info] > git for-each-ref --format=%(refname)%00%(upstream:short)%00%(objectname)%00%(upstream:track)%00%(upstream:remotename)%00%(upstream:remoteref) refs/heads/jhw refs/remotes/jhw [2ms]
2024-11-26 17:19:41.858 [info] > git for-each-ref --sort -committerdate --format %(refname) %(objectname) %(*objectname) [2ms]
2024-11-26 17:19:41.929 [info] > git status -z -uall [74ms]
2024-11-26 17:19:46.946 [info] > git config --get commit.template [4ms]
2024-11-26 17:19:46.947 [info] > git for-each-ref --format=%(refname)%00%(upstream:short)%00%(objectname)%00%(upstream:track)%00%(upstream:remotename)%00%(upstream:remoteref) refs/heads/jhw refs/remotes/jhw [2ms]
2024-11-26 17:19:46.956 [info] > git for-each-ref --sort -committerdate --format %(refname) %(objectname) %(*objectname) [2ms]
2024-11-26 17:19:47.024 [info] > git status -z -uall [73ms]
2024-11-26 17:19:52.048 [info] > git config --get commit.template [4ms]
2024-11-26 17:19:52.049 [info] > git for-each-ref --format=%(refname)%00%(upstream:short)%00%(objectname)%00%(upstream:track)%00%(upstream:remotename)%00%(upstream:remoteref) refs/heads/jhw refs/remotes/jhw [2ms]
2024-11-26 17:19:52.058 [info] > git for-each-ref --sort -committerdate --format %(refname) %(objectname) %(*objectname) [3ms]
2024-11-26 17:19:52.142 [info] > git status -z -uall [90ms]
2024-11-26 17:19:57.157 [info] > git config --get commit.template [3ms]
2024-11-26 17:19:57.158 [info] > git for-each-ref --format=%(refname)%00%(upstream:short)%00%(objectname)%00%(upstream:track)%00%(upstream:remotename)%00%(upstream:remoteref) refs/heads/jhw refs/remotes/jhw [2ms]
2024-11-26 17:19:57.165 [info] > git for-each-ref --sort -committerdate --format %(refname) %(objectname) %(*objectname) [2ms]
2024-11-26 17:19:57.243 [info] > git status -z -uall [83ms]
2024-11-26 17:20:02.257 [info] > git config --get commit.template [4ms]
2024-11-26 17:20:02.258 [info] > git for-each-ref --format=%(refname)%00%(upstream:short)%00%(objectname)%00%(upstream:track)%00%(upstream:remotename)%00%(upstream:remoteref) refs/heads/jhw refs/remotes/jhw [1ms]
2024-11-26 17:20:02.265 [info] > git for-each-ref --sort -committerdate --format %(refname) %(objectname) %(*objectname) [2ms]
2024-11-26 17:20:02.335 [info] > git status -z -uall [74ms]
2024-11-26 17:20:05.423 [info] > git show --textconv :add_comment.php [7ms]
2024-11-26 17:20:05.425 [info] > git ls-files --stage -- /var/www/html/2_team/2_team2/add_comment.php [7ms]
2024-11-26 17:20:05.429 [info] > git cat-file -s 46d75a1c5fff54cf9a63bd49989221962a68ba28 [1ms]
2024-11-26 17:20:07.347 [info] > git config --get commit.template [2ms]
2024-11-26 17:20:07.349 [info] > git for-each-ref --format=%(refname)%00%(upstream:short)%00%(objectname)%00%(upstream:track)%00%(upstream:remotename)%00%(upstream:remoteref) refs/heads/jhw refs/remotes/jhw [1ms]
2024-11-26 17:20:07.356 [info] > git for-each-ref --sort -committerdate --format %(refname) %(objectname) %(*objectname) [3ms]
2024-11-26 17:20:07.424 [info] > git status -z -uall [73ms]
2024-11-26 17:20:12.438 [info] > git config --get commit.template [3ms]
2024-11-26 17:20:12.439 [info] > git for-each-ref --format=%(refname)%00%(upstream:short)%00%(objectname)%00%(upstream:track)%00%(upstream:remotename)%00%(upstream:remoteref) refs/heads/jhw refs/remotes/jhw [1ms]
2024-11-26 17:20:12.446 [info] > git for-each-ref --sort -committerdate --format %(refname) %(objectname) %(*objectname) [2ms]
2024-11-26 17:20:12.518 [info] > git status -z -uall [76ms]
2024-11-26 17:20:17.539 [info] > git config --get commit.template [3ms]
2024-11-26 17:20:17.540 [info] > git for-each-ref --format=%(refname)%00%(upstream:short)%00%(objectname)%00%(upstream:track)%00%(upstream:remotename)%00%(upstream:remoteref) refs/heads/jhw refs/remotes/jhw [1ms]
2024-11-26 17:20:17.547 [info] > git for-each-ref --sort -committerdate --format %(refname) %(objectname) %(*objectname) [2ms]
2024-11-26 17:20:17.616 [info] > git status -z -uall [73ms]
2024-11-26 17:20:22.629 [info] > git config --get commit.template [2ms]
2024-11-26 17:20:22.631 [info] > git for-each-ref --format=%(refname)%00%(upstream:short)%00%(objectname)%00%(upstream:track)%00%(upstream:remotename)%00%(upstream:remoteref) refs/heads/jhw refs/remotes/jhw [2ms]
2024-11-26 17:20:22.638 [info] > git for-each-ref --sort -committerdate --format %(refname) %(objectname) %(*objectname) [2ms]
2024-11-26 17:20:22.707 [info] > git status -z -uall [74ms]
2024-11-26 17:20:27.722 [info] > git config --get commit.template [3ms]
2024-11-26 17:20:27.723 [info] > git for-each-ref --format=%(refname)%00%(upstream:short)%00%(objectname)%00%(upstream:track)%00%(upstream:remotename)%00%(upstream:remoteref) refs/heads/jhw refs/remotes/jhw [1ms]
2024-11-26 17:20:27.731 [info] > git for-each-ref --sort -committerdate --format %(refname) %(objectname) %(*objectname) [2ms]
2024-11-26 17:20:27.800 [info] > git status -z -uall [74ms]
2024-11-26 17:20:32.816 [info] > git config --get commit.template [2ms]
2024-11-26 17:20:32.818 [info] > git for-each-ref --format=%(refname)%00%(upstream:short)%00%(objectname)%00%(upstream:track)%00%(upstream:remotename)%00%(upstream:remoteref) refs/heads/jhw refs/remotes/jhw [2ms]
2024-11-26 17:20:32.825 [info] > git for-each-ref --sort -committerdate --format %(refname) %(objectname) %(*objectname) [2ms]
2024-11-26 17:20:32.896 [info] > git status -z -uall [76ms]
2024-11-26 17:20:37.909 [info] > git config --get commit.template [2ms]
2024-11-26 17:20:37.910 [info] > git for-each-ref --format=%(refname)%00%(upstream:short)%00%(objectname)%00%(upstream:track)%00%(upstream:remotename)%00%(upstream:remoteref) refs/heads/jhw refs/remotes/jhw [2ms]
2024-11-26 17:20:37.917 [info] > git for-each-ref --sort -committerdate --format %(refname) %(objectname) %(*objectname) [2ms]
2024-11-26 17:20:37.985 [info] > git status -z -uall [73ms]
2024-11-26 17:20:42.999 [info] > git config --get commit.template [2ms]
2024-11-26 17:20:43.000 [info] > git for-each-ref --format=%(refname)%00%(upstream:short)%00%(objectname)%00%(upstream:track)%00%(upstream:remotename)%00%(upstream:remoteref) refs/heads/jhw refs/remotes/jhw [2ms]
2024-11-26 17:20:43.007 [info] > git for-each-ref --sort -committerdate --format %(refname) %(objectname) %(*objectname) [2ms]
2024-11-26 17:20:43.085 [info] > git status -z -uall [82ms]
2024-11-26 17:20:48.099 [info] > git config --get commit.template [4ms]
2024-11-26 17:20:48.100 [info] > git for-each-ref --format=%(refname)%00%(upstream:short)%00%(objectname)%00%(upstream:track)%00%(upstream:remotename)%00%(upstream:remoteref) refs/heads/jhw refs/remotes/jhw [2ms]
2024-11-26 17:20:48.108 [info] > git for-each-ref --sort -committerdate --format %(refname) %(objectname) %(*objectname) [2ms]
2024-11-26 17:20:48.178 [info] > git status -z -uall [75ms]
2024-11-26 17:20:53.191 [info] > git config --get commit.template [3ms]
2024-11-26 17:20:53.192 [info] > git for-each-ref --format=%(refname)%00%(upstream:short)%00%(objectname)%00%(upstream:track)%00%(upstream:remotename)%00%(upstream:remoteref) refs/heads/jhw refs/remotes/jhw [1ms]
2024-11-26 17:20:53.200 [info] > git for-each-ref --sort -committerdate --format %(refname) %(objectname) %(*objectname) [2ms]
2024-11-26 17:20:53.270 [info] > git status -z -uall [75ms]
2024-11-26 17:20:58.281 [info] > git config --get commit.template [3ms]
2024-11-26 17:20:58.282 [info] > git for-each-ref --format=%(refname)%00%(upstream:short)%00%(objectname)%00%(upstream:track)%00%(upstream:remotename)%00%(upstream:remoteref) refs/heads/jhw refs/remotes/jhw [1ms]
2024-11-26 17:20:58.289 [info] > git for-each-ref --sort -committerdate --format %(refname) %(objectname) %(*objectname) [2ms]
2024-11-26 17:20:58.359 [info] > git status -z -uall [74ms]
2024-11-26 17:21:03.381 [info] > git config --get commit.template [3ms]
2024-11-26 17:21:03.382 [info] > git for-each-ref --format=%(refname)%00%(upstream:short)%00%(objectname)%00%(upstream:track)%00%(upstream:remotename)%00%(upstream:remoteref) refs/heads/jhw refs/remotes/jhw [2ms]
2024-11-26 17:21:03.389 [info] > git for-each-ref --sort -committerdate --format %(refname) %(objectname) %(*objectname) [2ms]
2024-11-26 17:21:03.456 [info] > git status -z -uall [71ms]
2024-11-26 17:21:08.474 [info] > git config --get commit.template [5ms]
2024-11-26 17:21:08.475 [info] > git for-each-ref --format=%(refname)%00%(upstream:short)%00%(objectname)%00%(upstream:track)%00%(upstream:remotename)%00%(upstream:remoteref) refs/heads/jhw refs/remotes/jhw [2ms]
2024-11-26 17:21:08.489 [info] > git for-each-ref --sort -committerdate --format %(refname) %(objectname) %(*objectname) [6ms]
2024-11-26 17:21:08.556 [info] > git status -z -uall [77ms]
2024-11-26 17:21:13.578 [info] > git config --get commit.template [3ms]
2024-11-26 17:21:13.580 [info] > git for-each-ref --format=%(refname)%00%(upstream:short)%00%(objectname)%00%(upstream:track)%00%(upstream:remotename)%00%(upstream:remoteref) refs/heads/jhw refs/remotes/jhw [2ms]
2024-11-26 17:21:13.587 [info] > git for-each-ref --sort -committerdate --format %(refname) %(objectname) %(*objectname) [2ms]
2024-11-26 17:21:13.656 [info] > git status -z -uall [74ms]
2024-11-26 17:21:18.671 [info] > git config --get commit.template [3ms]
2024-11-26 17:21:18.671 [info] > git for-each-ref --format=%(refname)%00%(upstream:short)%00%(objectname)%00%(upstream:track)%00%(upstream:remotename)%00%(upstream:remoteref) refs/heads/jhw refs/remotes/jhw [2ms]
2024-11-26 17:21:18.678 [info] > git for-each-ref --sort -committerdate --format %(refname) %(objectname) %(*objectname) [2ms]
2024-11-26 17:21:18.747 [info] > git status -z -uall [74ms]
2024-11-26 17:21:23.770 [info] > git config --get commit.template [3ms]
2024-11-26 17:21:23.771 [info] > git for-each-ref --format=%(refname)%00%(upstream:short)%00%(objectname)%00%(upstream:track)%00%(upstream:remotename)%00%(upstream:remoteref) refs/heads/jhw refs/remotes/jhw [2ms]
2024-11-26 17:21:23.778 [info] > git for-each-ref --sort -committerdate --format %(refname) %(objectname) %(*objectname) [2ms]
2024-11-26 17:21:23.847 [info] > git status -z -uall [74ms]
2024-11-26 17:22:31.017 [info] > git config --get commit.template [3ms]
2024-11-26 17:22:31.019 [info] > git for-each-ref --format=%(refname)%00%(upstream:short)%00%(objectname)%00%(upstream:track)%00%(upstream:remotename)%00%(upstream:remoteref) refs/heads/jhw refs/remotes/jhw [3ms]
2024-11-26 17:22:31.026 [info] > git for-each-ref --sort -committerdate --format %(refname) %(objectname) %(*objectname) [2ms]
2024-11-26 17:22:31.096 [info] > git status -z -uall [75ms]
2024-11-26 17:24:10.730 [info] > git config --get commit.template [3ms]
2024-11-26 17:24:10.731 [info] > git for-each-ref --format=%(refname)%00%(upstream:short)%00%(objectname)%00%(upstream:track)%00%(upstream:remotename)%00%(upstream:remoteref) refs/heads/jhw refs/remotes/jhw [1ms]
2024-11-26 17:24:10.738 [info] > git for-each-ref --sort -committerdate --format %(refname) %(objectname) %(*objectname) [2ms]
2024-11-26 17:24:10.807 [info] > git status -z -uall [73ms]
2024-11-26 17:24:15.825 [info] > git config --get commit.template [3ms]
2024-11-26 17:24:15.826 [info] > git for-each-ref --format=%(refname)%00%(upstream:short)%00%(objectname)%00%(upstream:track)%00%(upstream:remotename)%00%(upstream:remoteref) refs/heads/jhw refs/remotes/jhw [2ms]
2024-11-26 17:24:15.833 [info] > git for-each-ref --sort -committerdate --format %(refname) %(objectname) %(*objectname) [2ms]
2024-11-26 17:24:15.901 [info] > git status -z -uall [73ms]
2024-11-26 17:24:20.918 [info] > git config --get commit.template [3ms]
2024-11-26 17:24:20.918 [info] > git for-each-ref --format=%(refname)%00%(upstream:short)%00%(objectname)%00%(upstream:track)%00%(upstream:remotename)%00%(upstream:remoteref) refs/heads/jhw refs/remotes/jhw [1ms]
2024-11-26 17:24:20.926 [info] > git for-each-ref --sort -committerdate --format %(refname) %(objectname) %(*objectname) [2ms]
2024-11-26 17:24:20.995 [info] > git status -z -uall [74ms]
2024-11-26 17:28:24.347 [info] > git config --get commit.template [2ms]
2024-11-26 17:28:24.348 [info] > git for-each-ref --format=%(refname)%00%(upstream:short)%00%(objectname)%00%(upstream:track)%00%(upstream:remotename)%00%(upstream:remoteref) refs/heads/jhw refs/remotes/jhw [1ms]
2024-11-26 17:28:24.356 [info] > git for-each-ref --sort -committerdate --format %(refname) %(objectname) %(*objectname) [2ms]
2024-11-26 17:28:24.423 [info] > git status -z -uall [72ms]
2024-11-26 17:28:29.440 [info] > git config --get commit.template [3ms]
2024-11-26 17:28:29.442 [info] > git for-each-ref --format=%(refname)%00%(upstream:short)%00%(objectname)%00%(upstream:track)%00%(upstream:remotename)%00%(upstream:remoteref) refs/heads/jhw refs/remotes/jhw [2ms]
2024-11-26 17:28:29.449 [info] > git for-each-ref --sort -committerdate --format %(refname) %(objectname) %(*objectname) [2ms]
2024-11-26 17:28:29.516 [info] > git status -z -uall [72ms]
2024-11-26 17:28:34.530 [info] > git config --get commit.template [3ms]
2024-11-26 17:28:34.531 [info] > git for-each-ref --format=%(refname)%00%(upstream:short)%00%(objectname)%00%(upstream:track)%00%(upstream:remotename)%00%(upstream:remoteref) refs/heads/jhw refs/remotes/jhw [1ms]
2024-11-26 17:28:34.539 [info] > git for-each-ref --sort -committerdate --format %(refname) %(objectname) %(*objectname) [2ms]
2024-11-26 17:28:34.609 [info] > git status -z -uall [75ms]
2024-11-26 17:28:39.622 [info] > git config --get commit.template [3ms]
2024-11-26 17:28:39.623 [info] > git for-each-ref --format=%(refname)%00%(upstream:short)%00%(objectname)%00%(upstream:track)%00%(upstream:remotename)%00%(upstream:remoteref) refs/heads/jhw refs/remotes/jhw [1ms]
2024-11-26 17:28:39.631 [info] > git for-each-ref --sort -committerdate --format %(refname) %(objectname) %(*objectname) [2ms]
2024-11-26 17:28:39.716 [info] > git status -z -uall [90ms]
2024-11-26 17:28:53.699 [info] > git config --get commit.template [2ms]
2024-11-26 17:28:53.700 [info] > git for-each-ref --format=%(refname)%00%(upstream:short)%00%(objectname)%00%(upstream:track)%00%(upstream:remotename)%00%(upstream:remoteref) refs/heads/jhw refs/remotes/jhw [1ms]
2024-11-26 17:28:53.708 [info] > git for-each-ref --sort -committerdate --format %(refname) %(objectname) %(*objectname) [2ms]
2024-11-26 17:28:53.777 [info] > git status -z -uall [74ms]
2024-11-26 17:28:58.789 [info] > git config --get commit.template [3ms]
2024-11-26 17:28:58.790 [info] > git for-each-ref --format=%(refname)%00%(upstream:short)%00%(objectname)%00%(upstream:track)%00%(upstream:remotename)%00%(upstream:remoteref) refs/heads/jhw refs/remotes/jhw [1ms]
2024-11-26 17:28:58.797 [info] > git for-each-ref --sort -committerdate --format %(refname) %(objectname) %(*objectname) [2ms]
2024-11-26 17:28:58.865 [info] > git status -z -uall [72ms]
2024-11-26 17:29:03.879 [info] > git config --get commit.template [3ms]
2024-11-26 17:29:03.880 [info] > git for-each-ref --format=%(refname)%00%(upstream:short)%00%(objectname)%00%(upstream:track)%00%(upstream:remotename)%00%(upstream:remoteref) refs/heads/jhw refs/remotes/jhw [1ms]
2024-11-26 17:29:03.887 [info] > git for-each-ref --sort -committerdate --format %(refname) %(objectname) %(*objectname) [2ms]
2024-11-26 17:29:03.965 [info] > git status -z -uall [82ms]
2024-11-26 17:32:28.134 [info] > git config --get commit.template [3ms]
2024-11-26 17:32:28.135 [info] > git for-each-ref --format=%(refname)%00%(upstream:short)%00%(objectname)%00%(upstream:track)%00%(upstream:remotename)%00%(upstream:remoteref) refs/heads/jhw refs/remotes/jhw [2ms]
2024-11-26 17:32:28.142 [info] > git for-each-ref --sort -committerdate --format %(refname) %(objectname) %(*objectname) [2ms]
2024-11-26 17:32:28.212 [info] > git status -z -uall [75ms]
2024-11-26 17:32:33.185 [info] > git show --textconv :add_comment.php [6ms]
2024-11-26 17:32:33.190 [info] > git ls-files --stage -- /var/www/html/2_team/2_team2/add_comment.php [7ms]
2024-11-26 17:32:33.195 [info] > git cat-file -s 46d75a1c5fff54cf9a63bd49989221962a68ba28 [1ms]
2024-11-26 17:32:33.230 [info] > git config --get commit.template [2ms]
2024-11-26 17:32:33.231 [info] > git for-each-ref --format=%(refname)%00%(upstream:short)%00%(objectname)%00%(upstream:track)%00%(upstream:remotename)%00%(upstream:remoteref) refs/heads/jhw refs/remotes/jhw [2ms]
2024-11-26 17:32:33.238 [info] > git for-each-ref --sort -committerdate --format %(refname) %(objectname) %(*objectname) [2ms]
2024-11-26 17:32:33.307 [info] > git status -z -uall [74ms]
2024-11-26 17:33:19.512 [info] > git config --get commit.template [3ms]
2024-11-26 17:33:19.513 [info] > git for-each-ref --format=%(refname)%00%(upstream:short)%00%(objectname)%00%(upstream:track)%00%(upstream:remotename)%00%(upstream:remoteref) refs/heads/jhw refs/remotes/jhw [2ms]
2024-11-26 17:33:19.520 [info] > git for-each-ref --sort -committerdate --format %(refname) %(objectname) %(*objectname) [2ms]
2024-11-26 17:33:19.589 [info] > git status -z -uall [73ms]
2024-11-26 17:33:24.604 [info] > git config --get commit.template [3ms]
2024-11-26 17:33:24.605 [info] > git for-each-ref --format=%(refname)%00%(upstream:short)%00%(objectname)%00%(upstream:track)%00%(upstream:remotename)%00%(upstream:remoteref) refs/heads/jhw refs/remotes/jhw [1ms]
2024-11-26 17:33:24.613 [info] > git for-each-ref --sort -committerdate --format %(refname) %(objectname) %(*objectname) [2ms]
2024-11-26 17:33:24.683 [info] > git status -z -uall [75ms]
2024-11-26 17:33:29.696 [info] > git config --get commit.template [2ms]
2024-11-26 17:33:29.698 [info] > git for-each-ref --format=%(refname)%00%(upstream:short)%00%(objectname)%00%(upstream:track)%00%(upstream:remotename)%00%(upstream:remoteref) refs/heads/jhw refs/remotes/jhw [1ms]
2024-11-26 17:33:29.704 [info] > git for-each-ref --sort -committerdate --format %(refname) %(objectname) %(*objectname) [2ms]
2024-11-26 17:33:29.773 [info] > git status -z -uall [73ms]
2024-11-26 17:33:34.794 [info] > git config --get commit.template [3ms]
2024-11-26 17:33:34.795 [info] > git for-each-ref --format=%(refname)%00%(upstream:short)%00%(objectname)%00%(upstream:track)%00%(upstream:remotename)%00%(upstream:remoteref) refs/heads/jhw refs/remotes/jhw [1ms]
2024-11-26 17:33:34.802 [info] > git for-each-ref --sort -committerdate --format %(refname) %(objectname) %(*objectname) [2ms]
2024-11-26 17:33:34.871 [info] > git status -z -uall [73ms]
2024-11-26 17:33:39.885 [info] > git config --get commit.template [4ms]
2024-11-26 17:33:39.886 [info] > git for-each-ref --format=%(refname)%00%(upstream:short)%00%(objectname)%00%(upstream:track)%00%(upstream:remotename)%00%(upstream:remoteref) refs/heads/jhw refs/remotes/jhw [2ms]
2024-11-26 17:33:39.893 [info] > git for-each-ref --sort -committerdate --format %(refname) %(objectname) %(*objectname) [2ms]
2024-11-26 17:33:39.962 [info] > git status -z -uall [73ms]
2024-11-26 17:33:44.975 [info] > git config --get commit.template [2ms]
2024-11-26 17:33:44.976 [info] > git for-each-ref --format=%(refname)%00%(upstream:short)%00%(objectname)%00%(upstream:track)%00%(upstream:remotename)%00%(upstream:remoteref) refs/heads/jhw refs/remotes/jhw [1ms]
2024-11-26 17:33:44.983 [info] > git for-each-ref --sort -committerdate --format %(refname) %(objectname) %(*objectname) [2ms]
2024-11-26 17:33:45.054 [info] > git status -z -uall [75ms]
2024-11-26 17:37:11.923 [info] > git config --get commit.template [3ms]
2024-11-26 17:37:11.924 [info] > git for-each-ref --format=%(refname)%00%(upstream:short)%00%(objectname)%00%(upstream:track)%00%(upstream:remotename)%00%(upstream:remoteref) refs/heads/jhw refs/remotes/jhw [1ms]
2024-11-26 17:37:11.931 [info] > git for-each-ref --sort -committerdate --format %(refname) %(objectname) %(*objectname) [2ms]
2024-11-26 17:37:12.000 [info] > git status -z -uall [73ms]
