2024-11-22 00:25:29.262 [info] [main] 로그 수준: Info
2024-11-22 00:25:29.262 [info] [main] "git"에서 찾은 git 유효성을 검사하는 중
2024-11-22 00:25:29.262 [info] [main] "2.34.1"에서 git "git"을(를) 사용하는 중
2024-11-22 00:25:29.262 [info] [Model][doInitialScan] Initial repository scan started
2024-11-22 00:25:29.262 [info] > git rev-parse --show-toplevel [1ms]
2024-11-22 00:25:29.262 [info] > git rev-parse --git-dir --git-common-dir [1ms]
2024-11-22 00:25:29.262 [info] [Model][openRepository] Opened repository: /var/www/html/2_team/2_team2
2024-11-22 00:25:29.262 [info] > git config --get commit.template [3ms]
2024-11-22 00:25:29.262 [info] > git rev-parse --show-toplevel [2ms]
2024-11-22 00:25:29.262 [info] > git for-each-ref --format=%(refname)%00%(upstream:short)%00%(objectname)%00%(upstream:track)%00%(upstream:remotename)%00%(upstream:remoteref) refs/heads/jhw refs/remotes/jhw [3ms]
2024-11-22 00:25:29.262 [info] > git rev-parse --show-toplevel [1ms]
2024-11-22 00:25:29.262 [info] > git rev-parse --show-toplevel [6ms]
2024-11-22 00:25:29.262 [info] > git rev-parse --show-toplevel [1ms]
2024-11-22 00:25:29.262 [info] > git for-each-ref --sort -committerdate --format %(refname) %(objectname) %(*objectname) [7ms]
2024-11-22 00:25:29.262 [info] > git rev-parse --show-toplevel [1ms]
2024-11-22 00:25:29.262 [info] > git rev-parse --show-toplevel [1ms]
2024-11-22 00:25:29.262 [info] > git rev-parse --show-toplevel [2ms]
2024-11-22 00:25:29.262 [info] > git rev-parse --show-toplevel [1ms]
2024-11-22 00:25:29.262 [info] > git rev-parse --show-toplevel [2ms]
2024-11-22 00:25:29.262 [info] > git rev-parse --show-toplevel [2ms]
2024-11-22 00:25:29.262 [info] [Model][doInitialScan] Initial repository scan completed - repositories (1), closed repositories (0), parent repositories (0), unsafe repositories (0)
2024-11-22 00:25:29.262 [info] > git status -z -uall [73ms]
2024-11-22 00:25:29.262 [info] > git for-each-ref --format=%(refname)%00%(upstream:short)%00%(objectname)%00%(upstream:track)%00%(upstream:remotename)%00%(upstream:remoteref) refs/heads/jhw refs/remotes/jhw [22ms]
2024-11-22 00:25:29.262 [info] > git config --get commit.template [4ms]
2024-11-22 00:25:29.262 [info] > git config --local branch.jhw.vscode-merge-base [4ms]
2024-11-22 00:25:29.262 [warning] [Git][config] git config failed: Failed to execute git
2024-11-22 00:25:29.263 [info] > git for-each-ref --format=%(refname)%00%(upstream:short)%00%(objectname)%00%(upstream:track)%00%(upstream:remotename)%00%(upstream:remoteref) refs/heads/jhw refs/remotes/jhw [4ms]
2024-11-22 00:25:29.263 [info] > git reflog jhw --grep-reflog=branch: Created from *. [7ms]
2024-11-22 00:25:29.263 [info] > git for-each-ref --sort -committerdate --format %(refname) %(objectname) %(*objectname) [4ms]
2024-11-22 00:25:29.263 [info] > git reflog HEAD --grep-reflog=checkout: moving from .* to jhw [11ms]
2024-11-22 00:25:29.263 [info] > git for-each-ref --format=%(refname)%00%(upstream:short)%00%(objectname)%00%(upstream:track)%00%(upstream:remotename)%00%(upstream:remoteref) refs/heads/main refs/remotes/main [1ms]
2024-11-22 00:25:29.263 [info] > git symbolic-ref --short refs/remotes/origin/HEAD [2ms]
2024-11-22 00:25:29.263 [info] fatal: ref refs/remotes/origin/HEAD is not a symbolic ref
2024-11-22 00:25:29.263 [warning] [Repository][getDefaultBranch] Failed to get default branch details: Failed to execute git.
2024-11-22 00:25:29.263 [info] > git merge-base refs/heads/jhw refs/remotes/origin/jhw [1ms]
2024-11-22 00:25:29.263 [info] > git diff --name-status -z --diff-filter=ADMR 01d41091e68723ed58359d8412d03200632ed251...refs/remotes/origin/jhw [1ms]
2024-11-22 00:25:29.263 [info] > git status -z -uall [75ms]
2024-11-22 00:25:29.803 [info] > git show --textconv :LOLgamepage.php [8ms]
2024-11-22 00:25:29.806 [info] > git ls-files --stage -- /var/www/html/2_team/2_team2/LOLgamepage.php [7ms]
2024-11-22 00:25:29.809 [info] > git cat-file -s 8933eacd93bcda33febafa48019fbab6c4f4a040 [1ms]
2024-11-22 00:25:30.121 [info] > git check-ignore -v -z --stdin [21ms]
2024-11-22 00:25:32.080 [info] > git config --get commit.template [3ms]
2024-11-22 00:25:32.081 [info] > git for-each-ref --format=%(refname)%00%(upstream:short)%00%(objectname)%00%(upstream:track)%00%(upstream:remotename)%00%(upstream:remoteref) refs/heads/jhw refs/remotes/jhw [2ms]
2024-11-22 00:25:32.088 [info] > git for-each-ref --sort -committerdate --format %(refname) %(objectname) %(*objectname) [2ms]
2024-11-22 00:25:32.154 [info] > git status -z -uall [70ms]
2024-11-22 00:25:37.167 [info] > git config --get commit.template [3ms]
2024-11-22 00:25:37.168 [info] > git for-each-ref --format=%(refname)%00%(upstream:short)%00%(objectname)%00%(upstream:track)%00%(upstream:remotename)%00%(upstream:remoteref) refs/heads/jhw refs/remotes/jhw [2ms]
2024-11-22 00:25:37.175 [info] > git for-each-ref --sort -committerdate --format %(refname) %(objectname) %(*objectname) [2ms]
2024-11-22 00:25:37.240 [info] > git status -z -uall [70ms]
2024-11-22 00:25:42.253 [info] > git config --get commit.template [3ms]
2024-11-22 00:25:42.254 [info] > git for-each-ref --format=%(refname)%00%(upstream:short)%00%(objectname)%00%(upstream:track)%00%(upstream:remotename)%00%(upstream:remoteref) refs/heads/jhw refs/remotes/jhw [2ms]
2024-11-22 00:25:42.262 [info] > git for-each-ref --sort -committerdate --format %(refname) %(objectname) %(*objectname) [3ms]
2024-11-22 00:25:42.327 [info] > git status -z -uall [70ms]
