2024-11-26 19:57:03.010 [info] [main] Log level: Info
2024-11-26 19:57:03.010 [info] [main] Validating found git in: "git"
2024-11-26 19:57:03.010 [info] [main] Using git "2.34.1" from "git"
2024-11-26 19:57:03.010 [info] [Model][doInitialScan] Initial repository scan started
2024-11-26 19:57:03.010 [info] > git rev-parse --show-toplevel [3ms]
2024-11-26 19:57:03.010 [info] > git rev-parse --git-dir --git-common-dir [2ms]
2024-11-26 19:57:03.010 [info] [Model][openRepository] Opened repository: /var/www/html/2_team/2_team2
2024-11-26 19:57:03.010 [info] > git config --get commit.template [3ms]
2024-11-26 19:57:03.010 [info] > git rev-parse --show-toplevel [1ms]
2024-11-26 19:57:03.010 [info] > git for-each-ref --format=%(refname)%00%(upstream:short)%00%(objectname)%00%(upstream:track)%00%(upstream:remotename)%00%(upstream:remoteref) refs/heads/jhw refs/remotes/jhw [3ms]
2024-11-26 19:57:03.010 [info] > git rev-parse --show-toplevel [1ms]
2024-11-26 19:57:03.010 [info] > git rev-parse --show-toplevel [1ms]
2024-11-26 19:57:03.010 [info] > git for-each-ref --sort -committerdate --format %(refname) %(objectname) %(*objectname) [8ms]
2024-11-26 19:57:03.010 [info] > git rev-parse --show-toplevel [2ms]
2024-11-26 19:57:03.010 [info] > git rev-parse --show-toplevel [2ms]
2024-11-26 19:57:03.010 [info] > git rev-parse --show-toplevel [2ms]
2024-11-26 19:57:03.010 [info] > git rev-parse --show-toplevel [2ms]
2024-11-26 19:57:03.010 [info] > git rev-parse --show-toplevel [1ms]
2024-11-26 19:57:03.010 [info] > git rev-parse --show-toplevel [2ms]
2024-11-26 19:57:03.010 [info] > git rev-parse --show-toplevel [1ms]
2024-11-26 19:57:03.010 [info] [Model][doInitialScan] Initial repository scan completed - repositories (1), closed repositories (0), parent repositories (0), unsafe repositories (0)
2024-11-26 19:57:03.054 [info] > git status -z -uall [98ms]
2024-11-26 19:57:03.100 [info] > git for-each-ref --format=%(refname)%00%(upstream:short)%00%(objectname)%00%(upstream:track)%00%(upstream:remotename)%00%(upstream:remoteref) refs/heads/jhw refs/remotes/jhw [18ms]
2024-11-26 19:57:03.104 [info] > git config --get commit.template [5ms]
2024-11-26 19:57:03.105 [info] > git config --local branch.jhw.vscode-merge-base [2ms]
2024-11-26 19:57:03.105 [warning] [Git][config] git config failed: Failed to execute git
2024-11-26 19:57:03.111 [info] > git reflog jhw --grep-reflog=branch: Created from *. [4ms]
2024-11-26 19:57:03.114 [info] > git for-each-ref --format=%(refname)%00%(upstream:short)%00%(objectname)%00%(upstream:track)%00%(upstream:remotename)%00%(upstream:remoteref) refs/heads/jhw refs/remotes/jhw [3ms]
2024-11-26 19:57:03.121 [info] > git reflog HEAD --grep-reflog=checkout: moving from .* to jhw [7ms]
2024-11-26 19:57:03.129 [info] > git for-each-ref --sort -committerdate --format %(refname) %(objectname) %(*objectname) [9ms]
2024-11-26 19:57:03.131 [info] > git for-each-ref --format=%(refname)%00%(upstream:short)%00%(objectname)%00%(upstream:track)%00%(upstream:remotename)%00%(upstream:remoteref) refs/heads/main refs/remotes/main [3ms]
2024-11-26 19:57:03.138 [info] > git symbolic-ref --short refs/remotes/origin/HEAD [1ms]
2024-11-26 19:57:03.138 [info] fatal: ref refs/remotes/origin/HEAD is not a symbolic ref
2024-11-26 19:57:03.138 [warning] [Repository][getDefaultBranch] Failed to get default branch details: Failed to execute git.
2024-11-26 19:57:03.144 [info] > git merge-base refs/heads/jhw refs/remotes/origin/jhw [2ms]
2024-11-26 19:57:03.150 [info] > git diff --name-status -z --diff-filter=ADMR 9737636c5f94e0bcd809246b99e222d049bc4914...refs/remotes/origin/jhw [2ms]
2024-11-26 19:57:03.242 [info] > git status -z -uall [125ms]
2024-11-26 19:57:03.423 [info] > git show --textconv :index.php [7ms]
2024-11-26 19:57:03.428 [info] > git ls-files --stage -- /var/www/html/2_team/2_team2/index.php [9ms]
2024-11-26 19:57:03.432 [info] > git cat-file -s 984f350f0404a55dadb1f0ae0566c6c01ce5d178 [2ms]
2024-11-26 19:57:03.616 [info] > git check-ignore -v -z --stdin [24ms]
2024-11-26 19:57:05.139 [info] > git config --get commit.template [3ms]
2024-11-26 19:57:05.140 [info] > git for-each-ref --format=%(refname)%00%(upstream:short)%00%(objectname)%00%(upstream:track)%00%(upstream:remotename)%00%(upstream:remoteref) refs/heads/jhw refs/remotes/jhw [1ms]
2024-11-26 19:57:05.150 [info] > git for-each-ref --sort -committerdate --format %(refname) %(objectname) %(*objectname) [2ms]
2024-11-26 19:57:05.229 [info] > git status -z -uall [86ms]
2024-11-26 19:57:27.537 [info] > git ls-files --stage -- /var/www/html/2_team/2_team2/login.php [7ms]
2024-11-26 19:57:27.547 [info] > git cat-file -s 80cd8af5a43b428e6a64f14ac2c8c840e0b0f155 [7ms]
2024-11-26 19:57:27.548 [info] > git show --textconv :login.php [20ms]
2024-11-26 19:57:33.150 [info] > git config --get commit.template [4ms]
2024-11-26 19:57:33.151 [info] > git for-each-ref --format=%(refname)%00%(upstream:short)%00%(objectname)%00%(upstream:track)%00%(upstream:remotename)%00%(upstream:remoteref) refs/heads/jhw refs/remotes/jhw [2ms]
2024-11-26 19:57:33.160 [info] > git for-each-ref --sort -committerdate --format %(refname) %(objectname) %(*objectname) [2ms]
2024-11-26 19:57:33.229 [info] > git status -z -uall [74ms]
2024-11-26 19:57:50.240 [info] > git config --get commit.template [3ms]
2024-11-26 19:57:50.241 [info] > git for-each-ref --format=%(refname)%00%(upstream:short)%00%(objectname)%00%(upstream:track)%00%(upstream:remotename)%00%(upstream:remoteref) refs/heads/jhw refs/remotes/jhw [2ms]
2024-11-26 19:57:50.248 [info] > git for-each-ref --sort -committerdate --format %(refname) %(objectname) %(*objectname) [2ms]
2024-11-26 19:57:50.315 [info] > git status -z -uall [72ms]
2024-11-26 19:57:51.953 [info] > git check-ignore -v -z --stdin [10ms]
2024-11-26 19:57:53.046 [info] > git ls-files --stage -- /var/www/html/2_team/2_team2/write_process.php [7ms]
2024-11-26 19:57:53.057 [info] > git cat-file -s 1af05d62dfe8b77d0c2127d51f6dc872b5542a72 [8ms]
2024-11-26 19:57:53.059 [info] > git show --textconv :write_process.php [23ms]
2024-11-26 19:58:21.356 [info] > git config --get commit.template [3ms]
2024-11-26 19:58:21.357 [info] > git for-each-ref --format=%(refname)%00%(upstream:short)%00%(objectname)%00%(upstream:track)%00%(upstream:remotename)%00%(upstream:remoteref) refs/heads/jhw refs/remotes/jhw [1ms]
2024-11-26 19:58:21.365 [info] > git for-each-ref --sort -committerdate --format %(refname) %(objectname) %(*objectname) [2ms]
2024-11-26 19:58:21.432 [info] > git status -z -uall [72ms]
2024-11-26 19:58:36.391 [info] > git ls-files --stage -- /var/www/html/2_team/2_team2/participant.php [7ms]
2024-11-26 19:58:36.396 [info] > git cat-file -s 48c1ac1565519cd275c5a171126c88fa7d686cbc [2ms]
2024-11-26 19:58:36.397 [info] > git show --textconv :participant.php [17ms]
2024-11-26 19:58:39.316 [info] > git show --textconv :write_process.php [8ms]
2024-11-26 19:58:39.318 [info] > git ls-files --stage -- /var/www/html/2_team/2_team2/write_process.php [7ms]
2024-11-26 19:58:39.322 [info] > git cat-file -s 1af05d62dfe8b77d0c2127d51f6dc872b5542a72 [1ms]
2024-11-26 19:58:40.118 [info] > git show --textconv :delete_post.php [8ms]
2024-11-26 19:58:40.120 [info] > git ls-files --stage -- /var/www/html/2_team/2_team2/delete_post.php [7ms]
2024-11-26 19:58:40.124 [info] > git cat-file -s ca6ccbcd58393a481cca79684a5cbcc148c430ca [2ms]
2024-11-26 19:58:40.392 [info] > git check-ignore -v -z --stdin [11ms]
2024-11-26 19:58:50.972 [info] > git show --textconv :write_process.php [13ms]
2024-11-26 19:58:50.975 [info] > git ls-files --stage -- /var/www/html/2_team/2_team2/write_process.php [9ms]
2024-11-26 19:58:50.978 [info] > git cat-file -s 1af05d62dfe8b77d0c2127d51f6dc872b5542a72 [1ms]
2024-11-26 19:58:57.844 [info] > git show --textconv :participant_process.php [8ms]
2024-11-26 19:58:57.846 [info] > git ls-files --stage -- /var/www/html/2_team/2_team2/participant_process.php [7ms]
2024-11-26 19:58:57.850 [info] > git cat-file -s 20a98fef21ceaa24eefe8c9cc31fb462fef604a4 [1ms]
2024-11-26 19:59:15.315 [info] > git config --get commit.template [3ms]
2024-11-26 19:59:15.316 [info] > git for-each-ref --format=%(refname)%00%(upstream:short)%00%(objectname)%00%(upstream:track)%00%(upstream:remotename)%00%(upstream:remoteref) refs/heads/jhw refs/remotes/jhw [2ms]
2024-11-26 19:59:15.324 [info] > git for-each-ref --sort -committerdate --format %(refname) %(objectname) %(*objectname) [3ms]
2024-11-26 19:59:15.390 [info] > git status -z -uall [71ms]
2024-11-26 20:04:50.756 [info] > git config --get commit.template [3ms]
2024-11-26 20:04:50.757 [info] > git for-each-ref --format=%(refname)%00%(upstream:short)%00%(objectname)%00%(upstream:track)%00%(upstream:remotename)%00%(upstream:remoteref) refs/heads/jhw refs/remotes/jhw [2ms]
2024-11-26 20:04:50.765 [info] > git for-each-ref --sort -committerdate --format %(refname) %(objectname) %(*objectname) [3ms]
2024-11-26 20:04:50.831 [info] > git status -z -uall [71ms]
2024-11-26 20:04:55.854 [info] > git config --get commit.template [2ms]
2024-11-26 20:04:55.855 [info] > git for-each-ref --format=%(refname)%00%(upstream:short)%00%(objectname)%00%(upstream:track)%00%(upstream:remotename)%00%(upstream:remoteref) refs/heads/jhw refs/remotes/jhw [1ms]
2024-11-26 20:04:55.863 [info] > git for-each-ref --sort -committerdate --format %(refname) %(objectname) %(*objectname) [2ms]
2024-11-26 20:04:55.929 [info] > git status -z -uall [71ms]
2024-11-26 20:05:27.565 [info] > git config --get commit.template [2ms]
2024-11-26 20:05:27.570 [info] > git for-each-ref --format=%(refname)%00%(upstream:short)%00%(objectname)%00%(upstream:track)%00%(upstream:remotename)%00%(upstream:remoteref) refs/heads/jhw refs/remotes/jhw [2ms]
2024-11-26 20:05:27.577 [info] > git for-each-ref --sort -committerdate --format %(refname) %(objectname) %(*objectname) [2ms]
2024-11-26 20:05:27.644 [info] > git status -z -uall [71ms]
2024-11-26 20:05:49.582 [info] > git config --get commit.template [3ms]
2024-11-26 20:05:49.582 [info] > git for-each-ref --format=%(refname)%00%(upstream:short)%00%(objectname)%00%(upstream:track)%00%(upstream:remotename)%00%(upstream:remoteref) refs/heads/jhw refs/remotes/jhw [1ms]
2024-11-26 20:05:49.590 [info] > git for-each-ref --sort -committerdate --format %(refname) %(objectname) %(*objectname) [2ms]
2024-11-26 20:05:49.657 [info] > git status -z -uall [72ms]
2024-11-26 20:06:51.680 [info] > git show --textconv :mypage.php [8ms]
2024-11-26 20:06:51.683 [info] > git ls-files --stage -- /var/www/html/2_team/2_team2/mypage.php [7ms]
2024-11-26 20:06:51.687 [info] > git cat-file -s 6b71a8c176f4554671cb1e3a655eb900dc70ebce [1ms]
2024-11-26 20:08:04.979 [info] > git config --get commit.template [3ms]
2024-11-26 20:08:04.980 [info] > git for-each-ref --format=%(refname)%00%(upstream:short)%00%(objectname)%00%(upstream:track)%00%(upstream:remotename)%00%(upstream:remoteref) refs/heads/jhw refs/remotes/jhw [1ms]
2024-11-26 20:08:04.988 [info] > git for-each-ref --sort -committerdate --format %(refname) %(objectname) %(*objectname) [3ms]
2024-11-26 20:08:05.053 [info] > git status -z -uall [70ms]
2024-11-26 20:08:07.616 [info] > git check-ignore -v -z --stdin [8ms]
2024-11-26 20:08:10.088 [info] > git config --get commit.template [11ms]
2024-11-26 20:08:10.091 [info] > git for-each-ref --format=%(refname)%00%(upstream:short)%00%(objectname)%00%(upstream:track)%00%(upstream:remotename)%00%(upstream:remoteref) refs/heads/jhw refs/remotes/jhw [5ms]
2024-11-26 20:08:10.113 [info] > git for-each-ref --sort -committerdate --format %(refname) %(objectname) %(*objectname) [7ms]
2024-11-26 20:08:10.197 [info] > git status -z -uall [98ms]
2024-11-26 20:08:13.534 [info] > git check-ignore -v -z --stdin [8ms]
2024-11-26 20:08:15.217 [info] > git config --get commit.template [4ms]
2024-11-26 20:08:15.218 [info] > git for-each-ref --format=%(refname)%00%(upstream:short)%00%(objectname)%00%(upstream:track)%00%(upstream:remotename)%00%(upstream:remoteref) refs/heads/jhw refs/remotes/jhw [2ms]
2024-11-26 20:08:15.227 [info] > git for-each-ref --sort -committerdate --format %(refname) %(objectname) %(*objectname) [1ms]
2024-11-26 20:08:15.292 [info] > git status -z -uall [71ms]
2024-11-26 20:08:18.796 [info] > git show --textconv :participant_process.php [8ms]
2024-11-26 20:08:18.799 [info] > git ls-files --stage -- /var/www/html/2_team/2_team2/participant_process.php [7ms]
2024-11-26 20:08:18.803 [info] > git cat-file -s 20a98fef21ceaa24eefe8c9cc31fb462fef604a4 [1ms]
2024-11-26 20:08:20.311 [info] > git config --get commit.template [3ms]
2024-11-26 20:08:20.312 [info] > git for-each-ref --format=%(refname)%00%(upstream:short)%00%(objectname)%00%(upstream:track)%00%(upstream:remotename)%00%(upstream:remoteref) refs/heads/jhw refs/remotes/jhw [2ms]
2024-11-26 20:08:20.319 [info] > git for-each-ref --sort -committerdate --format %(refname) %(objectname) %(*objectname) [2ms]
2024-11-26 20:08:20.387 [info] > git status -z -uall [72ms]
2024-11-26 20:08:26.659 [info] > git config --get commit.template [3ms]
2024-11-26 20:08:26.660 [info] > git for-each-ref --format=%(refname)%00%(upstream:short)%00%(objectname)%00%(upstream:track)%00%(upstream:remotename)%00%(upstream:remoteref) refs/heads/jhw refs/remotes/jhw [1ms]
2024-11-26 20:08:26.668 [info] > git for-each-ref --sort -committerdate --format %(refname) %(objectname) %(*objectname) [3ms]
2024-11-26 20:08:26.734 [info] > git status -z -uall [71ms]
2024-11-26 20:08:42.637 [info] > git config --get commit.template [3ms]
2024-11-26 20:08:42.638 [info] > git for-each-ref --format=%(refname)%00%(upstream:short)%00%(objectname)%00%(upstream:track)%00%(upstream:remotename)%00%(upstream:remoteref) refs/heads/jhw refs/remotes/jhw [1ms]
2024-11-26 20:08:42.646 [info] > git for-each-ref --sort -committerdate --format %(refname) %(objectname) %(*objectname) [3ms]
2024-11-26 20:08:42.713 [info] > git status -z -uall [72ms]
2024-11-26 20:09:14.677 [info] > git config --get commit.template [3ms]
2024-11-26 20:09:14.678 [info] > git for-each-ref --format=%(refname)%00%(upstream:short)%00%(objectname)%00%(upstream:track)%00%(upstream:remotename)%00%(upstream:remoteref) refs/heads/jhw refs/remotes/jhw [1ms]
2024-11-26 20:09:14.686 [info] > git for-each-ref --sort -committerdate --format %(refname) %(objectname) %(*objectname) [2ms]
2024-11-26 20:09:14.751 [info] > git status -z -uall [70ms]
2024-11-26 20:09:16.540 [info] > git show --textconv :mypage.php [8ms]
2024-11-26 20:09:16.543 [info] > git ls-files --stage -- /var/www/html/2_team/2_team2/mypage.php [7ms]
2024-11-26 20:09:16.547 [info] > git cat-file -s 6b71a8c176f4554671cb1e3a655eb900dc70ebce [2ms]
2024-11-26 20:13:16.673 [info] > git config --get commit.template [3ms]
2024-11-26 20:13:16.674 [info] > git for-each-ref --format=%(refname)%00%(upstream:short)%00%(objectname)%00%(upstream:track)%00%(upstream:remotename)%00%(upstream:remoteref) refs/heads/jhw refs/remotes/jhw [2ms]
2024-11-26 20:13:16.681 [info] > git for-each-ref --sort -committerdate --format %(refname) %(objectname) %(*objectname) [2ms]
2024-11-26 20:13:16.749 [info] > git status -z -uall [72ms]
2024-11-26 20:13:19.591 [info] > git show --textconv :participant_process.php [8ms]
2024-11-26 20:13:19.593 [info] > git ls-files --stage -- /var/www/html/2_team/2_team2/participant_process.php [6ms]
2024-11-26 20:13:19.597 [info] > git cat-file -s 20a98fef21ceaa24eefe8c9cc31fb462fef604a4 [1ms]
2024-11-26 20:13:21.774 [info] > git config --get commit.template [4ms]
2024-11-26 20:13:21.775 [info] > git for-each-ref --format=%(refname)%00%(upstream:short)%00%(objectname)%00%(upstream:track)%00%(upstream:remotename)%00%(upstream:remoteref) refs/heads/jhw refs/remotes/jhw [1ms]
2024-11-26 20:13:21.782 [info] > git for-each-ref --sort -committerdate --format %(refname) %(objectname) %(*objectname) [2ms]
2024-11-26 20:13:21.852 [info] > git status -z -uall [74ms]
2024-11-26 20:15:02.361 [info] > git config --get commit.template [3ms]
2024-11-26 20:15:02.362 [info] > git for-each-ref --format=%(refname)%00%(upstream:short)%00%(objectname)%00%(upstream:track)%00%(upstream:remotename)%00%(upstream:remoteref) refs/heads/jhw refs/remotes/jhw [2ms]
2024-11-26 20:15:02.370 [info] > git for-each-ref --sort -committerdate --format %(refname) %(objectname) %(*objectname) [2ms]
2024-11-26 20:15:02.436 [info] > git status -z -uall [71ms]
2024-11-26 20:15:07.459 [info] > git config --get commit.template [3ms]
2024-11-26 20:15:07.460 [info] > git for-each-ref --format=%(refname)%00%(upstream:short)%00%(objectname)%00%(upstream:track)%00%(upstream:remotename)%00%(upstream:remoteref) refs/heads/jhw refs/remotes/jhw [1ms]
2024-11-26 20:15:07.467 [info] > git for-each-ref --sort -committerdate --format %(refname) %(objectname) %(*objectname) [2ms]
2024-11-26 20:15:07.534 [info] > git status -z -uall [71ms]
2024-11-26 20:15:12.552 [info] > git config --get commit.template [3ms]
2024-11-26 20:15:12.553 [info] > git for-each-ref --format=%(refname)%00%(upstream:short)%00%(objectname)%00%(upstream:track)%00%(upstream:remotename)%00%(upstream:remoteref) refs/heads/jhw refs/remotes/jhw [1ms]
2024-11-26 20:15:12.561 [info] > git for-each-ref --sort -committerdate --format %(refname) %(objectname) %(*objectname) [2ms]
2024-11-26 20:15:12.628 [info] > git status -z -uall [72ms]
2024-11-26 20:17:47.103 [info] > git config --get commit.template [4ms]
2024-11-26 20:17:47.104 [info] > git for-each-ref --format=%(refname)%00%(upstream:short)%00%(objectname)%00%(upstream:track)%00%(upstream:remotename)%00%(upstream:remoteref) refs/heads/jhw refs/remotes/jhw [2ms]
2024-11-26 20:17:47.112 [info] > git for-each-ref --sort -committerdate --format %(refname) %(objectname) %(*objectname) [2ms]
2024-11-26 20:17:47.187 [info] > git status -z -uall [80ms]
2024-11-26 20:17:52.967 [info] > git config --get commit.template [2ms]
2024-11-26 20:17:52.968 [info] > git for-each-ref --format=%(refname)%00%(upstream:short)%00%(objectname)%00%(upstream:track)%00%(upstream:remotename)%00%(upstream:remoteref) refs/heads/jhw refs/remotes/jhw [2ms]
2024-11-26 20:17:52.975 [info] > git for-each-ref --sort -committerdate --format %(refname) %(objectname) %(*objectname) [2ms]
2024-11-26 20:17:53.040 [info] > git status -z -uall [70ms]
2024-11-26 20:18:11.987 [info] > git config --get commit.template [4ms]
2024-11-26 20:18:11.988 [info] > git for-each-ref --format=%(refname)%00%(upstream:short)%00%(objectname)%00%(upstream:track)%00%(upstream:remotename)%00%(upstream:remoteref) refs/heads/jhw refs/remotes/jhw [2ms]
2024-11-26 20:18:11.995 [info] > git for-each-ref --sort -committerdate --format %(refname) %(objectname) %(*objectname) [2ms]
2024-11-26 20:18:12.062 [info] > git status -z -uall [71ms]
2024-11-26 20:18:40.048 [info] > git config --get commit.template [4ms]
2024-11-26 20:18:40.049 [info] > git for-each-ref --format=%(refname)%00%(upstream:short)%00%(objectname)%00%(upstream:track)%00%(upstream:remotename)%00%(upstream:remoteref) refs/heads/jhw refs/remotes/jhw [1ms]
2024-11-26 20:18:40.056 [info] > git for-each-ref --sort -committerdate --format %(refname) %(objectname) %(*objectname) [2ms]
2024-11-26 20:18:40.124 [info] > git status -z -uall [72ms]
2024-11-26 20:18:48.000 [info] > git config --get commit.template [4ms]
2024-11-26 20:18:48.001 [info] > git for-each-ref --format=%(refname)%00%(upstream:short)%00%(objectname)%00%(upstream:track)%00%(upstream:remotename)%00%(upstream:remoteref) refs/heads/jhw refs/remotes/jhw [2ms]
2024-11-26 20:18:48.008 [info] > git for-each-ref --sort -committerdate --format %(refname) %(objectname) %(*objectname) [2ms]
2024-11-26 20:18:48.077 [info] > git status -z -uall [74ms]
2024-11-26 20:18:55.243 [info] > git config --get commit.template [3ms]
2024-11-26 20:18:55.244 [info] > git for-each-ref --format=%(refname)%00%(upstream:short)%00%(objectname)%00%(upstream:track)%00%(upstream:remotename)%00%(upstream:remoteref) refs/heads/jhw refs/remotes/jhw [2ms]
2024-11-26 20:18:55.251 [info] > git for-each-ref --sort -committerdate --format %(refname) %(objectname) %(*objectname) [2ms]
2024-11-26 20:18:55.317 [info] > git status -z -uall [70ms]
2024-11-26 20:19:07.996 [info] > git config --get commit.template [4ms]
2024-11-26 20:19:07.997 [info] > git for-each-ref --format=%(refname)%00%(upstream:short)%00%(objectname)%00%(upstream:track)%00%(upstream:remotename)%00%(upstream:remoteref) refs/heads/jhw refs/remotes/jhw [2ms]
2024-11-26 20:19:08.003 [info] > git for-each-ref --sort -committerdate --format %(refname) %(objectname) %(*objectname) [2ms]
2024-11-26 20:19:08.070 [info] > git status -z -uall [71ms]
2024-11-26 20:19:15.957 [info] > git config --get commit.template [3ms]
2024-11-26 20:19:15.958 [info] > git for-each-ref --format=%(refname)%00%(upstream:short)%00%(objectname)%00%(upstream:track)%00%(upstream:remotename)%00%(upstream:remoteref) refs/heads/jhw refs/remotes/jhw [2ms]
2024-11-26 20:19:15.965 [info] > git for-each-ref --sort -committerdate --format %(refname) %(objectname) %(*objectname) [2ms]
2024-11-26 20:19:16.031 [info] > git status -z -uall [71ms]
2024-11-26 20:19:23.636 [info] > git config --get commit.template [3ms]
2024-11-26 20:19:23.637 [info] > git for-each-ref --format=%(refname)%00%(upstream:short)%00%(objectname)%00%(upstream:track)%00%(upstream:remotename)%00%(upstream:remoteref) refs/heads/jhw refs/remotes/jhw [2ms]
2024-11-26 20:19:23.645 [info] > git for-each-ref --sort -committerdate --format %(refname) %(objectname) %(*objectname) [2ms]
2024-11-26 20:19:23.712 [info] > git status -z -uall [72ms]
2024-11-26 20:19:28.736 [info] > git config --get commit.template [4ms]
2024-11-26 20:19:28.737 [info] > git for-each-ref --format=%(refname)%00%(upstream:short)%00%(objectname)%00%(upstream:track)%00%(upstream:remotename)%00%(upstream:remoteref) refs/heads/jhw refs/remotes/jhw [2ms]
2024-11-26 20:19:28.744 [info] > git for-each-ref --sort -committerdate --format %(refname) %(objectname) %(*objectname) [2ms]
2024-11-26 20:19:28.811 [info] > git status -z -uall [71ms]
2024-11-26 20:19:33.832 [info] > git config --get commit.template [3ms]
2024-11-26 20:19:33.833 [info] > git for-each-ref --format=%(refname)%00%(upstream:short)%00%(objectname)%00%(upstream:track)%00%(upstream:remotename)%00%(upstream:remoteref) refs/heads/jhw refs/remotes/jhw [2ms]
2024-11-26 20:19:33.840 [info] > git for-each-ref --sort -committerdate --format %(refname) %(objectname) %(*objectname) [2ms]
2024-11-26 20:19:33.906 [info] > git status -z -uall [71ms]
2024-11-26 20:19:50.828 [info] > git config --get commit.template [3ms]
2024-11-26 20:19:50.829 [info] > git for-each-ref --format=%(refname)%00%(upstream:short)%00%(objectname)%00%(upstream:track)%00%(upstream:remotename)%00%(upstream:remoteref) refs/heads/jhw refs/remotes/jhw [2ms]
2024-11-26 20:19:50.836 [info] > git for-each-ref --sort -committerdate --format %(refname) %(objectname) %(*objectname) [3ms]
2024-11-26 20:19:50.905 [info] > git status -z -uall [74ms]
2024-11-26 20:19:55.926 [info] > git config --get commit.template [3ms]
2024-11-26 20:19:55.927 [info] > git for-each-ref --format=%(refname)%00%(upstream:short)%00%(objectname)%00%(upstream:track)%00%(upstream:remotename)%00%(upstream:remoteref) refs/heads/jhw refs/remotes/jhw [2ms]
2024-11-26 20:19:55.935 [info] > git for-each-ref --sort -committerdate --format %(refname) %(objectname) %(*objectname) [2ms]
2024-11-26 20:19:56.001 [info] > git status -z -uall [71ms]
2024-11-26 20:20:09.291 [info] > git config --get commit.template [4ms]
2024-11-26 20:20:09.292 [info] > git for-each-ref --format=%(refname)%00%(upstream:short)%00%(objectname)%00%(upstream:track)%00%(upstream:remotename)%00%(upstream:remoteref) refs/heads/jhw refs/remotes/jhw [1ms]
2024-11-26 20:20:09.299 [info] > git for-each-ref --sort -committerdate --format %(refname) %(objectname) %(*objectname) [2ms]
2024-11-26 20:20:09.365 [info] > git status -z -uall [70ms]
2024-11-26 20:20:14.386 [info] > git config --get commit.template [3ms]
2024-11-26 20:20:14.387 [info] > git for-each-ref --format=%(refname)%00%(upstream:short)%00%(objectname)%00%(upstream:track)%00%(upstream:remotename)%00%(upstream:remoteref) refs/heads/jhw refs/remotes/jhw [2ms]
2024-11-26 20:20:14.394 [info] > git for-each-ref --sort -committerdate --format %(refname) %(objectname) %(*objectname) [2ms]
2024-11-26 20:20:14.460 [info] > git status -z -uall [71ms]
2024-11-26 20:28:14.075 [info] > git config --get commit.template [3ms]
2024-11-26 20:28:14.076 [info] > git for-each-ref --format=%(refname)%00%(upstream:short)%00%(objectname)%00%(upstream:track)%00%(upstream:remotename)%00%(upstream:remoteref) refs/heads/jhw refs/remotes/jhw [2ms]
2024-11-26 20:28:14.084 [info] > git for-each-ref --sort -committerdate --format %(refname) %(objectname) %(*objectname) [3ms]
2024-11-26 20:28:14.150 [info] > git status -z -uall [71ms]
2024-11-26 20:30:10.709 [info] > git config --get commit.template [3ms]
2024-11-26 20:30:10.710 [info] > git for-each-ref --format=%(refname)%00%(upstream:short)%00%(objectname)%00%(upstream:track)%00%(upstream:remotename)%00%(upstream:remoteref) refs/heads/jhw refs/remotes/jhw [2ms]
2024-11-26 20:30:10.718 [info] > git for-each-ref --sort -committerdate --format %(refname) %(objectname) %(*objectname) [2ms]
2024-11-26 20:30:10.787 [info] > git status -z -uall [74ms]
2024-11-26 20:30:15.810 [info] > git config --get commit.template [5ms]
2024-11-26 20:30:15.813 [info] > git for-each-ref --format=%(refname)%00%(upstream:short)%00%(objectname)%00%(upstream:track)%00%(upstream:remotename)%00%(upstream:remoteref) refs/heads/jhw refs/remotes/jhw [4ms]
2024-11-26 20:30:15.820 [info] > git for-each-ref --sort -committerdate --format %(refname) %(objectname) %(*objectname) [2ms]
2024-11-26 20:30:15.888 [info] > git status -z -uall [72ms]
2024-11-26 20:30:17.395 [info] > git ls-files --stage -- /var/www/html/2_team/2_team2/board_write.php [11ms]
2024-11-26 20:30:17.407 [info] > git cat-file -s ab2af2ed4a3509a39d59359147ef7c08595aeb6d [9ms]
2024-11-26 20:30:17.407 [info] > git show --textconv :board_write.php [31ms]
2024-11-26 20:30:19.292 [info] > git show --textconv :write_process.php [21ms]
2024-11-26 20:30:19.302 [info] > git ls-files --stage -- /var/www/html/2_team/2_team2/write_process.php [26ms]
2024-11-26 20:30:19.313 [info] > git cat-file -s 1af05d62dfe8b77d0c2127d51f6dc872b5542a72 [4ms]
2024-11-26 20:30:39.517 [info] > git config --get commit.template [2ms]
2024-11-26 20:30:39.518 [info] > git for-each-ref --format=%(refname)%00%(upstream:short)%00%(objectname)%00%(upstream:track)%00%(upstream:remotename)%00%(upstream:remoteref) refs/heads/jhw refs/remotes/jhw [2ms]
2024-11-26 20:30:39.525 [info] > git for-each-ref --sort -committerdate --format %(refname) %(objectname) %(*objectname) [2ms]
2024-11-26 20:30:39.596 [info] > git status -z -uall [76ms]
2024-11-26 20:30:40.924 [info] > git show --textconv :participant_process.php [7ms]
2024-11-26 20:30:40.927 [info] > git ls-files --stage -- /var/www/html/2_team/2_team2/participant_process.php [7ms]
2024-11-26 20:30:40.930 [info] > git cat-file -s 20a98fef21ceaa24eefe8c9cc31fb462fef604a4 [1ms]
2024-11-26 20:30:56.315 [info] > git config --get commit.template [3ms]
2024-11-26 20:30:56.316 [info] > git for-each-ref --format=%(refname)%00%(upstream:short)%00%(objectname)%00%(upstream:track)%00%(upstream:remotename)%00%(upstream:remoteref) refs/heads/jhw refs/remotes/jhw [2ms]
2024-11-26 20:30:56.323 [info] > git for-each-ref --sort -committerdate --format %(refname) %(objectname) %(*objectname) [2ms]
2024-11-26 20:30:56.391 [info] > git status -z -uall [72ms]
2024-11-26 20:31:07.745 [info] > git config --get commit.template [2ms]
2024-11-26 20:31:07.747 [info] > git for-each-ref --format=%(refname)%00%(upstream:short)%00%(objectname)%00%(upstream:track)%00%(upstream:remotename)%00%(upstream:remoteref) refs/heads/jhw refs/remotes/jhw [2ms]
2024-11-26 20:31:07.754 [info] > git for-each-ref --sort -committerdate --format %(refname) %(objectname) %(*objectname) [2ms]
2024-11-26 20:31:07.821 [info] > git status -z -uall [72ms]
2024-11-26 20:31:10.625 [info] > git show --textconv :write_process.php [8ms]
2024-11-26 20:31:10.627 [info] > git ls-files --stage -- /var/www/html/2_team/2_team2/write_process.php [7ms]
2024-11-26 20:31:10.631 [info] > git cat-file -s 1af05d62dfe8b77d0c2127d51f6dc872b5542a72 [1ms]
2024-11-26 20:31:13.311 [info] > git config --get commit.template [2ms]
2024-11-26 20:31:13.313 [info] > git for-each-ref --format=%(refname)%00%(upstream:short)%00%(objectname)%00%(upstream:track)%00%(upstream:remotename)%00%(upstream:remoteref) refs/heads/jhw refs/remotes/jhw [1ms]
2024-11-26 20:31:13.320 [info] > git for-each-ref --sort -committerdate --format %(refname) %(objectname) %(*objectname) [2ms]
2024-11-26 20:31:13.386 [info] > git status -z -uall [71ms]
2024-11-26 20:31:14.379 [info] > git show --textconv :participant_process.php [22ms]
2024-11-26 20:31:14.389 [info] > git ls-files --stage -- /var/www/html/2_team/2_team2/participant_process.php [24ms]
2024-11-26 20:31:14.401 [info] > git cat-file -s 20a98fef21ceaa24eefe8c9cc31fb462fef604a4 [4ms]
2024-11-26 20:31:15.296 [info] > git show --textconv :write_process.php [8ms]
2024-11-26 20:31:15.298 [info] > git ls-files --stage -- /var/www/html/2_team/2_team2/write_process.php [7ms]
2024-11-26 20:31:15.302 [info] > git cat-file -s 1af05d62dfe8b77d0c2127d51f6dc872b5542a72 [1ms]
2024-11-26 20:31:15.836 [info] > git show --textconv :participant_process.php [8ms]
2024-11-26 20:31:15.838 [info] > git ls-files --stage -- /var/www/html/2_team/2_team2/participant_process.php [6ms]
2024-11-26 20:31:15.842 [info] > git cat-file -s 20a98fef21ceaa24eefe8c9cc31fb462fef604a4 [1ms]
2024-11-26 20:31:16.664 [info] > git show --textconv :write_process.php [8ms]
2024-11-26 20:31:16.667 [info] > git ls-files --stage -- /var/www/html/2_team/2_team2/write_process.php [7ms]
2024-11-26 20:31:16.670 [info] > git cat-file -s 1af05d62dfe8b77d0c2127d51f6dc872b5542a72 [1ms]
2024-11-26 20:31:17.104 [info] > git show --textconv :participant_process.php [22ms]
2024-11-26 20:31:17.113 [info] > git ls-files --stage -- /var/www/html/2_team/2_team2/participant_process.php [24ms]
2024-11-26 20:31:17.125 [info] > git cat-file -s 20a98fef21ceaa24eefe8c9cc31fb462fef604a4 [5ms]
2024-11-26 20:31:17.744 [info] > git show --textconv :write_process.php [8ms]
2024-11-26 20:31:17.746 [info] > git ls-files --stage -- /var/www/html/2_team/2_team2/write_process.php [7ms]
2024-11-26 20:31:17.750 [info] > git cat-file -s 1af05d62dfe8b77d0c2127d51f6dc872b5542a72 [1ms]
2024-11-26 20:31:18.228 [info] > git show --textconv :participant_process.php [22ms]
2024-11-26 20:31:18.238 [info] > git ls-files --stage -- /var/www/html/2_team/2_team2/participant_process.php [25ms]
2024-11-26 20:31:18.249 [info] > git cat-file -s 20a98fef21ceaa24eefe8c9cc31fb462fef604a4 [4ms]
2024-11-26 20:31:19.242 [info] > git config --get commit.template [2ms]
2024-11-26 20:31:19.243 [info] > git for-each-ref --format=%(refname)%00%(upstream:short)%00%(objectname)%00%(upstream:track)%00%(upstream:remotename)%00%(upstream:remoteref) refs/heads/jhw refs/remotes/jhw [1ms]
2024-11-26 20:31:19.251 [info] > git for-each-ref --sort -committerdate --format %(refname) %(objectname) %(*objectname) [3ms]
2024-11-26 20:31:19.318 [info] > git status -z -uall [72ms]
2024-11-26 20:31:24.336 [info] > git config --get commit.template [2ms]
2024-11-26 20:31:24.337 [info] > git for-each-ref --format=%(refname)%00%(upstream:short)%00%(objectname)%00%(upstream:track)%00%(upstream:remotename)%00%(upstream:remoteref) refs/heads/jhw refs/remotes/jhw [1ms]
2024-11-26 20:31:24.345 [info] > git for-each-ref --sort -committerdate --format %(refname) %(objectname) %(*objectname) [3ms]
2024-11-26 20:31:24.412 [info] > git status -z -uall [72ms]
2024-11-26 20:31:32.256 [info] > git config --get commit.template [8ms]
2024-11-26 20:31:32.260 [info] > git for-each-ref --format=%(refname)%00%(upstream:short)%00%(objectname)%00%(upstream:track)%00%(upstream:remotename)%00%(upstream:remoteref) refs/heads/jhw refs/remotes/jhw [6ms]
2024-11-26 20:31:32.282 [info] > git for-each-ref --sort -committerdate --format %(refname) %(objectname) %(*objectname) [6ms]
2024-11-26 20:31:32.360 [info] > git status -z -uall [92ms]
2024-11-26 20:31:37.382 [info] > git config --get commit.template [4ms]
2024-11-26 20:31:37.383 [info] > git for-each-ref --format=%(refname)%00%(upstream:short)%00%(objectname)%00%(upstream:track)%00%(upstream:remotename)%00%(upstream:remoteref) refs/heads/jhw refs/remotes/jhw [2ms]
2024-11-26 20:31:37.390 [info] > git for-each-ref --sort -committerdate --format %(refname) %(objectname) %(*objectname) [3ms]
2024-11-26 20:31:37.444 [info] > git show --textconv :write_process.php [7ms]
2024-11-26 20:31:37.446 [info] > git ls-files --stage -- /var/www/html/2_team/2_team2/write_process.php [7ms]
2024-11-26 20:31:37.451 [info] > git cat-file -s 1af05d62dfe8b77d0c2127d51f6dc872b5542a72 [2ms]
2024-11-26 20:31:37.458 [info] > git status -z -uall [73ms]
2024-11-26 20:31:39.314 [info] > git show --textconv :participant_process.php [13ms]
2024-11-26 20:31:39.316 [info] > git ls-files --stage -- /var/www/html/2_team/2_team2/participant_process.php [8ms]
2024-11-26 20:31:39.320 [info] > git cat-file -s 20a98fef21ceaa24eefe8c9cc31fb462fef604a4 [1ms]
2024-11-26 20:31:40.540 [info] > git show --textconv :write_process.php [7ms]
2024-11-26 20:31:40.543 [info] > git ls-files --stage -- /var/www/html/2_team/2_team2/write_process.php [7ms]
2024-11-26 20:31:40.547 [info] > git cat-file -s 1af05d62dfe8b77d0c2127d51f6dc872b5542a72 [1ms]
2024-11-26 20:31:41.930 [info] > git show --textconv :participant_process.php [13ms]
2024-11-26 20:31:41.932 [info] > git ls-files --stage -- /var/www/html/2_team/2_team2/participant_process.php [10ms]
2024-11-26 20:31:41.937 [info] > git cat-file -s 20a98fef21ceaa24eefe8c9cc31fb462fef604a4 [2ms]
2024-11-26 20:31:42.480 [info] > git config --get commit.template [4ms]
2024-11-26 20:31:42.482 [info] > git for-each-ref --format=%(refname)%00%(upstream:short)%00%(objectname)%00%(upstream:track)%00%(upstream:remotename)%00%(upstream:remoteref) refs/heads/jhw refs/remotes/jhw [2ms]
2024-11-26 20:31:42.488 [info] > git for-each-ref --sort -committerdate --format %(refname) %(objectname) %(*objectname) [2ms]
2024-11-26 20:31:42.560 [info] > git status -z -uall [76ms]
2024-11-26 20:31:42.646 [info] > git show --textconv :write_process.php [18ms]
2024-11-26 20:31:42.656 [info] > git ls-files --stage -- /var/www/html/2_team/2_team2/write_process.php [21ms]
2024-11-26 20:31:42.745 [info] > git cat-file -s 1af05d62dfe8b77d0c2127d51f6dc872b5542a72 [82ms]
2024-11-26 20:31:43.413 [info] > git show --textconv :participant_process.php [8ms]
2024-11-26 20:31:43.415 [info] > git ls-files --stage -- /var/www/html/2_team/2_team2/participant_process.php [6ms]
2024-11-26 20:31:43.419 [info] > git cat-file -s 20a98fef21ceaa24eefe8c9cc31fb462fef604a4 [1ms]
2024-11-26 20:31:47.583 [info] > git config --get commit.template [3ms]
2024-11-26 20:31:47.584 [info] > git for-each-ref --format=%(refname)%00%(upstream:short)%00%(objectname)%00%(upstream:track)%00%(upstream:remotename)%00%(upstream:remoteref) refs/heads/jhw refs/remotes/jhw [2ms]
2024-11-26 20:31:47.592 [info] > git for-each-ref --sort -committerdate --format %(refname) %(objectname) %(*objectname) [2ms]
2024-11-26 20:31:47.658 [info] > git status -z -uall [72ms]
2024-11-26 20:31:51.654 [info] > git show --textconv :write_process.php [7ms]
2024-11-26 20:31:51.657 [info] > git ls-files --stage -- /var/www/html/2_team/2_team2/write_process.php [7ms]
2024-11-26 20:31:51.661 [info] > git cat-file -s 1af05d62dfe8b77d0c2127d51f6dc872b5542a72 [2ms]
2024-11-26 20:31:52.678 [info] > git config --get commit.template [3ms]
2024-11-26 20:31:52.680 [info] > git for-each-ref --format=%(refname)%00%(upstream:short)%00%(objectname)%00%(upstream:track)%00%(upstream:remotename)%00%(upstream:remoteref) refs/heads/jhw refs/remotes/jhw [2ms]
2024-11-26 20:31:52.687 [info] > git for-each-ref --sort -committerdate --format %(refname) %(objectname) %(*objectname) [2ms]
2024-11-26 20:31:52.754 [info] > git status -z -uall [72ms]
2024-11-26 20:32:03.400 [info] > git config --get commit.template [2ms]
2024-11-26 20:32:03.401 [info] > git for-each-ref --format=%(refname)%00%(upstream:short)%00%(objectname)%00%(upstream:track)%00%(upstream:remotename)%00%(upstream:remoteref) refs/heads/jhw refs/remotes/jhw [1ms]
2024-11-26 20:32:03.409 [info] > git for-each-ref --sort -committerdate --format %(refname) %(objectname) %(*objectname) [3ms]
2024-11-26 20:32:03.475 [info] > git status -z -uall [71ms]
2024-11-26 20:32:04.122 [info] > git show --textconv :participant_process.php [8ms]
2024-11-26 20:32:04.124 [info] > git ls-files --stage -- /var/www/html/2_team/2_team2/participant_process.php [7ms]
2024-11-26 20:32:04.128 [info] > git cat-file -s 20a98fef21ceaa24eefe8c9cc31fb462fef604a4 [1ms]
2024-11-26 20:32:08.497 [info] > git config --get commit.template [4ms]
2024-11-26 20:32:08.498 [info] > git for-each-ref --format=%(refname)%00%(upstream:short)%00%(objectname)%00%(upstream:track)%00%(upstream:remotename)%00%(upstream:remoteref) refs/heads/jhw refs/remotes/jhw [2ms]
2024-11-26 20:32:08.504 [info] > git for-each-ref --sort -committerdate --format %(refname) %(objectname) %(*objectname) [2ms]
2024-11-26 20:32:08.571 [info] > git status -z -uall [71ms]
2024-11-26 20:32:17.667 [info] > git config --get commit.template [2ms]
2024-11-26 20:32:17.668 [info] > git for-each-ref --format=%(refname)%00%(upstream:short)%00%(objectname)%00%(upstream:track)%00%(upstream:remotename)%00%(upstream:remoteref) refs/heads/jhw refs/remotes/jhw [2ms]
2024-11-26 20:32:17.675 [info] > git for-each-ref --sort -committerdate --format %(refname) %(objectname) %(*objectname) [2ms]
2024-11-26 20:32:17.742 [info] > git status -z -uall [72ms]
2024-11-26 20:32:23.395 [info] > git config --get commit.template [3ms]
2024-11-26 20:32:23.396 [info] > git for-each-ref --format=%(refname)%00%(upstream:short)%00%(objectname)%00%(upstream:track)%00%(upstream:remotename)%00%(upstream:remoteref) refs/heads/jhw refs/remotes/jhw [2ms]
2024-11-26 20:32:23.403 [info] > git for-each-ref --sort -committerdate --format %(refname) %(objectname) %(*objectname) [2ms]
2024-11-26 20:32:23.471 [info] > git status -z -uall [73ms]
2024-11-26 20:32:56.399 [info] > git config --get commit.template [4ms]
2024-11-26 20:32:56.400 [info] > git for-each-ref --format=%(refname)%00%(upstream:short)%00%(objectname)%00%(upstream:track)%00%(upstream:remotename)%00%(upstream:remoteref) refs/heads/jhw refs/remotes/jhw [2ms]
2024-11-26 20:32:56.407 [info] > git for-each-ref --sort -committerdate --format %(refname) %(objectname) %(*objectname) [2ms]
2024-11-26 20:32:56.476 [info] > git status -z -uall [74ms]
2024-11-26 20:34:06.002 [info] > git config --get commit.template [3ms]
2024-11-26 20:34:06.003 [info] > git for-each-ref --format=%(refname)%00%(upstream:short)%00%(objectname)%00%(upstream:track)%00%(upstream:remotename)%00%(upstream:remoteref) refs/heads/jhw refs/remotes/jhw [2ms]
2024-11-26 20:34:06.011 [info] > git for-each-ref --sort -committerdate --format %(refname) %(objectname) %(*objectname) [2ms]
2024-11-26 20:34:06.078 [info] > git status -z -uall [72ms]
2024-11-26 20:34:11.105 [info] > git config --get commit.template [4ms]
2024-11-26 20:34:11.106 [info] > git for-each-ref --format=%(refname)%00%(upstream:short)%00%(objectname)%00%(upstream:track)%00%(upstream:remotename)%00%(upstream:remoteref) refs/heads/jhw refs/remotes/jhw [2ms]
2024-11-26 20:34:11.113 [info] > git for-each-ref --sort -committerdate --format %(refname) %(objectname) %(*objectname) [2ms]
2024-11-26 20:34:11.180 [info] > git status -z -uall [72ms]
2024-11-26 20:34:13.507 [info] > git show --textconv :add_comment.php [16ms]
2024-11-26 20:34:13.515 [info] > git ls-files --stage -- /var/www/html/2_team/2_team2/add_comment.php [19ms]
2024-11-26 20:34:13.525 [info] > git cat-file -s 46d75a1c5fff54cf9a63bd49989221962a68ba28 [4ms]
2024-11-26 20:34:42.554 [info] > git config --get commit.template [3ms]
2024-11-26 20:34:42.555 [info] > git for-each-ref --format=%(refname)%00%(upstream:short)%00%(objectname)%00%(upstream:track)%00%(upstream:remotename)%00%(upstream:remoteref) refs/heads/jhw refs/remotes/jhw [2ms]
2024-11-26 20:34:42.562 [info] > git for-each-ref --sort -committerdate --format %(refname) %(objectname) %(*objectname) [2ms]
2024-11-26 20:34:42.628 [info] > git status -z -uall [71ms]
2024-11-26 20:38:05.307 [info] > git config --get commit.template [2ms]
2024-11-26 20:38:05.308 [info] > git for-each-ref --format=%(refname)%00%(upstream:short)%00%(objectname)%00%(upstream:track)%00%(upstream:remotename)%00%(upstream:remoteref) refs/heads/jhw refs/remotes/jhw [2ms]
2024-11-26 20:38:05.315 [info] > git for-each-ref --sort -committerdate --format %(refname) %(objectname) %(*objectname) [2ms]
2024-11-26 20:38:05.381 [info] > git status -z -uall [71ms]
2024-11-26 20:39:30.446 [info] > git config --get commit.template [3ms]
2024-11-26 20:39:30.447 [info] > git for-each-ref --format=%(refname)%00%(upstream:short)%00%(objectname)%00%(upstream:track)%00%(upstream:remotename)%00%(upstream:remoteref) refs/heads/jhw refs/remotes/jhw [1ms]
2024-11-26 20:39:30.454 [info] > git for-each-ref --sort -committerdate --format %(refname) %(objectname) %(*objectname) [2ms]
2024-11-26 20:39:30.521 [info] > git status -z -uall [71ms]
2024-11-26 20:40:57.746 [info] > git config --get commit.template [4ms]
2024-11-26 20:40:57.747 [info] > git for-each-ref --format=%(refname)%00%(upstream:short)%00%(objectname)%00%(upstream:track)%00%(upstream:remotename)%00%(upstream:remoteref) refs/heads/jhw refs/remotes/jhw [2ms]
2024-11-26 20:40:57.754 [info] > git for-each-ref --sort -committerdate --format %(refname) %(objectname) %(*objectname) [2ms]
2024-11-26 20:40:57.819 [info] > git status -z -uall [70ms]
2024-11-26 20:41:48.545 [info] > git config --get commit.template [3ms]
2024-11-26 20:41:48.546 [info] > git for-each-ref --format=%(refname)%00%(upstream:short)%00%(objectname)%00%(upstream:track)%00%(upstream:remotename)%00%(upstream:remoteref) refs/heads/jhw refs/remotes/jhw [1ms]
2024-11-26 20:41:48.554 [info] > git for-each-ref --sort -committerdate --format %(refname) %(objectname) %(*objectname) [2ms]
2024-11-26 20:41:48.620 [info] > git status -z -uall [71ms]
2024-11-26 20:41:53.180 [info] > git show --textconv :login.php [7ms]
2024-11-26 20:41:53.183 [info] > git ls-files --stage -- /var/www/html/2_team/2_team2/login.php [7ms]
2024-11-26 20:41:53.187 [info] > git cat-file -s 80cd8af5a43b428e6a64f14ac2c8c840e0b0f155 [2ms]
2024-11-26 20:42:01.769 [info] > git config --get commit.template [4ms]
2024-11-26 20:42:01.770 [info] > git for-each-ref --format=%(refname)%00%(upstream:short)%00%(objectname)%00%(upstream:track)%00%(upstream:remotename)%00%(upstream:remoteref) refs/heads/jhw refs/remotes/jhw [1ms]
2024-11-26 20:42:01.777 [info] > git for-each-ref --sort -committerdate --format %(refname) %(objectname) %(*objectname) [2ms]
2024-11-26 20:42:01.848 [info] > git status -z -uall [75ms]
2024-11-26 20:43:05.919 [info] > git config --get commit.template [3ms]
2024-11-26 20:43:05.920 [info] > git for-each-ref --format=%(refname)%00%(upstream:short)%00%(objectname)%00%(upstream:track)%00%(upstream:remotename)%00%(upstream:remoteref) refs/heads/jhw refs/remotes/jhw [1ms]
2024-11-26 20:43:05.928 [info] > git for-each-ref --sort -committerdate --format %(refname) %(objectname) %(*objectname) [3ms]
2024-11-26 20:43:05.994 [info] > git status -z -uall [71ms]
2024-11-26 20:43:11.020 [info] > git config --get commit.template [4ms]
2024-11-26 20:43:11.021 [info] > git for-each-ref --format=%(refname)%00%(upstream:short)%00%(objectname)%00%(upstream:track)%00%(upstream:remotename)%00%(upstream:remoteref) refs/heads/jhw refs/remotes/jhw [1ms]
2024-11-26 20:43:11.029 [info] > git for-each-ref --sort -committerdate --format %(refname) %(objectname) %(*objectname) [3ms]
2024-11-26 20:43:11.096 [info] > git status -z -uall [72ms]
2024-11-26 20:44:31.016 [info] > git config --get commit.template [3ms]
2024-11-26 20:44:31.018 [info] > git for-each-ref --format=%(refname)%00%(upstream:short)%00%(objectname)%00%(upstream:track)%00%(upstream:remotename)%00%(upstream:remoteref) refs/heads/jhw refs/remotes/jhw [2ms]
2024-11-26 20:44:31.025 [info] > git for-each-ref --sort -committerdate --format %(refname) %(objectname) %(*objectname) [2ms]
2024-11-26 20:44:31.091 [info] > git status -z -uall [71ms]
2024-11-26 20:44:33.053 [info] > git show --textconv :add_comment.php [7ms]
2024-11-26 20:44:33.056 [info] > git ls-files --stage -- /var/www/html/2_team/2_team2/add_comment.php [7ms]
2024-11-26 20:44:33.060 [info] > git cat-file -s 46d75a1c5fff54cf9a63bd49989221962a68ba28 [2ms]
2024-11-26 20:44:35.026 [info] > git show --textconv :participant_process.php [12ms]
2024-11-26 20:44:35.029 [info] > git ls-files --stage -- /var/www/html/2_team/2_team2/participant_process.php [8ms]
2024-11-26 20:44:35.032 [info] > git cat-file -s 20a98fef21ceaa24eefe8c9cc31fb462fef604a4 [1ms]
2024-11-26 20:44:54.707 [info] > git config --get commit.template [3ms]
2024-11-26 20:44:54.708 [info] > git for-each-ref --format=%(refname)%00%(upstream:short)%00%(objectname)%00%(upstream:track)%00%(upstream:remotename)%00%(upstream:remoteref) refs/heads/jhw refs/remotes/jhw [2ms]
2024-11-26 20:44:54.715 [info] > git for-each-ref --sort -committerdate --format %(refname) %(objectname) %(*objectname) [2ms]
2024-11-26 20:44:54.782 [info] > git status -z -uall [70ms]
2024-11-26 20:44:58.515 [info] > git show --textconv :add_comment.php [8ms]
2024-11-26 20:44:58.518 [info] > git ls-files --stage -- /var/www/html/2_team/2_team2/add_comment.php [7ms]
2024-11-26 20:44:58.521 [info] > git cat-file -s 46d75a1c5fff54cf9a63bd49989221962a68ba28 [1ms]
2024-11-26 20:44:59.802 [info] > git config --get commit.template [3ms]
2024-11-26 20:44:59.804 [info] > git for-each-ref --format=%(refname)%00%(upstream:short)%00%(objectname)%00%(upstream:track)%00%(upstream:remotename)%00%(upstream:remoteref) refs/heads/jhw refs/remotes/jhw [2ms]
2024-11-26 20:44:59.812 [info] > git for-each-ref --sort -committerdate --format %(refname) %(objectname) %(*objectname) [2ms]
2024-11-26 20:44:59.885 [info] > git status -z -uall [78ms]
2024-11-26 20:45:17.202 [info] > git show --textconv :participant_process.php [7ms]
2024-11-26 20:45:17.205 [info] > git ls-files --stage -- /var/www/html/2_team/2_team2/participant_process.php [7ms]
2024-11-26 20:45:17.209 [info] > git cat-file -s 20a98fef21ceaa24eefe8c9cc31fb462fef604a4 [1ms]
2024-11-26 20:45:19.226 [info] > git show --textconv :add_comment.php [7ms]
2024-11-26 20:45:19.229 [info] > git ls-files --stage -- /var/www/html/2_team/2_team2/add_comment.php [7ms]
2024-11-26 20:45:19.233 [info] > git cat-file -s 46d75a1c5fff54cf9a63bd49989221962a68ba28 [2ms]
2024-11-26 20:45:19.902 [info] > git config --get commit.template [4ms]
2024-11-26 20:45:19.903 [info] > git for-each-ref --format=%(refname)%00%(upstream:short)%00%(objectname)%00%(upstream:track)%00%(upstream:remotename)%00%(upstream:remoteref) refs/heads/jhw refs/remotes/jhw [2ms]
2024-11-26 20:45:19.910 [info] > git for-each-ref --sort -committerdate --format %(refname) %(objectname) %(*objectname) [2ms]
2024-11-26 20:45:19.979 [info] > git status -z -uall [74ms]
2024-11-26 20:45:20.027 [info] > git show --textconv :mypage.php [6ms]
2024-11-26 20:45:20.030 [info] > git ls-files --stage -- /var/www/html/2_team/2_team2/mypage.php [7ms]
2024-11-26 20:45:20.034 [info] > git cat-file -s 6b71a8c176f4554671cb1e3a655eb900dc70ebce [2ms]
2024-11-26 20:45:26.881 [info] > git show --textconv :activity.php [8ms]
2024-11-26 20:45:26.884 [info] > git ls-files --stage -- /var/www/html/2_team/2_team2/activity.php [7ms]
2024-11-26 20:45:33.986 [info] > git config --get commit.template [8ms]
2024-11-26 20:45:33.990 [info] > git for-each-ref --format=%(refname)%00%(upstream:short)%00%(objectname)%00%(upstream:track)%00%(upstream:remotename)%00%(upstream:remoteref) refs/heads/jhw refs/remotes/jhw [5ms]
2024-11-26 20:45:34.013 [info] > git for-each-ref --sort -committerdate --format %(refname) %(objectname) %(*objectname) [6ms]
2024-11-26 20:45:34.094 [info] > git status -z -uall [96ms]
2024-11-26 20:45:39.123 [info] > git config --get commit.template [8ms]
2024-11-26 20:45:39.128 [info] > git for-each-ref --format=%(refname)%00%(upstream:short)%00%(objectname)%00%(upstream:track)%00%(upstream:remotename)%00%(upstream:remoteref) refs/heads/jhw refs/remotes/jhw [6ms]
2024-11-26 20:45:39.142 [info] > git for-each-ref --sort -committerdate --format %(refname) %(objectname) %(*objectname) [2ms]
2024-11-26 20:45:39.209 [info] > git status -z -uall [73ms]
2024-11-26 20:45:44.232 [info] > git config --get commit.template [3ms]
2024-11-26 20:45:44.234 [info] > git for-each-ref --format=%(refname)%00%(upstream:short)%00%(objectname)%00%(upstream:track)%00%(upstream:remotename)%00%(upstream:remoteref) refs/heads/jhw refs/remotes/jhw [2ms]
2024-11-26 20:45:44.241 [info] > git for-each-ref --sort -committerdate --format %(refname) %(objectname) %(*objectname) [2ms]
2024-11-26 20:45:44.307 [info] > git status -z -uall [71ms]
2024-11-26 20:45:49.330 [info] > git config --get commit.template [4ms]
2024-11-26 20:45:49.331 [info] > git for-each-ref --format=%(refname)%00%(upstream:short)%00%(objectname)%00%(upstream:track)%00%(upstream:remotename)%00%(upstream:remoteref) refs/heads/jhw refs/remotes/jhw [1ms]
2024-11-26 20:45:49.338 [info] > git for-each-ref --sort -committerdate --format %(refname) %(objectname) %(*objectname) [2ms]
2024-11-26 20:45:49.404 [info] > git status -z -uall [70ms]
2024-11-26 20:45:52.253 [info] > git show --textconv :board_write.php [7ms]
2024-11-26 20:45:52.256 [info] > git ls-files --stage -- /var/www/html/2_team/2_team2/board_write.php [7ms]
2024-11-26 20:45:52.259 [info] > git cat-file -s ab2af2ed4a3509a39d59359147ef7c08595aeb6d [1ms]
2024-11-26 20:46:10.460 [info] > git show --textconv :login.php [8ms]
2024-11-26 20:46:10.462 [info] > git ls-files --stage -- /var/www/html/2_team/2_team2/login.php [7ms]
2024-11-26 20:46:10.466 [info] > git cat-file -s 80cd8af5a43b428e6a64f14ac2c8c840e0b0f155 [1ms]
2024-11-26 20:46:34.830 [info] > git show --textconv :add_comment.php [7ms]
2024-11-26 20:46:34.833 [info] > git ls-files --stage -- /var/www/html/2_team/2_team2/add_comment.php [7ms]
2024-11-26 20:46:34.836 [info] > git cat-file -s 46d75a1c5fff54cf9a63bd49989221962a68ba28 [1ms]
2024-11-26 20:46:41.070 [info] > git config --get commit.template [3ms]
2024-11-26 20:46:41.071 [info] > git for-each-ref --format=%(refname)%00%(upstream:short)%00%(objectname)%00%(upstream:track)%00%(upstream:remotename)%00%(upstream:remoteref) refs/heads/jhw refs/remotes/jhw [1ms]
2024-11-26 20:46:41.079 [info] > git for-each-ref --sort -committerdate --format %(refname) %(objectname) %(*objectname) [2ms]
2024-11-26 20:46:41.148 [info] > git status -z -uall [74ms]
2024-11-26 20:47:03.040 [info] > git show --textconv :participant_process.php [7ms]
2024-11-26 20:47:03.043 [info] > git ls-files --stage -- /var/www/html/2_team/2_team2/participant_process.php [7ms]
2024-11-26 20:47:03.046 [info] > git cat-file -s 20a98fef21ceaa24eefe8c9cc31fb462fef604a4 [1ms]
2024-11-26 20:47:05.089 [info] > git config --get commit.template [2ms]
2024-11-26 20:47:05.090 [info] > git for-each-ref --format=%(refname)%00%(upstream:short)%00%(objectname)%00%(upstream:track)%00%(upstream:remotename)%00%(upstream:remoteref) refs/heads/jhw refs/remotes/jhw [2ms]
2024-11-26 20:47:05.097 [info] > git for-each-ref --sort -committerdate --format %(refname) %(objectname) %(*objectname) [3ms]
2024-11-26 20:47:05.165 [info] > git status -z -uall [73ms]
2024-11-26 20:48:02.249 [info] > git config --get commit.template [2ms]
2024-11-26 20:48:02.250 [info] > git for-each-ref --format=%(refname)%00%(upstream:short)%00%(objectname)%00%(upstream:track)%00%(upstream:remotename)%00%(upstream:remoteref) refs/heads/jhw refs/remotes/jhw [1ms]
2024-11-26 20:48:02.258 [info] > git for-each-ref --sort -committerdate --format %(refname) %(objectname) %(*objectname) [3ms]
2024-11-26 20:48:02.325 [info] > git status -z -uall [72ms]
2024-11-26 20:48:05.568 [info] > git show --textconv :add_comment.php [7ms]
2024-11-26 20:48:05.571 [info] > git ls-files --stage -- /var/www/html/2_team/2_team2/add_comment.php [7ms]
2024-11-26 20:48:05.575 [info] > git cat-file -s 46d75a1c5fff54cf9a63bd49989221962a68ba28 [2ms]
2024-11-26 20:48:07.347 [info] > git config --get commit.template [3ms]
2024-11-26 20:48:07.348 [info] > git for-each-ref --format=%(refname)%00%(upstream:short)%00%(objectname)%00%(upstream:track)%00%(upstream:remotename)%00%(upstream:remoteref) refs/heads/jhw refs/remotes/jhw [1ms]
2024-11-26 20:48:07.356 [info] > git for-each-ref --sort -committerdate --format %(refname) %(objectname) %(*objectname) [3ms]
2024-11-26 20:48:07.423 [info] > git status -z -uall [71ms]
2024-11-26 20:48:47.088 [info] > git config --get commit.template [3ms]
2024-11-26 20:48:47.089 [info] > git for-each-ref --format=%(refname)%00%(upstream:short)%00%(objectname)%00%(upstream:track)%00%(upstream:remotename)%00%(upstream:remoteref) refs/heads/jhw refs/remotes/jhw [2ms]
2024-11-26 20:48:47.097 [info] > git for-each-ref --sort -committerdate --format %(refname) %(objectname) %(*objectname) [2ms]
2024-11-26 20:48:47.166 [info] > git status -z -uall [74ms]
2024-11-26 20:49:13.876 [info] > git config --get commit.template [3ms]
2024-11-26 20:49:13.877 [info] > git for-each-ref --format=%(refname)%00%(upstream:short)%00%(objectname)%00%(upstream:track)%00%(upstream:remotename)%00%(upstream:remoteref) refs/heads/jhw refs/remotes/jhw [1ms]
2024-11-26 20:49:13.885 [info] > git for-each-ref --sort -committerdate --format %(refname) %(objectname) %(*objectname) [2ms]
2024-11-26 20:49:13.953 [info] > git status -z -uall [73ms]
2024-11-26 20:49:54.397 [info] > git config --get commit.template [3ms]
2024-11-26 20:49:54.398 [info] > git for-each-ref --format=%(refname)%00%(upstream:short)%00%(objectname)%00%(upstream:track)%00%(upstream:remotename)%00%(upstream:remoteref) refs/heads/jhw refs/remotes/jhw [1ms]
2024-11-26 20:49:54.406 [info] > git for-each-ref --sort -committerdate --format %(refname) %(objectname) %(*objectname) [2ms]
2024-11-26 20:49:54.474 [info] > git status -z -uall [73ms]
2024-11-26 20:50:29.722 [info] > git config --get commit.template [2ms]
2024-11-26 20:50:29.723 [info] > git for-each-ref --format=%(refname)%00%(upstream:short)%00%(objectname)%00%(upstream:track)%00%(upstream:remotename)%00%(upstream:remoteref) refs/heads/jhw refs/remotes/jhw [2ms]
2024-11-26 20:50:29.730 [info] > git for-each-ref --sort -committerdate --format %(refname) %(objectname) %(*objectname) [2ms]
2024-11-26 20:50:29.796 [info] > git status -z -uall [71ms]
2024-11-26 20:50:59.616 [info] > git config --get commit.template [2ms]
2024-11-26 20:50:59.617 [info] > git for-each-ref --format=%(refname)%00%(upstream:short)%00%(objectname)%00%(upstream:track)%00%(upstream:remotename)%00%(upstream:remoteref) refs/heads/jhw refs/remotes/jhw [2ms]
2024-11-26 20:50:59.625 [info] > git for-each-ref --sort -committerdate --format %(refname) %(objectname) %(*objectname) [2ms]
2024-11-26 20:50:59.693 [info] > git status -z -uall [73ms]
2024-11-26 20:51:04.715 [info] > git config --get commit.template [3ms]
2024-11-26 20:51:04.716 [info] > git for-each-ref --format=%(refname)%00%(upstream:short)%00%(objectname)%00%(upstream:track)%00%(upstream:remotename)%00%(upstream:remoteref) refs/heads/jhw refs/remotes/jhw [1ms]
2024-11-26 20:51:04.724 [info] > git for-each-ref --sort -committerdate --format %(refname) %(objectname) %(*objectname) [2ms]
2024-11-26 20:51:04.790 [info] > git status -z -uall [71ms]
2024-11-26 20:52:05.124 [info] > git config --get commit.template [2ms]
2024-11-26 20:52:05.125 [info] > git for-each-ref --format=%(refname)%00%(upstream:short)%00%(objectname)%00%(upstream:track)%00%(upstream:remotename)%00%(upstream:remoteref) refs/heads/jhw refs/remotes/jhw [2ms]
2024-11-26 20:52:05.133 [info] > git for-each-ref --sort -committerdate --format %(refname) %(objectname) %(*objectname) [2ms]
2024-11-26 20:52:05.209 [info] > git status -z -uall [81ms]
2024-11-26 20:52:34.032 [info] > git config --get commit.template [3ms]
2024-11-26 20:52:34.033 [info] > git for-each-ref --format=%(refname)%00%(upstream:short)%00%(objectname)%00%(upstream:track)%00%(upstream:remotename)%00%(upstream:remoteref) refs/heads/jhw refs/remotes/jhw [2ms]
2024-11-26 20:52:34.041 [info] > git for-each-ref --sort -committerdate --format %(refname) %(objectname) %(*objectname) [2ms]
2024-11-26 20:52:34.109 [info] > git status -z -uall [74ms]
2024-11-26 20:53:07.876 [info] > git config --get commit.template [4ms]
2024-11-26 20:53:07.877 [info] > git for-each-ref --format=%(refname)%00%(upstream:short)%00%(objectname)%00%(upstream:track)%00%(upstream:remotename)%00%(upstream:remoteref) refs/heads/jhw refs/remotes/jhw [2ms]
2024-11-26 20:53:07.887 [info] > git for-each-ref --sort -committerdate --format %(refname) %(objectname) %(*objectname) [2ms]
2024-11-26 20:53:07.956 [info] > git status -z -uall [75ms]
2024-11-26 20:53:12.979 [info] > git config --get commit.template [3ms]
2024-11-26 20:53:12.980 [info] > git for-each-ref --format=%(refname)%00%(upstream:short)%00%(objectname)%00%(upstream:track)%00%(upstream:remotename)%00%(upstream:remoteref) refs/heads/jhw refs/remotes/jhw [1ms]
2024-11-26 20:53:12.988 [info] > git for-each-ref --sort -committerdate --format %(refname) %(objectname) %(*objectname) [3ms]
2024-11-26 20:53:13.060 [info] > git status -z -uall [76ms]
2024-11-26 20:53:18.083 [info] > git config --get commit.template [4ms]
2024-11-26 20:53:18.084 [info] > git for-each-ref --format=%(refname)%00%(upstream:short)%00%(objectname)%00%(upstream:track)%00%(upstream:remotename)%00%(upstream:remoteref) refs/heads/jhw refs/remotes/jhw [2ms]
2024-11-26 20:53:18.092 [info] > git for-each-ref --sort -committerdate --format %(refname) %(objectname) %(*objectname) [2ms]
2024-11-26 20:53:18.162 [info] > git status -z -uall [75ms]
2024-11-26 20:54:01.096 [info] > git config --get commit.template [3ms]
2024-11-26 20:54:01.097 [info] > git for-each-ref --format=%(refname)%00%(upstream:short)%00%(objectname)%00%(upstream:track)%00%(upstream:remotename)%00%(upstream:remoteref) refs/heads/jhw refs/remotes/jhw [2ms]
2024-11-26 20:54:01.105 [info] > git for-each-ref --sort -committerdate --format %(refname) %(objectname) %(*objectname) [3ms]
2024-11-26 20:54:01.172 [info] > git status -z -uall [72ms]
2024-11-26 20:54:03.493 [info] > git check-ignore -v -z --stdin [7ms]
2024-11-26 20:54:06.196 [info] > git config --get commit.template [3ms]
2024-11-26 20:54:06.197 [info] > git for-each-ref --format=%(refname)%00%(upstream:short)%00%(objectname)%00%(upstream:track)%00%(upstream:remotename)%00%(upstream:remoteref) refs/heads/jhw refs/remotes/jhw [2ms]
2024-11-26 20:54:06.205 [info] > git for-each-ref --sort -committerdate --format %(refname) %(objectname) %(*objectname) [2ms]
2024-11-26 20:54:06.275 [info] > git status -z -uall [75ms]
2024-11-26 20:54:11.294 [info] > git config --get commit.template [2ms]
2024-11-26 20:54:11.296 [info] > git for-each-ref --format=%(refname)%00%(upstream:short)%00%(objectname)%00%(upstream:track)%00%(upstream:remotename)%00%(upstream:remoteref) refs/heads/jhw refs/remotes/jhw [2ms]
2024-11-26 20:54:11.303 [info] > git for-each-ref --sort -committerdate --format %(refname) %(objectname) %(*objectname) [3ms]
2024-11-26 20:54:11.371 [info] > git status -z -uall [73ms]
