2024-11-25 15:05:48.855 [info] [main] 로그 수준: Info
2024-11-25 15:05:48.855 [info] [main] "git"에서 찾은 git 유효성을 검사하는 중
2024-11-25 15:05:48.855 [info] [main] "2.34.1"에서 git "git"을(를) 사용하는 중
2024-11-25 15:05:48.855 [info] [Model][doInitialScan] Initial repository scan started
2024-11-25 15:05:48.855 [info] > git rev-parse --show-toplevel [2ms]
2024-11-25 15:05:48.855 [info] > git rev-parse --git-dir --git-common-dir [2ms]
2024-11-25 15:05:48.855 [info] [Model][openRepository] Opened repository: /var/www/html/2_team/2_team2
2024-11-25 15:05:48.855 [info] > git config --get commit.template [4ms]
2024-11-25 15:05:48.855 [info] > git rev-parse --show-toplevel [2ms]
2024-11-25 15:05:48.855 [info] > git for-each-ref --format=%(refname)%00%(upstream:short)%00%(objectname)%00%(upstream:track)%00%(upstream:remotename)%00%(upstream:remoteref) refs/heads/jhw refs/remotes/jhw [4ms]
2024-11-25 15:05:48.855 [info] > git rev-parse --show-toplevel [1ms]
2024-11-25 15:05:48.855 [info] > git rev-parse --show-toplevel [9ms]
2024-11-25 15:05:48.855 [info] > git for-each-ref --sort -committerdate --format %(refname) %(objectname) %(*objectname) [5ms]
2024-11-25 15:05:48.855 [info] > git rev-parse --show-toplevel [3ms]
2024-11-25 15:05:48.855 [info] > git rev-parse --show-toplevel [1ms]
2024-11-25 15:05:48.855 [info] > git rev-parse --show-toplevel [1ms]
2024-11-25 15:05:48.855 [info] > git rev-parse --show-toplevel [2ms]
2024-11-25 15:05:48.855 [info] > git rev-parse --show-toplevel [2ms]
2024-11-25 15:05:48.855 [info] > git rev-parse --show-toplevel [1ms]
2024-11-25 15:05:48.855 [info] > git rev-parse --show-toplevel [2ms]
2024-11-25 15:05:48.855 [info] [Model][doInitialScan] Initial repository scan completed - repositories (1), closed repositories (0), parent repositories (0), unsafe repositories (0)
2024-11-25 15:05:48.855 [info] > git status -z -uall [95ms]
2024-11-25 15:05:48.855 [info] > git for-each-ref --format=%(refname)%00%(upstream:short)%00%(objectname)%00%(upstream:track)%00%(upstream:remotename)%00%(upstream:remoteref) refs/heads/jhw refs/remotes/jhw [5ms]
2024-11-25 15:05:48.855 [info] > git config --get commit.template [4ms]
2024-11-25 15:05:48.855 [info] > git config --local branch.jhw.vscode-merge-base [4ms]
2024-11-25 15:05:48.855 [warning] [Git][config] git config failed: Failed to execute git
2024-11-25 15:05:48.855 [info] > git for-each-ref --format=%(refname)%00%(upstream:short)%00%(objectname)%00%(upstream:track)%00%(upstream:remotename)%00%(upstream:remoteref) refs/heads/jhw refs/remotes/jhw [6ms]
2024-11-25 15:05:48.855 [info] > git reflog jhw --grep-reflog=branch: Created from *. [8ms]
2024-11-25 15:05:48.855 [info] > git for-each-ref --sort -committerdate --format %(refname) %(objectname) %(*objectname) [4ms]
2024-11-25 15:05:48.855 [info] > git reflog HEAD --grep-reflog=checkout: moving from .* to jhw [10ms]
2024-11-25 15:05:48.855 [info] > git for-each-ref --format=%(refname)%00%(upstream:short)%00%(objectname)%00%(upstream:track)%00%(upstream:remotename)%00%(upstream:remoteref) refs/heads/main refs/remotes/main [2ms]
2024-11-25 15:05:48.855 [info] > git symbolic-ref --short refs/remotes/origin/HEAD [2ms]
2024-11-25 15:05:48.855 [info] fatal: ref refs/remotes/origin/HEAD is not a symbolic ref
2024-11-25 15:05:48.855 [warning] [Repository][getDefaultBranch] Failed to get default branch details: Failed to execute git.
2024-11-25 15:05:48.855 [info] > git merge-base refs/heads/jhw refs/remotes/origin/jhw [3ms]
2024-11-25 15:05:48.855 [info] > git diff --name-status -z --diff-filter=ADMR 9737636c5f94e0bcd809246b99e222d049bc4914...refs/remotes/origin/jhw [2ms]
2024-11-25 15:05:48.855 [info] > git status -z -uall [107ms]
2024-11-25 15:05:49.546 [info] > git check-ignore -v -z --stdin [23ms]
2024-11-25 15:05:49.862 [info] > git config --get commit.template [3ms]
2024-11-25 15:05:49.864 [info] > git for-each-ref --format=%(refname)%00%(upstream:short)%00%(objectname)%00%(upstream:track)%00%(upstream:remotename)%00%(upstream:remoteref) refs/heads/jhw refs/remotes/jhw [1ms]
2024-11-25 15:05:49.870 [info] > git for-each-ref --sort -committerdate --format %(refname) %(objectname) %(*objectname) [2ms]
2024-11-25 15:05:49.938 [info] > git status -z -uall [71ms]
2024-11-25 15:05:51.478 [info] > git show --textconv :edit_profile.php [43ms]
2024-11-25 15:05:51.478 [info] > git ls-files --stage -- /var/www/html/2_team/2_team2/edit_profile.php [39ms]
2024-11-25 15:05:51.482 [info] > git cat-file -s a3c39ff7192201076b8a1cc219b99871d5874a50 [1ms]
2024-11-25 15:05:54.343 [info] > git check-ignore -v -z --stdin [12ms]
2024-11-25 15:05:54.951 [info] > git config --get commit.template [3ms]
2024-11-25 15:05:54.952 [info] > git for-each-ref --format=%(refname)%00%(upstream:short)%00%(objectname)%00%(upstream:track)%00%(upstream:remotename)%00%(upstream:remoteref) refs/heads/jhw refs/remotes/jhw [1ms]
2024-11-25 15:05:54.959 [info] > git for-each-ref --sort -committerdate --format %(refname) %(objectname) %(*objectname) [2ms]
2024-11-25 15:05:55.025 [info] > git status -z -uall [70ms]
2024-11-25 15:05:58.495 [info] > git show --textconv :add_comment.php [8ms]
2024-11-25 15:05:58.498 [info] > git ls-files --stage -- /var/www/html/2_team/2_team2/add_comment.php [7ms]
2024-11-25 15:05:58.502 [info] > git cat-file -s 46d75a1c5fff54cf9a63bd49989221962a68ba28 [2ms]
2024-11-25 15:06:00.046 [info] > git config --get commit.template [9ms]
2024-11-25 15:06:00.050 [info] > git for-each-ref --format=%(refname)%00%(upstream:short)%00%(objectname)%00%(upstream:track)%00%(upstream:remotename)%00%(upstream:remoteref) refs/heads/jhw refs/remotes/jhw [5ms]
2024-11-25 15:06:00.073 [info] > git for-each-ref --sort -committerdate --format %(refname) %(objectname) %(*objectname) [6ms]
2024-11-25 15:06:00.153 [info] > git status -z -uall [94ms]
2024-11-25 15:06:08.429 [info] > git config --get commit.template [4ms]
2024-11-25 15:06:08.430 [info] > git for-each-ref --format=%(refname)%00%(upstream:short)%00%(objectname)%00%(upstream:track)%00%(upstream:remotename)%00%(upstream:remoteref) refs/heads/jhw refs/remotes/jhw [2ms]
2024-11-25 15:06:08.438 [info] > git for-each-ref --sort -committerdate --format %(refname) %(objectname) %(*objectname) [2ms]
2024-11-25 15:06:08.504 [info] > git status -z -uall [71ms]
2024-11-25 15:06:12.564 [info] > git check-ignore -v -z --stdin [8ms]
2024-11-25 15:06:14.114 [info] > git show --textconv :board.php [7ms]
2024-11-25 15:06:14.116 [info] > git ls-files --stage -- /var/www/html/2_team/2_team2/board.php [7ms]
2024-11-25 15:06:14.120 [info] > git cat-file -s 1a04da7ca86712b99b38f6c2eef14370f3c9fb21 [1ms]
2024-11-25 15:06:18.359 [info] > git show --textconv :logout.php [8ms]
2024-11-25 15:06:18.361 [info] > git ls-files --stage -- /var/www/html/2_team/2_team2/logout.php [7ms]
2024-11-25 15:06:18.365 [info] > git cat-file -s bfd3e7ec584f79310a31f97a52f525e0968364c4 [1ms]
2024-11-25 15:06:19.242 [info] > git show --textconv :login.php [8ms]
2024-11-25 15:06:19.245 [info] > git ls-files --stage -- /var/www/html/2_team/2_team2/login.php [7ms]
2024-11-25 15:06:19.248 [info] > git cat-file -s 80cd8af5a43b428e6a64f14ac2c8c840e0b0f155 [1ms]
2024-11-25 15:06:23.524 [info] > git config --get commit.template [3ms]
2024-11-25 15:06:23.524 [info] > git for-each-ref --format=%(refname)%00%(upstream:short)%00%(objectname)%00%(upstream:track)%00%(upstream:remotename)%00%(upstream:remoteref) refs/heads/jhw refs/remotes/jhw [1ms]
2024-11-25 15:06:23.531 [info] > git for-each-ref --sort -committerdate --format %(refname) %(objectname) %(*objectname) [2ms]
2024-11-25 15:06:23.598 [info] > git status -z -uall [71ms]
2024-11-25 15:06:41.541 [info] > git config --get commit.template [3ms]
2024-11-25 15:06:41.541 [info] > git for-each-ref --format=%(refname)%00%(upstream:short)%00%(objectname)%00%(upstream:track)%00%(upstream:remotename)%00%(upstream:remoteref) refs/heads/jhw refs/remotes/jhw [2ms]
2024-11-25 15:06:41.548 [info] > git for-each-ref --sort -committerdate --format %(refname) %(objectname) %(*objectname) [2ms]
2024-11-25 15:06:41.615 [info] > git status -z -uall [72ms]
2024-11-25 15:07:15.580 [info] > git config --get commit.template [2ms]
2024-11-25 15:07:15.581 [info] > git for-each-ref --format=%(refname)%00%(upstream:short)%00%(objectname)%00%(upstream:track)%00%(upstream:remotename)%00%(upstream:remoteref) refs/heads/jhw refs/remotes/jhw [1ms]
2024-11-25 15:07:15.589 [info] > git for-each-ref --sort -committerdate --format %(refname) %(objectname) %(*objectname) [2ms]
2024-11-25 15:07:15.655 [info] > git status -z -uall [71ms]
2024-11-25 15:07:57.515 [info] > git config --get commit.template [4ms]
2024-11-25 15:07:57.515 [info] > git for-each-ref --format=%(refname)%00%(upstream:short)%00%(objectname)%00%(upstream:track)%00%(upstream:remotename)%00%(upstream:remoteref) refs/heads/jhw refs/remotes/jhw [2ms]
2024-11-25 15:07:57.524 [info] > git for-each-ref --sort -committerdate --format %(refname) %(objectname) %(*objectname) [2ms]
2024-11-25 15:07:57.591 [info] > git status -z -uall [72ms]
2024-11-25 15:09:35.181 [info] > git config --get commit.template [3ms]
2024-11-25 15:09:35.183 [info] > git for-each-ref --format=%(refname)%00%(upstream:short)%00%(objectname)%00%(upstream:track)%00%(upstream:remotename)%00%(upstream:remoteref) refs/heads/jhw refs/remotes/jhw [2ms]
2024-11-25 15:09:35.192 [info] > git for-each-ref --sort -committerdate --format %(refname) %(objectname) %(*objectname) [2ms]
2024-11-25 15:09:35.257 [info] > git status -z -uall [71ms]
2024-11-25 15:09:49.195 [info] > git config --get commit.template [4ms]
2024-11-25 15:09:49.196 [info] > git for-each-ref --format=%(refname)%00%(upstream:short)%00%(objectname)%00%(upstream:track)%00%(upstream:remotename)%00%(upstream:remoteref) refs/heads/jhw refs/remotes/jhw [1ms]
2024-11-25 15:09:49.203 [info] > git for-each-ref --sort -committerdate --format %(refname) %(objectname) %(*objectname) [2ms]
2024-11-25 15:09:49.269 [info] > git status -z -uall [70ms]
2024-11-25 15:09:54.284 [info] > git config --get commit.template [3ms]
2024-11-25 15:09:54.285 [info] > git for-each-ref --format=%(refname)%00%(upstream:short)%00%(objectname)%00%(upstream:track)%00%(upstream:remotename)%00%(upstream:remoteref) refs/heads/jhw refs/remotes/jhw [2ms]
2024-11-25 15:09:54.293 [info] > git for-each-ref --sort -committerdate --format %(refname) %(objectname) %(*objectname) [3ms]
2024-11-25 15:09:54.361 [info] > git status -z -uall [73ms]
2024-11-25 15:09:59.373 [info] > git config --get commit.template [3ms]
2024-11-25 15:09:59.374 [info] > git for-each-ref --format=%(refname)%00%(upstream:short)%00%(objectname)%00%(upstream:track)%00%(upstream:remotename)%00%(upstream:remoteref) refs/heads/jhw refs/remotes/jhw [2ms]
2024-11-25 15:09:59.381 [info] > git for-each-ref --sort -committerdate --format %(refname) %(objectname) %(*objectname) [2ms]
2024-11-25 15:09:59.450 [info] > git status -z -uall [74ms]
2024-11-25 15:10:04.461 [info] > git config --get commit.template [3ms]
2024-11-25 15:10:04.462 [info] > git for-each-ref --format=%(refname)%00%(upstream:short)%00%(objectname)%00%(upstream:track)%00%(upstream:remotename)%00%(upstream:remoteref) refs/heads/jhw refs/remotes/jhw [2ms]
2024-11-25 15:10:04.469 [info] > git for-each-ref --sort -committerdate --format %(refname) %(objectname) %(*objectname) [2ms]
2024-11-25 15:10:04.535 [info] > git status -z -uall [71ms]
2024-11-25 15:10:09.550 [info] > git config --get commit.template [3ms]
2024-11-25 15:10:09.551 [info] > git for-each-ref --format=%(refname)%00%(upstream:short)%00%(objectname)%00%(upstream:track)%00%(upstream:remotename)%00%(upstream:remoteref) refs/heads/jhw refs/remotes/jhw [1ms]
2024-11-25 15:10:09.558 [info] > git for-each-ref --sort -committerdate --format %(refname) %(objectname) %(*objectname) [2ms]
2024-11-25 15:10:09.625 [info] > git status -z -uall [71ms]
2024-11-25 15:10:14.636 [info] > git config --get commit.template [3ms]
2024-11-25 15:10:14.637 [info] > git for-each-ref --format=%(refname)%00%(upstream:short)%00%(objectname)%00%(upstream:track)%00%(upstream:remotename)%00%(upstream:remoteref) refs/heads/jhw refs/remotes/jhw [1ms]
2024-11-25 15:10:14.645 [info] > git for-each-ref --sort -committerdate --format %(refname) %(objectname) %(*objectname) [3ms]
2024-11-25 15:10:14.710 [info] > git status -z -uall [70ms]
2024-11-25 15:10:19.723 [info] > git config --get commit.template [3ms]
2024-11-25 15:10:19.724 [info] > git for-each-ref --format=%(refname)%00%(upstream:short)%00%(objectname)%00%(upstream:track)%00%(upstream:remotename)%00%(upstream:remoteref) refs/heads/jhw refs/remotes/jhw [1ms]
2024-11-25 15:10:19.731 [info] > git for-each-ref --sort -committerdate --format %(refname) %(objectname) %(*objectname) [2ms]
2024-11-25 15:10:19.800 [info] > git status -z -uall [73ms]
2024-11-25 15:10:30.256 [info] > git config --get commit.template [8ms]
2024-11-25 15:10:30.258 [info] > git for-each-ref --format=%(refname)%00%(upstream:short)%00%(objectname)%00%(upstream:track)%00%(upstream:remotename)%00%(upstream:remoteref) refs/heads/jhw refs/remotes/jhw [3ms]
2024-11-25 15:10:30.265 [info] > git for-each-ref --sort -committerdate --format %(refname) %(objectname) %(*objectname) [2ms]
2024-11-25 15:10:30.330 [info] > git status -z -uall [69ms]
2024-11-25 15:10:46.603 [info] > git config --get commit.template [3ms]
2024-11-25 15:10:46.604 [info] > git for-each-ref --format=%(refname)%00%(upstream:short)%00%(objectname)%00%(upstream:track)%00%(upstream:remotename)%00%(upstream:remoteref) refs/heads/jhw refs/remotes/jhw [1ms]
2024-11-25 15:10:46.612 [info] > git for-each-ref --sort -committerdate --format %(refname) %(objectname) %(*objectname) [2ms]
2024-11-25 15:10:46.677 [info] > git status -z -uall [70ms]
