2024-11-26 15:58:46.395 [info] Extension host with pid 214049 started
2024-11-26 15:58:46.406 [info] Lock '/var/www/html/2_team/2_team2/.vscode-server/data/User/workspaceStorage/5bc055b56f09686021ebb31cab71230f/vscode.lock': Lock acquired.
2024-11-26 15:58:46.554 [info] ExtensionService#_doActivateExtension vscode.emmet, startup: false, activationEvent: 'onLanguage'
2024-11-26 15:58:46.555 [info] ExtensionService#_doActivateExtension vscode.php-language-features, startup: false, activationEvent: 'onLanguage:php'
2024-11-26 15:58:46.556 [info] ExtensionService#_doActivateExtension vscode.git-base, startup: false, activationEvent: '*', root cause: vscode.git
2024-11-26 15:58:46.556 [info] ExtensionService#_doActivateExtension ms-dotnettools.vscode-dotnet-runtime, startup: false, activationEvent: '*', root cause: Oracle.oracledevtools
2024-11-26 15:58:46.981 [info] ExtensionService#_doActivateExtension Oracle.oracledevtools, startup: false, activationEvent: '*'
2024-11-26 15:58:47.674 [info] ExtensionService#_doActivateExtension vscode.git, startup: false, activationEvent: '*'
2024-11-26 15:58:47.674 [info] ExtensionService#_doActivateExtension vscode.github, startup: false, activationEvent: '*'
2024-11-26 15:58:47.825 [info] ExtensionService#_doActivateExtension vscode.configuration-editing, startup: false, activationEvent: 'onLanguage:jsonc'
2024-11-26 15:58:47.825 [info] ExtensionService#_doActivateExtension vscode.json-language-features, startup: false, activationEvent: 'onLanguage:jsonc'
2024-11-26 15:58:47.825 [info] ExtensionService#_doActivateExtension vscode.typescript-language-features, startup: false, activationEvent: 'onLanguage:jsonc'
2024-11-26 15:58:48.280 [warning] [Decorations] CAPPING events from decorations provider vscode.git 361
2024-11-26 15:58:48.310 [info] Eager extensions activated
2024-11-26 15:58:48.310 [info] ExtensionService#_doActivateExtension vscode.debug-auto-launch, startup: false, activationEvent: 'onStartupFinished'
2024-11-26 15:58:48.310 [info] ExtensionService#_doActivateExtension vscode.merge-conflict, startup: false, activationEvent: 'onStartupFinished'
2024-11-26 15:58:48.310 [info] ExtensionService#_doActivateExtension esbenp.prettier-vscode, startup: false, activationEvent: 'onStartupFinished'
2024-11-26 15:58:48.311 [info] ExtensionService#_doActivateExtension ritwickdey.LiveServer, startup: false, activationEvent: 'onStartupFinished'
2024-11-26 15:58:48.637 [warning] [Decorations] CAPPING events from decorations provider vscode.git 362
2024-11-26 15:58:51.792 [warning] [Decorations] CAPPING events from decorations provider vscode.git 363
2024-11-26 15:59:05.668 [warning] [Decorations] CAPPING events from decorations provider vscode.git 363
2024-11-26 15:59:37.370 [warning] [Decorations] CAPPING events from decorations provider vscode.git 363
2024-11-26 16:00:47.666 [warning] [Decorations] CAPPING events from decorations provider vscode.git 364
2024-11-26 16:01:26.606 [warning] [Decorations] CAPPING events from decorations provider vscode.git 365
2024-11-26 16:02:07.416 [warning] [Decorations] CAPPING events from decorations provider vscode.git 366
2024-11-26 16:02:21.798 [warning] [Decorations] CAPPING events from decorations provider vscode.git 367
2024-11-26 16:02:26.895 [warning] [Decorations] CAPPING events from decorations provider vscode.git 367
2024-11-26 16:02:32.010 [warning] [Decorations] CAPPING events from decorations provider vscode.git 367
2024-11-26 16:02:42.930 [warning] [Decorations] CAPPING events from decorations provider vscode.git 367
2024-11-26 16:02:56.113 [warning] [Decorations] CAPPING events from decorations provider vscode.git 367
2024-11-26 16:03:01.261 [warning] [Decorations] CAPPING events from decorations provider vscode.git 367
2024-11-26 16:03:32.620 [warning] [Decorations] CAPPING events from decorations provider vscode.git 367
2024-11-26 16:03:49.404 [warning] [Decorations] CAPPING events from decorations provider vscode.git 368
2024-11-26 16:03:54.497 [warning] [Decorations] CAPPING events from decorations provider vscode.git 368
2024-11-26 16:03:59.591 [warning] [Decorations] CAPPING events from decorations provider vscode.git 368
2024-11-26 16:04:04.684 [warning] [Decorations] CAPPING events from decorations provider vscode.git 368
2024-11-26 16:04:09.775 [warning] [Decorations] CAPPING events from decorations provider vscode.git 368
2024-11-26 16:05:26.943 [warning] [Decorations] CAPPING events from decorations provider vscode.git 368
2024-11-26 16:05:39.600 [warning] [Decorations] CAPPING events from decorations provider vscode.git 369
2024-11-26 16:06:29.028 [warning] [Decorations] CAPPING events from decorations provider vscode.git 369
2024-11-26 16:06:52.085 [warning] [Decorations] CAPPING events from decorations provider vscode.git 370
2024-11-26 16:07:27.752 [warning] [Decorations] CAPPING events from decorations provider vscode.git 370
2024-11-26 16:07:47.747 [warning] [Decorations] CAPPING events from decorations provider vscode.git 370
2024-11-26 16:08:28.596 [warning] [Decorations] CAPPING events from decorations provider vscode.git 370
2024-11-26 16:08:33.688 [warning] [Decorations] CAPPING events from decorations provider vscode.git 370
2024-11-26 16:08:38.780 [warning] [Decorations] CAPPING events from decorations provider vscode.git 370
2024-11-26 16:08:43.871 [warning] [Decorations] CAPPING events from decorations provider vscode.git 370
2024-11-26 16:09:22.593 [warning] [Decorations] CAPPING events from decorations provider vscode.git 370
2024-11-26 16:09:36.560 [warning] [Decorations] CAPPING events from decorations provider vscode.git 371
2024-11-26 16:10:37.958 [warning] [Decorations] CAPPING events from decorations provider vscode.git 372
2024-11-26 16:10:43.049 [warning] [Decorations] CAPPING events from decorations provider vscode.git 372
2024-11-26 16:10:48.141 [warning] [Decorations] CAPPING events from decorations provider vscode.git 372
2024-11-26 16:11:04.580 [warning] [Decorations] CAPPING events from decorations provider vscode.git 372
2024-11-26 16:11:13.442 [warning] [Decorations] CAPPING events from decorations provider vscode.git 372
2024-11-26 16:11:20.451 [warning] [Decorations] CAPPING events from decorations provider vscode.git 372
2024-11-26 16:11:25.541 [warning] [Decorations] CAPPING events from decorations provider vscode.git 372
2024-11-26 16:11:30.638 [warning] [Decorations] CAPPING events from decorations provider vscode.git 372
2024-11-26 16:11:41.753 [warning] [Decorations] CAPPING events from decorations provider vscode.git 372
2024-11-26 16:12:21.509 [warning] [Decorations] CAPPING events from decorations provider vscode.git 372
2024-11-26 16:12:27.547 [warning] [Decorations] CAPPING events from decorations provider vscode.git 373
2024-11-26 16:12:32.637 [warning] [Decorations] CAPPING events from decorations provider vscode.git 373
2024-11-26 16:12:38.705 [warning] [Decorations] CAPPING events from decorations provider vscode.git 373
2024-11-26 16:12:44.994 [warning] [Decorations] CAPPING events from decorations provider vscode.git 374
2024-11-26 16:13:52.104 [warning] [Decorations] CAPPING events from decorations provider vscode.git 375
2024-11-26 16:14:38.083 [warning] [Decorations] CAPPING events from decorations provider vscode.git 376
2024-11-26 16:14:43.186 [warning] [Decorations] CAPPING events from decorations provider vscode.git 376
2024-11-26 16:14:48.284 [warning] [Decorations] CAPPING events from decorations provider vscode.git 376
2024-11-26 16:14:56.276 [warning] [Decorations] CAPPING events from decorations provider vscode.git 376
2024-11-26 16:15:27.488 [warning] [Decorations] CAPPING events from decorations provider vscode.git 377
2024-11-26 16:15:32.580 [warning] [Decorations] CAPPING events from decorations provider vscode.git 377
2024-11-26 16:15:41.645 [warning] [Decorations] CAPPING events from decorations provider vscode.git 377
2024-11-26 16:16:26.932 [warning] [Decorations] CAPPING events from decorations provider vscode.git 378
2024-11-26 16:18:11.363 [warning] [Decorations] CAPPING events from decorations provider vscode.git 379
2024-11-26 16:18:22.053 [warning] [Decorations] CAPPING events from decorations provider vscode.git 380
2024-11-26 16:18:27.144 [warning] [Decorations] CAPPING events from decorations provider vscode.git 380
2024-11-26 16:18:32.235 [warning] [Decorations] CAPPING events from decorations provider vscode.git 380
2024-11-26 16:18:37.334 [warning] [Decorations] CAPPING events from decorations provider vscode.git 380
2024-11-26 16:19:17.402 [warning] [Decorations] CAPPING events from decorations provider vscode.git 380
2024-11-26 16:19:22.492 [warning] [Decorations] CAPPING events from decorations provider vscode.git 380
2024-11-26 16:19:27.583 [warning] [Decorations] CAPPING events from decorations provider vscode.git 380
2024-11-26 16:19:32.672 [warning] [Decorations] CAPPING events from decorations provider vscode.git 380
2024-11-26 16:20:21.514 [warning] [Decorations] CAPPING events from decorations provider vscode.git 380
2024-11-26 16:20:26.605 [warning] [Decorations] CAPPING events from decorations provider vscode.git 380
2024-11-26 16:20:37.050 [warning] [Decorations] CAPPING events from decorations provider vscode.git 380
2024-11-26 16:20:42.621 [warning] [Decorations] CAPPING events from decorations provider vscode.git 380
2024-11-26 16:20:49.705 [warning] [Decorations] CAPPING events from decorations provider vscode.git 380
2024-11-26 16:20:54.801 [warning] [Decorations] CAPPING events from decorations provider vscode.git 380
2024-11-26 16:21:06.734 [warning] [Decorations] CAPPING events from decorations provider vscode.git 380
2024-11-26 16:21:38.219 [warning] [Decorations] CAPPING events from decorations provider vscode.git 380
2024-11-26 16:21:43.312 [warning] [Decorations] CAPPING events from decorations provider vscode.git 380
2024-11-26 16:21:52.089 [warning] [Decorations] CAPPING events from decorations provider vscode.git 380
2024-11-26 16:21:58.569 [warning] [Decorations] CAPPING events from decorations provider vscode.git 380
2024-11-26 16:22:03.659 [warning] [Decorations] CAPPING events from decorations provider vscode.git 380
2024-11-26 16:22:11.307 [warning] [Decorations] CAPPING events from decorations provider vscode.git 380
2024-11-26 16:22:22.143 [warning] [Decorations] CAPPING events from decorations provider vscode.git 380
2024-11-26 16:22:27.235 [warning] [Decorations] CAPPING events from decorations provider vscode.git 380
2024-11-26 16:22:42.029 [warning] [Decorations] CAPPING events from decorations provider vscode.git 380
2024-11-26 16:22:47.120 [warning] [Decorations] CAPPING events from decorations provider vscode.git 380
2024-11-26 16:22:52.210 [warning] [Decorations] CAPPING events from decorations provider vscode.git 380
2024-11-26 16:22:57.304 [warning] [Decorations] CAPPING events from decorations provider vscode.git 380
2024-11-26 16:23:25.036 [warning] [Decorations] CAPPING events from decorations provider vscode.git 380
2024-11-26 16:23:30.127 [warning] [Decorations] CAPPING events from decorations provider vscode.git 380
2024-11-26 16:23:43.638 [warning] [Decorations] CAPPING events from decorations provider vscode.git 380
2024-11-26 16:24:06.178 [warning] [Decorations] CAPPING events from decorations provider vscode.git 380
2024-11-26 16:24:11.268 [warning] [Decorations] CAPPING events from decorations provider vscode.git 380
2024-11-26 16:24:25.038 [warning] [Decorations] CAPPING events from decorations provider vscode.git 380
2024-11-26 16:24:30.172 [warning] [Decorations] CAPPING events from decorations provider vscode.git 380
2024-11-26 16:25:43.582 [warning] [Decorations] CAPPING events from decorations provider vscode.git 380
2024-11-26 16:25:52.774 [warning] [Decorations] CAPPING events from decorations provider vscode.git 381
2024-11-26 16:25:57.870 [warning] [Decorations] CAPPING events from decorations provider vscode.git 381
2024-11-26 16:26:02.960 [warning] [Decorations] CAPPING events from decorations provider vscode.git 382
2024-11-26 16:26:15.145 [warning] [Decorations] CAPPING events from decorations provider vscode.git 382
2024-11-26 16:26:55.130 [warning] [Decorations] CAPPING events from decorations provider vscode.git 382
2024-11-26 16:27:00.222 [warning] [Decorations] CAPPING events from decorations provider vscode.git 382
2024-11-26 16:27:12.056 [warning] [Decorations] CAPPING events from decorations provider vscode.git 382
2024-11-26 16:27:17.146 [warning] [Decorations] CAPPING events from decorations provider vscode.git 382
2024-11-26 16:27:26.248 [warning] [Decorations] CAPPING events from decorations provider vscode.git 382
2024-11-26 16:27:31.385 [warning] [Decorations] CAPPING events from decorations provider vscode.git 382
2024-11-26 16:27:52.186 [warning] [Decorations] CAPPING events from decorations provider vscode.git 382
2024-11-26 16:27:57.282 [warning] [Decorations] CAPPING events from decorations provider vscode.git 382
2024-11-26 16:28:42.057 [warning] [Decorations] CAPPING events from decorations provider vscode.git 382
2024-11-26 16:30:14.978 [warning] [Decorations] CAPPING events from decorations provider vscode.git 383
2024-11-26 16:30:45.737 [warning] [Decorations] CAPPING events from decorations provider vscode.git 384
2024-11-26 16:31:35.452 [warning] [Decorations] CAPPING events from decorations provider vscode.git 384
2024-11-26 16:32:40.991 [warning] [Decorations] CAPPING events from decorations provider vscode.git 385
2024-11-26 16:33:16.827 [warning] [Decorations] CAPPING events from decorations provider vscode.git 386
2024-11-26 16:33:21.919 [warning] [Decorations] CAPPING events from decorations provider vscode.git 386
2024-11-26 16:33:27.008 [warning] [Decorations] CAPPING events from decorations provider vscode.git 386
2024-11-26 16:33:32.101 [warning] [Decorations] CAPPING events from decorations provider vscode.git 386
2024-11-26 16:33:37.192 [warning] [Decorations] CAPPING events from decorations provider vscode.git 386
2024-11-26 16:33:42.284 [warning] [Decorations] CAPPING events from decorations provider vscode.git 386
2024-11-26 16:33:47.375 [warning] [Decorations] CAPPING events from decorations provider vscode.git 386
2024-11-26 16:33:52.465 [warning] [Decorations] CAPPING events from decorations provider vscode.git 386
2024-11-26 16:33:57.555 [warning] [Decorations] CAPPING events from decorations provider vscode.git 386
2024-11-26 16:34:37.293 [warning] [Decorations] CAPPING events from decorations provider vscode.git 386
2024-11-26 16:34:42.384 [warning] [Decorations] CAPPING events from decorations provider vscode.git 386
2024-11-26 16:35:09.114 [warning] [Decorations] CAPPING events from decorations provider vscode.git 387
2024-11-26 16:35:14.205 [warning] [Decorations] CAPPING events from decorations provider vscode.git 387
2024-11-26 16:35:19.296 [warning] [Decorations] CAPPING events from decorations provider vscode.git 387
2024-11-26 16:35:24.386 [warning] [Decorations] CAPPING events from decorations provider vscode.git 387
2024-11-26 16:35:29.479 [warning] [Decorations] CAPPING events from decorations provider vscode.git 387
2024-11-26 16:35:34.570 [warning] [Decorations] CAPPING events from decorations provider vscode.git 387
2024-11-26 16:35:39.662 [warning] [Decorations] CAPPING events from decorations provider vscode.git 387
2024-11-26 16:35:44.758 [warning] [Decorations] CAPPING events from decorations provider vscode.git 387
2024-11-26 16:35:49.849 [warning] [Decorations] CAPPING events from decorations provider vscode.git 387
2024-11-26 16:35:54.944 [warning] [Decorations] CAPPING events from decorations provider vscode.git 387
2024-11-26 16:36:00.037 [warning] [Decorations] CAPPING events from decorations provider vscode.git 387
2024-11-26 16:36:05.128 [warning] [Decorations] CAPPING events from decorations provider vscode.git 387
2024-11-26 16:36:10.254 [warning] [Decorations] CAPPING events from decorations provider vscode.git 387
2024-11-26 16:36:15.346 [warning] [Decorations] CAPPING events from decorations provider vscode.git 387
2024-11-26 16:36:20.436 [warning] [Decorations] CAPPING events from decorations provider vscode.git 387
2024-11-26 16:36:25.527 [warning] [Decorations] CAPPING events from decorations provider vscode.git 387
2024-11-26 16:36:30.619 [warning] [Decorations] CAPPING events from decorations provider vscode.git 387
2024-11-26 16:36:35.708 [warning] [Decorations] CAPPING events from decorations provider vscode.git 387
2024-11-26 16:36:40.798 [warning] [Decorations] CAPPING events from decorations provider vscode.git 387
2024-11-26 16:36:45.890 [warning] [Decorations] CAPPING events from decorations provider vscode.git 387
2024-11-26 16:36:50.978 [warning] [Decorations] CAPPING events from decorations provider vscode.git 387
2024-11-26 16:36:56.085 [warning] [Decorations] CAPPING events from decorations provider vscode.git 387
2024-11-26 16:37:28.359 [warning] [Decorations] CAPPING events from decorations provider vscode.git 387
2024-11-26 16:37:33.454 [warning] [Decorations] CAPPING events from decorations provider vscode.git 387
2024-11-26 16:38:04.545 [warning] [Decorations] CAPPING events from decorations provider vscode.git 388
2024-11-26 16:38:09.636 [warning] [Decorations] CAPPING events from decorations provider vscode.git 388
2024-11-26 16:38:14.731 [warning] [Decorations] CAPPING events from decorations provider vscode.git 388
2024-11-26 16:38:19.824 [warning] [Decorations] CAPPING events from decorations provider vscode.git 389
2024-11-26 16:38:24.918 [warning] [Decorations] CAPPING events from decorations provider vscode.git 389
2024-11-26 16:39:01.135 [warning] [Decorations] CAPPING events from decorations provider vscode.git 389
2024-11-26 16:39:06.226 [warning] [Decorations] CAPPING events from decorations provider vscode.git 389
2024-11-26 16:39:11.317 [warning] [Decorations] CAPPING events from decorations provider vscode.git 389
2024-11-26 16:39:16.408 [warning] [Decorations] CAPPING events from decorations provider vscode.git 389
2024-11-26 16:39:21.497 [warning] [Decorations] CAPPING events from decorations provider vscode.git 389
2024-11-26 16:39:26.588 [warning] [Decorations] CAPPING events from decorations provider vscode.git 389
2024-11-26 16:39:31.679 [warning] [Decorations] CAPPING events from decorations provider vscode.git 389
2024-11-26 16:39:36.771 [warning] [Decorations] CAPPING events from decorations provider vscode.git 389
2024-11-26 16:39:41.861 [warning] [Decorations] CAPPING events from decorations provider vscode.git 389
2024-11-26 16:39:46.952 [warning] [Decorations] CAPPING events from decorations provider vscode.git 389
2024-11-26 16:39:52.041 [warning] [Decorations] CAPPING events from decorations provider vscode.git 389
2024-11-26 16:39:57.133 [warning] [Decorations] CAPPING events from decorations provider vscode.git 389
2024-11-26 16:40:02.222 [warning] [Decorations] CAPPING events from decorations provider vscode.git 389
2024-11-26 16:40:07.313 [warning] [Decorations] CAPPING events from decorations provider vscode.git 389
2024-11-26 16:40:12.401 [warning] [Decorations] CAPPING events from decorations provider vscode.git 389
2024-11-26 16:40:17.493 [warning] [Decorations] CAPPING events from decorations provider vscode.git 389
2024-11-26 16:40:22.585 [warning] [Decorations] CAPPING events from decorations provider vscode.git 389
2024-11-26 16:40:27.679 [warning] [Decorations] CAPPING events from decorations provider vscode.git 389
2024-11-26 16:40:32.772 [warning] [Decorations] CAPPING events from decorations provider vscode.git 389
2024-11-26 16:40:37.864 [warning] [Decorations] CAPPING events from decorations provider vscode.git 389
2024-11-26 16:40:42.956 [warning] [Decorations] CAPPING events from decorations provider vscode.git 389
2024-11-26 16:40:48.047 [warning] [Decorations] CAPPING events from decorations provider vscode.git 389
2024-11-26 16:40:53.139 [warning] [Decorations] CAPPING events from decorations provider vscode.git 389
2024-11-26 16:40:58.237 [warning] [Decorations] CAPPING events from decorations provider vscode.git 389
2024-11-26 16:41:03.341 [warning] [Decorations] CAPPING events from decorations provider vscode.git 389
2024-11-26 16:41:08.429 [warning] [Decorations] CAPPING events from decorations provider vscode.git 389
2024-11-26 16:41:14.240 [warning] [Decorations] CAPPING events from decorations provider vscode.git 389
2024-11-26 16:41:19.337 [warning] [Decorations] CAPPING events from decorations provider vscode.git 389
2024-11-26 16:41:24.429 [warning] [Decorations] CAPPING events from decorations provider vscode.git 389
2024-11-26 16:41:30.836 [warning] [Decorations] CAPPING events from decorations provider vscode.git 389
2024-11-26 16:41:35.927 [warning] [Decorations] CAPPING events from decorations provider vscode.git 389
2024-11-26 16:41:41.020 [warning] [Decorations] CAPPING events from decorations provider vscode.git 389
2024-11-26 16:41:47.986 [warning] [Decorations] CAPPING events from decorations provider vscode.git 389
2024-11-26 16:43:07.640 [warning] [Decorations] CAPPING events from decorations provider vscode.git 390
2024-11-26 16:43:12.731 [warning] [Decorations] CAPPING events from decorations provider vscode.git 390
2024-11-26 16:43:17.824 [warning] [Decorations] CAPPING events from decorations provider vscode.git 390
2024-11-26 16:43:22.917 [warning] [Decorations] CAPPING events from decorations provider vscode.git 390
2024-11-26 16:43:40.297 [warning] [Decorations] CAPPING events from decorations provider vscode.git 390
2024-11-26 16:43:45.387 [warning] [Decorations] CAPPING events from decorations provider vscode.git 390
2024-11-26 16:43:50.874 [warning] [Decorations] CAPPING events from decorations provider vscode.git 390
2024-11-26 16:43:53.193 [error] [Oracle.oracledevtools] provider FAILED
2024-11-26 16:43:53.193 [error] undefined
2024-11-26 16:43:55.962 [warning] [Decorations] CAPPING events from decorations provider vscode.git 390
2024-11-26 16:44:01.060 [warning] [Decorations] CAPPING events from decorations provider vscode.git 390
2024-11-26 16:44:06.148 [warning] [Decorations] CAPPING events from decorations provider vscode.git 390
2024-11-26 16:44:10.638 [error] [Oracle.oracledevtools] provider FAILED
2024-11-26 16:44:10.638 [error] undefined
2024-11-26 16:44:11.238 [warning] [Decorations] CAPPING events from decorations provider vscode.git 390
2024-11-26 16:44:16.326 [warning] [Decorations] CAPPING events from decorations provider vscode.git 390
2024-11-26 16:45:40.691 [warning] [Decorations] CAPPING events from decorations provider vscode.git 390
2024-11-26 16:45:50.204 [warning] [Decorations] CAPPING events from decorations provider vscode.git 390
2024-11-26 16:45:55.300 [warning] [Decorations] CAPPING events from decorations provider vscode.git 390
2024-11-26 16:46:00.390 [warning] [Decorations] CAPPING events from decorations provider vscode.git 390
2024-11-26 16:46:05.482 [warning] [Decorations] CAPPING events from decorations provider vscode.git 390
2024-11-26 16:46:10.574 [warning] [Decorations] CAPPING events from decorations provider vscode.git 390
2024-11-26 16:46:15.667 [warning] [Decorations] CAPPING events from decorations provider vscode.git 390
2024-11-26 16:46:20.759 [warning] [Decorations] CAPPING events from decorations provider vscode.git 390
2024-11-26 16:46:25.852 [warning] [Decorations] CAPPING events from decorations provider vscode.git 390
2024-11-26 16:46:30.942 [warning] [Decorations] CAPPING events from decorations provider vscode.git 390
2024-11-26 16:46:36.032 [warning] [Decorations] CAPPING events from decorations provider vscode.git 390
2024-11-26 16:46:41.122 [warning] [Decorations] CAPPING events from decorations provider vscode.git 390
2024-11-26 16:46:46.215 [warning] [Decorations] CAPPING events from decorations provider vscode.git 390
2024-11-26 16:46:51.308 [warning] [Decorations] CAPPING events from decorations provider vscode.git 390
2024-11-26 16:46:56.396 [warning] [Decorations] CAPPING events from decorations provider vscode.git 390
2024-11-26 16:47:01.488 [warning] [Decorations] CAPPING events from decorations provider vscode.git 390
2024-11-26 16:47:06.579 [warning] [Decorations] CAPPING events from decorations provider vscode.git 390
2024-11-26 16:47:11.670 [warning] [Decorations] CAPPING events from decorations provider vscode.git 390
2024-11-26 16:47:16.760 [warning] [Decorations] CAPPING events from decorations provider vscode.git 390
2024-11-26 16:47:21.859 [warning] [Decorations] CAPPING events from decorations provider vscode.git 390
2024-11-26 16:47:26.959 [warning] [Decorations] CAPPING events from decorations provider vscode.git 390
2024-11-26 16:47:46.877 [warning] [Decorations] CAPPING events from decorations provider vscode.git 391
2024-11-26 16:47:51.975 [warning] [Decorations] CAPPING events from decorations provider vscode.git 391
2024-11-26 16:47:57.065 [warning] [Decorations] CAPPING events from decorations provider vscode.git 391
2024-11-26 16:48:02.161 [warning] [Decorations] CAPPING events from decorations provider vscode.git 391
2024-11-26 16:48:07.253 [warning] [Decorations] CAPPING events from decorations provider vscode.git 392
2024-11-26 16:48:13.766 [warning] [Decorations] CAPPING events from decorations provider vscode.git 392
2024-11-26 16:48:44.223 [warning] [Decorations] CAPPING events from decorations provider vscode.git 392
2024-11-26 16:48:49.314 [warning] [Decorations] CAPPING events from decorations provider vscode.git 392
2024-11-26 16:49:03.991 [warning] [Decorations] CAPPING events from decorations provider vscode.git 393
2024-11-26 16:49:32.184 [warning] [Decorations] CAPPING events from decorations provider vscode.git 393
2024-11-26 16:49:42.396 [warning] [Decorations] CAPPING events from decorations provider vscode.git 393
2024-11-26 16:49:47.508 [warning] [Decorations] CAPPING events from decorations provider vscode.git 393
2024-11-26 16:49:52.600 [warning] [Decorations] CAPPING events from decorations provider vscode.git 393
2024-11-26 16:49:57.690 [warning] [Decorations] CAPPING events from decorations provider vscode.git 393
2024-11-26 16:50:02.782 [warning] [Decorations] CAPPING events from decorations provider vscode.git 393
2024-11-26 16:50:07.874 [warning] [Decorations] CAPPING events from decorations provider vscode.git 393
2024-11-26 16:50:12.973 [warning] [Decorations] CAPPING events from decorations provider vscode.git 393
2024-11-26 16:50:18.069 [warning] [Decorations] CAPPING events from decorations provider vscode.git 393
2024-11-26 16:50:23.160 [warning] [Decorations] CAPPING events from decorations provider vscode.git 393
2024-11-26 16:50:28.249 [warning] [Decorations] CAPPING events from decorations provider vscode.git 393
2024-11-26 16:50:33.340 [warning] [Decorations] CAPPING events from decorations provider vscode.git 393
2024-11-26 16:50:38.429 [warning] [Decorations] CAPPING events from decorations provider vscode.git 393
2024-11-26 16:50:43.520 [warning] [Decorations] CAPPING events from decorations provider vscode.git 393
2024-11-26 16:50:48.612 [warning] [Decorations] CAPPING events from decorations provider vscode.git 393
2024-11-26 16:50:53.703 [warning] [Decorations] CAPPING events from decorations provider vscode.git 393
2024-11-26 16:50:58.794 [warning] [Decorations] CAPPING events from decorations provider vscode.git 393
2024-11-26 16:53:57.342 [warning] [Decorations] CAPPING events from decorations provider vscode.git 393
2024-11-26 16:54:02.434 [warning] [Decorations] CAPPING events from decorations provider vscode.git 393
2024-11-26 16:55:45.551 [warning] [Decorations] CAPPING events from decorations provider vscode.git 393
2024-11-26 16:55:50.645 [warning] [Decorations] CAPPING events from decorations provider vscode.git 393
2024-11-26 16:55:55.736 [warning] [Decorations] CAPPING events from decorations provider vscode.git 393
2024-11-26 16:56:00.826 [warning] [Decorations] CAPPING events from decorations provider vscode.git 393
2024-11-26 16:56:05.920 [warning] [Decorations] CAPPING events from decorations provider vscode.git 393
2024-11-26 16:56:11.013 [warning] [Decorations] CAPPING events from decorations provider vscode.git 393
2024-11-26 16:56:16.107 [warning] [Decorations] CAPPING events from decorations provider vscode.git 393
2024-11-26 16:56:21.196 [warning] [Decorations] CAPPING events from decorations provider vscode.git 393
2024-11-26 16:56:26.284 [warning] [Decorations] CAPPING events from decorations provider vscode.git 393
2024-11-26 16:57:18.548 [warning] [Decorations] CAPPING events from decorations provider vscode.git 393
2024-11-26 16:57:23.639 [warning] [Decorations] CAPPING events from decorations provider vscode.git 393
2024-11-26 16:57:32.176 [warning] [Decorations] CAPPING events from decorations provider vscode.git 393
2024-11-26 16:57:37.271 [warning] [Decorations] CAPPING events from decorations provider vscode.git 393
2024-11-26 16:57:42.364 [warning] [Decorations] CAPPING events from decorations provider vscode.git 393
2024-11-26 16:57:47.454 [warning] [Decorations] CAPPING events from decorations provider vscode.git 393
2024-11-26 16:57:52.543 [warning] [Decorations] CAPPING events from decorations provider vscode.git 393
2024-11-26 16:57:57.635 [warning] [Decorations] CAPPING events from decorations provider vscode.git 393
2024-11-26 16:58:02.726 [warning] [Decorations] CAPPING events from decorations provider vscode.git 393
2024-11-26 16:58:07.817 [warning] [Decorations] CAPPING events from decorations provider vscode.git 393
2024-11-26 16:58:13.835 [warning] [Decorations] CAPPING events from decorations provider vscode.git 393
2024-11-26 16:58:43.946 [warning] [Decorations] CAPPING events from decorations provider vscode.git 393
2024-11-26 16:58:51.172 [warning] [Decorations] CAPPING events from decorations provider vscode.git 393
2024-11-26 16:59:24.736 [warning] [Decorations] CAPPING events from decorations provider vscode.git 393
2024-11-26 16:59:36.887 [warning] [Decorations] CAPPING events from decorations provider vscode.git 393
2024-11-26 16:59:41.981 [warning] [Decorations] CAPPING events from decorations provider vscode.git 393
2024-11-26 16:59:47.079 [warning] [Decorations] CAPPING events from decorations provider vscode.git 393
2024-11-26 16:59:52.173 [warning] [Decorations] CAPPING events from decorations provider vscode.git 393
2024-11-26 16:59:57.264 [warning] [Decorations] CAPPING events from decorations provider vscode.git 393
2024-11-26 17:00:02.354 [warning] [Decorations] CAPPING events from decorations provider vscode.git 393
2024-11-26 17:00:07.446 [warning] [Decorations] CAPPING events from decorations provider vscode.git 393
2024-11-26 17:00:13.626 [warning] [Decorations] CAPPING events from decorations provider vscode.git 393
2024-11-26 17:00:18.715 [warning] [Decorations] CAPPING events from decorations provider vscode.git 393
2024-11-26 17:00:23.805 [warning] [Decorations] CAPPING events from decorations provider vscode.git 393
2024-11-26 17:00:28.897 [warning] [Decorations] CAPPING events from decorations provider vscode.git 393
2024-11-26 17:00:33.987 [warning] [Decorations] CAPPING events from decorations provider vscode.git 393
2024-11-26 17:00:39.081 [warning] [Decorations] CAPPING events from decorations provider vscode.git 393
2024-11-26 17:00:44.180 [warning] [Decorations] CAPPING events from decorations provider vscode.git 393
2024-11-26 17:00:49.310 [warning] [Decorations] CAPPING events from decorations provider vscode.git 393
2024-11-26 17:00:54.400 [warning] [Decorations] CAPPING events from decorations provider vscode.git 393
2024-11-26 17:00:59.497 [warning] [Decorations] CAPPING events from decorations provider vscode.git 393
2024-11-26 17:01:04.586 [warning] [Decorations] CAPPING events from decorations provider vscode.git 393
2024-11-26 17:01:09.676 [warning] [Decorations] CAPPING events from decorations provider vscode.git 393
2024-11-26 17:01:21.957 [warning] [Decorations] CAPPING events from decorations provider vscode.git 393
2024-11-26 17:01:27.051 [warning] [Decorations] CAPPING events from decorations provider vscode.git 393
2024-11-26 17:01:32.145 [warning] [Decorations] CAPPING events from decorations provider vscode.git 393
2024-11-26 17:01:37.235 [warning] [Decorations] CAPPING events from decorations provider vscode.git 393
2024-11-26 17:01:42.327 [warning] [Decorations] CAPPING events from decorations provider vscode.git 393
2024-11-26 17:01:47.418 [warning] [Decorations] CAPPING events from decorations provider vscode.git 393
2024-11-26 17:01:52.511 [warning] [Decorations] CAPPING events from decorations provider vscode.git 393
2024-11-26 17:01:57.614 [warning] [Decorations] CAPPING events from decorations provider vscode.git 393
2024-11-26 17:02:17.645 [warning] [Decorations] CAPPING events from decorations provider vscode.git 393
2024-11-26 17:02:22.739 [warning] [Decorations] CAPPING events from decorations provider vscode.git 393
2024-11-26 17:02:28.044 [warning] [Decorations] CAPPING events from decorations provider vscode.git 393
2024-11-26 17:02:33.138 [warning] [Decorations] CAPPING events from decorations provider vscode.git 393
2024-11-26 17:02:38.226 [warning] [Decorations] CAPPING events from decorations provider vscode.git 393
2024-11-26 17:02:43.323 [warning] [Decorations] CAPPING events from decorations provider vscode.git 393
2024-11-26 17:02:48.414 [warning] [Decorations] CAPPING events from decorations provider vscode.git 393
2024-11-26 17:02:53.508 [warning] [Decorations] CAPPING events from decorations provider vscode.git 393
2024-11-26 17:02:58.650 [warning] [Decorations] CAPPING events from decorations provider vscode.git 393
2024-11-26 17:03:03.743 [warning] [Decorations] CAPPING events from decorations provider vscode.git 393
2024-11-26 17:03:14.328 [warning] [Decorations] CAPPING events from decorations provider vscode.git 393
2024-11-26 17:03:25.571 [warning] [Decorations] CAPPING events from decorations provider vscode.git 393
2024-11-26 17:04:24.381 [warning] [Decorations] CAPPING events from decorations provider vscode.git 393
2024-11-26 17:05:28.086 [warning] [Decorations] CAPPING events from decorations provider vscode.git 411
2024-11-26 17:06:34.433 [warning] [Decorations] CAPPING events from decorations provider vscode.git 410
2024-11-26 17:06:39.595 [warning] [Decorations] CAPPING events from decorations provider vscode.git 410
2024-11-26 17:07:33.610 [warning] [Decorations] CAPPING events from decorations provider vscode.git 410
2024-11-26 17:07:38.704 [warning] [Decorations] CAPPING events from decorations provider vscode.git 410
2024-11-26 17:11:17.704 [warning] [Decorations] CAPPING events from decorations provider vscode.git 412
2024-11-26 17:11:22.800 [warning] [Decorations] CAPPING events from decorations provider vscode.git 412
2024-11-26 17:11:31.735 [warning] [Decorations] CAPPING events from decorations provider vscode.git 412
2024-11-26 17:11:36.831 [warning] [Decorations] CAPPING events from decorations provider vscode.git 413
2024-11-26 17:12:06.385 [warning] [Decorations] CAPPING events from decorations provider vscode.git 413
2024-11-26 17:12:11.479 [warning] [Decorations] CAPPING events from decorations provider vscode.git 413
2024-11-26 17:12:16.572 [warning] [Decorations] CAPPING events from decorations provider vscode.git 413
2024-11-26 17:12:31.423 [warning] [Decorations] CAPPING events from decorations provider vscode.git 413
2024-11-26 17:12:44.521 [warning] [Decorations] CAPPING events from decorations provider vscode.git 413
2024-11-26 17:12:49.619 [warning] [Decorations] CAPPING events from decorations provider vscode.git 413
2024-11-26 17:13:00.222 [warning] [Decorations] CAPPING events from decorations provider vscode.git 414
2024-11-26 17:13:53.086 [warning] [Decorations] CAPPING events from decorations provider vscode.git 414
2024-11-26 17:14:02.064 [warning] [Decorations] CAPPING events from decorations provider vscode.git 414
2024-11-26 17:14:07.173 [warning] [Decorations] CAPPING events from decorations provider vscode.git 414
2024-11-26 17:14:12.264 [warning] [Decorations] CAPPING events from decorations provider vscode.git 414
2024-11-26 17:14:26.314 [warning] [Decorations] CAPPING events from decorations provider vscode.git 415
2024-11-26 17:14:31.406 [warning] [Decorations] CAPPING events from decorations provider vscode.git 415
2024-11-26 17:14:36.496 [warning] [Decorations] CAPPING events from decorations provider vscode.git 415
2024-11-26 17:15:01.577 [warning] [Decorations] CAPPING events from decorations provider vscode.git 415
2024-11-26 17:15:06.697 [warning] [Decorations] CAPPING events from decorations provider vscode.git 416
2024-11-26 17:15:17.840 [warning] [Decorations] CAPPING events from decorations provider vscode.git 416
2024-11-26 17:15:54.058 [warning] [Decorations] CAPPING events from decorations provider vscode.git 416
2024-11-26 17:17:03.048 [warning] [Decorations] CAPPING events from decorations provider vscode.git 416
2024-11-26 17:17:08.148 [warning] [Decorations] CAPPING events from decorations provider vscode.git 416
2024-11-26 17:17:13.242 [warning] [Decorations] CAPPING events from decorations provider vscode.git 416
2024-11-26 17:17:22.173 [warning] [Decorations] CAPPING events from decorations provider vscode.git 417
2024-11-26 17:17:32.480 [warning] [Decorations] CAPPING events from decorations provider vscode.git 418
2024-11-26 17:18:03.602 [warning] [Decorations] CAPPING events from decorations provider vscode.git 418
2024-11-26 17:18:08.705 [warning] [Decorations] CAPPING events from decorations provider vscode.git 418
2024-11-26 17:18:13.799 [warning] [Decorations] CAPPING events from decorations provider vscode.git 419
2024-11-26 17:18:36.804 [warning] [Decorations] CAPPING events from decorations provider vscode.git 419
2024-11-26 17:19:10.142 [warning] [Decorations] CAPPING events from decorations provider vscode.git 419
2024-11-26 17:19:15.236 [warning] [Decorations] CAPPING events from decorations provider vscode.git 419
2024-11-26 17:19:20.346 [warning] [Decorations] CAPPING events from decorations provider vscode.git 419
2024-11-26 17:19:25.447 [warning] [Decorations] CAPPING events from decorations provider vscode.git 419
2024-11-26 17:19:30.539 [warning] [Decorations] CAPPING events from decorations provider vscode.git 419
2024-11-26 17:19:35.630 [warning] [Decorations] CAPPING events from decorations provider vscode.git 419
2024-11-26 17:21:53.030 [warning] [Decorations] CAPPING events from decorations provider vscode.git 419
2024-11-26 17:21:58.129 [warning] [Decorations] CAPPING events from decorations provider vscode.git 419
2024-11-26 17:22:03.221 [warning] [Decorations] CAPPING events from decorations provider vscode.git 419
2024-11-26 17:22:08.317 [warning] [Decorations] CAPPING events from decorations provider vscode.git 419
2024-11-26 17:22:13.407 [warning] [Decorations] CAPPING events from decorations provider vscode.git 419
2024-11-26 17:22:18.497 [warning] [Decorations] CAPPING events from decorations provider vscode.git 419
2024-11-26 17:22:23.586 [warning] [Decorations] CAPPING events from decorations provider vscode.git 419
2024-11-26 17:22:28.679 [warning] [Decorations] CAPPING events from decorations provider vscode.git 419
2024-11-26 17:22:33.776 [warning] [Decorations] CAPPING events from decorations provider vscode.git 419
2024-11-26 17:22:38.873 [warning] [Decorations] CAPPING events from decorations provider vscode.git 419
2024-11-26 17:22:43.979 [warning] [Decorations] CAPPING events from decorations provider vscode.git 419
2024-11-26 17:22:49.071 [warning] [Decorations] CAPPING events from decorations provider vscode.git 419
2024-11-26 17:22:54.162 [warning] [Decorations] CAPPING events from decorations provider vscode.git 419
2024-11-26 17:25:44.340 [warning] [Decorations] CAPPING events from decorations provider vscode.git 419
2024-11-26 17:25:49.430 [warning] [Decorations] CAPPING events from decorations provider vscode.git 419
2024-11-26 17:26:20.671 [warning] [Decorations] CAPPING events from decorations provider vscode.git 419
2024-11-26 17:27:05.717 [warning] [Decorations] CAPPING events from decorations provider vscode.git 419
2024-11-26 17:27:17.727 [warning] [Decorations] CAPPING events from decorations provider vscode.git 419
2024-11-26 17:27:23.707 [warning] [Decorations] CAPPING events from decorations provider vscode.git 419
2024-11-26 17:28:18.757 [warning] [Decorations] CAPPING events from decorations provider vscode.git 419
2024-11-26 17:31:14.651 [warning] [Decorations] CAPPING events from decorations provider vscode.git 419
2024-11-26 17:31:19.638 [info] Extension host terminating: received terminate message from renderer
2024-11-26 17:31:19.638 [info] Lock '/var/www/html/2_team/2_team2/.vscode-server/data/User/workspaceStorage/5bc055b56f09686021ebb31cab71230f/vscode.lock': Marking the lockfile as scheduled to be released in 6000 ms.
2024-11-26 17:31:19.688 [error] Canceled: Canceled
	at new tT (file:///var/www/html/2_team/2_team2/.vscode-server/cli/servers/Stable-f1a4fb101478ce6ec82fe9627c43efbf9e98c813/server/out/vs/workbench/api/node/extensionHostProcess.js:31:151066)
	at py.U (file:///var/www/html/2_team/2_team2/.vscode-server/cli/servers/Stable-f1a4fb101478ce6ec82fe9627c43efbf9e98c813/server/out/vs/workbench/api/node/extensionHostProcess.js:31:155676)
	at s.<computed>.n.charCodeAt.s.<computed> (file:///var/www/html/2_team/2_team2/.vscode-server/cli/servers/Stable-f1a4fb101478ce6ec82fe9627c43efbf9e98c813/server/out/vs/workbench/api/node/extensionHostProcess.js:31:153170)
	at Y0.g (file:///var/www/html/2_team/2_team2/.vscode-server/cli/servers/Stable-f1a4fb101478ce6ec82fe9627c43efbf9e98c813/server/out/vs/workbench/api/node/extensionHostProcess.js:114:32313)
	at Y0.executeCommand (file:///var/www/html/2_team/2_team2/.vscode-server/cli/servers/Stable-f1a4fb101478ce6ec82fe9627c43efbf9e98c813/server/out/vs/workbench/api/node/extensionHostProcess.js:114:31817)
	at r.registerCommand.description (file:///var/www/html/2_team/2_team2/.vscode-server/cli/servers/Stable-f1a4fb101478ce6ec82fe9627c43efbf9e98c813/server/out/vs/workbench/api/node/extensionHostProcess.js:114:31147)
	at Y0.h (file:///var/www/html/2_team/2_team2/.vscode-server/cli/servers/Stable-f1a4fb101478ce6ec82fe9627c43efbf9e98c813/server/out/vs/workbench/api/node/extensionHostProcess.js:114:32833)
	at Y0.g (file:///var/www/html/2_team/2_team2/.vscode-server/cli/servers/Stable-f1a4fb101478ce6ec82fe9627c43efbf9e98c813/server/out/vs/workbench/api/node/extensionHostProcess.js:114:31910)
	at Y0.executeCommand (file:///var/www/html/2_team/2_team2/.vscode-server/cli/servers/Stable-f1a4fb101478ce6ec82fe9627c43efbf9e98c813/server/out/vs/workbench/api/node/extensionHostProcess.js:114:31817)
	at Object.executeCommand (file:///var/www/html/2_team/2_team2/.vscode-server/cli/servers/Stable-f1a4fb101478ce6ec82fe9627c43efbf9e98c813/server/out/vs/workbench/api/node/extensionHostProcess.js:156:37246)
	at mh.O [as value] (/var/www/html/2_team/2_team2/.vscode-server/cli/servers/Stable-f1a4fb101478ce6ec82fe9627c43efbf9e98c813/server/extensions/git/dist/main.js:2:961845)
	at P.B (file:///var/www/html/2_team/2_team2/.vscode-server/cli/servers/Stable-f1a4fb101478ce6ec82fe9627c43efbf9e98c813/server/out/vs/workbench/api/node/extensionHostProcess.js:29:746)
	at P.C (file:///var/www/html/2_team/2_team2/.vscode-server/cli/servers/Stable-f1a4fb101478ce6ec82fe9627c43efbf9e98c813/server/out/vs/workbench/api/node/extensionHostProcess.js:29:816)
	at P.fire (file:///var/www/html/2_team/2_team2/.vscode-server/cli/servers/Stable-f1a4fb101478ce6ec82fe9627c43efbf9e98c813/server/out/vs/workbench/api/node/extensionHostProcess.js:29:1033)
	at Object.p [as dispose] (/var/www/html/2_team/2_team2/.vscode-server/cli/servers/Stable-f1a4fb101478ce6ec82fe9627c43efbf9e98c813/server/extensions/git/dist/main.js:2:983333)
	at /var/www/html/2_team/2_team2/.vscode-server/cli/servers/Stable-f1a4fb101478ce6ec82fe9627c43efbf9e98c813/server/extensions/git/dist/main.js:2:989455
	at Array.forEach (<anonymous>)
	at b.dispose (/var/www/html/2_team/2_team2/.vscode-server/cli/servers/Stable-f1a4fb101478ce6ec82fe9627c43efbf9e98c813/server/extensions/git/dist/main.js:2:989441)
	at V1.<anonymous> (file:///var/www/html/2_team/2_team2/.vscode-server/cli/servers/Stable-f1a4fb101478ce6ec82fe9627c43efbf9e98c813/server/out/vs/workbench/api/node/extensionHostProcess.js:108:19994)
	at V1.dispose (file:///var/www/html/2_team/2_team2/.vscode-server/cli/servers/Stable-f1a4fb101478ce6ec82fe9627c43efbf9e98c813/server/out/vs/workbench/api/node/extensionHostProcess.js:108:20090)
	at V1.<anonymous> (/var/www/html/2_team/2_team2/.vscode-server/cli/servers/Stable-f1a4fb101478ce6ec82fe9627c43efbf9e98c813/server/extensions/git/dist/main.js:2:964255)
	at V1.dispose (file:///var/www/html/2_team/2_team2/.vscode-server/cli/servers/Stable-f1a4fb101478ce6ec82fe9627c43efbf9e98c813/server/out/vs/workbench/api/node/extensionHostProcess.js:108:20090)
	at ci (file:///var/www/html/2_team/2_team2/.vscode-server/cli/servers/Stable-f1a4fb101478ce6ec82fe9627c43efbf9e98c813/server/out/vs/workbench/api/node/extensionHostProcess.js:24:699)
	at file:///var/www/html/2_team/2_team2/.vscode-server/cli/servers/Stable-f1a4fb101478ce6ec82fe9627c43efbf9e98c813/server/out/vs/workbench/api/node/extensionHostProcess.js:118:14992
	at file:///var/www/html/2_team/2_team2/.vscode-server/cli/servers/Stable-f1a4fb101478ce6ec82fe9627c43efbf9e98c813/server/out/vs/workbench/api/node/extensionHostProcess.js:24:1009
	at Object.dispose (file:///var/www/html/2_team/2_team2/.vscode-server/cli/servers/Stable-f1a4fb101478ce6ec82fe9627c43efbf9e98c813/server/out/vs/workbench/api/node/extensionHostProcess.js:7:2146)
	at _z.eb (file:///var/www/html/2_team/2_team2/.vscode-server/cli/servers/Stable-f1a4fb101478ce6ec82fe9627c43efbf9e98c813/server/out/vs/workbench/api/node/extensionHostProcess.js:118:11919)
	at file:///var/www/html/2_team/2_team2/.vscode-server/cli/servers/Stable-f1a4fb101478ce6ec82fe9627c43efbf9e98c813/server/out/vs/workbench/api/node/extensionHostProcess.js:118:9874
	at Array.map (<anonymous>)
	at _z.$ (file:///var/www/html/2_team/2_team2/.vscode-server/cli/servers/Stable-f1a4fb101478ce6ec82fe9627c43efbf9e98c813/server/out/vs/workbench/api/node/extensionHostProcess.js:118:9862)
	at _z.terminate (file:///var/www/html/2_team/2_team2/.vscode-server/cli/servers/Stable-f1a4fb101478ce6ec82fe9627c43efbf9e98c813/server/out/vs/workbench/api/node/extensionHostProcess.js:118:10105)
	at xC.terminate (file:///var/www/html/2_team/2_team2/.vscode-server/cli/servers/Stable-f1a4fb101478ce6ec82fe9627c43efbf9e98c813/server/out/vs/workbench/api/node/extensionHostProcess.js:119:1424)
	at Zi (file:///var/www/html/2_team/2_team2/.vscode-server/cli/servers/Stable-f1a4fb101478ce6ec82fe9627c43efbf9e98c813/server/out/vs/workbench/api/node/extensionHostProcess.js:174:15084)
	at mh.value (file:///var/www/html/2_team/2_team2/.vscode-server/cli/servers/Stable-f1a4fb101478ce6ec82fe9627c43efbf9e98c813/server/out/vs/workbench/api/node/extensionHostProcess.js:174:13245)
	at P.B (file:///var/www/html/2_team/2_team2/.vscode-server/cli/servers/Stable-f1a4fb101478ce6ec82fe9627c43efbf9e98c813/server/out/vs/workbench/api/node/extensionHostProcess.js:29:746)
	at P.fire (file:///var/www/html/2_team/2_team2/.vscode-server/cli/servers/Stable-f1a4fb101478ce6ec82fe9627c43efbf9e98c813/server/out/vs/workbench/api/node/extensionHostProcess.js:29:964)
	at Vn.fire (file:///var/www/html/2_team/2_team2/.vscode-server/cli/servers/Stable-f1a4fb101478ce6ec82fe9627c43efbf9e98c813/server/out/vs/workbench/api/node/extensionHostProcess.js:31:9457)
	at Fm.A (file:///var/www/html/2_team/2_team2/.vscode-server/cli/servers/Stable-f1a4fb101478ce6ec82fe9627c43efbf9e98c813/server/out/vs/workbench/api/node/extensionHostProcess.js:31:12573)
	at mh.value (file:///var/www/html/2_team/2_team2/.vscode-server/cli/servers/Stable-f1a4fb101478ce6ec82fe9627c43efbf9e98c813/server/out/vs/workbench/api/node/extensionHostProcess.js:31:10993)
	at P.B (file:///var/www/html/2_team/2_team2/.vscode-server/cli/servers/Stable-f1a4fb101478ce6ec82fe9627c43efbf9e98c813/server/out/vs/workbench/api/node/extensionHostProcess.js:29:746)
	at P.fire (file:///var/www/html/2_team/2_team2/.vscode-server/cli/servers/Stable-f1a4fb101478ce6ec82fe9627c43efbf9e98c813/server/out/vs/workbench/api/node/extensionHostProcess.js:29:964)
	at j5.acceptChunk (file:///var/www/html/2_team/2_team2/.vscode-server/cli/servers/Stable-f1a4fb101478ce6ec82fe9627c43efbf9e98c813/server/out/vs/workbench/api/node/extensionHostProcess.js:31:7940)
	at file:///var/www/html/2_team/2_team2/.vscode-server/cli/servers/Stable-f1a4fb101478ce6ec82fe9627c43efbf9e98c813/server/out/vs/workbench/api/node/extensionHostProcess.js:31:7226
	at Socket.t (file:///var/www/html/2_team/2_team2/.vscode-server/cli/servers/Stable-f1a4fb101478ce6ec82fe9627c43efbf9e98c813/server/out/vs/workbench/api/node/extensionHostProcess.js:31:15451)
	at Socket.emit (node:events:519:28)
	at addChunk (node:internal/streams/readable:559:12)
	at readableAddChunkPushByteMode (node:internal/streams/readable:510:3)
	at Readable.push (node:internal/streams/readable:390:5)
	at Pipe.onStreamRead (node:internal/stream_base_commons:191:23) setContext undefined
2024-11-26 17:31:19.689 [error] Canceled: Canceled
	at new tT (file:///var/www/html/2_team/2_team2/.vscode-server/cli/servers/Stable-f1a4fb101478ce6ec82fe9627c43efbf9e98c813/server/out/vs/workbench/api/node/extensionHostProcess.js:31:151066)
	at py.U (file:///var/www/html/2_team/2_team2/.vscode-server/cli/servers/Stable-f1a4fb101478ce6ec82fe9627c43efbf9e98c813/server/out/vs/workbench/api/node/extensionHostProcess.js:31:155676)
	at s.<computed>.n.charCodeAt.s.<computed> (file:///var/www/html/2_team/2_team2/.vscode-server/cli/servers/Stable-f1a4fb101478ce6ec82fe9627c43efbf9e98c813/server/out/vs/workbench/api/node/extensionHostProcess.js:31:153170)
	at Y0.g (file:///var/www/html/2_team/2_team2/.vscode-server/cli/servers/Stable-f1a4fb101478ce6ec82fe9627c43efbf9e98c813/server/out/vs/workbench/api/node/extensionHostProcess.js:114:32313)
	at Y0.executeCommand (file:///var/www/html/2_team/2_team2/.vscode-server/cli/servers/Stable-f1a4fb101478ce6ec82fe9627c43efbf9e98c813/server/out/vs/workbench/api/node/extensionHostProcess.js:114:31817)
	at r.registerCommand.description (file:///var/www/html/2_team/2_team2/.vscode-server/cli/servers/Stable-f1a4fb101478ce6ec82fe9627c43efbf9e98c813/server/out/vs/workbench/api/node/extensionHostProcess.js:114:31147)
	at Y0.h (file:///var/www/html/2_team/2_team2/.vscode-server/cli/servers/Stable-f1a4fb101478ce6ec82fe9627c43efbf9e98c813/server/out/vs/workbench/api/node/extensionHostProcess.js:114:32833)
	at Y0.g (file:///var/www/html/2_team/2_team2/.vscode-server/cli/servers/Stable-f1a4fb101478ce6ec82fe9627c43efbf9e98c813/server/out/vs/workbench/api/node/extensionHostProcess.js:114:31910)
	at Y0.executeCommand (file:///var/www/html/2_team/2_team2/.vscode-server/cli/servers/Stable-f1a4fb101478ce6ec82fe9627c43efbf9e98c813/server/out/vs/workbench/api/node/extensionHostProcess.js:114:31817)
	at Object.executeCommand (file:///var/www/html/2_team/2_team2/.vscode-server/cli/servers/Stable-f1a4fb101478ce6ec82fe9627c43efbf9e98c813/server/out/vs/workbench/api/node/extensionHostProcess.js:156:37246)
	at set hasGitHubRepositories [as hasGitHubRepositories] (/var/www/html/2_team/2_team2/.vscode-server/cli/servers/Stable-f1a4fb101478ce6ec82fe9627c43efbf9e98c813/server/extensions/github/dist/extension.js:2:328633)
	at /var/www/html/2_team/2_team2/.vscode-server/cli/servers/Stable-f1a4fb101478ce6ec82fe9627c43efbf9e98c813/server/extensions/github/dist/extension.js:2:329592
	at mh.value (/var/www/html/2_team/2_team2/.vscode-server/cli/servers/Stable-f1a4fb101478ce6ec82fe9627c43efbf9e98c813/server/extensions/git/dist/main.js:2:1073936)
	at P.B (file:///var/www/html/2_team/2_team2/.vscode-server/cli/servers/Stable-f1a4fb101478ce6ec82fe9627c43efbf9e98c813/server/out/vs/workbench/api/node/extensionHostProcess.js:29:746)
	at P.C (file:///var/www/html/2_team/2_team2/.vscode-server/cli/servers/Stable-f1a4fb101478ce6ec82fe9627c43efbf9e98c813/server/out/vs/workbench/api/node/extensionHostProcess.js:29:816)
	at P.fire (file:///var/www/html/2_team/2_team2/.vscode-server/cli/servers/Stable-f1a4fb101478ce6ec82fe9627c43efbf9e98c813/server/out/vs/workbench/api/node/extensionHostProcess.js:29:1033)
	at Object.p [as dispose] (/var/www/html/2_team/2_team2/.vscode-server/cli/servers/Stable-f1a4fb101478ce6ec82fe9627c43efbf9e98c813/server/extensions/git/dist/main.js:2:983333)
	at /var/www/html/2_team/2_team2/.vscode-server/cli/servers/Stable-f1a4fb101478ce6ec82fe9627c43efbf9e98c813/server/extensions/git/dist/main.js:2:989455
	at Array.forEach (<anonymous>)
	at b.dispose (/var/www/html/2_team/2_team2/.vscode-server/cli/servers/Stable-f1a4fb101478ce6ec82fe9627c43efbf9e98c813/server/extensions/git/dist/main.js:2:989441)
	at V1.<anonymous> (file:///var/www/html/2_team/2_team2/.vscode-server/cli/servers/Stable-f1a4fb101478ce6ec82fe9627c43efbf9e98c813/server/out/vs/workbench/api/node/extensionHostProcess.js:108:19994)
	at V1.dispose (file:///var/www/html/2_team/2_team2/.vscode-server/cli/servers/Stable-f1a4fb101478ce6ec82fe9627c43efbf9e98c813/server/out/vs/workbench/api/node/extensionHostProcess.js:108:20090)
	at V1.<anonymous> (/var/www/html/2_team/2_team2/.vscode-server/cli/servers/Stable-f1a4fb101478ce6ec82fe9627c43efbf9e98c813/server/extensions/git/dist/main.js:2:964255)
	at V1.dispose (file:///var/www/html/2_team/2_team2/.vscode-server/cli/servers/Stable-f1a4fb101478ce6ec82fe9627c43efbf9e98c813/server/out/vs/workbench/api/node/extensionHostProcess.js:108:20090)
	at ci (file:///var/www/html/2_team/2_team2/.vscode-server/cli/servers/Stable-f1a4fb101478ce6ec82fe9627c43efbf9e98c813/server/out/vs/workbench/api/node/extensionHostProcess.js:24:699)
	at file:///var/www/html/2_team/2_team2/.vscode-server/cli/servers/Stable-f1a4fb101478ce6ec82fe9627c43efbf9e98c813/server/out/vs/workbench/api/node/extensionHostProcess.js:118:14992
	at file:///var/www/html/2_team/2_team2/.vscode-server/cli/servers/Stable-f1a4fb101478ce6ec82fe9627c43efbf9e98c813/server/out/vs/workbench/api/node/extensionHostProcess.js:24:1009
	at Object.dispose (file:///var/www/html/2_team/2_team2/.vscode-server/cli/servers/Stable-f1a4fb101478ce6ec82fe9627c43efbf9e98c813/server/out/vs/workbench/api/node/extensionHostProcess.js:7:2146)
	at _z.eb (file:///var/www/html/2_team/2_team2/.vscode-server/cli/servers/Stable-f1a4fb101478ce6ec82fe9627c43efbf9e98c813/server/out/vs/workbench/api/node/extensionHostProcess.js:118:11919)
	at file:///var/www/html/2_team/2_team2/.vscode-server/cli/servers/Stable-f1a4fb101478ce6ec82fe9627c43efbf9e98c813/server/out/vs/workbench/api/node/extensionHostProcess.js:118:9874
	at Array.map (<anonymous>)
	at _z.$ (file:///var/www/html/2_team/2_team2/.vscode-server/cli/servers/Stable-f1a4fb101478ce6ec82fe9627c43efbf9e98c813/server/out/vs/workbench/api/node/extensionHostProcess.js:118:9862)
	at _z.terminate (file:///var/www/html/2_team/2_team2/.vscode-server/cli/servers/Stable-f1a4fb101478ce6ec82fe9627c43efbf9e98c813/server/out/vs/workbench/api/node/extensionHostProcess.js:118:10105)
	at xC.terminate (file:///var/www/html/2_team/2_team2/.vscode-server/cli/servers/Stable-f1a4fb101478ce6ec82fe9627c43efbf9e98c813/server/out/vs/workbench/api/node/extensionHostProcess.js:119:1424)
	at Zi (file:///var/www/html/2_team/2_team2/.vscode-server/cli/servers/Stable-f1a4fb101478ce6ec82fe9627c43efbf9e98c813/server/out/vs/workbench/api/node/extensionHostProcess.js:174:15084)
	at mh.value (file:///var/www/html/2_team/2_team2/.vscode-server/cli/servers/Stable-f1a4fb101478ce6ec82fe9627c43efbf9e98c813/server/out/vs/workbench/api/node/extensionHostProcess.js:174:13245)
	at P.B (file:///var/www/html/2_team/2_team2/.vscode-server/cli/servers/Stable-f1a4fb101478ce6ec82fe9627c43efbf9e98c813/server/out/vs/workbench/api/node/extensionHostProcess.js:29:746)
	at P.fire (file:///var/www/html/2_team/2_team2/.vscode-server/cli/servers/Stable-f1a4fb101478ce6ec82fe9627c43efbf9e98c813/server/out/vs/workbench/api/node/extensionHostProcess.js:29:964)
	at Vn.fire (file:///var/www/html/2_team/2_team2/.vscode-server/cli/servers/Stable-f1a4fb101478ce6ec82fe9627c43efbf9e98c813/server/out/vs/workbench/api/node/extensionHostProcess.js:31:9457)
	at Fm.A (file:///var/www/html/2_team/2_team2/.vscode-server/cli/servers/Stable-f1a4fb101478ce6ec82fe9627c43efbf9e98c813/server/out/vs/workbench/api/node/extensionHostProcess.js:31:12573)
	at mh.value (file:///var/www/html/2_team/2_team2/.vscode-server/cli/servers/Stable-f1a4fb101478ce6ec82fe9627c43efbf9e98c813/server/out/vs/workbench/api/node/extensionHostProcess.js:31:10993)
	at P.B (file:///var/www/html/2_team/2_team2/.vscode-server/cli/servers/Stable-f1a4fb101478ce6ec82fe9627c43efbf9e98c813/server/out/vs/workbench/api/node/extensionHostProcess.js:29:746)
	at P.fire (file:///var/www/html/2_team/2_team2/.vscode-server/cli/servers/Stable-f1a4fb101478ce6ec82fe9627c43efbf9e98c813/server/out/vs/workbench/api/node/extensionHostProcess.js:29:964)
	at j5.acceptChunk (file:///var/www/html/2_team/2_team2/.vscode-server/cli/servers/Stable-f1a4fb101478ce6ec82fe9627c43efbf9e98c813/server/out/vs/workbench/api/node/extensionHostProcess.js:31:7940)
	at file:///var/www/html/2_team/2_team2/.vscode-server/cli/servers/Stable-f1a4fb101478ce6ec82fe9627c43efbf9e98c813/server/out/vs/workbench/api/node/extensionHostProcess.js:31:7226
	at Socket.t (file:///var/www/html/2_team/2_team2/.vscode-server/cli/servers/Stable-f1a4fb101478ce6ec82fe9627c43efbf9e98c813/server/out/vs/workbench/api/node/extensionHostProcess.js:31:15451)
	at Socket.emit (node:events:519:28)
	at addChunk (node:internal/streams/readable:559:12)
	at readableAddChunkPushByteMode (node:internal/streams/readable:510:3)
	at Readable.push (node:internal/streams/readable:390:5)
	at Pipe.onStreamRead (node:internal/stream_base_commons:191:23) setContext undefined
2024-11-26 17:31:19.695 [error] Error: Channel has been closed
	at s (file:///var/www/html/2_team/2_team2/.vscode-server/cli/servers/Stable-f1a4fb101478ce6ec82fe9627c43efbf9e98c813/server/out/vs/workbench/api/node/extensionHostProcess.js:120:2431)
	at Object.appendLine (file:///var/www/html/2_team/2_team2/.vscode-server/cli/servers/Stable-f1a4fb101478ce6ec82fe9627c43efbf9e98c813/server/out/vs/workbench/api/node/extensionHostProcess.js:120:2570)
	at D.logOutputMessage (/var/www/html/2_team/2_team2/.vscode-server/cli/servers/Stable-f1a4fb101478ce6ec82fe9627c43efbf9e98c813/server/extensions/json-language-features/client/dist/node/jsonClientMain.js:1:285192)
	at D.info (/var/www/html/2_team/2_team2/.vscode-server/cli/servers/Stable-f1a4fb101478ce6ec82fe9627c43efbf9e98c813/server/extensions/json-language-features/client/dist/node/jsonClientMain.js:1:284925)
	at ChildProcess.<anonymous> (/var/www/html/2_team/2_team2/.vscode-server/cli/servers/Stable-f1a4fb101478ce6ec82fe9627c43efbf9e98c813/server/extensions/json-language-features/client/dist/node/jsonClientMain.js:1:503028)
	at ChildProcess.emit (node:events:519:28)
	at ChildProcess._handle.onexit (node:internal/child_process:294:12)
2024-11-26 17:31:20.690 [error] Error: Starting server failed
	at LanguageClient.$start (/var/www/html/2_team/2_team2/.vscode-server/extensions/oracle.oracledevtools-23.4.1/node_modules/vscode-languageclient/lib/common/client.js:1083:19)
	at process.processTicksAndRejections (node:internal/process/task_queues:95:5)
	at async LanguageClient.sendNotification (/var/www/html/2_team/2_team2/.vscode-server/extensions/oracle.oracledevtools-23.4.1/node_modules/vscode-languageclient/lib/common/client.js:381:28)
2024-11-26 17:31:20.690 [error] Error: Starting server failed
	at LanguageClient.$start (/var/www/html/2_team/2_team2/.vscode-server/extensions/oracle.oracledevtools-23.4.1/node_modules/vscode-languageclient/lib/common/client.js:1083:19)
	at process.processTicksAndRejections (node:internal/process/task_queues:95:5)
	at async LanguageClient.sendNotification (/var/www/html/2_team/2_team2/.vscode-server/extensions/oracle.oracledevtools-23.4.1/node_modules/vscode-languageclient/lib/common/client.js:381:28)
2024-11-26 17:31:20.690 [error] Error: Starting server failed
	at LanguageClient.$start (/var/www/html/2_team/2_team2/.vscode-server/extensions/oracle.oracledevtools-23.4.1/node_modules/vscode-languageclient/lib/common/client.js:1083:19)
	at process.processTicksAndRejections (node:internal/process/task_queues:95:5)
	at async LanguageClient.sendNotification (/var/www/html/2_team/2_team2/.vscode-server/extensions/oracle.oracledevtools-23.4.1/node_modules/vscode-languageclient/lib/common/client.js:381:28)
2024-11-26 17:31:20.690 [error] Error: Starting server failed
	at LanguageClient.$start (/var/www/html/2_team/2_team2/.vscode-server/extensions/oracle.oracledevtools-23.4.1/node_modules/vscode-languageclient/lib/common/client.js:1083:19)
	at process.processTicksAndRejections (node:internal/process/task_queues:95:5)
	at async LanguageClient.sendNotification (/var/www/html/2_team/2_team2/.vscode-server/extensions/oracle.oracledevtools-23.4.1/node_modules/vscode-languageclient/lib/common/client.js:381:28)
2024-11-26 17:31:20.690 [error] Error: Channel has been closed
	at n (file:///var/www/html/2_team/2_team2/.vscode-server/cli/servers/Stable-f1a4fb101478ce6ec82fe9627c43efbf9e98c813/server/out/vs/workbench/api/node/extensionHostProcess.js:120:2816)
	at Object.trace (file:///var/www/html/2_team/2_team2/.vscode-server/cli/servers/Stable-f1a4fb101478ce6ec82fe9627c43efbf9e98c813/server/out/vs/workbench/api/node/extensionHostProcess.js:120:3070)
	at t.OperationManager.start (/var/www/html/2_team/2_team2/.vscode-server/cli/servers/Stable-f1a4fb101478ce6ec82fe9627c43efbf9e98c813/server/extensions/git/dist/main.js:2:994951)
	at O.run (/var/www/html/2_team/2_team2/.vscode-server/cli/servers/Stable-f1a4fb101478ce6ec82fe9627c43efbf9e98c813/server/extensions/git/dist/main.js:2:1045005)
	at O.status (/var/www/html/2_team/2_team2/.vscode-server/cli/servers/Stable-f1a4fb101478ce6ec82fe9627c43efbf9e98c813/server/extensions/git/dist/main.js:2:1026176)
	at O.o (/var/www/html/2_team/2_team2/.vscode-server/cli/servers/Stable-f1a4fb101478ce6ec82fe9627c43efbf9e98c813/server/extensions/git/dist/main.js:2:893182)
	at O.updateWhenIdleAndWait (/var/www/html/2_team/2_team2/.vscode-server/cli/servers/Stable-f1a4fb101478ce6ec82fe9627c43efbf9e98c813/server/extensions/git/dist/main.js:2:1052778)
2024-11-26 17:31:21.684 [error] Error: Stopping the server timed out
	at /var/www/html/2_team/2_team2/.vscode-server/extensions/oracle.oracledevtools-23.4.1/node_modules/vscode-languageclient/lib/common/client.js:933:23
	at async Promise.all (index 12)
	at async _z.$ (file:///var/www/html/2_team/2_team2/.vscode-server/cli/servers/Stable-f1a4fb101478ce6ec82fe9627c43efbf9e98c813/server/out/vs/workbench/api/node/extensionHostProcess.js:118:9888)
2024-11-26 17:31:21.684 [info] Extension host with pid 214049 exiting with code 0
