2024-11-21 20:19:22.749 [info] Extension host with pid 135164 started
2024-11-21 20:19:22.761 [info] Lock '/var/www/html/2_team/2_team2/.vscode-server/data/User/workspaceStorage/5bc055b56f09686021ebb31cab71230f/vscode.lock': Lock acquired.
2024-11-21 20:19:22.892 [info] ExtensionService#_doActivateExtension vscode.emmet, startup: false, activationEvent: 'onLanguage'
2024-11-21 20:19:22.893 [info] ExtensionService#_doActivateExtension vscode.php-language-features, startup: false, activationEvent: 'onLanguage:php'
2024-11-21 20:19:22.893 [info] ExtensionService#_doActivateExtension vscode.git-base, startup: false, activationEvent: '*', root cause: vscode.git
2024-11-21 20:19:22.894 [info] ExtensionService#_doActivateExtension ms-dotnettools.vscode-dotnet-runtime, startup: false, activationEvent: '*', root cause: Oracle.oracledevtools
2024-11-21 20:19:23.096 [info] ExtensionService#_doActivateExtension Oracle.oracledevtools, startup: false, activationEvent: '*'
2024-11-21 20:19:23.846 [info] ExtensionService#_doActivateExtension vscode.git, startup: false, activationEvent: '*'
2024-11-21 20:19:23.847 [info] ExtensionService#_doActivateExtension vscode.github, startup: false, activationEvent: '*'
2024-11-21 20:19:26.110 [error] TypeError: Cannot read properties of undefined (reading 'replace')
	at n (/var/www/html/2_team/2_team2/.vscode-server/extensions/ms-dotnettools.vscode-dotnet-runtime-2.2.3/dist/extension.js:2:209589)
	at t.sanitizeProperties (/var/www/html/2_team/2_team2/.vscode-server/extensions/ms-dotnettools.vscode-dotnet-runtime-2.2.3/dist/extension.js:2:209776)
	at t.DotnetCommandFailed.getSanitizedProperties (/var/www/html/2_team/2_team2/.vscode-server/extensions/ms-dotnettools.vscode-dotnet-runtime-2.2.3/dist/extension.js:2:179106)
	at t.TelemetryObserver.post (/var/www/html/2_team/2_team2/.vscode-server/extensions/ms-dotnettools.vscode-dotnet-runtime-2.2.3/dist/extension.js:2:187747)
	at mh.value (/var/www/html/2_team/2_team2/.vscode-server/extensions/ms-dotnettools.vscode-dotnet-runtime-2.2.3/dist/extension.js:2:177094)
	at P.B (file:///var/www/html/2_team/2_team2/.vscode-server/cli/servers/Stable-f1a4fb101478ce6ec82fe9627c43efbf9e98c813/server/out/vs/workbench/api/node/extensionHostProcess.js:29:746)
	at P.C (file:///var/www/html/2_team/2_team2/.vscode-server/cli/servers/Stable-f1a4fb101478ce6ec82fe9627c43efbf9e98c813/server/out/vs/workbench/api/node/extensionHostProcess.js:29:816)
	at P.fire (file:///var/www/html/2_team/2_team2/.vscode-server/cli/servers/Stable-f1a4fb101478ce6ec82fe9627c43efbf9e98c813/server/out/vs/workbench/api/node/extensionHostProcess.js:29:1033)
	at t.EventStream.post (/var/www/html/2_team/2_team2/.vscode-server/extensions/ms-dotnettools.vscode-dotnet-runtime-2.2.3/dist/extension.js:2:134826)
	at /var/www/html/2_team/2_team2/.vscode-server/extensions/ms-dotnettools.vscode-dotnet-runtime-2.2.3/dist/extension.js:2:211358
	at Generator.throw (<anonymous>)
	at a (/var/www/html/2_team/2_team2/.vscode-server/extensions/ms-dotnettools.vscode-dotnet-runtime-2.2.3/dist/extension.js:2:210559)
2024-11-21 20:19:26.264 [info] Eager extensions activated
2024-11-21 20:19:26.264 [info] ExtensionService#_doActivateExtension vscode.debug-auto-launch, startup: false, activationEvent: 'onStartupFinished'
2024-11-21 20:19:26.265 [info] ExtensionService#_doActivateExtension vscode.merge-conflict, startup: false, activationEvent: 'onStartupFinished'
2024-11-21 20:19:26.265 [info] ExtensionService#_doActivateExtension esbenp.prettier-vscode, startup: false, activationEvent: 'onStartupFinished'
2024-11-21 20:19:26.266 [info] ExtensionService#_doActivateExtension ritwickdey.LiveServer, startup: false, activationEvent: 'onStartupFinished'
