2024-11-26 20:45:03.453 [info] [main] 로그 수준: Info
2024-11-26 20:45:03.453 [info] [main] "git"에서 찾은 git 유효성을 검사하는 중
2024-11-26 20:45:03.453 [info] [main] "2.34.1"에서 git "git"을(를) 사용하는 중
2024-11-26 20:45:03.453 [info] [Model][doInitialScan] Initial repository scan started
2024-11-26 20:45:03.453 [info] > git rev-parse --show-toplevel [91ms]
2024-11-26 20:45:03.453 [info] > git rev-parse --git-dir --git-common-dir [2ms]
2024-11-26 20:45:03.453 [info] [Model][openRepository] Opened repository: /var/www/html/2_team/2_team2
2024-11-26 20:45:03.453 [info] > git config --get commit.template [7ms]
2024-11-26 20:45:03.453 [info] > git rev-parse --show-toplevel [6ms]
2024-11-26 20:45:03.453 [info] > git for-each-ref --format=%(refname)%00%(upstream:short)%00%(objectname)%00%(upstream:track)%00%(upstream:remotename)%00%(upstream:remoteref) refs/heads/jhw refs/remotes/jhw [3ms]
2024-11-26 20:45:03.453 [info] > git rev-parse --show-toplevel [10ms]
2024-11-26 20:45:03.453 [info] > git for-each-ref --sort -committerdate --format %(refname) %(objectname) %(*objectname) [9ms]
2024-11-26 20:45:03.453 [info] > git rev-parse --show-toplevel [2ms]
2024-11-26 20:45:03.453 [info] > git rev-parse --show-toplevel [1ms]
2024-11-26 20:45:03.453 [info] > git rev-parse --show-toplevel [1ms]
2024-11-26 20:45:03.453 [info] > git rev-parse --show-toplevel [1ms]
2024-11-26 20:45:03.453 [info] > git rev-parse --show-toplevel [1ms]
2024-11-26 20:45:03.453 [info] > git rev-parse --show-toplevel [1ms]
2024-11-26 20:45:03.453 [info] > git rev-parse --show-toplevel [2ms]
2024-11-26 20:45:03.453 [info] > git rev-parse --show-toplevel [9ms]
2024-11-26 20:45:03.453 [info] [Model][doInitialScan] Initial repository scan completed - repositories (1), closed repositories (1), parent repositories (0), unsafe repositories (0)
2024-11-26 20:45:03.453 [info] > git status -z -uall [82ms]
2024-11-26 20:45:03.453 [info] > git for-each-ref --format=%(refname)%00%(upstream:short)%00%(objectname)%00%(upstream:track)%00%(upstream:remotename)%00%(upstream:remoteref) refs/heads/jhw refs/remotes/jhw [7ms]
2024-11-26 20:45:03.453 [info] > git config --get commit.template [6ms]
2024-11-26 20:45:03.453 [info] > git config --local branch.jhw.vscode-merge-base [1ms]
2024-11-26 20:45:03.453 [warning] [Git][config] git config failed: Failed to execute git
2024-11-26 20:45:03.453 [info] > git reflog jhw --grep-reflog=branch: Created from *. [3ms]
2024-11-26 20:45:03.453 [info] > git for-each-ref --format=%(refname)%00%(upstream:short)%00%(objectname)%00%(upstream:track)%00%(upstream:remotename)%00%(upstream:remoteref) refs/heads/jhw refs/remotes/jhw [4ms]
2024-11-26 20:45:03.453 [info] > git reflog HEAD --grep-reflog=checkout: moving from .* to jhw [8ms]
2024-11-26 20:45:03.453 [info] > git for-each-ref --sort -committerdate --format %(refname) %(objectname) %(*objectname) [12ms]
2024-11-26 20:45:03.453 [info] > git for-each-ref --format=%(refname)%00%(upstream:short)%00%(objectname)%00%(upstream:track)%00%(upstream:remotename)%00%(upstream:remoteref) refs/heads/main refs/remotes/main [6ms]
2024-11-26 20:45:03.453 [info] > git symbolic-ref --short refs/remotes/origin/HEAD [2ms]
2024-11-26 20:45:03.453 [info] fatal: ref refs/remotes/origin/HEAD is not a symbolic ref
2024-11-26 20:45:03.453 [warning] [Repository][getDefaultBranch] Failed to get default branch details: Failed to execute git.
2024-11-26 20:45:03.453 [info] > git merge-base refs/heads/jhw refs/remotes/origin/jhw [4ms]
2024-11-26 20:45:03.453 [info] > git diff --name-status -z --diff-filter=ADMR 9737636c5f94e0bcd809246b99e222d049bc4914...refs/remotes/origin/jhw [2ms]
2024-11-26 20:45:03.568 [info] > git status -z -uall [147ms]
2024-11-26 20:45:03.884 [info] > git show --textconv :add_comment.php [8ms]
2024-11-26 20:45:03.889 [info] > git ls-files --stage -- /var/www/html/2_team/2_team2/add_comment.php [9ms]
2024-11-26 20:45:03.893 [info] > git cat-file -s 46d75a1c5fff54cf9a63bd49989221962a68ba28 [1ms]
2024-11-26 20:45:04.071 [info] > git check-ignore -v -z --stdin [25ms]
2024-11-26 20:45:08.717 [info] > git show --textconv :activity.php [8ms]
2024-11-26 20:45:08.720 [info] > git ls-files --stage -- /var/www/html/2_team/2_team2/activity.php [7ms]
2024-11-26 20:45:12.479 [info] > git ls-files --stage -- /var/www/html/2_team/2_team2/.wget-hsts [8ms]
2024-11-26 20:45:12.486 [info] > git cat-file -s f579f2728afdfebaea878d6e4bd4e414c1ba72f6 [3ms]
2024-11-26 20:45:12.486 [info] > git show --textconv :.wget-hsts [22ms]
2024-11-26 20:45:13.799 [info] > git show --textconv :activity.php [7ms]
2024-11-26 20:45:13.802 [info] > git ls-files --stage -- /var/www/html/2_team/2_team2/activity.php [7ms]
2024-11-26 20:45:17.540 [info] > git show --textconv :add_comment.php [22ms]
2024-11-26 20:45:17.549 [info] > git ls-files --stage -- /var/www/html/2_team/2_team2/add_comment.php [24ms]
2024-11-26 20:45:17.562 [info] > git cat-file -s 46d75a1c5fff54cf9a63bd49989221962a68ba28 [4ms]
2024-11-26 20:45:18.315 [info] > git show --textconv :activity.php [21ms]
2024-11-26 20:45:18.325 [info] > git ls-files --stage -- /var/www/html/2_team/2_team2/activity.php [24ms]
2024-11-26 20:45:18.898 [info] > git show --textconv :add_comment.php [7ms]
2024-11-26 20:45:18.901 [info] > git ls-files --stage -- /var/www/html/2_team/2_team2/add_comment.php [7ms]
2024-11-26 20:45:18.905 [info] > git cat-file -s 46d75a1c5fff54cf9a63bd49989221962a68ba28 [2ms]
2024-11-26 20:45:19.589 [info] > git show --textconv :activity.php [7ms]
2024-11-26 20:45:19.592 [info] > git ls-files --stage -- /var/www/html/2_team/2_team2/activity.php [7ms]
2024-11-26 20:45:35.240 [info] > git show --textconv :add_comment.php [8ms]
2024-11-26 20:45:35.243 [info] > git ls-files --stage -- /var/www/html/2_team/2_team2/add_comment.php [7ms]
2024-11-26 20:45:35.247 [info] > git cat-file -s 46d75a1c5fff54cf9a63bd49989221962a68ba28 [2ms]
2024-11-26 20:45:36.274 [info] > git show --textconv :activity.php [7ms]
2024-11-26 20:45:36.277 [info] > git ls-files --stage -- /var/www/html/2_team/2_team2/activity.php [7ms]
2024-11-26 20:45:39.581 [info] > git show --textconv :add_comment.php [8ms]
2024-11-26 20:45:39.584 [info] > git ls-files --stage -- /var/www/html/2_team/2_team2/add_comment.php [7ms]
2024-11-26 20:45:39.588 [info] > git cat-file -s 46d75a1c5fff54cf9a63bd49989221962a68ba28 [2ms]
2024-11-26 20:45:42.166 [info] > git show --textconv :media.php [13ms]
2024-11-26 20:45:42.170 [info] > git ls-files --stage -- /var/www/html/2_team/2_team2/media.php [9ms]
2024-11-26 20:45:47.216 [info] > git show --textconv :navbar.php [22ms]
2024-11-26 20:45:47.225 [info] > git ls-files --stage -- /var/www/html/2_team/2_team2/navbar.php [24ms]
2024-11-26 20:45:47.233 [info] > git cat-file -s a82ac9c1ef03f9b6a122ed71477c3f1ca0c6d7bd [3ms]
2024-11-26 20:45:47.752 [info] > git show --textconv :login.php [25ms]
2024-11-26 20:45:47.758 [info] > git ls-files --stage -- /var/www/html/2_team/2_team2/login.php [19ms]
2024-11-26 20:45:47.764 [info] > git cat-file -s 80cd8af5a43b428e6a64f14ac2c8c840e0b0f155 [2ms]
2024-11-26 20:46:07.136 [info] > git show --textconv :add_comment.php [7ms]
2024-11-26 20:46:07.139 [info] > git ls-files --stage -- /var/www/html/2_team/2_team2/add_comment.php [7ms]
2024-11-26 20:46:07.144 [info] > git cat-file -s 46d75a1c5fff54cf9a63bd49989221962a68ba28 [1ms]
2024-11-26 20:47:50.423 [info] > git config --get commit.template [4ms]
2024-11-26 20:47:50.423 [info] > git for-each-ref --format=%(refname)%00%(upstream:short)%00%(objectname)%00%(upstream:track)%00%(upstream:remotename)%00%(upstream:remoteref) refs/heads/jhw refs/remotes/jhw [1ms]
2024-11-26 20:47:50.438 [info] > git for-each-ref --sort -committerdate --format %(refname) %(objectname) %(*objectname) [6ms]
2024-11-26 20:47:50.506 [info] > git status -z -uall [79ms]
2024-11-26 20:47:55.534 [info] > git config --get commit.template [3ms]
2024-11-26 20:47:55.534 [info] > git for-each-ref --format=%(refname)%00%(upstream:short)%00%(objectname)%00%(upstream:track)%00%(upstream:remotename)%00%(upstream:remoteref) refs/heads/jhw refs/remotes/jhw [1ms]
2024-11-26 20:47:55.542 [info] > git for-each-ref --sort -committerdate --format %(refname) %(objectname) %(*objectname) [2ms]
2024-11-26 20:47:55.610 [info] > git status -z -uall [73ms]
2024-11-26 20:48:26.513 [info] > git config --get commit.template [3ms]
2024-11-26 20:48:26.513 [info] > git for-each-ref --format=%(refname)%00%(upstream:short)%00%(objectname)%00%(upstream:track)%00%(upstream:remotename)%00%(upstream:remoteref) refs/heads/jhw refs/remotes/jhw [1ms]
2024-11-26 20:48:26.522 [info] > git for-each-ref --sort -committerdate --format %(refname) %(objectname) %(*objectname) [2ms]
2024-11-26 20:48:26.589 [info] > git status -z -uall [72ms]
2024-11-26 20:49:07.879 [info] > git config --get commit.template [3ms]
2024-11-26 20:49:07.880 [info] > git for-each-ref --format=%(refname)%00%(upstream:short)%00%(objectname)%00%(upstream:track)%00%(upstream:remotename)%00%(upstream:remoteref) refs/heads/jhw refs/remotes/jhw [1ms]
2024-11-26 20:49:07.888 [info] > git for-each-ref --sort -committerdate --format %(refname) %(objectname) %(*objectname) [2ms]
2024-11-26 20:49:07.956 [info] > git status -z -uall [73ms]
2024-11-26 20:49:12.986 [info] > git config --get commit.template [4ms]
2024-11-26 20:49:12.987 [info] > git for-each-ref --format=%(refname)%00%(upstream:short)%00%(objectname)%00%(upstream:track)%00%(upstream:remotename)%00%(upstream:remoteref) refs/heads/jhw refs/remotes/jhw [2ms]
2024-11-26 20:49:12.995 [info] > git for-each-ref --sort -committerdate --format %(refname) %(objectname) %(*objectname) [2ms]
2024-11-26 20:49:13.067 [info] > git status -z -uall [77ms]
2024-11-26 20:49:44.988 [info] > git config --get commit.template [4ms]
2024-11-26 20:49:44.988 [info] > git for-each-ref --format=%(refname)%00%(upstream:short)%00%(objectname)%00%(upstream:track)%00%(upstream:remotename)%00%(upstream:remoteref) refs/heads/jhw refs/remotes/jhw [2ms]
2024-11-26 20:49:44.997 [info] > git for-each-ref --sort -committerdate --format %(refname) %(objectname) %(*objectname) [2ms]
2024-11-26 20:49:45.065 [info] > git status -z -uall [74ms]
2024-11-26 20:49:50.088 [info] > git config --get commit.template [3ms]
2024-11-26 20:49:50.089 [info] > git for-each-ref --format=%(refname)%00%(upstream:short)%00%(objectname)%00%(upstream:track)%00%(upstream:remotename)%00%(upstream:remoteref) refs/heads/jhw refs/remotes/jhw [1ms]
2024-11-26 20:49:50.097 [info] > git for-each-ref --sort -committerdate --format %(refname) %(objectname) %(*objectname) [2ms]
2024-11-26 20:49:50.163 [info] > git status -z -uall [71ms]
2024-11-26 20:49:55.195 [info] > git config --get commit.template [10ms]
2024-11-26 20:49:55.199 [info] > git for-each-ref --format=%(refname)%00%(upstream:short)%00%(objectname)%00%(upstream:track)%00%(upstream:remotename)%00%(upstream:remoteref) refs/heads/jhw refs/remotes/jhw [6ms]
2024-11-26 20:49:55.222 [info] > git for-each-ref --sort -committerdate --format %(refname) %(objectname) %(*objectname) [6ms]
2024-11-26 20:49:55.300 [info] > git status -z -uall [92ms]
2024-11-26 20:50:00.327 [info] > git config --get commit.template [4ms]
2024-11-26 20:50:00.328 [info] > git for-each-ref --format=%(refname)%00%(upstream:short)%00%(objectname)%00%(upstream:track)%00%(upstream:remotename)%00%(upstream:remoteref) refs/heads/jhw refs/remotes/jhw [2ms]
2024-11-26 20:50:00.335 [info] > git for-each-ref --sort -committerdate --format %(refname) %(objectname) %(*objectname) [2ms]
2024-11-26 20:50:00.406 [info] > git status -z -uall [76ms]
2024-11-26 20:50:26.074 [info] > git config --get commit.template [2ms]
2024-11-26 20:50:26.076 [info] > git for-each-ref --format=%(refname)%00%(upstream:short)%00%(objectname)%00%(upstream:track)%00%(upstream:remotename)%00%(upstream:remoteref) refs/heads/jhw refs/remotes/jhw [2ms]
2024-11-26 20:50:26.083 [info] > git for-each-ref --sort -committerdate --format %(refname) %(objectname) %(*objectname) [2ms]
2024-11-26 20:50:26.152 [info] > git status -z -uall [74ms]
2024-11-26 20:52:10.290 [info] > git config --get commit.template [3ms]
2024-11-26 20:52:10.292 [info] > git for-each-ref --format=%(refname)%00%(upstream:short)%00%(objectname)%00%(upstream:track)%00%(upstream:remotename)%00%(upstream:remoteref) refs/heads/jhw refs/remotes/jhw [2ms]
2024-11-26 20:52:10.300 [info] > git for-each-ref --sort -committerdate --format %(refname) %(objectname) %(*objectname) [2ms]
2024-11-26 20:52:10.371 [info] > git status -z -uall [76ms]
2024-11-26 20:52:23.958 [info] > git config --get commit.template [3ms]
2024-11-26 20:52:23.959 [info] > git for-each-ref --format=%(refname)%00%(upstream:short)%00%(objectname)%00%(upstream:track)%00%(upstream:remotename)%00%(upstream:remoteref) refs/heads/jhw refs/remotes/jhw [2ms]
2024-11-26 20:52:23.967 [info] > git for-each-ref --sort -committerdate --format %(refname) %(objectname) %(*objectname) [2ms]
2024-11-26 20:52:24.036 [info] > git status -z -uall [74ms]
2024-11-26 20:52:29.060 [info] > git config --get commit.template [3ms]
2024-11-26 20:52:29.061 [info] > git for-each-ref --format=%(refname)%00%(upstream:short)%00%(objectname)%00%(upstream:track)%00%(upstream:remotename)%00%(upstream:remoteref) refs/heads/jhw refs/remotes/jhw [2ms]
2024-11-26 20:52:29.070 [info] > git for-each-ref --sort -committerdate --format %(refname) %(objectname) %(*objectname) [3ms]
2024-11-26 20:52:29.147 [info] > git status -z -uall [83ms]
2024-11-26 20:52:46.646 [info] > git config --get commit.template [10ms]
2024-11-26 20:52:46.650 [info] > git for-each-ref --format=%(refname)%00%(upstream:short)%00%(objectname)%00%(upstream:track)%00%(upstream:remotename)%00%(upstream:remoteref) refs/heads/jhw refs/remotes/jhw [6ms]
2024-11-26 20:52:46.666 [info] > git for-each-ref --sort -committerdate --format %(refname) %(objectname) %(*objectname) [3ms]
2024-11-26 20:52:46.741 [info] > git status -z -uall [83ms]
2024-11-26 20:52:58.132 [info] > git config --get commit.template [3ms]
2024-11-26 20:52:58.133 [info] > git for-each-ref --format=%(refname)%00%(upstream:short)%00%(objectname)%00%(upstream:track)%00%(upstream:remotename)%00%(upstream:remoteref) refs/heads/jhw refs/remotes/jhw [2ms]
2024-11-26 20:52:58.140 [info] > git for-each-ref --sort -committerdate --format %(refname) %(objectname) %(*objectname) [2ms]
2024-11-26 20:52:58.207 [info] > git status -z -uall [71ms]
2024-11-26 20:53:09.149 [info] > git config --get commit.template [3ms]
2024-11-26 20:53:09.150 [info] > git for-each-ref --format=%(refname)%00%(upstream:short)%00%(objectname)%00%(upstream:track)%00%(upstream:remotename)%00%(upstream:remoteref) refs/heads/jhw refs/remotes/jhw [1ms]
2024-11-26 20:53:09.158 [info] > git for-each-ref --sort -committerdate --format %(refname) %(objectname) %(*objectname) [2ms]
2024-11-26 20:53:09.225 [info] > git status -z -uall [72ms]
2024-11-26 20:53:11.835 [info] > git check-ignore -v -z --stdin [10ms]
2024-11-26 20:53:14.250 [info] > git config --get commit.template [3ms]
2024-11-26 20:53:14.251 [info] > git for-each-ref --format=%(refname)%00%(upstream:short)%00%(objectname)%00%(upstream:track)%00%(upstream:remotename)%00%(upstream:remoteref) refs/heads/jhw refs/remotes/jhw [2ms]
2024-11-26 20:53:14.258 [info] > git for-each-ref --sort -committerdate --format %(refname) %(objectname) %(*objectname) [2ms]
2024-11-26 20:53:14.323 [info] > git status -z -uall [70ms]
2024-11-26 20:53:16.547 [info] > git show --textconv :media.php [8ms]
2024-11-26 20:53:16.550 [info] > git ls-files --stage -- /var/www/html/2_team/2_team2/media.php [7ms]
2024-11-26 20:53:17.423 [info] > git show --textconv :navbar.php [8ms]
2024-11-26 20:53:17.425 [info] > git ls-files --stage -- /var/www/html/2_team/2_team2/navbar.php [7ms]
2024-11-26 20:53:17.429 [info] > git cat-file -s a82ac9c1ef03f9b6a122ed71477c3f1ca0c6d7bd [1ms]
2024-11-26 20:53:17.973 [info] > git show --textconv :login.php [7ms]
2024-11-26 20:53:17.976 [info] > git ls-files --stage -- /var/www/html/2_team/2_team2/login.php [7ms]
2024-11-26 20:53:17.980 [info] > git cat-file -s 80cd8af5a43b428e6a64f14ac2c8c840e0b0f155 [2ms]
2024-11-26 20:53:18.381 [info] > git show --textconv :navbar.php [7ms]
2024-11-26 20:53:18.384 [info] > git ls-files --stage -- /var/www/html/2_team/2_team2/navbar.php [7ms]
2024-11-26 20:53:18.388 [info] > git cat-file -s a82ac9c1ef03f9b6a122ed71477c3f1ca0c6d7bd [2ms]
2024-11-26 20:53:18.863 [info] > git show --textconv :media.php [7ms]
2024-11-26 20:53:18.866 [info] > git ls-files --stage -- /var/www/html/2_team/2_team2/media.php [7ms]
2024-11-26 20:53:19.446 [info] > git show --textconv :add_comment.php [7ms]
2024-11-26 20:53:19.449 [info] > git ls-files --stage -- /var/www/html/2_team/2_team2/add_comment.php [7ms]
2024-11-26 20:53:19.453 [info] > git cat-file -s 46d75a1c5fff54cf9a63bd49989221962a68ba28 [2ms]
2024-11-26 20:53:58.745 [info] > git config --get commit.template [3ms]
2024-11-26 20:53:58.746 [info] > git for-each-ref --format=%(refname)%00%(upstream:short)%00%(objectname)%00%(upstream:track)%00%(upstream:remotename)%00%(upstream:remoteref) refs/heads/jhw refs/remotes/jhw [2ms]
2024-11-26 20:53:58.753 [info] > git for-each-ref --sort -committerdate --format %(refname) %(objectname) %(*objectname) [2ms]
2024-11-26 20:53:58.819 [info] > git status -z -uall [70ms]
2024-11-26 20:54:43.905 [info] > git config --get commit.template [3ms]
2024-11-26 20:54:43.907 [info] > git for-each-ref --format=%(refname)%00%(upstream:short)%00%(objectname)%00%(upstream:track)%00%(upstream:remotename)%00%(upstream:remoteref) refs/heads/jhw refs/remotes/jhw [2ms]
2024-11-26 20:54:43.916 [info] > git for-each-ref --sort -committerdate --format %(refname) %(objectname) %(*objectname) [2ms]
2024-11-26 20:54:43.938 [info] > git ls-files --stage -- /var/www/html/2_team/2_team2/add_comment.php [10ms]
2024-11-26 20:54:43.941 [info] > git cat-file -s 46d75a1c5fff54cf9a63bd49989221962a68ba28 [1ms]
2024-11-26 20:54:43.973 [info] > git show --textconv :add_comment.php [6ms]
2024-11-26 20:54:43.984 [info] > git status -z -uall [74ms]
2024-11-26 20:54:44.004 [info] > git merge-base refs/heads/jhw refs/remotes/origin/jhw [2ms]
2024-11-26 20:54:44.008 [info] > git diff --name-status -z --diff-filter=ADMR 9737636c5f94e0bcd809246b99e222d049bc4914...refs/remotes/origin/jhw [1ms]
