2024-11-26 17:05:21.325 [info] Extension host with pid 227407 started
2024-11-26 17:05:21.325 [error] Error: EEXIST: file already exists, open '/var/www/html/2_team/2_team2/.vscode-server/data/User/workspaceStorage/5bc055b56f09686021ebb31cab71230f/vscode.lock'
2024-11-26 17:05:21.328 [info] Lock '/var/www/html/2_team/2_team2/.vscode-server/data/User/workspaceStorage/5bc055b56f09686021ebb31cab71230f/vscode.lock': Could not acquire lock, checking if the file is stale.
2024-11-26 17:05:21.337 [info] Lock '/var/www/html/2_team/2_team2/.vscode-server/data/User/workspaceStorage/5bc055b56f09686021ebb31cab71230f/vscode.lock': The lock does not look stale, elapsed: 740 ms, giving up.
2024-11-26 17:05:21.346 [info] Lock '/var/www/html/2_team/2_team2/.vscode-server/data/User/workspaceStorage/5bc055b56f09686021ebb31cab71230f-1/vscode.lock': Lock acquired.
2024-11-26 17:05:21.625 [info] ExtensionService#_doActivateExtension vscode.emmet, startup: false, activationEvent: 'onLanguage'
2024-11-26 17:05:21.626 [info] ExtensionService#_doActivateExtension ms-dotnettools.vscode-dotnet-runtime, startup: false, activationEvent: 'onLanguage:oraclesql', root cause: Oracle.oracledevtools
2024-11-26 17:05:21.627 [info] ExtensionService#_doActivateExtension vscode.git-base, startup: false, activationEvent: '*', root cause: vscode.git
2024-11-26 17:05:21.996 [info] ExtensionService#_doActivateExtension Oracle.oracledevtools, startup: false, activationEvent: 'onLanguage:oraclesql'
2024-11-26 17:05:21.996 [info] ExtensionService#_doActivateExtension vscode.git, startup: false, activationEvent: '*'
2024-11-26 17:05:21.997 [info] ExtensionService#_doActivateExtension vscode.github, startup: false, activationEvent: '*'
2024-11-26 17:05:23.029 [warning] [Decorations] CAPPING events from decorations provider vscode.git 408
2024-11-26 17:05:23.164 [warning] [Decorations] CAPPING events from decorations provider vscode.git 408
2024-11-26 17:05:23.429 [info] Eager extensions activated
2024-11-26 17:05:23.429 [info] ExtensionService#_doActivateExtension vscode.debug-auto-launch, startup: false, activationEvent: 'onStartupFinished'
2024-11-26 17:05:23.430 [info] ExtensionService#_doActivateExtension vscode.merge-conflict, startup: false, activationEvent: 'onStartupFinished'
2024-11-26 17:05:23.430 [info] ExtensionService#_doActivateExtension esbenp.prettier-vscode, startup: false, activationEvent: 'onStartupFinished'
2024-11-26 17:05:23.430 [info] ExtensionService#_doActivateExtension ritwickdey.LiveServer, startup: false, activationEvent: 'onStartupFinished'
2024-11-26 17:05:26.586 [info] ExtensionService#_doActivateExtension vscode.php-language-features, startup: false, activationEvent: 'onLanguage:php'
2024-11-26 17:05:26.996 [warning] [Decorations] CAPPING events from decorations provider vscode.git 410
2024-11-26 17:06:03.326 [warning] [Decorations] CAPPING events from decorations provider vscode.git 410
2024-11-26 17:06:08.419 [warning] [Decorations] CAPPING events from decorations provider vscode.git 410
2024-11-26 17:06:13.509 [warning] [Decorations] CAPPING events from decorations provider vscode.git 410
2024-11-26 17:06:18.600 [warning] [Decorations] CAPPING events from decorations provider vscode.git 410
2024-11-26 17:06:23.695 [warning] [Decorations] CAPPING events from decorations provider vscode.git 410
2024-11-26 17:06:28.788 [warning] [Decorations] CAPPING events from decorations provider vscode.git 410
2024-11-26 17:06:33.884 [warning] [Decorations] CAPPING events from decorations provider vscode.git 410
2024-11-26 17:06:39.053 [warning] [Decorations] CAPPING events from decorations provider vscode.git 410
2024-11-26 17:06:44.151 [warning] [Decorations] CAPPING events from decorations provider vscode.git 410
2024-11-26 17:06:49.263 [warning] [Decorations] CAPPING events from decorations provider vscode.git 410
2024-11-26 17:06:54.420 [warning] [Decorations] CAPPING events from decorations provider vscode.git 410
2024-11-26 17:07:05.828 [warning] [Decorations] CAPPING events from decorations provider vscode.git 410
2024-11-26 17:07:10.915 [warning] [Decorations] CAPPING events from decorations provider vscode.git 410
2024-11-26 17:07:16.005 [warning] [Decorations] CAPPING events from decorations provider vscode.git 410
2024-11-26 17:07:21.100 [warning] [Decorations] CAPPING events from decorations provider vscode.git 410
2024-11-26 17:07:31.689 [warning] [Decorations] CAPPING events from decorations provider vscode.git 410
2024-11-26 17:07:36.789 [warning] [Decorations] CAPPING events from decorations provider vscode.git 410
2024-11-26 17:07:41.881 [warning] [Decorations] CAPPING events from decorations provider vscode.git 410
2024-11-26 17:07:47.287 [warning] [Decorations] CAPPING events from decorations provider vscode.git 410
2024-11-26 17:07:53.273 [warning] [Decorations] CAPPING events from decorations provider vscode.git 410
2024-11-26 17:08:02.380 [warning] [Decorations] CAPPING events from decorations provider vscode.git 410
2024-11-26 17:08:07.471 [warning] [Decorations] CAPPING events from decorations provider vscode.git 410
2024-11-26 17:08:12.561 [warning] [Decorations] CAPPING events from decorations provider vscode.git 410
2024-11-26 17:08:17.653 [warning] [Decorations] CAPPING events from decorations provider vscode.git 410
2024-11-26 17:08:22.744 [warning] [Decorations] CAPPING events from decorations provider vscode.git 411
2024-11-26 17:08:27.836 [warning] [Decorations] CAPPING events from decorations provider vscode.git 411
2024-11-26 17:08:32.927 [warning] [Decorations] CAPPING events from decorations provider vscode.git 412
2024-11-26 17:08:53.310 [warning] [Decorations] CAPPING events from decorations provider vscode.git 412
2024-11-26 17:08:58.396 [warning] [Decorations] CAPPING events from decorations provider vscode.git 412
2024-11-26 17:09:09.194 [warning] [Decorations] CAPPING events from decorations provider vscode.git 412
2024-11-26 17:09:28.501 [warning] [Decorations] CAPPING events from decorations provider vscode.git 412
2024-11-26 17:09:33.595 [warning] [Decorations] CAPPING events from decorations provider vscode.git 412
2024-11-26 17:09:38.686 [warning] [Decorations] CAPPING events from decorations provider vscode.git 412
2024-11-26 17:09:44.242 [warning] [Decorations] CAPPING events from decorations provider vscode.git 412
2024-11-26 17:09:50.992 [warning] [Decorations] CAPPING events from decorations provider vscode.git 412
2024-11-26 17:09:56.087 [warning] [Decorations] CAPPING events from decorations provider vscode.git 412
2024-11-26 17:10:01.180 [warning] [Decorations] CAPPING events from decorations provider vscode.git 412
2024-11-26 17:10:06.376 [warning] [Decorations] CAPPING events from decorations provider vscode.git 412
2024-11-26 17:10:11.465 [warning] [Decorations] CAPPING events from decorations provider vscode.git 412
2024-11-26 17:10:11.870 [error] [Oracle.oracledevtools] provider FAILED
2024-11-26 17:10:11.870 [error] undefined
2024-11-26 17:10:16.557 [warning] [Decorations] CAPPING events from decorations provider vscode.git 412
2024-11-26 17:10:21.652 [warning] [Decorations] CAPPING events from decorations provider vscode.git 412
2024-11-26 17:10:26.744 [warning] [Decorations] CAPPING events from decorations provider vscode.git 412
2024-11-26 17:11:14.141 [warning] [Decorations] CAPPING events from decorations provider vscode.git 412
2024-11-26 17:11:19.234 [warning] [Decorations] CAPPING events from decorations provider vscode.git 412
2024-11-26 17:11:24.332 [warning] [Decorations] CAPPING events from decorations provider vscode.git 412
2024-11-26 17:11:42.935 [warning] [Decorations] CAPPING events from decorations provider vscode.git 413
2024-11-26 17:11:52.894 [warning] [Decorations] CAPPING events from decorations provider vscode.git 413
2024-11-26 17:11:57.986 [warning] [Decorations] CAPPING events from decorations provider vscode.git 413
2024-11-26 17:12:03.111 [warning] [Decorations] CAPPING events from decorations provider vscode.git 413
2024-11-26 17:12:08.212 [warning] [Decorations] CAPPING events from decorations provider vscode.git 413
2024-11-26 17:12:52.982 [warning] [Decorations] CAPPING events from decorations provider vscode.git 414
2024-11-26 17:12:58.080 [warning] [Decorations] CAPPING events from decorations provider vscode.git 414
2024-11-26 17:13:03.174 [warning] [Decorations] CAPPING events from decorations provider vscode.git 414
2024-11-26 17:13:12.326 [warning] [Decorations] CAPPING events from decorations provider vscode.git 414
2024-11-26 17:13:15.198 [error] [Oracle.oracledevtools] provider FAILED
2024-11-26 17:13:15.198 [error] undefined
2024-11-26 17:13:16.772 [error] [Oracle.oracledevtools] provider FAILED
2024-11-26 17:13:16.772 [error] undefined
2024-11-26 17:13:17.425 [warning] [Decorations] CAPPING events from decorations provider vscode.git 414
2024-11-26 17:13:22.526 [warning] [Decorations] CAPPING events from decorations provider vscode.git 414
2024-11-26 17:13:27.616 [warning] [Decorations] CAPPING events from decorations provider vscode.git 414
2024-11-26 17:13:32.703 [warning] [Decorations] CAPPING events from decorations provider vscode.git 414
2024-11-26 17:13:34.121 [error] [Oracle.oracledevtools] provider FAILED
2024-11-26 17:13:34.121 [error] undefined
2024-11-26 17:13:34.383 [error] [Oracle.oracledevtools] provider FAILED
2024-11-26 17:13:34.383 [error] undefined
2024-11-26 17:13:34.901 [error] [Oracle.oracledevtools] provider FAILED
2024-11-26 17:13:34.901 [error] undefined
2024-11-26 17:13:37.796 [warning] [Decorations] CAPPING events from decorations provider vscode.git 414
2024-11-26 17:13:42.887 [warning] [Decorations] CAPPING events from decorations provider vscode.git 414
2024-11-26 17:13:47.977 [warning] [Decorations] CAPPING events from decorations provider vscode.git 414
2024-11-26 17:13:48.845 [error] [Oracle.oracledevtools] provider FAILED
2024-11-26 17:13:48.846 [error] undefined
2024-11-26 17:13:53.092 [warning] [Decorations] CAPPING events from decorations provider vscode.git 414
2024-11-26 17:13:59.179 [warning] [Decorations] CAPPING events from decorations provider vscode.git 414
2024-11-26 17:14:01.975 [error] [Oracle.oracledevtools] provider FAILED
2024-11-26 17:14:01.975 [error] undefined
2024-11-26 17:14:04.277 [warning] [Decorations] CAPPING events from decorations provider vscode.git 414
2024-11-26 17:14:09.366 [warning] [Decorations] CAPPING events from decorations provider vscode.git 414
2024-11-26 17:14:14.460 [warning] [Decorations] CAPPING events from decorations provider vscode.git 414
2024-11-26 17:14:19.551 [warning] [Decorations] CAPPING events from decorations provider vscode.git 415
2024-11-26 17:14:24.641 [warning] [Decorations] CAPPING events from decorations provider vscode.git 415
2024-11-26 17:14:29.739 [warning] [Decorations] CAPPING events from decorations provider vscode.git 415
2024-11-26 17:14:43.873 [warning] [Decorations] CAPPING events from decorations provider vscode.git 415
2024-11-26 17:14:48.971 [warning] [Decorations] CAPPING events from decorations provider vscode.git 415
2024-11-26 17:14:54.061 [warning] [Decorations] CAPPING events from decorations provider vscode.git 415
2024-11-26 17:14:54.886 [error] [Oracle.oracledevtools] provider FAILED
2024-11-26 17:14:54.886 [error] undefined
2024-11-26 17:14:59.152 [warning] [Decorations] CAPPING events from decorations provider vscode.git 415
2024-11-26 17:15:04.242 [warning] [Decorations] CAPPING events from decorations provider vscode.git 415
2024-11-26 17:15:35.091 [warning] [Decorations] CAPPING events from decorations provider vscode.git 416
2024-11-26 17:15:40.180 [warning] [Decorations] CAPPING events from decorations provider vscode.git 416
2024-11-26 17:15:45.293 [warning] [Decorations] CAPPING events from decorations provider vscode.git 416
2024-11-26 17:15:50.409 [warning] [Decorations] CAPPING events from decorations provider vscode.git 416
2024-11-26 17:15:55.905 [warning] [Decorations] CAPPING events from decorations provider vscode.git 416
2024-11-26 17:16:04.215 [warning] [Decorations] CAPPING events from decorations provider vscode.git 416
2024-11-26 17:16:09.309 [warning] [Decorations] CAPPING events from decorations provider vscode.git 416
2024-11-26 17:16:14.408 [warning] [Decorations] CAPPING events from decorations provider vscode.git 416
2024-11-26 17:16:19.525 [warning] [Decorations] CAPPING events from decorations provider vscode.git 416
2024-11-26 17:16:24.616 [warning] [Decorations] CAPPING events from decorations provider vscode.git 416
2024-11-26 17:16:29.727 [warning] [Decorations] CAPPING events from decorations provider vscode.git 416
2024-11-26 17:16:34.830 [warning] [Decorations] CAPPING events from decorations provider vscode.git 416
2024-11-26 17:18:51.007 [warning] [Decorations] CAPPING events from decorations provider vscode.git 419
2024-11-26 17:18:56.109 [warning] [Decorations] CAPPING events from decorations provider vscode.git 419
2024-11-26 17:19:01.204 [warning] [Decorations] CAPPING events from decorations provider vscode.git 419
2024-11-26 17:19:06.295 [warning] [Decorations] CAPPING events from decorations provider vscode.git 419
2024-11-26 17:19:11.383 [warning] [Decorations] CAPPING events from decorations provider vscode.git 419
2024-11-26 17:19:16.475 [warning] [Decorations] CAPPING events from decorations provider vscode.git 419
2024-11-26 17:19:21.566 [warning] [Decorations] CAPPING events from decorations provider vscode.git 419
2024-11-26 17:19:26.660 [warning] [Decorations] CAPPING events from decorations provider vscode.git 419
2024-11-26 17:19:31.750 [warning] [Decorations] CAPPING events from decorations provider vscode.git 419
2024-11-26 17:19:36.841 [warning] [Decorations] CAPPING events from decorations provider vscode.git 419
2024-11-26 17:19:41.934 [warning] [Decorations] CAPPING events from decorations provider vscode.git 419
2024-11-26 17:19:47.036 [warning] [Decorations] CAPPING events from decorations provider vscode.git 419
2024-11-26 17:19:52.148 [warning] [Decorations] CAPPING events from decorations provider vscode.git 419
2024-11-26 17:19:57.249 [warning] [Decorations] CAPPING events from decorations provider vscode.git 419
2024-11-26 17:20:02.341 [warning] [Decorations] CAPPING events from decorations provider vscode.git 419
2024-11-26 17:20:07.429 [warning] [Decorations] CAPPING events from decorations provider vscode.git 419
2024-11-26 17:20:12.529 [warning] [Decorations] CAPPING events from decorations provider vscode.git 419
2024-11-26 17:20:17.621 [warning] [Decorations] CAPPING events from decorations provider vscode.git 419
2024-11-26 17:20:22.714 [warning] [Decorations] CAPPING events from decorations provider vscode.git 419
2024-11-26 17:20:27.808 [warning] [Decorations] CAPPING events from decorations provider vscode.git 419
2024-11-26 17:20:32.901 [warning] [Decorations] CAPPING events from decorations provider vscode.git 419
2024-11-26 17:20:37.991 [warning] [Decorations] CAPPING events from decorations provider vscode.git 419
2024-11-26 17:20:43.090 [warning] [Decorations] CAPPING events from decorations provider vscode.git 419
2024-11-26 17:20:48.183 [warning] [Decorations] CAPPING events from decorations provider vscode.git 419
2024-11-26 17:20:53.275 [warning] [Decorations] CAPPING events from decorations provider vscode.git 419
2024-11-26 17:20:58.371 [warning] [Decorations] CAPPING events from decorations provider vscode.git 419
2024-11-26 17:21:03.461 [warning] [Decorations] CAPPING events from decorations provider vscode.git 419
2024-11-26 17:21:08.569 [warning] [Decorations] CAPPING events from decorations provider vscode.git 419
2024-11-26 17:21:13.662 [warning] [Decorations] CAPPING events from decorations provider vscode.git 419
2024-11-26 17:21:18.760 [warning] [Decorations] CAPPING events from decorations provider vscode.git 419
2024-11-26 17:21:23.852 [warning] [Decorations] CAPPING events from decorations provider vscode.git 419
2024-11-26 17:22:31.104 [warning] [Decorations] CAPPING events from decorations provider vscode.git 419
2024-11-26 17:24:10.815 [warning] [Decorations] CAPPING events from decorations provider vscode.git 419
2024-11-26 17:24:15.909 [warning] [Decorations] CAPPING events from decorations provider vscode.git 419
2024-11-26 17:24:21.002 [warning] [Decorations] CAPPING events from decorations provider vscode.git 419
2024-11-26 17:28:24.431 [warning] [Decorations] CAPPING events from decorations provider vscode.git 419
2024-11-26 17:28:29.096 [error] [Oracle.oracledevtools] provider FAILED
2024-11-26 17:28:29.096 [error] undefined
2024-11-26 17:28:29.523 [warning] [Decorations] CAPPING events from decorations provider vscode.git 419
2024-11-26 17:28:29.585 [error] [Oracle.oracledevtools] provider FAILED
2024-11-26 17:28:29.585 [error] undefined
2024-11-26 17:28:31.804 [error] [Oracle.oracledevtools] provider FAILED
2024-11-26 17:28:31.804 [error] undefined
2024-11-26 17:28:34.614 [warning] [Decorations] CAPPING events from decorations provider vscode.git 419
2024-11-26 17:28:39.722 [warning] [Decorations] CAPPING events from decorations provider vscode.git 419
2024-11-26 17:28:53.782 [warning] [Decorations] CAPPING events from decorations provider vscode.git 419
2024-11-26 17:28:58.871 [warning] [Decorations] CAPPING events from decorations provider vscode.git 419
2024-11-26 17:29:03.977 [warning] [Decorations] CAPPING events from decorations provider vscode.git 419
2024-11-26 17:32:28.220 [warning] [Decorations] CAPPING events from decorations provider vscode.git 421
2024-11-26 17:32:33.313 [warning] [Decorations] CAPPING events from decorations provider vscode.git 421
2024-11-26 17:33:19.597 [warning] [Decorations] CAPPING events from decorations provider vscode.git 421
2024-11-26 17:33:24.689 [warning] [Decorations] CAPPING events from decorations provider vscode.git 421
2024-11-26 17:33:29.785 [warning] [Decorations] CAPPING events from decorations provider vscode.git 421
2024-11-26 17:33:31.547 [error] [Oracle.oracledevtools] provider FAILED
2024-11-26 17:33:31.547 [error] undefined
2024-11-26 17:33:34.877 [warning] [Decorations] CAPPING events from decorations provider vscode.git 421
2024-11-26 17:33:39.967 [warning] [Decorations] CAPPING events from decorations provider vscode.git 421
2024-11-26 17:33:45.066 [warning] [Decorations] CAPPING events from decorations provider vscode.git 421
2024-11-26 17:37:12.008 [warning] [Decorations] CAPPING events from decorations provider vscode.git 421
2024-11-26 17:37:12.951 [info] Extension host terminating: received terminate message from renderer
2024-11-26 17:37:12.952 [info] Lock '/var/www/html/2_team/2_team2/.vscode-server/data/User/workspaceStorage/5bc055b56f09686021ebb31cab71230f-1/vscode.lock': Marking the lockfile as scheduled to be released in 6000 ms.
2024-11-26 17:37:12.978 [error] Canceled: Canceled
	at new tT (file:///var/www/html/2_team/2_team2/.vscode-server/cli/servers/Stable-f1a4fb101478ce6ec82fe9627c43efbf9e98c813/server/out/vs/workbench/api/node/extensionHostProcess.js:31:151066)
	at py.U (file:///var/www/html/2_team/2_team2/.vscode-server/cli/servers/Stable-f1a4fb101478ce6ec82fe9627c43efbf9e98c813/server/out/vs/workbench/api/node/extensionHostProcess.js:31:155676)
	at s.<computed>.n.charCodeAt.s.<computed> (file:///var/www/html/2_team/2_team2/.vscode-server/cli/servers/Stable-f1a4fb101478ce6ec82fe9627c43efbf9e98c813/server/out/vs/workbench/api/node/extensionHostProcess.js:31:153170)
	at Y0.g (file:///var/www/html/2_team/2_team2/.vscode-server/cli/servers/Stable-f1a4fb101478ce6ec82fe9627c43efbf9e98c813/server/out/vs/workbench/api/node/extensionHostProcess.js:114:32313)
	at Y0.executeCommand (file:///var/www/html/2_team/2_team2/.vscode-server/cli/servers/Stable-f1a4fb101478ce6ec82fe9627c43efbf9e98c813/server/out/vs/workbench/api/node/extensionHostProcess.js:114:31817)
	at r.registerCommand.description (file:///var/www/html/2_team/2_team2/.vscode-server/cli/servers/Stable-f1a4fb101478ce6ec82fe9627c43efbf9e98c813/server/out/vs/workbench/api/node/extensionHostProcess.js:114:31147)
	at Y0.h (file:///var/www/html/2_team/2_team2/.vscode-server/cli/servers/Stable-f1a4fb101478ce6ec82fe9627c43efbf9e98c813/server/out/vs/workbench/api/node/extensionHostProcess.js:114:32833)
	at Y0.g (file:///var/www/html/2_team/2_team2/.vscode-server/cli/servers/Stable-f1a4fb101478ce6ec82fe9627c43efbf9e98c813/server/out/vs/workbench/api/node/extensionHostProcess.js:114:31910)
	at Y0.executeCommand (file:///var/www/html/2_team/2_team2/.vscode-server/cli/servers/Stable-f1a4fb101478ce6ec82fe9627c43efbf9e98c813/server/out/vs/workbench/api/node/extensionHostProcess.js:114:31817)
	at Object.executeCommand (file:///var/www/html/2_team/2_team2/.vscode-server/cli/servers/Stable-f1a4fb101478ce6ec82fe9627c43efbf9e98c813/server/out/vs/workbench/api/node/extensionHostProcess.js:156:37246)
	at mh.O [as value] (/var/www/html/2_team/2_team2/.vscode-server/cli/servers/Stable-f1a4fb101478ce6ec82fe9627c43efbf9e98c813/server/extensions/git/dist/main.js:2:961845)
	at P.B (file:///var/www/html/2_team/2_team2/.vscode-server/cli/servers/Stable-f1a4fb101478ce6ec82fe9627c43efbf9e98c813/server/out/vs/workbench/api/node/extensionHostProcess.js:29:746)
	at P.C (file:///var/www/html/2_team/2_team2/.vscode-server/cli/servers/Stable-f1a4fb101478ce6ec82fe9627c43efbf9e98c813/server/out/vs/workbench/api/node/extensionHostProcess.js:29:816)
	at P.fire (file:///var/www/html/2_team/2_team2/.vscode-server/cli/servers/Stable-f1a4fb101478ce6ec82fe9627c43efbf9e98c813/server/out/vs/workbench/api/node/extensionHostProcess.js:29:1033)
	at Object.p [as dispose] (/var/www/html/2_team/2_team2/.vscode-server/cli/servers/Stable-f1a4fb101478ce6ec82fe9627c43efbf9e98c813/server/extensions/git/dist/main.js:2:983333)
	at /var/www/html/2_team/2_team2/.vscode-server/cli/servers/Stable-f1a4fb101478ce6ec82fe9627c43efbf9e98c813/server/extensions/git/dist/main.js:2:989455
	at Array.forEach (<anonymous>)
	at b.dispose (/var/www/html/2_team/2_team2/.vscode-server/cli/servers/Stable-f1a4fb101478ce6ec82fe9627c43efbf9e98c813/server/extensions/git/dist/main.js:2:989441)
	at V1.<anonymous> (file:///var/www/html/2_team/2_team2/.vscode-server/cli/servers/Stable-f1a4fb101478ce6ec82fe9627c43efbf9e98c813/server/out/vs/workbench/api/node/extensionHostProcess.js:108:19994)
	at V1.dispose (file:///var/www/html/2_team/2_team2/.vscode-server/cli/servers/Stable-f1a4fb101478ce6ec82fe9627c43efbf9e98c813/server/out/vs/workbench/api/node/extensionHostProcess.js:108:20090)
	at V1.<anonymous> (/var/www/html/2_team/2_team2/.vscode-server/cli/servers/Stable-f1a4fb101478ce6ec82fe9627c43efbf9e98c813/server/extensions/git/dist/main.js:2:964255)
	at V1.dispose (file:///var/www/html/2_team/2_team2/.vscode-server/cli/servers/Stable-f1a4fb101478ce6ec82fe9627c43efbf9e98c813/server/out/vs/workbench/api/node/extensionHostProcess.js:108:20090)
	at ci (file:///var/www/html/2_team/2_team2/.vscode-server/cli/servers/Stable-f1a4fb101478ce6ec82fe9627c43efbf9e98c813/server/out/vs/workbench/api/node/extensionHostProcess.js:24:699)
	at file:///var/www/html/2_team/2_team2/.vscode-server/cli/servers/Stable-f1a4fb101478ce6ec82fe9627c43efbf9e98c813/server/out/vs/workbench/api/node/extensionHostProcess.js:118:14992
	at file:///var/www/html/2_team/2_team2/.vscode-server/cli/servers/Stable-f1a4fb101478ce6ec82fe9627c43efbf9e98c813/server/out/vs/workbench/api/node/extensionHostProcess.js:24:1009
	at Object.dispose (file:///var/www/html/2_team/2_team2/.vscode-server/cli/servers/Stable-f1a4fb101478ce6ec82fe9627c43efbf9e98c813/server/out/vs/workbench/api/node/extensionHostProcess.js:7:2146)
	at _z.eb (file:///var/www/html/2_team/2_team2/.vscode-server/cli/servers/Stable-f1a4fb101478ce6ec82fe9627c43efbf9e98c813/server/out/vs/workbench/api/node/extensionHostProcess.js:118:11919)
	at file:///var/www/html/2_team/2_team2/.vscode-server/cli/servers/Stable-f1a4fb101478ce6ec82fe9627c43efbf9e98c813/server/out/vs/workbench/api/node/extensionHostProcess.js:118:9874
	at Array.map (<anonymous>)
	at _z.$ (file:///var/www/html/2_team/2_team2/.vscode-server/cli/servers/Stable-f1a4fb101478ce6ec82fe9627c43efbf9e98c813/server/out/vs/workbench/api/node/extensionHostProcess.js:118:9862)
	at _z.terminate (file:///var/www/html/2_team/2_team2/.vscode-server/cli/servers/Stable-f1a4fb101478ce6ec82fe9627c43efbf9e98c813/server/out/vs/workbench/api/node/extensionHostProcess.js:118:10105)
	at xC.terminate (file:///var/www/html/2_team/2_team2/.vscode-server/cli/servers/Stable-f1a4fb101478ce6ec82fe9627c43efbf9e98c813/server/out/vs/workbench/api/node/extensionHostProcess.js:119:1424)
	at Zi (file:///var/www/html/2_team/2_team2/.vscode-server/cli/servers/Stable-f1a4fb101478ce6ec82fe9627c43efbf9e98c813/server/out/vs/workbench/api/node/extensionHostProcess.js:174:15084)
	at mh.value (file:///var/www/html/2_team/2_team2/.vscode-server/cli/servers/Stable-f1a4fb101478ce6ec82fe9627c43efbf9e98c813/server/out/vs/workbench/api/node/extensionHostProcess.js:174:13245)
	at P.B (file:///var/www/html/2_team/2_team2/.vscode-server/cli/servers/Stable-f1a4fb101478ce6ec82fe9627c43efbf9e98c813/server/out/vs/workbench/api/node/extensionHostProcess.js:29:746)
	at P.fire (file:///var/www/html/2_team/2_team2/.vscode-server/cli/servers/Stable-f1a4fb101478ce6ec82fe9627c43efbf9e98c813/server/out/vs/workbench/api/node/extensionHostProcess.js:29:964)
	at Vn.fire (file:///var/www/html/2_team/2_team2/.vscode-server/cli/servers/Stable-f1a4fb101478ce6ec82fe9627c43efbf9e98c813/server/out/vs/workbench/api/node/extensionHostProcess.js:31:9457)
	at Fm.A (file:///var/www/html/2_team/2_team2/.vscode-server/cli/servers/Stable-f1a4fb101478ce6ec82fe9627c43efbf9e98c813/server/out/vs/workbench/api/node/extensionHostProcess.js:31:12573)
	at mh.value (file:///var/www/html/2_team/2_team2/.vscode-server/cli/servers/Stable-f1a4fb101478ce6ec82fe9627c43efbf9e98c813/server/out/vs/workbench/api/node/extensionHostProcess.js:31:10993)
	at P.B (file:///var/www/html/2_team/2_team2/.vscode-server/cli/servers/Stable-f1a4fb101478ce6ec82fe9627c43efbf9e98c813/server/out/vs/workbench/api/node/extensionHostProcess.js:29:746)
	at P.fire (file:///var/www/html/2_team/2_team2/.vscode-server/cli/servers/Stable-f1a4fb101478ce6ec82fe9627c43efbf9e98c813/server/out/vs/workbench/api/node/extensionHostProcess.js:29:964)
	at j5.acceptChunk (file:///var/www/html/2_team/2_team2/.vscode-server/cli/servers/Stable-f1a4fb101478ce6ec82fe9627c43efbf9e98c813/server/out/vs/workbench/api/node/extensionHostProcess.js:31:7940)
	at file:///var/www/html/2_team/2_team2/.vscode-server/cli/servers/Stable-f1a4fb101478ce6ec82fe9627c43efbf9e98c813/server/out/vs/workbench/api/node/extensionHostProcess.js:31:7226
	at Socket.t (file:///var/www/html/2_team/2_team2/.vscode-server/cli/servers/Stable-f1a4fb101478ce6ec82fe9627c43efbf9e98c813/server/out/vs/workbench/api/node/extensionHostProcess.js:31:15451)
	at Socket.emit (node:events:519:28)
	at addChunk (node:internal/streams/readable:559:12)
	at readableAddChunkPushByteMode (node:internal/streams/readable:510:3)
	at Readable.push (node:internal/streams/readable:390:5)
	at Pipe.onStreamRead (node:internal/stream_base_commons:191:23) setContext undefined
2024-11-26 17:37:12.979 [error] Canceled: Canceled
	at new tT (file:///var/www/html/2_team/2_team2/.vscode-server/cli/servers/Stable-f1a4fb101478ce6ec82fe9627c43efbf9e98c813/server/out/vs/workbench/api/node/extensionHostProcess.js:31:151066)
	at py.U (file:///var/www/html/2_team/2_team2/.vscode-server/cli/servers/Stable-f1a4fb101478ce6ec82fe9627c43efbf9e98c813/server/out/vs/workbench/api/node/extensionHostProcess.js:31:155676)
	at s.<computed>.n.charCodeAt.s.<computed> (file:///var/www/html/2_team/2_team2/.vscode-server/cli/servers/Stable-f1a4fb101478ce6ec82fe9627c43efbf9e98c813/server/out/vs/workbench/api/node/extensionHostProcess.js:31:153170)
	at Y0.g (file:///var/www/html/2_team/2_team2/.vscode-server/cli/servers/Stable-f1a4fb101478ce6ec82fe9627c43efbf9e98c813/server/out/vs/workbench/api/node/extensionHostProcess.js:114:32313)
	at Y0.executeCommand (file:///var/www/html/2_team/2_team2/.vscode-server/cli/servers/Stable-f1a4fb101478ce6ec82fe9627c43efbf9e98c813/server/out/vs/workbench/api/node/extensionHostProcess.js:114:31817)
	at r.registerCommand.description (file:///var/www/html/2_team/2_team2/.vscode-server/cli/servers/Stable-f1a4fb101478ce6ec82fe9627c43efbf9e98c813/server/out/vs/workbench/api/node/extensionHostProcess.js:114:31147)
	at Y0.h (file:///var/www/html/2_team/2_team2/.vscode-server/cli/servers/Stable-f1a4fb101478ce6ec82fe9627c43efbf9e98c813/server/out/vs/workbench/api/node/extensionHostProcess.js:114:32833)
	at Y0.g (file:///var/www/html/2_team/2_team2/.vscode-server/cli/servers/Stable-f1a4fb101478ce6ec82fe9627c43efbf9e98c813/server/out/vs/workbench/api/node/extensionHostProcess.js:114:31910)
	at Y0.executeCommand (file:///var/www/html/2_team/2_team2/.vscode-server/cli/servers/Stable-f1a4fb101478ce6ec82fe9627c43efbf9e98c813/server/out/vs/workbench/api/node/extensionHostProcess.js:114:31817)
	at Object.executeCommand (file:///var/www/html/2_team/2_team2/.vscode-server/cli/servers/Stable-f1a4fb101478ce6ec82fe9627c43efbf9e98c813/server/out/vs/workbench/api/node/extensionHostProcess.js:156:37246)
	at set hasGitHubRepositories [as hasGitHubRepositories] (/var/www/html/2_team/2_team2/.vscode-server/cli/servers/Stable-f1a4fb101478ce6ec82fe9627c43efbf9e98c813/server/extensions/github/dist/extension.js:2:328633)
	at /var/www/html/2_team/2_team2/.vscode-server/cli/servers/Stable-f1a4fb101478ce6ec82fe9627c43efbf9e98c813/server/extensions/github/dist/extension.js:2:329592
	at mh.value (/var/www/html/2_team/2_team2/.vscode-server/cli/servers/Stable-f1a4fb101478ce6ec82fe9627c43efbf9e98c813/server/extensions/git/dist/main.js:2:1073936)
	at P.B (file:///var/www/html/2_team/2_team2/.vscode-server/cli/servers/Stable-f1a4fb101478ce6ec82fe9627c43efbf9e98c813/server/out/vs/workbench/api/node/extensionHostProcess.js:29:746)
	at P.C (file:///var/www/html/2_team/2_team2/.vscode-server/cli/servers/Stable-f1a4fb101478ce6ec82fe9627c43efbf9e98c813/server/out/vs/workbench/api/node/extensionHostProcess.js:29:816)
	at P.fire (file:///var/www/html/2_team/2_team2/.vscode-server/cli/servers/Stable-f1a4fb101478ce6ec82fe9627c43efbf9e98c813/server/out/vs/workbench/api/node/extensionHostProcess.js:29:1033)
	at Object.p [as dispose] (/var/www/html/2_team/2_team2/.vscode-server/cli/servers/Stable-f1a4fb101478ce6ec82fe9627c43efbf9e98c813/server/extensions/git/dist/main.js:2:983333)
	at /var/www/html/2_team/2_team2/.vscode-server/cli/servers/Stable-f1a4fb101478ce6ec82fe9627c43efbf9e98c813/server/extensions/git/dist/main.js:2:989455
	at Array.forEach (<anonymous>)
	at b.dispose (/var/www/html/2_team/2_team2/.vscode-server/cli/servers/Stable-f1a4fb101478ce6ec82fe9627c43efbf9e98c813/server/extensions/git/dist/main.js:2:989441)
	at V1.<anonymous> (file:///var/www/html/2_team/2_team2/.vscode-server/cli/servers/Stable-f1a4fb101478ce6ec82fe9627c43efbf9e98c813/server/out/vs/workbench/api/node/extensionHostProcess.js:108:19994)
	at V1.dispose (file:///var/www/html/2_team/2_team2/.vscode-server/cli/servers/Stable-f1a4fb101478ce6ec82fe9627c43efbf9e98c813/server/out/vs/workbench/api/node/extensionHostProcess.js:108:20090)
	at V1.<anonymous> (/var/www/html/2_team/2_team2/.vscode-server/cli/servers/Stable-f1a4fb101478ce6ec82fe9627c43efbf9e98c813/server/extensions/git/dist/main.js:2:964255)
	at V1.dispose (file:///var/www/html/2_team/2_team2/.vscode-server/cli/servers/Stable-f1a4fb101478ce6ec82fe9627c43efbf9e98c813/server/out/vs/workbench/api/node/extensionHostProcess.js:108:20090)
	at ci (file:///var/www/html/2_team/2_team2/.vscode-server/cli/servers/Stable-f1a4fb101478ce6ec82fe9627c43efbf9e98c813/server/out/vs/workbench/api/node/extensionHostProcess.js:24:699)
	at file:///var/www/html/2_team/2_team2/.vscode-server/cli/servers/Stable-f1a4fb101478ce6ec82fe9627c43efbf9e98c813/server/out/vs/workbench/api/node/extensionHostProcess.js:118:14992
	at file:///var/www/html/2_team/2_team2/.vscode-server/cli/servers/Stable-f1a4fb101478ce6ec82fe9627c43efbf9e98c813/server/out/vs/workbench/api/node/extensionHostProcess.js:24:1009
	at Object.dispose (file:///var/www/html/2_team/2_team2/.vscode-server/cli/servers/Stable-f1a4fb101478ce6ec82fe9627c43efbf9e98c813/server/out/vs/workbench/api/node/extensionHostProcess.js:7:2146)
	at _z.eb (file:///var/www/html/2_team/2_team2/.vscode-server/cli/servers/Stable-f1a4fb101478ce6ec82fe9627c43efbf9e98c813/server/out/vs/workbench/api/node/extensionHostProcess.js:118:11919)
	at file:///var/www/html/2_team/2_team2/.vscode-server/cli/servers/Stable-f1a4fb101478ce6ec82fe9627c43efbf9e98c813/server/out/vs/workbench/api/node/extensionHostProcess.js:118:9874
	at Array.map (<anonymous>)
	at _z.$ (file:///var/www/html/2_team/2_team2/.vscode-server/cli/servers/Stable-f1a4fb101478ce6ec82fe9627c43efbf9e98c813/server/out/vs/workbench/api/node/extensionHostProcess.js:118:9862)
	at _z.terminate (file:///var/www/html/2_team/2_team2/.vscode-server/cli/servers/Stable-f1a4fb101478ce6ec82fe9627c43efbf9e98c813/server/out/vs/workbench/api/node/extensionHostProcess.js:118:10105)
	at xC.terminate (file:///var/www/html/2_team/2_team2/.vscode-server/cli/servers/Stable-f1a4fb101478ce6ec82fe9627c43efbf9e98c813/server/out/vs/workbench/api/node/extensionHostProcess.js:119:1424)
	at Zi (file:///var/www/html/2_team/2_team2/.vscode-server/cli/servers/Stable-f1a4fb101478ce6ec82fe9627c43efbf9e98c813/server/out/vs/workbench/api/node/extensionHostProcess.js:174:15084)
	at mh.value (file:///var/www/html/2_team/2_team2/.vscode-server/cli/servers/Stable-f1a4fb101478ce6ec82fe9627c43efbf9e98c813/server/out/vs/workbench/api/node/extensionHostProcess.js:174:13245)
	at P.B (file:///var/www/html/2_team/2_team2/.vscode-server/cli/servers/Stable-f1a4fb101478ce6ec82fe9627c43efbf9e98c813/server/out/vs/workbench/api/node/extensionHostProcess.js:29:746)
	at P.fire (file:///var/www/html/2_team/2_team2/.vscode-server/cli/servers/Stable-f1a4fb101478ce6ec82fe9627c43efbf9e98c813/server/out/vs/workbench/api/node/extensionHostProcess.js:29:964)
	at Vn.fire (file:///var/www/html/2_team/2_team2/.vscode-server/cli/servers/Stable-f1a4fb101478ce6ec82fe9627c43efbf9e98c813/server/out/vs/workbench/api/node/extensionHostProcess.js:31:9457)
	at Fm.A (file:///var/www/html/2_team/2_team2/.vscode-server/cli/servers/Stable-f1a4fb101478ce6ec82fe9627c43efbf9e98c813/server/out/vs/workbench/api/node/extensionHostProcess.js:31:12573)
	at mh.value (file:///var/www/html/2_team/2_team2/.vscode-server/cli/servers/Stable-f1a4fb101478ce6ec82fe9627c43efbf9e98c813/server/out/vs/workbench/api/node/extensionHostProcess.js:31:10993)
	at P.B (file:///var/www/html/2_team/2_team2/.vscode-server/cli/servers/Stable-f1a4fb101478ce6ec82fe9627c43efbf9e98c813/server/out/vs/workbench/api/node/extensionHostProcess.js:29:746)
	at P.fire (file:///var/www/html/2_team/2_team2/.vscode-server/cli/servers/Stable-f1a4fb101478ce6ec82fe9627c43efbf9e98c813/server/out/vs/workbench/api/node/extensionHostProcess.js:29:964)
	at j5.acceptChunk (file:///var/www/html/2_team/2_team2/.vscode-server/cli/servers/Stable-f1a4fb101478ce6ec82fe9627c43efbf9e98c813/server/out/vs/workbench/api/node/extensionHostProcess.js:31:7940)
	at file:///var/www/html/2_team/2_team2/.vscode-server/cli/servers/Stable-f1a4fb101478ce6ec82fe9627c43efbf9e98c813/server/out/vs/workbench/api/node/extensionHostProcess.js:31:7226
	at Socket.t (file:///var/www/html/2_team/2_team2/.vscode-server/cli/servers/Stable-f1a4fb101478ce6ec82fe9627c43efbf9e98c813/server/out/vs/workbench/api/node/extensionHostProcess.js:31:15451)
	at Socket.emit (node:events:519:28)
	at addChunk (node:internal/streams/readable:559:12)
	at readableAddChunkPushByteMode (node:internal/streams/readable:510:3)
	at Readable.push (node:internal/streams/readable:390:5)
	at Pipe.onStreamRead (node:internal/stream_base_commons:191:23) setContext undefined
2024-11-26 17:37:13.980 [error] Error: Starting server failed
	at LanguageClient.$start (/var/www/html/2_team/2_team2/.vscode-server/extensions/oracle.oracledevtools-23.4.1/node_modules/vscode-languageclient/lib/common/client.js:1083:19)
	at process.processTicksAndRejections (node:internal/process/task_queues:95:5)
	at async LanguageClient.sendNotification (/var/www/html/2_team/2_team2/.vscode-server/extensions/oracle.oracledevtools-23.4.1/node_modules/vscode-languageclient/lib/common/client.js:381:28)
2024-11-26 17:37:13.981 [error] Error: Starting server failed
	at LanguageClient.$start (/var/www/html/2_team/2_team2/.vscode-server/extensions/oracle.oracledevtools-23.4.1/node_modules/vscode-languageclient/lib/common/client.js:1083:19)
	at process.processTicksAndRejections (node:internal/process/task_queues:95:5)
	at async LanguageClient.sendNotification (/var/www/html/2_team/2_team2/.vscode-server/extensions/oracle.oracledevtools-23.4.1/node_modules/vscode-languageclient/lib/common/client.js:381:28)
2024-11-26 17:37:14.975 [error] Error: Stopping the server timed out
	at /var/www/html/2_team/2_team2/.vscode-server/extensions/oracle.oracledevtools-23.4.1/node_modules/vscode-languageclient/lib/common/client.js:933:23
	at async Promise.all (index 9)
	at async _z.$ (file:///var/www/html/2_team/2_team2/.vscode-server/cli/servers/Stable-f1a4fb101478ce6ec82fe9627c43efbf9e98c813/server/out/vs/workbench/api/node/extensionHostProcess.js:118:9888)
2024-11-26 17:37:14.975 [info] Extension host with pid 227407 exiting with code 0
