2024-11-26 19:11:47.935 [info] [main] Log level: Info
2024-11-26 19:11:47.935 [info] [main] Validating found git in: "git"
2024-11-26 19:11:47.935 [info] [main] Using git "2.34.1" from "git"
2024-11-26 19:11:47.935 [info] [Model][doInitialScan] Initial repository scan started
2024-11-26 19:11:47.935 [info] > git rev-parse --show-toplevel [2ms]
2024-11-26 19:11:47.935 [info] > git rev-parse --git-dir --git-common-dir [2ms]
2024-11-26 19:11:47.935 [info] [Model][openRepository] Opened repository: /var/www/html/2_team/2_team2
2024-11-26 19:11:47.935 [info] > git config --get commit.template [3ms]
2024-11-26 19:11:47.935 [info] > git rev-parse --show-toplevel [2ms]
2024-11-26 19:11:47.935 [info] > git for-each-ref --format=%(refname)%00%(upstream:short)%00%(objectname)%00%(upstream:track)%00%(upstream:remotename)%00%(upstream:remoteref) refs/heads/jhw refs/remotes/jhw [3ms]
2024-11-26 19:11:47.935 [info] > git rev-parse --show-toplevel [1ms]
2024-11-26 19:11:47.935 [info] > git rev-parse --show-toplevel [2ms]
2024-11-26 19:11:47.935 [info] > git for-each-ref --sort -committerdate --format %(refname) %(objectname) %(*objectname) [8ms]
2024-11-26 19:11:47.935 [info] > git rev-parse --show-toplevel [6ms]
2024-11-26 19:11:47.936 [info] > git rev-parse --show-toplevel [7ms]
2024-11-26 19:11:47.940 [info] > git rev-parse --show-toplevel [1ms]
2024-11-26 19:11:47.944 [info] > git rev-parse --show-toplevel [1ms]
2024-11-26 19:11:47.948 [info] > git rev-parse --show-toplevel [1ms]
2024-11-26 19:11:47.952 [info] > git rev-parse --show-toplevel [1ms]
2024-11-26 19:11:47.957 [info] > git rev-parse --show-toplevel [1ms]
2024-11-26 19:11:47.961 [info] [Model][doInitialScan] Initial repository scan completed - repositories (1), closed repositories (0), parent repositories (0), unsafe repositories (0)
2024-11-26 19:11:47.985 [info] > git status -z -uall [89ms]
2024-11-26 19:11:48.008 [info] > git for-each-ref --format=%(refname)%00%(upstream:short)%00%(objectname)%00%(upstream:track)%00%(upstream:remotename)%00%(upstream:remoteref) refs/heads/jhw refs/remotes/jhw [5ms]
2024-11-26 19:11:48.011 [info] > git config --get commit.template [4ms]
2024-11-26 19:11:48.014 [info] > git config --local branch.jhw.vscode-merge-base [3ms]
2024-11-26 19:11:48.014 [warning] [Git][config] git config failed: Failed to execute git
2024-11-26 19:11:48.017 [info] > git for-each-ref --format=%(refname)%00%(upstream:short)%00%(objectname)%00%(upstream:track)%00%(upstream:remotename)%00%(upstream:remoteref) refs/heads/jhw refs/remotes/jhw [4ms]
2024-11-26 19:11:48.023 [info] > git reflog jhw --grep-reflog=branch: Created from *. [7ms]
2024-11-26 19:11:48.027 [info] > git for-each-ref --sort -committerdate --format %(refname) %(objectname) %(*objectname) [4ms]
2024-11-26 19:11:48.039 [info] > git reflog HEAD --grep-reflog=checkout: moving from .* to jhw [13ms]
2024-11-26 19:11:48.044 [info] > git for-each-ref --format=%(refname)%00%(upstream:short)%00%(objectname)%00%(upstream:track)%00%(upstream:remotename)%00%(upstream:remoteref) refs/heads/main refs/remotes/main [2ms]
2024-11-26 19:11:48.049 [info] > git symbolic-ref --short refs/remotes/origin/HEAD [1ms]
2024-11-26 19:11:48.049 [info] fatal: ref refs/remotes/origin/HEAD is not a symbolic ref
2024-11-26 19:11:48.049 [warning] [Repository][getDefaultBranch] Failed to get default branch details: Failed to execute git.
2024-11-26 19:11:48.056 [info] > git merge-base refs/heads/jhw refs/remotes/origin/jhw [2ms]
2024-11-26 19:11:48.061 [info] > git diff --name-status -z --diff-filter=ADMR 9737636c5f94e0bcd809246b99e222d049bc4914...refs/remotes/origin/jhw [2ms]
2024-11-26 19:11:48.163 [info] > git status -z -uall [144ms]
2024-11-26 19:11:48.478 [info] > git check-ignore -v -z --stdin [10ms]
2024-11-26 19:11:48.704 [info] > git show --textconv :add_comment.php [7ms]
2024-11-26 19:11:48.708 [info] > git ls-files --stage -- /var/www/html/2_team/2_team2/add_comment.php [8ms]
2024-11-26 19:11:48.715 [info] > git cat-file -s 46d75a1c5fff54cf9a63bd49989221962a68ba28 [3ms]
2024-11-26 19:11:49.246 [info] > git check-ignore -v -z --stdin [29ms]
2024-11-26 19:11:50.281 [info] > git check-ignore -v -z --stdin [8ms]
2024-11-26 19:12:14.357 [info] > git show --textconv :db.php [7ms]
2024-11-26 19:12:14.360 [info] > git ls-files --stage -- /var/www/html/2_team/2_team2/db.php [7ms]
2024-11-26 19:12:14.364 [info] > git cat-file -s 2661495db8c958d585234b0e6968bcaad3c10423 [1ms]
2024-11-26 19:12:22.536 [info] > git show --textconv :add_comment.php [7ms]
2024-11-26 19:12:22.539 [info] > git ls-files --stage -- /var/www/html/2_team/2_team2/add_comment.php [7ms]
2024-11-26 19:12:22.543 [info] > git cat-file -s 46d75a1c5fff54cf9a63bd49989221962a68ba28 [2ms]
2024-11-26 19:12:30.171 [info] > git ls-files --stage -- /var/www/html/2_team/2_team2/index.php [7ms]
2024-11-26 19:12:30.193 [info] > git cat-file -s 984f350f0404a55dadb1f0ae0566c6c01ce5d178 [20ms]
2024-11-26 19:12:30.195 [info] > git show --textconv :index.php [34ms]
2024-11-26 19:31:36.994 [info] > git config --get commit.template [3ms]
2024-11-26 19:31:36.994 [info] > git for-each-ref --format=%(refname)%00%(upstream:short)%00%(objectname)%00%(upstream:track)%00%(upstream:remotename)%00%(upstream:remoteref) refs/heads/jhw refs/remotes/jhw [1ms]
2024-11-26 19:31:37.002 [info] > git for-each-ref --sort -committerdate --format %(refname) %(objectname) %(*objectname) [2ms]
2024-11-26 19:31:37.068 [info] > git status -z -uall [71ms]
