2024-11-25 13:58:04.420 [info] Extension host with pid 133408 started
2024-11-25 13:58:04.428 [info] Lock '/var/www/html/2_team/2_team2/.vscode-server/data/User/workspaceStorage/0a42fcde4b5af9f4112907c948b9d57e/vscode.lock': Lock acquired.
2024-11-25 13:58:15.052 [info] ExtensionService#_doActivateExtension vscode.git-base, startup: false, activationEvent: '*', root cause: vscode.git
2024-11-25 13:58:15.053 [info] ExtensionService#_doActivateExtension ms-dotnettools.vscode-dotnet-runtime, startup: false, activationEvent: '*', root cause: Oracle.oracledevtools
2024-11-25 13:58:15.053 [info] ExtensionService#_doActivateExtension vscode.php-language-features, startup: false, activationEvent: 'onLanguage:php'
2024-11-25 13:58:15.054 [info] ExtensionService#_doActivateExtension vscode.emmet, startup: false, activationEvent: 'onLanguage'
2024-11-25 13:58:26.064 [info] ExtensionService#_doActivateExtension vscode.debug-auto-launch, startup: false, activationEvent: 'onStartupFinished'
2024-11-25 13:58:26.065 [info] ExtensionService#_doActivateExtension vscode.merge-conflict, startup: false, activationEvent: 'onStartupFinished'
2024-11-25 13:58:26.065 [info] ExtensionService#_doActivateExtension esbenp.prettier-vscode, startup: false, activationEvent: 'onStartupFinished'
2024-11-25 13:58:26.066 [info] ExtensionService#_doActivateExtension ritwickdey.LiveServer, startup: false, activationEvent: 'onStartupFinished'
2024-11-25 13:58:26.200 [info] ExtensionService#_doActivateExtension Oracle.oracledevtools, startup: false, activationEvent: '*'
2024-11-25 13:58:28.207 [info] ExtensionService#_doActivateExtension vscode.git, startup: false, activationEvent: '*'
2024-11-25 13:58:28.208 [info] ExtensionService#_doActivateExtension vscode.github, startup: false, activationEvent: '*'
2024-11-25 13:58:28.249 [info] ExtensionService#_doActivateExtension vscode.configuration-editing, startup: false, activationEvent: 'onLanguage:jsonc'
2024-11-25 13:58:28.249 [info] ExtensionService#_doActivateExtension vscode.json-language-features, startup: false, activationEvent: 'onLanguage:jsonc'
2024-11-25 13:58:28.249 [info] ExtensionService#_doActivateExtension vscode.typescript-language-features, startup: false, activationEvent: 'onLanguage:jsonc'
2024-11-25 13:58:29.376 [error] CodeExpectedError: 사용자 설정에 쓸 수 없습니다. 사용자 설정을 열어 오류/경고를 수정하고 다시 시도하세요.
    at knt.y (vscode-file://vscode-app/c:/Users/kosw1/AppData/Local/Programs/Microsoft%20VS%20Code/resources/app/out/vs/workbench/workbench.desktop.main.js:3088:11662)
    at knt.o (vscode-file://vscode-app/c:/Users/kosw1/AppData/Local/Programs/Microsoft%20VS%20Code/resources/app/out/vs/workbench/workbench.desktop.main.js:3088:9130)
    at knt.n (vscode-file://vscode-app/c:/Users/kosw1/AppData/Local/Programs/Microsoft%20VS%20Code/resources/app/out/vs/workbench/workbench.desktop.main.js:3088:9021)
    at async Object.factory (vscode-file://vscode-app/c:/Users/kosw1/AppData/Local/Programs/Microsoft%20VS%20Code/resources/app/out/vs/workbench/workbench.desktop.main.js:3088:8771)
2024-11-25 13:58:30.382 [error] CodeExpectedError: 사용자 설정에 쓸 수 없습니다. 사용자 설정을 열어 오류/경고를 수정하고 다시 시도하세요.
    at knt.y (vscode-file://vscode-app/c:/Users/kosw1/AppData/Local/Programs/Microsoft%20VS%20Code/resources/app/out/vs/workbench/workbench.desktop.main.js:3088:11662)
    at knt.o (vscode-file://vscode-app/c:/Users/kosw1/AppData/Local/Programs/Microsoft%20VS%20Code/resources/app/out/vs/workbench/workbench.desktop.main.js:3088:9130)
    at knt.n (vscode-file://vscode-app/c:/Users/kosw1/AppData/Local/Programs/Microsoft%20VS%20Code/resources/app/out/vs/workbench/workbench.desktop.main.js:3088:9021)
    at async Object.factory (vscode-file://vscode-app/c:/Users/kosw1/AppData/Local/Programs/Microsoft%20VS%20Code/resources/app/out/vs/workbench/workbench.desktop.main.js:3088:8771)
2024-11-25 13:58:30.383 [error] CodeExpectedError: 사용자 설정에 쓸 수 없습니다. 사용자 설정을 열어 오류/경고를 수정하고 다시 시도하세요.
    at knt.y (vscode-file://vscode-app/c:/Users/kosw1/AppData/Local/Programs/Microsoft%20VS%20Code/resources/app/out/vs/workbench/workbench.desktop.main.js:3088:11662)
    at knt.o (vscode-file://vscode-app/c:/Users/kosw1/AppData/Local/Programs/Microsoft%20VS%20Code/resources/app/out/vs/workbench/workbench.desktop.main.js:3088:9130)
    at knt.n (vscode-file://vscode-app/c:/Users/kosw1/AppData/Local/Programs/Microsoft%20VS%20Code/resources/app/out/vs/workbench/workbench.desktop.main.js:3088:9021)
    at async Object.factory (vscode-file://vscode-app/c:/Users/kosw1/AppData/Local/Programs/Microsoft%20VS%20Code/resources/app/out/vs/workbench/workbench.desktop.main.js:3088:8771)
2024-11-25 13:58:30.383 [error] CodeExpectedError: 사용자 설정에 쓸 수 없습니다. 사용자 설정을 열어 오류/경고를 수정하고 다시 시도하세요.
    at knt.y (vscode-file://vscode-app/c:/Users/kosw1/AppData/Local/Programs/Microsoft%20VS%20Code/resources/app/out/vs/workbench/workbench.desktop.main.js:3088:11662)
    at knt.o (vscode-file://vscode-app/c:/Users/kosw1/AppData/Local/Programs/Microsoft%20VS%20Code/resources/app/out/vs/workbench/workbench.desktop.main.js:3088:9130)
    at knt.n (vscode-file://vscode-app/c:/Users/kosw1/AppData/Local/Programs/Microsoft%20VS%20Code/resources/app/out/vs/workbench/workbench.desktop.main.js:3088:9021)
    at async Object.factory (vscode-file://vscode-app/c:/Users/kosw1/AppData/Local/Programs/Microsoft%20VS%20Code/resources/app/out/vs/workbench/workbench.desktop.main.js:3088:8771)
2024-11-25 13:58:30.525 [info] Eager extensions activated
2024-11-25 13:58:30.725 [warning] [Decorations] CAPPING events from decorations provider vscode.git 395
2024-11-25 13:58:30.871 [warning] [Decorations] CAPPING events from decorations provider vscode.git 396
2024-11-25 13:58:43.622 [warning] [Decorations] CAPPING events from decorations provider vscode.git 406
2024-11-25 13:58:52.848 [warning] [Decorations] CAPPING events from decorations provider vscode.git 406
2024-11-25 13:59:04.048 [warning] [Decorations] CAPPING events from decorations provider vscode.git 406
2024-11-25 13:59:04.208 [warning] [Decorations] CAPPING events from decorations provider vscode.git 374
2024-11-25 13:59:19.767 [warning] [Decorations] CAPPING events from decorations provider vscode.git 375
