2024-11-24 15:24:21.135 [info] [main] 로그 수준: Info
2024-11-24 15:24:21.135 [info] [main] "git"에서 찾은 git 유효성을 검사하는 중
2024-11-24 15:24:21.135 [info] [main] "2.34.1"에서 git "git"을(를) 사용하는 중
2024-11-24 15:24:21.135 [info] [Model][doInitialScan] Initial repository scan started
2024-11-24 15:24:21.135 [info] > git rev-parse --show-toplevel [2ms]
2024-11-24 15:24:21.136 [info] > git rev-parse --git-dir --git-common-dir [1ms]
2024-11-24 15:24:21.144 [info] [Model][openRepository] Opened repository: /var/www/html/2_team/2_team2
2024-11-24 15:24:21.152 [info] > git rev-parse --show-toplevel [2ms]
2024-11-24 15:24:21.153 [info] > git config --get commit.template [5ms]
2024-11-24 15:24:21.162 [info] > git for-each-ref --format=%(refname)%00%(upstream:short)%00%(objectname)%00%(upstream:track)%00%(upstream:remotename)%00%(upstream:remoteref) refs/heads/jhw refs/remotes/jhw [4ms]
2024-11-24 15:24:21.163 [info] > git rev-parse --show-toplevel [8ms]
2024-11-24 15:24:21.178 [info] > git rev-parse --show-toplevel [7ms]
2024-11-24 15:24:21.183 [info] > git for-each-ref --sort -committerdate --format %(refname) %(objectname) %(*objectname) [6ms]
2024-11-24 15:24:21.185 [info] > git rev-parse --show-toplevel [3ms]
2024-11-24 15:24:21.191 [info] > git rev-parse --show-toplevel [0ms]
2024-11-24 15:24:21.200 [info] > git rev-parse --show-toplevel [5ms]
2024-11-24 15:24:21.205 [info] > git rev-parse --show-toplevel [1ms]
2024-11-24 15:24:21.210 [info] > git rev-parse --show-toplevel [3ms]
2024-11-24 15:24:21.214 [info] > git rev-parse --show-toplevel [1ms]
2024-11-24 15:24:21.217 [info] > git rev-parse --show-toplevel [1ms]
2024-11-24 15:24:21.221 [info] [Model][doInitialScan] Initial repository scan completed - repositories (1), closed repositories (0), parent repositories (0), unsafe repositories (0)
2024-11-24 15:24:21.271 [info] > git status -z -uall [97ms]
2024-11-24 15:24:21.287 [info] > git for-each-ref --format=%(refname)%00%(upstream:short)%00%(objectname)%00%(upstream:track)%00%(upstream:remotename)%00%(upstream:remoteref) refs/heads/jhw refs/remotes/jhw [6ms]
2024-11-24 15:24:21.290 [info] > git config --get commit.template [4ms]
2024-11-24 15:24:21.293 [info] > git config --local branch.jhw.vscode-merge-base [3ms]
2024-11-24 15:24:21.293 [warning] [Git][config] git config failed: Failed to execute git
2024-11-24 15:24:21.297 [info] > git for-each-ref --format=%(refname)%00%(upstream:short)%00%(objectname)%00%(upstream:track)%00%(upstream:remotename)%00%(upstream:remoteref) refs/heads/jhw refs/remotes/jhw [4ms]
2024-11-24 15:24:21.303 [info] > git reflog jhw --grep-reflog=branch: Created from *. [7ms]
2024-11-24 15:24:21.306 [info] > git for-each-ref --sort -committerdate --format %(refname) %(objectname) %(*objectname) [4ms]
2024-11-24 15:24:21.309 [info] > git reflog HEAD --grep-reflog=checkout: moving from .* to jhw [4ms]
2024-11-24 15:24:21.322 [info] > git for-each-ref --format=%(refname)%00%(upstream:short)%00%(objectname)%00%(upstream:track)%00%(upstream:remotename)%00%(upstream:remoteref) refs/heads/main refs/remotes/main [2ms]
2024-11-24 15:24:21.326 [info] > git symbolic-ref --short refs/remotes/origin/HEAD [1ms]
2024-11-24 15:24:21.326 [info] fatal: ref refs/remotes/origin/HEAD is not a symbolic ref
2024-11-24 15:24:21.326 [warning] [Repository][getDefaultBranch] Failed to get default branch details: Failed to execute git.
2024-11-24 15:24:21.333 [info] > git merge-base refs/heads/jhw refs/remotes/origin/jhw [3ms]
2024-11-24 15:24:21.338 [info] > git diff --name-status -z --diff-filter=ADMR e7a47e12663b2a64afed8cfd125a9811ae58663d...refs/remotes/origin/jhw [2ms]
2024-11-24 15:24:21.444 [info] > git status -z -uall [144ms]
2024-11-24 15:24:21.613 [info] > git show --textconv :Battlegamepage.php [49ms]
2024-11-24 15:24:21.613 [info] > git ls-files --stage -- /var/www/html/2_team/2_team2/Battlegamepage.php [47ms]
2024-11-24 15:24:21.617 [info] > git cat-file -s d03433c867e3855b4b75757f301758efe49bfd1a [2ms]
2024-11-24 15:24:21.690 [info] > git check-ignore -v -z --stdin [20ms]
2024-11-24 15:24:24.018 [info] > git check-ignore -v -z --stdin [25ms]
2024-11-24 15:24:25.864 [info] > git config --get commit.template [2ms]
2024-11-24 15:24:25.866 [info] > git for-each-ref --format=%(refname)%00%(upstream:short)%00%(objectname)%00%(upstream:track)%00%(upstream:remotename)%00%(upstream:remoteref) refs/heads/jhw refs/remotes/jhw [2ms]
2024-11-24 15:24:25.873 [info] > git for-each-ref --sort -committerdate --format %(refname) %(objectname) %(*objectname) [2ms]
2024-11-24 15:24:25.936 [info] > git status -z -uall [68ms]
2024-11-24 15:24:26.831 [info] > git show --textconv :board_write.php [6ms]
2024-11-24 15:24:26.834 [info] > git ls-files --stage -- /var/www/html/2_team/2_team2/board_write.php [7ms]
2024-11-24 15:24:26.837 [info] > git cat-file -s 0687fadee009738f5bf03747183511f44d3ccd7e [1ms]
2024-11-24 15:24:30.947 [info] > git config --get commit.template [3ms]
2024-11-24 15:24:30.948 [info] > git for-each-ref --format=%(refname)%00%(upstream:short)%00%(objectname)%00%(upstream:track)%00%(upstream:remotename)%00%(upstream:remoteref) refs/heads/jhw refs/remotes/jhw [1ms]
2024-11-24 15:24:30.955 [info] > git for-each-ref --sort -committerdate --format %(refname) %(objectname) %(*objectname) [2ms]
2024-11-24 15:24:31.018 [info] > git status -z -uall [67ms]
2024-11-24 15:24:36.036 [info] > git config --get commit.template [4ms]
2024-11-24 15:24:36.036 [info] > git for-each-ref --format=%(refname)%00%(upstream:short)%00%(objectname)%00%(upstream:track)%00%(upstream:remotename)%00%(upstream:remoteref) refs/heads/jhw refs/remotes/jhw [1ms]
2024-11-24 15:24:36.044 [info] > git for-each-ref --sort -committerdate --format %(refname) %(objectname) %(*objectname) [2ms]
2024-11-24 15:24:36.109 [info] > git status -z -uall [70ms]
2024-11-24 15:24:41.122 [info] > git config --get commit.template [3ms]
2024-11-24 15:24:41.123 [info] > git for-each-ref --format=%(refname)%00%(upstream:short)%00%(objectname)%00%(upstream:track)%00%(upstream:remotename)%00%(upstream:remoteref) refs/heads/jhw refs/remotes/jhw [1ms]
2024-11-24 15:24:41.131 [info] > git for-each-ref --sort -committerdate --format %(refname) %(objectname) %(*objectname) [2ms]
2024-11-24 15:24:41.197 [info] > git status -z -uall [71ms]
2024-11-24 15:26:10.107 [info] > git config --get commit.template [4ms]
2024-11-24 15:26:10.108 [info] > git for-each-ref --format=%(refname)%00%(upstream:short)%00%(objectname)%00%(upstream:track)%00%(upstream:remotename)%00%(upstream:remoteref) refs/heads/jhw refs/remotes/jhw [2ms]
2024-11-24 15:26:10.115 [info] > git for-each-ref --sort -committerdate --format %(refname) %(objectname) %(*objectname) [2ms]
2024-11-24 15:26:10.180 [info] > git status -z -uall [70ms]
2024-11-24 16:34:51.708 [info] > git config --get commit.template [19ms]
2024-11-24 16:34:51.766 [info] > git for-each-ref --format=%(refname)%00%(upstream:short)%00%(objectname)%00%(upstream:track)%00%(upstream:remotename)%00%(upstream:remoteref) refs/heads/jhw refs/remotes/jhw [69ms]
2024-11-24 16:34:51.833 [info] > git for-each-ref --sort -committerdate --format %(refname) %(objectname) %(*objectname) [59ms]
2024-11-24 16:34:52.814 [info] > git status -z -uall [1044ms]
2024-11-24 17:16:33.793 [info] > git config --get commit.template [3ms]
2024-11-24 17:16:33.793 [info] > git for-each-ref --format=%(refname)%00%(upstream:short)%00%(objectname)%00%(upstream:track)%00%(upstream:remotename)%00%(upstream:remoteref) refs/heads/jhw refs/remotes/jhw [2ms]
2024-11-24 17:16:33.801 [info] > git for-each-ref --sort -committerdate --format %(refname) %(objectname) %(*objectname) [3ms]
2024-11-24 17:16:33.909 [info] > git status -z -uall [113ms]
2024-11-24 17:17:01.155 [info] > git config --get commit.template [2ms]
2024-11-24 17:17:01.156 [info] > git for-each-ref --format=%(refname)%00%(upstream:short)%00%(objectname)%00%(upstream:track)%00%(upstream:remotename)%00%(upstream:remoteref) refs/heads/jhw refs/remotes/jhw [1ms]
2024-11-24 17:17:01.163 [info] > git for-each-ref --sort -committerdate --format %(refname) %(objectname) %(*objectname) [2ms]
2024-11-24 17:17:01.225 [info] > git status -z -uall [67ms]
2024-11-24 17:18:56.978 [info] > git config --get commit.template [3ms]
2024-11-24 17:18:56.979 [info] > git for-each-ref --format=%(refname)%00%(upstream:short)%00%(objectname)%00%(upstream:track)%00%(upstream:remotename)%00%(upstream:remoteref) refs/heads/jhw refs/remotes/jhw [2ms]
2024-11-24 17:18:56.986 [info] > git for-each-ref --sort -committerdate --format %(refname) %(objectname) %(*objectname) [2ms]
2024-11-24 17:18:57.050 [info] > git status -z -uall [69ms]
2024-11-24 17:19:02.066 [info] > git config --get commit.template [4ms]
2024-11-24 17:19:02.068 [info] > git for-each-ref --format=%(refname)%00%(upstream:short)%00%(objectname)%00%(upstream:track)%00%(upstream:remotename)%00%(upstream:remoteref) refs/heads/jhw refs/remotes/jhw [1ms]
2024-11-24 17:19:02.074 [info] > git for-each-ref --sort -committerdate --format %(refname) %(objectname) %(*objectname) [2ms]
2024-11-24 17:19:02.138 [info] > git status -z -uall [68ms]
2024-11-24 17:19:07.151 [info] > git config --get commit.template [2ms]
2024-11-24 17:19:07.152 [info] > git for-each-ref --format=%(refname)%00%(upstream:short)%00%(objectname)%00%(upstream:track)%00%(upstream:remotename)%00%(upstream:remoteref) refs/heads/jhw refs/remotes/jhw [1ms]
2024-11-24 17:19:07.160 [info] > git for-each-ref --sort -committerdate --format %(refname) %(objectname) %(*objectname) [2ms]
2024-11-24 17:19:07.222 [info] > git status -z -uall [67ms]
2024-11-24 17:19:12.233 [info] > git config --get commit.template [2ms]
2024-11-24 17:19:12.235 [info] > git for-each-ref --format=%(refname)%00%(upstream:short)%00%(objectname)%00%(upstream:track)%00%(upstream:remotename)%00%(upstream:remoteref) refs/heads/jhw refs/remotes/jhw [1ms]
2024-11-24 17:19:12.241 [info] > git for-each-ref --sort -committerdate --format %(refname) %(objectname) %(*objectname) [2ms]
2024-11-24 17:19:12.305 [info] > git status -z -uall [68ms]
2024-11-24 17:19:17.317 [info] > git config --get commit.template [2ms]
2024-11-24 17:19:17.318 [info] > git for-each-ref --format=%(refname)%00%(upstream:short)%00%(objectname)%00%(upstream:track)%00%(upstream:remotename)%00%(upstream:remoteref) refs/heads/jhw refs/remotes/jhw [1ms]
2024-11-24 17:19:17.325 [info] > git for-each-ref --sort -committerdate --format %(refname) %(objectname) %(*objectname) [2ms]
2024-11-24 17:19:17.389 [info] > git status -z -uall [68ms]
2024-11-24 17:19:22.401 [info] > git config --get commit.template [2ms]
2024-11-24 17:19:22.402 [info] > git for-each-ref --format=%(refname)%00%(upstream:short)%00%(objectname)%00%(upstream:track)%00%(upstream:remotename)%00%(upstream:remoteref) refs/heads/jhw refs/remotes/jhw [1ms]
2024-11-24 17:19:22.410 [info] > git for-each-ref --sort -committerdate --format %(refname) %(objectname) %(*objectname) [2ms]
2024-11-24 17:19:22.473 [info] > git status -z -uall [68ms]
2024-11-24 17:19:27.484 [info] > git config --get commit.template [3ms]
2024-11-24 17:19:27.485 [info] > git for-each-ref --format=%(refname)%00%(upstream:short)%00%(objectname)%00%(upstream:track)%00%(upstream:remotename)%00%(upstream:remoteref) refs/heads/jhw refs/remotes/jhw [2ms]
2024-11-24 17:19:27.492 [info] > git for-each-ref --sort -committerdate --format %(refname) %(objectname) %(*objectname) [2ms]
2024-11-24 17:19:27.555 [info] > git status -z -uall [68ms]
2024-11-24 17:19:32.567 [info] > git config --get commit.template [4ms]
2024-11-24 17:19:32.567 [info] > git for-each-ref --format=%(refname)%00%(upstream:short)%00%(objectname)%00%(upstream:track)%00%(upstream:remotename)%00%(upstream:remoteref) refs/heads/jhw refs/remotes/jhw [1ms]
2024-11-24 17:19:32.574 [info] > git for-each-ref --sort -committerdate --format %(refname) %(objectname) %(*objectname) [2ms]
2024-11-24 17:19:32.638 [info] > git status -z -uall [68ms]
2024-11-24 17:19:37.650 [info] > git config --get commit.template [2ms]
2024-11-24 17:19:37.651 [info] > git for-each-ref --format=%(refname)%00%(upstream:short)%00%(objectname)%00%(upstream:track)%00%(upstream:remotename)%00%(upstream:remoteref) refs/heads/jhw refs/remotes/jhw [1ms]
2024-11-24 17:19:37.658 [info] > git for-each-ref --sort -committerdate --format %(refname) %(objectname) %(*objectname) [2ms]
2024-11-24 17:19:37.722 [info] > git status -z -uall [68ms]
2024-11-24 17:19:42.735 [info] > git config --get commit.template [3ms]
2024-11-24 17:19:42.736 [info] > git for-each-ref --format=%(refname)%00%(upstream:short)%00%(objectname)%00%(upstream:track)%00%(upstream:remotename)%00%(upstream:remoteref) refs/heads/jhw refs/remotes/jhw [2ms]
2024-11-24 17:19:42.743 [info] > git for-each-ref --sort -committerdate --format %(refname) %(objectname) %(*objectname) [2ms]
2024-11-24 17:19:42.814 [info] > git status -z -uall [76ms]
2024-11-24 17:19:47.830 [info] > git config --get commit.template [4ms]
2024-11-24 17:19:47.831 [info] > git for-each-ref --format=%(refname)%00%(upstream:short)%00%(objectname)%00%(upstream:track)%00%(upstream:remotename)%00%(upstream:remoteref) refs/heads/jhw refs/remotes/jhw [2ms]
2024-11-24 17:19:47.838 [info] > git for-each-ref --sort -committerdate --format %(refname) %(objectname) %(*objectname) [2ms]
2024-11-24 17:19:47.905 [info] > git status -z -uall [72ms]
2024-11-24 17:27:36.333 [info] > git config --get commit.template [3ms]
2024-11-24 17:27:36.334 [info] > git for-each-ref --format=%(refname)%00%(upstream:short)%00%(objectname)%00%(upstream:track)%00%(upstream:remotename)%00%(upstream:remoteref) refs/heads/jhw refs/remotes/jhw [2ms]
2024-11-24 17:27:36.341 [info] > git for-each-ref --sort -committerdate --format %(refname) %(objectname) %(*objectname) [2ms]
2024-11-24 17:27:36.406 [info] > git status -z -uall [70ms]
2024-11-24 17:41:59.115 [info] > git check-ignore -v -z --stdin [7ms]
2024-11-24 17:45:39.177 [info] > git config --get commit.template [2ms]
2024-11-24 17:45:39.184 [info] > git for-each-ref --format=%(refname)%00%(upstream:short)%00%(objectname)%00%(upstream:track)%00%(upstream:remotename)%00%(upstream:remoteref) refs/heads/jhw refs/remotes/jhw [3ms]
2024-11-24 17:45:39.259 [info] > git for-each-ref --sort -committerdate --format %(refname) %(objectname) %(*objectname) [68ms]
2024-11-24 17:45:39.562 [info] > git status -z -uall [374ms]
2024-11-24 17:45:44.572 [info] > git config --get commit.template [3ms]
2024-11-24 17:45:44.573 [info] > git for-each-ref --format=%(refname)%00%(upstream:short)%00%(objectname)%00%(upstream:track)%00%(upstream:remotename)%00%(upstream:remoteref) refs/heads/jhw refs/remotes/jhw [1ms]
2024-11-24 17:45:44.581 [info] > git for-each-ref --sort -committerdate --format %(refname) %(objectname) %(*objectname) [3ms]
2024-11-24 17:45:44.646 [info] > git status -z -uall [70ms]
2024-11-24 17:45:45.104 [info] > git check-ignore -v -z --stdin [6ms]
2024-11-24 17:45:45.887 [info] > git ls-files --stage -- /var/www/html/2_team/2_team2/mypage.php [24ms]
2024-11-24 17:45:45.927 [info] > git cat-file -s 9104ce1c9742f347dceb33d62fb4f4bf68ab9da3 [32ms]
2024-11-24 17:45:45.928 [info] > git show --textconv :mypage.php [68ms]
2024-11-24 17:51:09.117 [info] > git check-ignore -v -z --stdin [8ms]
2024-11-24 18:13:07.735 [info] > git check-ignore -v -z --stdin [8ms]
2024-11-24 18:14:27.823 [info] > git config --get commit.template [2ms]
2024-11-24 18:14:27.825 [info] > git for-each-ref --format=%(refname)%00%(upstream:short)%00%(objectname)%00%(upstream:track)%00%(upstream:remotename)%00%(upstream:remoteref) refs/heads/jhw refs/remotes/jhw [1ms]
2024-11-24 18:14:27.832 [info] > git for-each-ref --sort -committerdate --format %(refname) %(objectname) %(*objectname) [2ms]
2024-11-24 18:14:27.899 [info] > git status -z -uall [72ms]
2024-11-24 18:24:17.205 [info] > git config --get commit.template [3ms]
2024-11-24 18:24:17.206 [info] > git for-each-ref --format=%(refname)%00%(upstream:short)%00%(objectname)%00%(upstream:track)%00%(upstream:remotename)%00%(upstream:remoteref) refs/heads/jhw refs/remotes/jhw [1ms]
2024-11-24 18:24:17.213 [info] > git for-each-ref --sort -committerdate --format %(refname) %(objectname) %(*objectname) [2ms]
2024-11-24 18:24:17.278 [info] > git status -z -uall [69ms]
2024-11-24 18:24:24.637 [info] > git config --get commit.template [5ms]
2024-11-24 18:24:24.638 [info] > git for-each-ref --format=%(refname)%00%(upstream:short)%00%(objectname)%00%(upstream:track)%00%(upstream:remotename)%00%(upstream:remoteref) refs/heads/jhw refs/remotes/jhw [1ms]
2024-11-24 18:24:24.645 [info] > git for-each-ref --sort -committerdate --format %(refname) %(objectname) %(*objectname) [2ms]
2024-11-24 18:24:24.713 [info] > git status -z -uall [72ms]
2024-11-24 18:24:31.873 [info] > git config --get commit.template [2ms]
2024-11-24 18:24:31.874 [info] > git for-each-ref --format=%(refname)%00%(upstream:short)%00%(objectname)%00%(upstream:track)%00%(upstream:remotename)%00%(upstream:remoteref) refs/heads/jhw refs/remotes/jhw [2ms]
2024-11-24 18:24:31.881 [info] > git for-each-ref --sort -committerdate --format %(refname) %(objectname) %(*objectname) [2ms]
2024-11-24 18:24:31.947 [info] > git status -z -uall [71ms]
2024-11-24 18:24:44.581 [info] > git config --get commit.template [3ms]
2024-11-24 18:24:44.582 [info] > git for-each-ref --format=%(refname)%00%(upstream:short)%00%(objectname)%00%(upstream:track)%00%(upstream:remotename)%00%(upstream:remoteref) refs/heads/jhw refs/remotes/jhw [2ms]
2024-11-24 18:24:44.590 [info] > git for-each-ref --sort -committerdate --format %(refname) %(objectname) %(*objectname) [2ms]
2024-11-24 18:24:44.655 [info] > git status -z -uall [70ms]
2024-11-24 18:24:47.485 [info] > git check-ignore -v -z --stdin [10ms]
2024-11-24 18:24:48.832 [info] > git check-ignore -v -z --stdin [12ms]
2024-11-24 18:24:49.672 [info] > git config --get commit.template [4ms]
2024-11-24 18:24:49.674 [info] > git for-each-ref --format=%(refname)%00%(upstream:short)%00%(objectname)%00%(upstream:track)%00%(upstream:remotename)%00%(upstream:remoteref) refs/heads/jhw refs/remotes/jhw [2ms]
2024-11-24 18:24:49.681 [info] > git for-each-ref --sort -committerdate --format %(refname) %(objectname) %(*objectname) [2ms]
2024-11-24 18:24:49.746 [info] > git status -z -uall [69ms]
2024-11-24 18:24:50.841 [info] > git check-ignore -v -z --stdin [8ms]
2024-11-24 18:26:25.623 [info] > git config --get commit.template [3ms]
2024-11-24 18:26:25.624 [info] > git for-each-ref --format=%(refname)%00%(upstream:short)%00%(objectname)%00%(upstream:track)%00%(upstream:remotename)%00%(upstream:remoteref) refs/heads/jhw refs/remotes/jhw [1ms]
2024-11-24 18:26:25.632 [info] > git for-each-ref --sort -committerdate --format %(refname) %(objectname) %(*objectname) [2ms]
2024-11-24 18:26:25.698 [info] > git status -z -uall [71ms]
2024-11-24 18:26:34.838 [info] > git config --get commit.template [3ms]
2024-11-24 18:26:34.839 [info] > git for-each-ref --format=%(refname)%00%(upstream:short)%00%(objectname)%00%(upstream:track)%00%(upstream:remotename)%00%(upstream:remoteref) refs/heads/jhw refs/remotes/jhw [1ms]
2024-11-24 18:26:34.846 [info] > git for-each-ref --sort -committerdate --format %(refname) %(objectname) %(*objectname) [2ms]
2024-11-24 18:26:34.912 [info] > git status -z -uall [70ms]
2024-11-24 18:26:35.636 [info] > git check-ignore -v -z --stdin [6ms]
2024-11-24 18:26:39.757 [info] > git check-ignore -v -z --stdin [7ms]
2024-11-24 18:26:43.972 [info] > git check-ignore -v -z --stdin [8ms]
2024-11-24 18:26:46.633 [info] > git check-ignore -v -z --stdin [7ms]
2024-11-24 18:26:49.223 [info] > git check-ignore -v -z --stdin [7ms]
2024-11-24 18:26:53.389 [info] > git check-ignore -v -z --stdin [8ms]
2024-11-24 18:26:56.987 [info] > git check-ignore -v -z --stdin [7ms]
2024-11-24 18:28:18.309 [info] > git config --get commit.template [3ms]
2024-11-24 18:28:18.310 [info] > git for-each-ref --format=%(refname)%00%(upstream:short)%00%(objectname)%00%(upstream:track)%00%(upstream:remotename)%00%(upstream:remoteref) refs/heads/jhw refs/remotes/jhw [1ms]
2024-11-24 18:28:18.318 [info] > git for-each-ref --sort -committerdate --format %(refname) %(objectname) %(*objectname) [3ms]
2024-11-24 18:28:18.383 [info] > git status -z -uall [70ms]
2024-11-24 18:28:21.952 [info] > git show --textconv :FIFAgamepage.php [7ms]
2024-11-24 18:28:21.961 [info] > git ls-files --stage -- /var/www/html/2_team/2_team2/FIFAgamepage.php [13ms]
2024-11-24 18:28:21.967 [info] > git cat-file -s 8b310c7dd978f43b4dcd7b81204a0aee5449b13c [2ms]
2024-11-24 18:28:23.397 [info] > git config --get commit.template [3ms]
2024-11-24 18:28:23.398 [info] > git for-each-ref --format=%(refname)%00%(upstream:short)%00%(objectname)%00%(upstream:track)%00%(upstream:remotename)%00%(upstream:remoteref) refs/heads/jhw refs/remotes/jhw [2ms]
2024-11-24 18:28:23.405 [info] > git for-each-ref --sort -committerdate --format %(refname) %(objectname) %(*objectname) [2ms]
2024-11-24 18:28:23.471 [info] > git status -z -uall [71ms]
2024-11-24 18:28:24.919 [info] > git show --textconv :mainpage.php [21ms]
2024-11-24 18:28:24.929 [info] > git ls-files --stage -- /var/www/html/2_team/2_team2/mainpage.php [24ms]
2024-11-24 18:28:24.940 [info] > git cat-file -s f1abdb53bf8e8b836dc9f833b77e1f004b9f6d07 [4ms]
2024-11-24 18:28:48.171 [info] > git show --textconv :FIFAgamepage.php [10ms]
2024-11-24 18:28:48.176 [info] > git ls-files --stage -- /var/www/html/2_team/2_team2/FIFAgamepage.php [11ms]
2024-11-24 18:28:48.182 [info] > git cat-file -s 8b310c7dd978f43b4dcd7b81204a0aee5449b13c [2ms]
2024-11-24 18:28:53.383 [info] > git ls-files --stage -- /var/www/html/2_team/2_team2/LOLgamepage.php [6ms]
2024-11-24 18:28:53.389 [info] > git cat-file -s 942297ea0cbad95c98c76104afbd216d02243b65 [3ms]
2024-11-24 18:28:53.389 [info] > git show --textconv :LOLgamepage.php [16ms]
2024-11-24 18:29:07.319 [info] > git show --textconv :FIFAgamepage.php [20ms]
2024-11-24 18:29:07.326 [info] > git ls-files --stage -- /var/www/html/2_team/2_team2/FIFAgamepage.php [18ms]
2024-11-24 18:29:07.332 [info] > git cat-file -s 8b310c7dd978f43b4dcd7b81204a0aee5449b13c [2ms]
2024-11-24 18:29:46.375 [info] > git show --textconv :LOLgamepage.php [8ms]
2024-11-24 18:29:46.378 [info] > git ls-files --stage -- /var/www/html/2_team/2_team2/LOLgamepage.php [7ms]
2024-11-24 18:29:46.381 [info] > git cat-file -s 942297ea0cbad95c98c76104afbd216d02243b65 [1ms]
2024-11-24 18:29:46.783 [info] > git check-ignore -v -z --stdin [23ms]
2024-11-24 18:29:52.811 [info] > git config --get commit.template [3ms]
2024-11-24 18:29:52.812 [info] > git for-each-ref --format=%(refname)%00%(upstream:short)%00%(objectname)%00%(upstream:track)%00%(upstream:remotename)%00%(upstream:remoteref) refs/heads/jhw refs/remotes/jhw [2ms]
2024-11-24 18:29:52.821 [info] > git for-each-ref --sort -committerdate --format %(refname) %(objectname) %(*objectname) [3ms]
2024-11-24 18:29:52.896 [info] > git status -z -uall [80ms]
2024-11-24 18:29:58.104 [info] > git show --textconv :FIFAgamepage.php [8ms]
2024-11-24 18:29:58.106 [info] > git ls-files --stage -- /var/www/html/2_team/2_team2/FIFAgamepage.php [6ms]
2024-11-24 18:29:58.110 [info] > git cat-file -s 8b310c7dd978f43b4dcd7b81204a0aee5449b13c [2ms]
2024-11-24 18:32:03.697 [info] > git show --textconv :LOLgamepage.php [8ms]
2024-11-24 18:32:03.699 [info] > git ls-files --stage -- /var/www/html/2_team/2_team2/LOLgamepage.php [6ms]
2024-11-24 18:32:03.703 [info] > git cat-file -s 942297ea0cbad95c98c76104afbd216d02243b65 [1ms]
2024-11-24 18:32:10.796 [info] > git show --textconv :FIFAgamepage.php [8ms]
2024-11-24 18:32:10.798 [info] > git ls-files --stage -- /var/www/html/2_team/2_team2/FIFAgamepage.php [6ms]
2024-11-24 18:32:10.802 [info] > git cat-file -s 8b310c7dd978f43b4dcd7b81204a0aee5449b13c [2ms]
2024-11-24 18:33:25.509 [info] > git config --get commit.template [3ms]
2024-11-24 18:33:25.510 [info] > git for-each-ref --format=%(refname)%00%(upstream:short)%00%(objectname)%00%(upstream:track)%00%(upstream:remotename)%00%(upstream:remoteref) refs/heads/jhw refs/remotes/jhw [1ms]
2024-11-24 18:33:25.518 [info] > git for-each-ref --sort -committerdate --format %(refname) %(objectname) %(*objectname) [2ms]
2024-11-24 18:33:25.585 [info] > git status -z -uall [72ms]
2024-11-24 18:33:30.595 [info] > git config --get commit.template [3ms]
2024-11-24 18:33:30.596 [info] > git for-each-ref --format=%(refname)%00%(upstream:short)%00%(objectname)%00%(upstream:track)%00%(upstream:remotename)%00%(upstream:remoteref) refs/heads/jhw refs/remotes/jhw [1ms]
2024-11-24 18:33:30.603 [info] > git for-each-ref --sort -committerdate --format %(refname) %(objectname) %(*objectname) [2ms]
2024-11-24 18:33:30.670 [info] > git status -z -uall [71ms]
2024-11-24 18:36:59.456 [info] > git config --get commit.template [5ms]
2024-11-24 18:36:59.457 [info] > git for-each-ref --format=%(refname)%00%(upstream:short)%00%(objectname)%00%(upstream:track)%00%(upstream:remotename)%00%(upstream:remoteref) refs/heads/jhw refs/remotes/jhw [2ms]
2024-11-24 18:36:59.464 [info] > git for-each-ref --sort -committerdate --format %(refname) %(objectname) %(*objectname) [2ms]
2024-11-24 18:36:59.529 [info] > git status -z -uall [70ms]
2024-11-24 18:37:22.552 [info] > git config --get commit.template [3ms]
2024-11-24 18:37:22.553 [info] > git for-each-ref --format=%(refname)%00%(upstream:short)%00%(objectname)%00%(upstream:track)%00%(upstream:remotename)%00%(upstream:remoteref) refs/heads/jhw refs/remotes/jhw [1ms]
2024-11-24 18:37:22.561 [info] > git for-each-ref --sort -committerdate --format %(refname) %(objectname) %(*objectname) [3ms]
2024-11-24 18:37:22.626 [info] > git status -z -uall [70ms]
2024-11-24 18:37:26.160 [info] > git show --textconv :board_write.php [8ms]
2024-11-24 18:37:26.162 [info] > git ls-files --stage -- /var/www/html/2_team/2_team2/board_write.php [6ms]
2024-11-24 18:37:26.166 [info] > git cat-file -s 0687fadee009738f5bf03747183511f44d3ccd7e [1ms]
2024-11-24 18:37:27.639 [info] > git config --get commit.template [3ms]
2024-11-24 18:37:27.640 [info] > git for-each-ref --format=%(refname)%00%(upstream:short)%00%(objectname)%00%(upstream:track)%00%(upstream:remotename)%00%(upstream:remoteref) refs/heads/jhw refs/remotes/jhw [1ms]
2024-11-24 18:37:27.648 [info] > git for-each-ref --sort -committerdate --format %(refname) %(objectname) %(*objectname) [2ms]
2024-11-24 18:37:27.713 [info] > git status -z -uall [71ms]
2024-11-24 18:40:12.931 [info] > git config --get commit.template [3ms]
2024-11-24 18:40:12.932 [info] > git for-each-ref --format=%(refname)%00%(upstream:short)%00%(objectname)%00%(upstream:track)%00%(upstream:remotename)%00%(upstream:remoteref) refs/heads/jhw refs/remotes/jhw [1ms]
2024-11-24 18:40:12.940 [info] > git for-each-ref --sort -committerdate --format %(refname) %(objectname) %(*objectname) [2ms]
2024-11-24 18:40:13.007 [info] > git status -z -uall [72ms]
2024-11-24 18:40:18.896 [info] > git config --get commit.template [2ms]
2024-11-24 18:40:18.897 [info] > git for-each-ref --format=%(refname)%00%(upstream:short)%00%(objectname)%00%(upstream:track)%00%(upstream:remotename)%00%(upstream:remoteref) refs/heads/jhw refs/remotes/jhw [2ms]
2024-11-24 18:40:18.904 [info] > git for-each-ref --sort -committerdate --format %(refname) %(objectname) %(*objectname) [2ms]
2024-11-24 18:40:18.970 [info] > git status -z -uall [71ms]
2024-11-24 18:40:23.982 [info] > git config --get commit.template [3ms]
2024-11-24 18:40:23.983 [info] > git for-each-ref --format=%(refname)%00%(upstream:short)%00%(objectname)%00%(upstream:track)%00%(upstream:remotename)%00%(upstream:remoteref) refs/heads/jhw refs/remotes/jhw [1ms]
2024-11-24 18:40:23.990 [info] > git for-each-ref --sort -committerdate --format %(refname) %(objectname) %(*objectname) [2ms]
2024-11-24 18:40:24.055 [info] > git status -z -uall [69ms]
2024-11-24 18:40:29.076 [info] > git config --get commit.template [10ms]
2024-11-24 18:40:29.079 [info] > git for-each-ref --format=%(refname)%00%(upstream:short)%00%(objectname)%00%(upstream:track)%00%(upstream:remotename)%00%(upstream:remoteref) refs/heads/jhw refs/remotes/jhw [5ms]
2024-11-24 18:40:29.101 [info] > git for-each-ref --sort -committerdate --format %(refname) %(objectname) %(*objectname) [4ms]
2024-11-24 18:40:29.173 [info] > git status -z -uall [84ms]
2024-11-24 18:40:34.256 [info] > git config --get commit.template [3ms]
2024-11-24 18:40:34.257 [info] > git for-each-ref --format=%(refname)%00%(upstream:short)%00%(objectname)%00%(upstream:track)%00%(upstream:remotename)%00%(upstream:remoteref) refs/heads/jhw refs/remotes/jhw [1ms]
2024-11-24 18:40:34.265 [info] > git for-each-ref --sort -committerdate --format %(refname) %(objectname) %(*objectname) [3ms]
2024-11-24 18:40:34.329 [info] > git status -z -uall [69ms]
2024-11-24 18:41:08.507 [info] > git config --get commit.template [3ms]
2024-11-24 18:41:08.508 [info] > git for-each-ref --format=%(refname)%00%(upstream:short)%00%(objectname)%00%(upstream:track)%00%(upstream:remotename)%00%(upstream:remoteref) refs/heads/jhw refs/remotes/jhw [2ms]
2024-11-24 18:41:08.516 [info] > git for-each-ref --sort -committerdate --format %(refname) %(objectname) %(*objectname) [2ms]
2024-11-24 18:41:08.583 [info] > git status -z -uall [72ms]
2024-11-24 18:41:25.241 [info] > git config --get commit.template [5ms]
2024-11-24 18:41:25.242 [info] > git for-each-ref --format=%(refname)%00%(upstream:short)%00%(objectname)%00%(upstream:track)%00%(upstream:remotename)%00%(upstream:remoteref) refs/heads/jhw refs/remotes/jhw [1ms]
2024-11-24 18:41:25.249 [info] > git for-each-ref --sort -committerdate --format %(refname) %(objectname) %(*objectname) [2ms]
2024-11-24 18:41:25.315 [info] > git status -z -uall [70ms]
2024-11-24 18:41:34.425 [info] > git config --get commit.template [4ms]
2024-11-24 18:41:34.425 [info] > git for-each-ref --format=%(refname)%00%(upstream:short)%00%(objectname)%00%(upstream:track)%00%(upstream:remotename)%00%(upstream:remoteref) refs/heads/jhw refs/remotes/jhw [1ms]
2024-11-24 18:41:34.433 [info] > git for-each-ref --sort -committerdate --format %(refname) %(objectname) %(*objectname) [2ms]
2024-11-24 18:41:34.498 [info] > git status -z -uall [70ms]
2024-11-24 18:41:39.512 [info] > git config --get commit.template [3ms]
2024-11-24 18:41:39.513 [info] > git for-each-ref --format=%(refname)%00%(upstream:short)%00%(objectname)%00%(upstream:track)%00%(upstream:remotename)%00%(upstream:remoteref) refs/heads/jhw refs/remotes/jhw [2ms]
2024-11-24 18:41:39.521 [info] > git for-each-ref --sort -committerdate --format %(refname) %(objectname) %(*objectname) [2ms]
2024-11-24 18:41:39.586 [info] > git status -z -uall [70ms]
2024-11-24 18:42:23.189 [info] > git config --get commit.template [10ms]
2024-11-24 18:42:23.192 [info] > git for-each-ref --format=%(refname)%00%(upstream:short)%00%(objectname)%00%(upstream:track)%00%(upstream:remotename)%00%(upstream:remoteref) refs/heads/jhw refs/remotes/jhw [5ms]
2024-11-24 18:42:23.212 [info] > git for-each-ref --sort -committerdate --format %(refname) %(objectname) %(*objectname) [4ms]
2024-11-24 18:42:23.280 [info] > git status -z -uall [79ms]
2024-11-24 18:42:39.331 [info] > git config --get commit.template [3ms]
2024-11-24 18:42:39.332 [info] > git for-each-ref --format=%(refname)%00%(upstream:short)%00%(objectname)%00%(upstream:track)%00%(upstream:remotename)%00%(upstream:remoteref) refs/heads/jhw refs/remotes/jhw [2ms]
2024-11-24 18:42:39.339 [info] > git for-each-ref --sort -committerdate --format %(refname) %(objectname) %(*objectname) [2ms]
2024-11-24 18:42:39.405 [info] > git status -z -uall [71ms]
2024-11-24 18:43:01.979 [info] > git config --get commit.template [3ms]
2024-11-24 18:43:01.980 [info] > git for-each-ref --format=%(refname)%00%(upstream:short)%00%(objectname)%00%(upstream:track)%00%(upstream:remotename)%00%(upstream:remoteref) refs/heads/jhw refs/remotes/jhw [1ms]
2024-11-24 18:43:01.988 [info] > git for-each-ref --sort -committerdate --format %(refname) %(objectname) %(*objectname) [2ms]
2024-11-24 18:43:02.054 [info] > git status -z -uall [71ms]
2024-11-24 18:45:06.411 [info] > git config --get commit.template [3ms]
2024-11-24 18:45:06.412 [info] > git for-each-ref --format=%(refname)%00%(upstream:short)%00%(objectname)%00%(upstream:track)%00%(upstream:remotename)%00%(upstream:remoteref) refs/heads/jhw refs/remotes/jhw [2ms]
2024-11-24 18:45:06.419 [info] > git for-each-ref --sort -committerdate --format %(refname) %(objectname) %(*objectname) [2ms]
2024-11-24 18:45:06.482 [info] > git status -z -uall [68ms]
2024-11-24 18:45:11.498 [info] > git config --get commit.template [4ms]
2024-11-24 18:45:11.499 [info] > git for-each-ref --format=%(refname)%00%(upstream:short)%00%(objectname)%00%(upstream:track)%00%(upstream:remotename)%00%(upstream:remoteref) refs/heads/jhw refs/remotes/jhw [2ms]
2024-11-24 18:45:11.506 [info] > git for-each-ref --sort -committerdate --format %(refname) %(objectname) %(*objectname) [2ms]
2024-11-24 18:45:11.572 [info] > git status -z -uall [71ms]
2024-11-24 18:45:17.417 [info] > git config --get commit.template [4ms]
2024-11-24 18:45:17.418 [info] > git for-each-ref --format=%(refname)%00%(upstream:short)%00%(objectname)%00%(upstream:track)%00%(upstream:remotename)%00%(upstream:remoteref) refs/heads/jhw refs/remotes/jhw [1ms]
2024-11-24 18:45:17.425 [info] > git for-each-ref --sort -committerdate --format %(refname) %(objectname) %(*objectname) [2ms]
2024-11-24 18:45:17.490 [info] > git status -z -uall [69ms]
2024-11-24 18:46:45.491 [info] > git config --get commit.template [8ms]
2024-11-24 18:46:45.492 [info] > git for-each-ref --format=%(refname)%00%(upstream:short)%00%(objectname)%00%(upstream:track)%00%(upstream:remotename)%00%(upstream:remoteref) refs/heads/jhw refs/remotes/jhw [3ms]
2024-11-24 18:46:45.499 [info] > git for-each-ref --sort -committerdate --format %(refname) %(objectname) %(*objectname) [2ms]
2024-11-24 18:46:45.565 [info] > git status -z -uall [70ms]
2024-11-24 18:46:55.284 [info] > git config --get commit.template [2ms]
2024-11-24 18:46:55.285 [info] > git for-each-ref --format=%(refname)%00%(upstream:short)%00%(objectname)%00%(upstream:track)%00%(upstream:remotename)%00%(upstream:remoteref) refs/heads/jhw refs/remotes/jhw [2ms]
2024-11-24 18:46:55.292 [info] > git for-each-ref --sort -committerdate --format %(refname) %(objectname) %(*objectname) [2ms]
2024-11-24 18:46:55.358 [info] > git status -z -uall [71ms]
2024-11-24 18:48:14.505 [info] > git config --get commit.template [3ms]
2024-11-24 18:48:14.506 [info] > git for-each-ref --format=%(refname)%00%(upstream:short)%00%(objectname)%00%(upstream:track)%00%(upstream:remotename)%00%(upstream:remoteref) refs/heads/jhw refs/remotes/jhw [1ms]
2024-11-24 18:48:14.513 [info] > git for-each-ref --sort -committerdate --format %(refname) %(objectname) %(*objectname) [2ms]
2024-11-24 18:48:14.582 [info] > git status -z -uall [73ms]
2024-11-24 18:48:21.340 [info] > git config --get commit.template [3ms]
2024-11-24 18:48:21.341 [info] > git for-each-ref --format=%(refname)%00%(upstream:short)%00%(objectname)%00%(upstream:track)%00%(upstream:remotename)%00%(upstream:remoteref) refs/heads/jhw refs/remotes/jhw [2ms]
2024-11-24 18:48:21.348 [info] > git for-each-ref --sort -committerdate --format %(refname) %(objectname) %(*objectname) [2ms]
2024-11-24 18:48:21.412 [info] > git status -z -uall [69ms]
2024-11-24 18:48:30.575 [info] > git config --get commit.template [8ms]
2024-11-24 18:48:30.579 [info] > git for-each-ref --format=%(refname)%00%(upstream:short)%00%(objectname)%00%(upstream:track)%00%(upstream:remotename)%00%(upstream:remoteref) refs/heads/jhw refs/remotes/jhw [5ms]
2024-11-24 18:48:30.601 [info] > git for-each-ref --sort -committerdate --format %(refname) %(objectname) %(*objectname) [7ms]
2024-11-24 18:48:30.687 [info] > git status -z -uall [100ms]
2024-11-24 18:49:30.150 [info] > git config --get commit.template [6ms]
2024-11-24 18:49:30.151 [info] > git for-each-ref --format=%(refname)%00%(upstream:short)%00%(objectname)%00%(upstream:track)%00%(upstream:remotename)%00%(upstream:remoteref) refs/heads/jhw refs/remotes/jhw [1ms]
2024-11-24 18:49:30.158 [info] > git for-each-ref --sort -committerdate --format %(refname) %(objectname) %(*objectname) [2ms]
2024-11-24 18:49:30.222 [info] > git status -z -uall [68ms]
2024-11-24 18:49:35.236 [info] > git config --get commit.template [3ms]
2024-11-24 18:49:35.237 [info] > git for-each-ref --format=%(refname)%00%(upstream:short)%00%(objectname)%00%(upstream:track)%00%(upstream:remotename)%00%(upstream:remoteref) refs/heads/jhw refs/remotes/jhw [2ms]
2024-11-24 18:49:35.245 [info] > git for-each-ref --sort -committerdate --format %(refname) %(objectname) %(*objectname) [2ms]
2024-11-24 18:49:35.308 [info] > git status -z -uall [68ms]
2024-11-24 18:49:43.633 [info] > git config --get commit.template [3ms]
2024-11-24 18:49:43.634 [info] > git for-each-ref --format=%(refname)%00%(upstream:short)%00%(objectname)%00%(upstream:track)%00%(upstream:remotename)%00%(upstream:remoteref) refs/heads/jhw refs/remotes/jhw [1ms]
2024-11-24 18:49:43.642 [info] > git for-each-ref --sort -committerdate --format %(refname) %(objectname) %(*objectname) [3ms]
2024-11-24 18:49:43.705 [info] > git status -z -uall [68ms]
2024-11-24 18:53:28.369 [info] > git config --get commit.template [3ms]
2024-11-24 18:53:28.370 [info] > git for-each-ref --format=%(refname)%00%(upstream:short)%00%(objectname)%00%(upstream:track)%00%(upstream:remotename)%00%(upstream:remoteref) refs/heads/jhw refs/remotes/jhw [1ms]
2024-11-24 18:53:28.378 [info] > git for-each-ref --sort -committerdate --format %(refname) %(objectname) %(*objectname) [2ms]
2024-11-24 18:53:28.445 [info] > git status -z -uall [72ms]
2024-11-24 18:53:45.631 [info] > git config --get commit.template [5ms]
2024-11-24 18:53:45.632 [info] > git for-each-ref --format=%(refname)%00%(upstream:short)%00%(objectname)%00%(upstream:track)%00%(upstream:remotename)%00%(upstream:remoteref) refs/heads/jhw refs/remotes/jhw [1ms]
2024-11-24 18:53:45.638 [info] > git for-each-ref --sort -committerdate --format %(refname) %(objectname) %(*objectname) [2ms]
2024-11-24 18:53:45.704 [info] > git status -z -uall [70ms]
2024-11-24 18:53:54.165 [info] > git config --get commit.template [4ms]
2024-11-24 18:53:54.166 [info] > git for-each-ref --format=%(refname)%00%(upstream:short)%00%(objectname)%00%(upstream:track)%00%(upstream:remotename)%00%(upstream:remoteref) refs/heads/jhw refs/remotes/jhw [2ms]
2024-11-24 18:53:54.173 [info] > git for-each-ref --sort -committerdate --format %(refname) %(objectname) %(*objectname) [2ms]
2024-11-24 18:53:54.237 [info] > git status -z -uall [68ms]
2024-11-24 18:53:56.650 [info] > git show --textconv :mypage.php [8ms]
2024-11-24 18:53:56.652 [info] > git ls-files --stage -- /var/www/html/2_team/2_team2/mypage.php [6ms]
2024-11-24 18:53:56.656 [info] > git cat-file -s 9104ce1c9742f347dceb33d62fb4f4bf68ab9da3 [1ms]
2024-11-24 18:53:59.250 [info] > git config --get commit.template [3ms]
2024-11-24 18:53:59.251 [info] > git for-each-ref --format=%(refname)%00%(upstream:short)%00%(objectname)%00%(upstream:track)%00%(upstream:remotename)%00%(upstream:remoteref) refs/heads/jhw refs/remotes/jhw [2ms]
2024-11-24 18:53:59.258 [info] > git for-each-ref --sort -committerdate --format %(refname) %(objectname) %(*objectname) [2ms]
2024-11-24 18:53:59.321 [info] > git status -z -uall [68ms]
2024-11-24 18:54:04.338 [info] > git config --get commit.template [4ms]
2024-11-24 18:54:04.339 [info] > git for-each-ref --format=%(refname)%00%(upstream:short)%00%(objectname)%00%(upstream:track)%00%(upstream:remotename)%00%(upstream:remoteref) refs/heads/jhw refs/remotes/jhw [2ms]
2024-11-24 18:54:04.346 [info] > git for-each-ref --sort -committerdate --format %(refname) %(objectname) %(*objectname) [2ms]
2024-11-24 18:54:04.410 [info] > git status -z -uall [69ms]
2024-11-24 18:54:09.424 [info] > git config --get commit.template [2ms]
2024-11-24 18:54:09.425 [info] > git for-each-ref --format=%(refname)%00%(upstream:short)%00%(objectname)%00%(upstream:track)%00%(upstream:remotename)%00%(upstream:remoteref) refs/heads/jhw refs/remotes/jhw [2ms]
2024-11-24 18:54:09.432 [info] > git for-each-ref --sort -committerdate --format %(refname) %(objectname) %(*objectname) [3ms]
2024-11-24 18:54:09.495 [info] > git status -z -uall [68ms]
2024-11-24 18:54:55.878 [info] > git check-ignore -v -z --stdin [7ms]
2024-11-24 18:56:33.485 [info] > git config --get commit.template [9ms]
2024-11-24 18:56:33.486 [info] > git for-each-ref --format=%(refname)%00%(upstream:short)%00%(objectname)%00%(upstream:track)%00%(upstream:remotename)%00%(upstream:remoteref) refs/heads/jhw refs/remotes/jhw [3ms]
2024-11-24 18:56:33.494 [info] > git for-each-ref --sort -committerdate --format %(refname) %(objectname) %(*objectname) [2ms]
2024-11-24 18:56:33.558 [info] > git status -z -uall [69ms]
2024-11-24 18:56:41.983 [info] > git config --get commit.template [4ms]
2024-11-24 18:56:41.984 [info] > git for-each-ref --format=%(refname)%00%(upstream:short)%00%(objectname)%00%(upstream:track)%00%(upstream:remotename)%00%(upstream:remoteref) refs/heads/jhw refs/remotes/jhw [2ms]
2024-11-24 18:56:41.991 [info] > git for-each-ref --sort -committerdate --format %(refname) %(objectname) %(*objectname) [2ms]
2024-11-24 18:56:42.056 [info] > git status -z -uall [70ms]
2024-11-24 18:57:28.046 [info] > git config --get commit.template [4ms]
2024-11-24 18:57:28.047 [info] > git for-each-ref --format=%(refname)%00%(upstream:short)%00%(objectname)%00%(upstream:track)%00%(upstream:remotename)%00%(upstream:remoteref) refs/heads/jhw refs/remotes/jhw [2ms]
2024-11-24 18:57:28.055 [info] > git for-each-ref --sort -committerdate --format %(refname) %(objectname) %(*objectname) [2ms]
2024-11-24 18:57:28.119 [info] > git status -z -uall [69ms]
2024-11-24 18:57:38.058 [info] > git config --get commit.template [5ms]
2024-11-24 18:57:38.059 [info] > git for-each-ref --format=%(refname)%00%(upstream:short)%00%(objectname)%00%(upstream:track)%00%(upstream:remotename)%00%(upstream:remoteref) refs/heads/jhw refs/remotes/jhw [2ms]
2024-11-24 18:57:38.065 [info] > git for-each-ref --sort -committerdate --format %(refname) %(objectname) %(*objectname) [2ms]
2024-11-24 18:57:38.129 [info] > git status -z -uall [68ms]
2024-11-24 18:58:00.073 [info] > git config --get commit.template [3ms]
2024-11-24 18:58:00.074 [info] > git for-each-ref --format=%(refname)%00%(upstream:short)%00%(objectname)%00%(upstream:track)%00%(upstream:remotename)%00%(upstream:remoteref) refs/heads/jhw refs/remotes/jhw [1ms]
2024-11-24 18:58:00.081 [info] > git for-each-ref --sort -committerdate --format %(refname) %(objectname) %(*objectname) [2ms]
2024-11-24 18:58:00.146 [info] > git status -z -uall [69ms]
2024-11-24 18:58:40.187 [info] > git config --get commit.template [2ms]
2024-11-24 18:58:40.188 [info] > git for-each-ref --format=%(refname)%00%(upstream:short)%00%(objectname)%00%(upstream:track)%00%(upstream:remotename)%00%(upstream:remoteref) refs/heads/jhw refs/remotes/jhw [2ms]
2024-11-24 18:58:40.195 [info] > git for-each-ref --sort -committerdate --format %(refname) %(objectname) %(*objectname) [2ms]
2024-11-24 18:58:40.259 [info] > git status -z -uall [69ms]
2024-11-24 18:59:16.154 [info] > git check-ignore -v -z --stdin [7ms]
2024-11-24 19:01:52.056 [info] > git config --get commit.template [3ms]
2024-11-24 19:01:52.057 [info] > git for-each-ref --format=%(refname)%00%(upstream:short)%00%(objectname)%00%(upstream:track)%00%(upstream:remotename)%00%(upstream:remoteref) refs/heads/jhw refs/remotes/jhw [2ms]
2024-11-24 19:01:52.064 [info] > git for-each-ref --sort -committerdate --format %(refname) %(objectname) %(*objectname) [2ms]
2024-11-24 19:01:52.129 [info] > git status -z -uall [70ms]
2024-11-24 19:01:57.146 [info] > git config --get commit.template [4ms]
2024-11-24 19:01:57.147 [info] > git for-each-ref --format=%(refname)%00%(upstream:short)%00%(objectname)%00%(upstream:track)%00%(upstream:remotename)%00%(upstream:remoteref) refs/heads/jhw refs/remotes/jhw [1ms]
2024-11-24 19:01:57.154 [info] > git for-each-ref --sort -committerdate --format %(refname) %(objectname) %(*objectname) [2ms]
2024-11-24 19:01:57.218 [info] > git status -z -uall [68ms]
2024-11-24 19:02:02.231 [info] > git config --get commit.template [3ms]
2024-11-24 19:02:02.232 [info] > git for-each-ref --format=%(refname)%00%(upstream:short)%00%(objectname)%00%(upstream:track)%00%(upstream:remotename)%00%(upstream:remoteref) refs/heads/jhw refs/remotes/jhw [1ms]
2024-11-24 19:02:02.240 [info] > git for-each-ref --sort -committerdate --format %(refname) %(objectname) %(*objectname) [2ms]
2024-11-24 19:02:02.309 [info] > git status -z -uall [74ms]
2024-11-24 19:02:07.320 [info] > git config --get commit.template [4ms]
2024-11-24 19:02:07.321 [info] > git for-each-ref --format=%(refname)%00%(upstream:short)%00%(objectname)%00%(upstream:track)%00%(upstream:remotename)%00%(upstream:remoteref) refs/heads/jhw refs/remotes/jhw [2ms]
2024-11-24 19:02:07.329 [info] > git for-each-ref --sort -committerdate --format %(refname) %(objectname) %(*objectname) [2ms]
2024-11-24 19:02:07.395 [info] > git status -z -uall [71ms]
2024-11-24 19:03:56.224 [info] > git config --get commit.template [2ms]
2024-11-24 19:03:56.225 [info] > git for-each-ref --format=%(refname)%00%(upstream:short)%00%(objectname)%00%(upstream:track)%00%(upstream:remotename)%00%(upstream:remoteref) refs/heads/jhw refs/remotes/jhw [1ms]
2024-11-24 19:03:56.233 [info] > git for-each-ref --sort -committerdate --format %(refname) %(objectname) %(*objectname) [2ms]
2024-11-24 19:03:56.297 [info] > git status -z -uall [69ms]
2024-11-24 19:04:01.316 [info] > git config --get commit.template [4ms]
2024-11-24 19:04:01.316 [info] > git for-each-ref --format=%(refname)%00%(upstream:short)%00%(objectname)%00%(upstream:track)%00%(upstream:remotename)%00%(upstream:remoteref) refs/heads/jhw refs/remotes/jhw [1ms]
2024-11-24 19:04:01.324 [info] > git for-each-ref --sort -committerdate --format %(refname) %(objectname) %(*objectname) [3ms]
2024-11-24 19:04:01.388 [info] > git status -z -uall [69ms]
2024-11-24 19:04:06.404 [info] > git config --get commit.template [3ms]
2024-11-24 19:04:06.405 [info] > git for-each-ref --format=%(refname)%00%(upstream:short)%00%(objectname)%00%(upstream:track)%00%(upstream:remotename)%00%(upstream:remoteref) refs/heads/jhw refs/remotes/jhw [2ms]
2024-11-24 19:04:06.412 [info] > git for-each-ref --sort -committerdate --format %(refname) %(objectname) %(*objectname) [2ms]
2024-11-24 19:04:06.476 [info] > git status -z -uall [69ms]
2024-11-24 19:04:38.447 [info] > git config --get commit.template [2ms]
2024-11-24 19:04:38.448 [info] > git for-each-ref --format=%(refname)%00%(upstream:short)%00%(objectname)%00%(upstream:track)%00%(upstream:remotename)%00%(upstream:remoteref) refs/heads/jhw refs/remotes/jhw [1ms]
2024-11-24 19:04:38.456 [info] > git for-each-ref --sort -committerdate --format %(refname) %(objectname) %(*objectname) [2ms]
2024-11-24 19:04:38.526 [info] > git status -z -uall [75ms]
2024-11-24 19:05:20.099 [info] > git config --get commit.template [3ms]
2024-11-24 19:05:20.100 [info] > git for-each-ref --format=%(refname)%00%(upstream:short)%00%(objectname)%00%(upstream:track)%00%(upstream:remotename)%00%(upstream:remoteref) refs/heads/jhw refs/remotes/jhw [1ms]
2024-11-24 19:05:20.108 [info] > git for-each-ref --sort -committerdate --format %(refname) %(objectname) %(*objectname) [2ms]
2024-11-24 19:05:20.173 [info] > git status -z -uall [70ms]
2024-11-24 19:07:46.765 [info] > git config --get commit.template [2ms]
2024-11-24 19:07:46.766 [info] > git for-each-ref --format=%(refname)%00%(upstream:short)%00%(objectname)%00%(upstream:track)%00%(upstream:remotename)%00%(upstream:remoteref) refs/heads/jhw refs/remotes/jhw [1ms]
2024-11-24 19:07:46.774 [info] > git for-each-ref --sort -committerdate --format %(refname) %(objectname) %(*objectname) [2ms]
2024-11-24 19:07:46.837 [info] > git status -z -uall [68ms]
2024-11-24 19:07:51.571 [info] > git show --textconv :board.php [8ms]
2024-11-24 19:07:51.574 [info] > git ls-files --stage -- /var/www/html/2_team/2_team2/board.php [7ms]
2024-11-24 19:07:51.577 [info] > git cat-file -s 2ee4d74996980f07de02c7aa253460f9c1ae3493 [1ms]
2024-11-24 19:07:51.850 [info] > git config --get commit.template [2ms]
2024-11-24 19:07:51.851 [info] > git for-each-ref --format=%(refname)%00%(upstream:short)%00%(objectname)%00%(upstream:track)%00%(upstream:remotename)%00%(upstream:remoteref) refs/heads/jhw refs/remotes/jhw [1ms]
2024-11-24 19:07:51.859 [info] > git for-each-ref --sort -committerdate --format %(refname) %(objectname) %(*objectname) [2ms]
2024-11-24 19:07:51.924 [info] > git status -z -uall [70ms]
2024-11-24 19:07:54.549 [info] > git show --textconv :board_write.php [7ms]
2024-11-24 19:07:54.554 [info] > git ls-files --stage -- /var/www/html/2_team/2_team2/board_write.php [10ms]
2024-11-24 19:07:54.560 [info] > git cat-file -s 0687fadee009738f5bf03747183511f44d3ccd7e [1ms]
2024-11-24 19:08:53.333 [info] > git config --get commit.template [4ms]
2024-11-24 19:08:53.334 [info] > git for-each-ref --format=%(refname)%00%(upstream:short)%00%(objectname)%00%(upstream:track)%00%(upstream:remotename)%00%(upstream:remoteref) refs/heads/jhw refs/remotes/jhw [2ms]
2024-11-24 19:08:53.341 [info] > git for-each-ref --sort -committerdate --format %(refname) %(objectname) %(*objectname) [2ms]
2024-11-24 19:08:53.406 [info] > git status -z -uall [69ms]
2024-11-24 19:11:58.605 [info] > git config --get commit.template [3ms]
2024-11-24 19:11:58.606 [info] > git for-each-ref --format=%(refname)%00%(upstream:short)%00%(objectname)%00%(upstream:track)%00%(upstream:remotename)%00%(upstream:remoteref) refs/heads/jhw refs/remotes/jhw [1ms]
2024-11-24 19:11:58.614 [info] > git for-each-ref --sort -committerdate --format %(refname) %(objectname) %(*objectname) [2ms]
2024-11-24 19:11:58.678 [info] > git status -z -uall [69ms]
2024-11-24 19:12:09.898 [info] > git config --get commit.template [2ms]
2024-11-24 19:12:09.906 [info] > git for-each-ref --format=%(refname)%00%(upstream:short)%00%(objectname)%00%(upstream:track)%00%(upstream:remotename)%00%(upstream:remoteref) refs/heads/jhw refs/remotes/jhw [4ms]
2024-11-24 19:12:09.919 [info] > git for-each-ref --sort -committerdate --format %(refname) %(objectname) %(*objectname) [2ms]
2024-11-24 19:12:09.984 [info] > git status -z -uall [71ms]
2024-11-24 19:12:35.463 [info] > git show --textconv :mypage.php [7ms]
2024-11-24 19:12:35.466 [info] > git ls-files --stage -- /var/www/html/2_team/2_team2/mypage.php [7ms]
2024-11-24 19:12:35.469 [info] > git cat-file -s 9104ce1c9742f347dceb33d62fb4f4bf68ab9da3 [1ms]
2024-11-24 19:13:39.011 [info] > git config --get commit.template [3ms]
2024-11-24 19:13:39.012 [info] > git for-each-ref --format=%(refname)%00%(upstream:short)%00%(objectname)%00%(upstream:track)%00%(upstream:remotename)%00%(upstream:remoteref) refs/heads/jhw refs/remotes/jhw [1ms]
2024-11-24 19:13:39.020 [info] > git for-each-ref --sort -committerdate --format %(refname) %(objectname) %(*objectname) [2ms]
2024-11-24 19:13:39.087 [info] > git status -z -uall [72ms]
2024-11-24 19:14:15.813 [info] > git config --get commit.template [4ms]
2024-11-24 19:14:15.814 [info] > git for-each-ref --format=%(refname)%00%(upstream:short)%00%(objectname)%00%(upstream:track)%00%(upstream:remotename)%00%(upstream:remoteref) refs/heads/jhw refs/remotes/jhw [2ms]
2024-11-24 19:14:15.821 [info] > git for-each-ref --sort -committerdate --format %(refname) %(objectname) %(*objectname) [2ms]
2024-11-24 19:14:15.886 [info] > git status -z -uall [70ms]
2024-11-24 19:14:34.062 [info] > git config --get commit.template [3ms]
2024-11-24 19:14:34.063 [info] > git for-each-ref --format=%(refname)%00%(upstream:short)%00%(objectname)%00%(upstream:track)%00%(upstream:remotename)%00%(upstream:remoteref) refs/heads/jhw refs/remotes/jhw [2ms]
2024-11-24 19:14:34.071 [info] > git for-each-ref --sort -committerdate --format %(refname) %(objectname) %(*objectname) [2ms]
2024-11-24 19:14:34.136 [info] > git status -z -uall [70ms]
2024-11-24 19:14:39.840 [info] > git config --get commit.template [4ms]
2024-11-24 19:14:39.841 [info] > git for-each-ref --format=%(refname)%00%(upstream:short)%00%(objectname)%00%(upstream:track)%00%(upstream:remotename)%00%(upstream:remoteref) refs/heads/jhw refs/remotes/jhw [2ms]
2024-11-24 19:14:39.847 [info] > git for-each-ref --sort -committerdate --format %(refname) %(objectname) %(*objectname) [2ms]
2024-11-24 19:14:39.912 [info] > git status -z -uall [68ms]
2024-11-24 19:14:44.926 [info] > git config --get commit.template [3ms]
2024-11-24 19:14:44.927 [info] > git for-each-ref --format=%(refname)%00%(upstream:short)%00%(objectname)%00%(upstream:track)%00%(upstream:remotename)%00%(upstream:remoteref) refs/heads/jhw refs/remotes/jhw [2ms]
2024-11-24 19:14:44.936 [info] > git for-each-ref --sort -committerdate --format %(refname) %(objectname) %(*objectname) [2ms]
2024-11-24 19:14:45.001 [info] > git status -z -uall [70ms]
2024-11-24 19:15:41.519 [info] > git config --get commit.template [3ms]
2024-11-24 19:15:41.520 [info] > git for-each-ref --format=%(refname)%00%(upstream:short)%00%(objectname)%00%(upstream:track)%00%(upstream:remotename)%00%(upstream:remoteref) refs/heads/jhw refs/remotes/jhw [1ms]
2024-11-24 19:15:41.528 [info] > git for-each-ref --sort -committerdate --format %(refname) %(objectname) %(*objectname) [2ms]
2024-11-24 19:15:41.595 [info] > git status -z -uall [72ms]
2024-11-24 19:15:50.914 [info] > git config --get commit.template [9ms]
2024-11-24 19:15:50.918 [info] > git for-each-ref --format=%(refname)%00%(upstream:short)%00%(objectname)%00%(upstream:track)%00%(upstream:remotename)%00%(upstream:remoteref) refs/heads/jhw refs/remotes/jhw [5ms]
2024-11-24 19:15:50.940 [info] > git for-each-ref --sort -committerdate --format %(refname) %(objectname) %(*objectname) [6ms]
2024-11-24 19:15:51.016 [info] > git status -z -uall [90ms]
2024-11-24 19:16:30.843 [info] > git check-ignore -v -z --stdin [7ms]
2024-11-24 19:17:08.954 [info] > git config --get commit.template [3ms]
2024-11-24 19:17:08.955 [info] > git for-each-ref --format=%(refname)%00%(upstream:short)%00%(objectname)%00%(upstream:track)%00%(upstream:remotename)%00%(upstream:remoteref) refs/heads/jhw refs/remotes/jhw [2ms]
2024-11-24 19:17:08.963 [info] > git for-each-ref --sort -committerdate --format %(refname) %(objectname) %(*objectname) [2ms]
2024-11-24 19:17:09.027 [info] > git status -z -uall [69ms]
2024-11-24 19:19:03.056 [info] > git config --get commit.template [5ms]
2024-11-24 19:19:03.057 [info] > git for-each-ref --format=%(refname)%00%(upstream:short)%00%(objectname)%00%(upstream:track)%00%(upstream:remotename)%00%(upstream:remoteref) refs/heads/jhw refs/remotes/jhw [2ms]
2024-11-24 19:19:03.064 [info] > git for-each-ref --sort -committerdate --format %(refname) %(objectname) %(*objectname) [2ms]
2024-11-24 19:19:03.128 [info] > git status -z -uall [69ms]
2024-11-24 19:19:09.457 [info] > git show --textconv :board.php [7ms]
2024-11-24 19:19:09.460 [info] > git ls-files --stage -- /var/www/html/2_team/2_team2/board.php [7ms]
2024-11-24 19:19:09.464 [info] > git cat-file -s 2ee4d74996980f07de02c7aa253460f9c1ae3493 [2ms]
2024-11-24 19:19:20.066 [info] > git config --get commit.template [3ms]
2024-11-24 19:19:20.067 [info] > git for-each-ref --format=%(refname)%00%(upstream:short)%00%(objectname)%00%(upstream:track)%00%(upstream:remotename)%00%(upstream:remoteref) refs/heads/jhw refs/remotes/jhw [1ms]
2024-11-24 19:19:20.075 [info] > git for-each-ref --sort -committerdate --format %(refname) %(objectname) %(*objectname) [2ms]
2024-11-24 19:19:20.137 [info] > git status -z -uall [67ms]
2024-11-24 19:19:25.155 [info] > git config --get commit.template [4ms]
2024-11-24 19:19:25.156 [info] > git for-each-ref --format=%(refname)%00%(upstream:short)%00%(objectname)%00%(upstream:track)%00%(upstream:remotename)%00%(upstream:remoteref) refs/heads/jhw refs/remotes/jhw [1ms]
2024-11-24 19:19:25.163 [info] > git for-each-ref --sort -committerdate --format %(refname) %(objectname) %(*objectname) [2ms]
2024-11-24 19:19:25.228 [info] > git status -z -uall [69ms]
2024-11-24 19:19:28.201 [info] > git show --textconv :mypage.php [10ms]
2024-11-24 19:19:28.205 [info] > git ls-files --stage -- /var/www/html/2_team/2_team2/mypage.php [11ms]
2024-11-24 19:19:28.210 [info] > git cat-file -s 9104ce1c9742f347dceb33d62fb4f4bf68ab9da3 [2ms]
2024-11-24 19:19:30.240 [info] > git config --get commit.template [3ms]
2024-11-24 19:19:30.241 [info] > git for-each-ref --format=%(refname)%00%(upstream:short)%00%(objectname)%00%(upstream:track)%00%(upstream:remotename)%00%(upstream:remoteref) refs/heads/jhw refs/remotes/jhw [1ms]
2024-11-24 19:19:30.248 [info] > git for-each-ref --sort -committerdate --format %(refname) %(objectname) %(*objectname) [2ms]
2024-11-24 19:19:30.314 [info] > git status -z -uall [70ms]
2024-11-24 19:19:35.331 [info] > git config --get commit.template [4ms]
2024-11-24 19:19:35.332 [info] > git for-each-ref --format=%(refname)%00%(upstream:short)%00%(objectname)%00%(upstream:track)%00%(upstream:remotename)%00%(upstream:remoteref) refs/heads/jhw refs/remotes/jhw [1ms]
2024-11-24 19:19:35.339 [info] > git for-each-ref --sort -committerdate --format %(refname) %(objectname) %(*objectname) [2ms]
2024-11-24 19:19:35.403 [info] > git status -z -uall [69ms]
2024-11-24 19:19:49.131 [info] > git config --get commit.template [4ms]
2024-11-24 19:19:49.132 [info] > git for-each-ref --format=%(refname)%00%(upstream:short)%00%(objectname)%00%(upstream:track)%00%(upstream:remotename)%00%(upstream:remoteref) refs/heads/jhw refs/remotes/jhw [2ms]
2024-11-24 19:19:49.139 [info] > git for-each-ref --sort -committerdate --format %(refname) %(objectname) %(*objectname) [2ms]
2024-11-24 19:19:49.203 [info] > git status -z -uall [69ms]
2024-11-24 19:20:01.205 [info] > git config --get commit.template [3ms]
2024-11-24 19:20:01.206 [info] > git for-each-ref --format=%(refname)%00%(upstream:short)%00%(objectname)%00%(upstream:track)%00%(upstream:remotename)%00%(upstream:remoteref) refs/heads/jhw refs/remotes/jhw [2ms]
2024-11-24 19:20:01.213 [info] > git for-each-ref --sort -committerdate --format %(refname) %(objectname) %(*objectname) [2ms]
2024-11-24 19:20:01.277 [info] > git status -z -uall [69ms]
2024-11-24 19:20:06.292 [info] > git config --get commit.template [3ms]
2024-11-24 19:20:06.292 [info] > git for-each-ref --format=%(refname)%00%(upstream:short)%00%(objectname)%00%(upstream:track)%00%(upstream:remotename)%00%(upstream:remoteref) refs/heads/jhw refs/remotes/jhw [1ms]
2024-11-24 19:20:06.299 [info] > git for-each-ref --sort -committerdate --format %(refname) %(objectname) %(*objectname) [2ms]
2024-11-24 19:20:06.371 [info] > git status -z -uall [76ms]
2024-11-24 19:20:11.382 [info] > git config --get commit.template [4ms]
2024-11-24 19:20:11.384 [info] > git for-each-ref --format=%(refname)%00%(upstream:short)%00%(objectname)%00%(upstream:track)%00%(upstream:remotename)%00%(upstream:remoteref) refs/heads/jhw refs/remotes/jhw [2ms]
2024-11-24 19:20:11.393 [info] > git for-each-ref --sort -committerdate --format %(refname) %(objectname) %(*objectname) [3ms]
2024-11-24 19:20:11.458 [info] > git status -z -uall [70ms]
2024-11-24 19:20:28.358 [info] > git config --get commit.template [4ms]
2024-11-24 19:20:28.359 [info] > git for-each-ref --format=%(refname)%00%(upstream:short)%00%(objectname)%00%(upstream:track)%00%(upstream:remotename)%00%(upstream:remoteref) refs/heads/jhw refs/remotes/jhw [2ms]
2024-11-24 19:20:28.366 [info] > git for-each-ref --sort -committerdate --format %(refname) %(objectname) %(*objectname) [2ms]
2024-11-24 19:20:28.430 [info] > git status -z -uall [68ms]
2024-11-24 19:23:20.812 [info] > git config --get commit.template [3ms]
2024-11-24 19:23:20.813 [info] > git for-each-ref --format=%(refname)%00%(upstream:short)%00%(objectname)%00%(upstream:track)%00%(upstream:remotename)%00%(upstream:remoteref) refs/heads/jhw refs/remotes/jhw [1ms]
2024-11-24 19:23:20.821 [info] > git for-each-ref --sort -committerdate --format %(refname) %(objectname) %(*objectname) [2ms]
2024-11-24 19:23:20.887 [info] > git status -z -uall [71ms]
2024-11-24 19:23:29.260 [info] > git config --get commit.template [5ms]
2024-11-24 19:23:29.261 [info] > git for-each-ref --format=%(refname)%00%(upstream:short)%00%(objectname)%00%(upstream:track)%00%(upstream:remotename)%00%(upstream:remoteref) refs/heads/jhw refs/remotes/jhw [1ms]
2024-11-24 19:23:29.268 [info] > git for-each-ref --sort -committerdate --format %(refname) %(objectname) %(*objectname) [2ms]
2024-11-24 19:23:29.334 [info] > git status -z -uall [70ms]
2024-11-24 19:23:31.394 [info] > git show --textconv :edit_profile.php [13ms]
2024-11-24 19:23:31.396 [info] > git ls-files --stage -- /var/www/html/2_team/2_team2/edit_profile.php [7ms]
2024-11-24 19:23:31.400 [info] > git cat-file -s cbd5e5acd3dcfa3bc637d9b092004a91ea0f5a7c [2ms]
2024-11-24 19:23:34.347 [info] > git config --get commit.template [3ms]
2024-11-24 19:23:34.348 [info] > git for-each-ref --format=%(refname)%00%(upstream:short)%00%(objectname)%00%(upstream:track)%00%(upstream:remotename)%00%(upstream:remoteref) refs/heads/jhw refs/remotes/jhw [2ms]
2024-11-24 19:23:34.355 [info] > git for-each-ref --sort -committerdate --format %(refname) %(objectname) %(*objectname) [2ms]
2024-11-24 19:23:34.421 [info] > git status -z -uall [71ms]
2024-11-24 19:23:49.271 [info] > git config --get commit.template [2ms]
2024-11-24 19:23:49.273 [info] > git for-each-ref --format=%(refname)%00%(upstream:short)%00%(objectname)%00%(upstream:track)%00%(upstream:remotename)%00%(upstream:remoteref) refs/heads/jhw refs/remotes/jhw [1ms]
2024-11-24 19:23:49.280 [info] > git for-each-ref --sort -committerdate --format %(refname) %(objectname) %(*objectname) [2ms]
2024-11-24 19:23:49.345 [info] > git status -z -uall [70ms]
2024-11-24 19:24:00.282 [info] > git config --get commit.template [2ms]
2024-11-24 19:24:00.283 [info] > git for-each-ref --format=%(refname)%00%(upstream:short)%00%(objectname)%00%(upstream:track)%00%(upstream:remotename)%00%(upstream:remoteref) refs/heads/jhw refs/remotes/jhw [1ms]
2024-11-24 19:24:00.291 [info] > git for-each-ref --sort -committerdate --format %(refname) %(objectname) %(*objectname) [2ms]
2024-11-24 19:24:00.355 [info] > git status -z -uall [69ms]
2024-11-24 19:24:05.372 [info] > git config --get commit.template [4ms]
2024-11-24 19:24:05.374 [info] > git for-each-ref --format=%(refname)%00%(upstream:short)%00%(objectname)%00%(upstream:track)%00%(upstream:remotename)%00%(upstream:remoteref) refs/heads/jhw refs/remotes/jhw [2ms]
2024-11-24 19:24:05.380 [info] > git for-each-ref --sort -committerdate --format %(refname) %(objectname) %(*objectname) [2ms]
2024-11-24 19:24:05.445 [info] > git status -z -uall [69ms]
2024-11-24 19:24:09.592 [info] > git ls-files --stage -- /var/www/html/2_team/2_team2/save_profile.php [7ms]
2024-11-24 19:24:09.608 [info] > git cat-file -s a273361ca902f2fa02c80c2ec9ebb97548f5bfce [14ms]
2024-11-24 19:24:09.609 [info] > git show --textconv :save_profile.php [27ms]
2024-11-24 19:24:10.458 [info] > git config --get commit.template [2ms]
2024-11-24 19:24:10.459 [info] > git for-each-ref --format=%(refname)%00%(upstream:short)%00%(objectname)%00%(upstream:track)%00%(upstream:remotename)%00%(upstream:remoteref) refs/heads/jhw refs/remotes/jhw [1ms]
2024-11-24 19:24:10.466 [info] > git for-each-ref --sort -committerdate --format %(refname) %(objectname) %(*objectname) [2ms]
2024-11-24 19:24:10.530 [info] > git status -z -uall [69ms]
2024-11-24 19:24:38.341 [info] > git show --textconv :mypage.php [8ms]
2024-11-24 19:24:38.343 [info] > git ls-files --stage -- /var/www/html/2_team/2_team2/mypage.php [7ms]
2024-11-24 19:24:38.347 [info] > git cat-file -s 9104ce1c9742f347dceb33d62fb4f4bf68ab9da3 [1ms]
2024-11-24 19:24:40.023 [info] > git show --textconv :save_profile.php [8ms]
2024-11-24 19:24:40.026 [info] > git ls-files --stage -- /var/www/html/2_team/2_team2/save_profile.php [7ms]
2024-11-24 19:24:40.030 [info] > git cat-file -s a273361ca902f2fa02c80c2ec9ebb97548f5bfce [2ms]
2024-11-24 19:24:41.648 [info] > git show --textconv :edit_profile.php [8ms]
2024-11-24 19:24:41.651 [info] > git ls-files --stage -- /var/www/html/2_team/2_team2/edit_profile.php [7ms]
2024-11-24 19:24:41.654 [info] > git cat-file -s cbd5e5acd3dcfa3bc637d9b092004a91ea0f5a7c [1ms]
2024-11-24 19:25:09.801 [info] > git show --textconv :mypage.php [8ms]
2024-11-24 19:25:09.803 [info] > git ls-files --stage -- /var/www/html/2_team/2_team2/mypage.php [6ms]
2024-11-24 19:25:09.807 [info] > git cat-file -s 9104ce1c9742f347dceb33d62fb4f4bf68ab9da3 [1ms]
2024-11-24 19:26:23.427 [info] > git check-ignore -v -z --stdin [8ms]
2024-11-24 19:26:46.426 [info] > git check-ignore -v -z --stdin [21ms]
2024-11-24 19:27:05.453 [info] > git config --get commit.template [3ms]
2024-11-24 19:27:05.454 [info] > git for-each-ref --format=%(refname)%00%(upstream:short)%00%(objectname)%00%(upstream:track)%00%(upstream:remotename)%00%(upstream:remoteref) refs/heads/jhw refs/remotes/jhw [2ms]
2024-11-24 19:27:05.461 [info] > git for-each-ref --sort -committerdate --format %(refname) %(objectname) %(*objectname) [2ms]
2024-11-24 19:27:05.528 [info] > git status -z -uall [72ms]
2024-11-24 19:27:56.491 [info] > git config --get commit.template [4ms]
2024-11-24 19:27:56.492 [info] > git for-each-ref --format=%(refname)%00%(upstream:short)%00%(objectname)%00%(upstream:track)%00%(upstream:remotename)%00%(upstream:remoteref) refs/heads/jhw refs/remotes/jhw [2ms]
2024-11-24 19:27:56.499 [info] > git for-each-ref --sort -committerdate --format %(refname) %(objectname) %(*objectname) [1ms]
2024-11-24 19:27:56.563 [info] > git status -z -uall [68ms]
2024-11-24 19:29:20.128 [info] > git show --textconv :board_write.php [8ms]
2024-11-24 19:29:20.130 [info] > git ls-files --stage -- /var/www/html/2_team/2_team2/board_write.php [7ms]
2024-11-24 19:29:20.133 [info] > git cat-file -s 0687fadee009738f5bf03747183511f44d3ccd7e [1ms]
2024-11-24 19:29:24.522 [info] > git show --textconv :mypage.php [9ms]
2024-11-24 19:29:24.523 [info] > git show --textconv :board_write.php [7ms]
2024-11-24 19:29:24.526 [info] > git ls-files --stage -- /var/www/html/2_team/2_team2/mypage.php [7ms]
2024-11-24 19:29:24.530 [info] > git ls-files --stage -- /var/www/html/2_team/2_team2/board_write.php [8ms]
2024-11-24 19:29:24.532 [info] > git cat-file -s 9104ce1c9742f347dceb33d62fb4f4bf68ab9da3 [3ms]
2024-11-24 19:29:24.534 [info] > git cat-file -s 0687fadee009738f5bf03747183511f44d3ccd7e [2ms]
2024-11-24 19:29:31.567 [info] > git config --get commit.template [2ms]
2024-11-24 19:29:31.569 [info] > git for-each-ref --format=%(refname)%00%(upstream:short)%00%(objectname)%00%(upstream:track)%00%(upstream:remotename)%00%(upstream:remoteref) refs/heads/jhw refs/remotes/jhw [2ms]
2024-11-24 19:29:31.576 [info] > git for-each-ref --sort -committerdate --format %(refname) %(objectname) %(*objectname) [3ms]
2024-11-24 19:29:31.640 [info] > git status -z -uall [69ms]
2024-11-24 19:29:49.575 [info] > git config --get commit.template [4ms]
2024-11-24 19:29:49.576 [info] > git for-each-ref --format=%(refname)%00%(upstream:short)%00%(objectname)%00%(upstream:track)%00%(upstream:remotename)%00%(upstream:remoteref) refs/heads/jhw refs/remotes/jhw [3ms]
2024-11-24 19:29:49.586 [info] > git for-each-ref --sort -committerdate --format %(refname) %(objectname) %(*objectname) [2ms]
2024-11-24 19:29:49.651 [info] > git status -z -uall [71ms]
2024-11-24 19:29:49.704 [info] > git show --textconv :board.php [7ms]
2024-11-24 19:29:49.710 [info] > git ls-files --stage -- /var/www/html/2_team/2_team2/board.php [11ms]
2024-11-24 19:29:49.714 [info] > git cat-file -s 2ee4d74996980f07de02c7aa253460f9c1ae3493 [2ms]
2024-11-24 19:29:50.797 [info] > git show --textconv :mypage.php [8ms]
2024-11-24 19:29:50.799 [info] > git show --textconv :board.php [8ms]
2024-11-24 19:29:50.803 [info] > git ls-files --stage -- /var/www/html/2_team/2_team2/mypage.php [9ms]
2024-11-24 19:29:50.808 [info] > git ls-files --stage -- /var/www/html/2_team/2_team2/board.php [11ms]
2024-11-24 19:29:50.810 [info] > git cat-file -s 9104ce1c9742f347dceb33d62fb4f4bf68ab9da3 [3ms]
2024-11-24 19:29:50.812 [info] > git cat-file -s 2ee4d74996980f07de02c7aa253460f9c1ae3493 [2ms]
2024-11-24 19:30:20.609 [info] > git config --get commit.template [3ms]
2024-11-24 19:30:20.610 [info] > git for-each-ref --format=%(refname)%00%(upstream:short)%00%(objectname)%00%(upstream:track)%00%(upstream:remotename)%00%(upstream:remoteref) refs/heads/jhw refs/remotes/jhw [1ms]
2024-11-24 19:30:20.617 [info] > git for-each-ref --sort -committerdate --format %(refname) %(objectname) %(*objectname) [2ms]
2024-11-24 19:30:20.682 [info] > git status -z -uall [69ms]
2024-11-24 19:30:34.615 [info] > git config --get commit.template [4ms]
2024-11-24 19:30:34.616 [info] > git for-each-ref --format=%(refname)%00%(upstream:short)%00%(objectname)%00%(upstream:track)%00%(upstream:remotename)%00%(upstream:remoteref) refs/heads/jhw refs/remotes/jhw [1ms]
2024-11-24 19:30:34.623 [info] > git for-each-ref --sort -committerdate --format %(refname) %(objectname) %(*objectname) [2ms]
2024-11-24 19:30:34.687 [info] > git status -z -uall [68ms]
2024-11-24 19:30:47.622 [info] > git config --get commit.template [4ms]
2024-11-24 19:30:47.623 [info] > git for-each-ref --format=%(refname)%00%(upstream:short)%00%(objectname)%00%(upstream:track)%00%(upstream:remotename)%00%(upstream:remoteref) refs/heads/jhw refs/remotes/jhw [2ms]
2024-11-24 19:30:47.634 [info] > git for-each-ref --sort -committerdate --format %(refname) %(objectname) %(*objectname) [3ms]
2024-11-24 19:30:47.711 [info] > git status -z -uall [84ms]
2024-11-24 19:30:53.623 [info] > git config --get commit.template [3ms]
2024-11-24 19:30:53.624 [info] > git for-each-ref --format=%(refname)%00%(upstream:short)%00%(objectname)%00%(upstream:track)%00%(upstream:remotename)%00%(upstream:remoteref) refs/heads/jhw refs/remotes/jhw [2ms]
2024-11-24 19:30:53.639 [info] > git for-each-ref --sort -committerdate --format %(refname) %(objectname) %(*objectname) [6ms]
2024-11-24 19:30:53.710 [info] > git status -z -uall [82ms]
2024-11-24 19:32:54.515 [info] > git show --textconv :board_write.php [6ms]
2024-11-24 19:32:54.518 [info] > git ls-files --stage -- /var/www/html/2_team/2_team2/board_write.php [7ms]
2024-11-24 19:32:54.521 [info] > git cat-file -s 0687fadee009738f5bf03747183511f44d3ccd7e [1ms]
2024-11-24 19:33:15.721 [info] > git config --get commit.template [1ms]
2024-11-24 19:33:15.725 [info] > git for-each-ref --format=%(refname)%00%(upstream:short)%00%(objectname)%00%(upstream:track)%00%(upstream:remotename)%00%(upstream:remoteref) refs/heads/jhw refs/remotes/jhw [2ms]
2024-11-24 19:33:15.733 [info] > git for-each-ref --sort -committerdate --format %(refname) %(objectname) %(*objectname) [2ms]
2024-11-24 19:33:15.796 [info] > git status -z -uall [68ms]
2024-11-24 19:34:38.768 [info] > git config --get commit.template [2ms]
2024-11-24 19:34:38.769 [info] > git for-each-ref --format=%(refname)%00%(upstream:short)%00%(objectname)%00%(upstream:track)%00%(upstream:remotename)%00%(upstream:remoteref) refs/heads/jhw refs/remotes/jhw [1ms]
2024-11-24 19:34:38.777 [info] > git for-each-ref --sort -committerdate --format %(refname) %(objectname) %(*objectname) [2ms]
2024-11-24 19:34:38.841 [info] > git status -z -uall [69ms]
2024-11-24 19:35:01.794 [info] > git config --get commit.template [3ms]
2024-11-24 19:35:01.795 [info] > git for-each-ref --format=%(refname)%00%(upstream:short)%00%(objectname)%00%(upstream:track)%00%(upstream:remotename)%00%(upstream:remoteref) refs/heads/jhw refs/remotes/jhw [1ms]
2024-11-24 19:35:01.803 [info] > git for-each-ref --sort -committerdate --format %(refname) %(objectname) %(*objectname) [2ms]
2024-11-24 19:35:01.867 [info] > git status -z -uall [69ms]
2024-11-24 19:36:20.879 [info] > git config --get commit.template [2ms]
2024-11-24 19:36:20.880 [info] > git for-each-ref --format=%(refname)%00%(upstream:short)%00%(objectname)%00%(upstream:track)%00%(upstream:remotename)%00%(upstream:remoteref) refs/heads/jhw refs/remotes/jhw [1ms]
2024-11-24 19:36:20.888 [info] > git for-each-ref --sort -committerdate --format %(refname) %(objectname) %(*objectname) [2ms]
2024-11-24 19:36:20.955 [info] > git status -z -uall [72ms]
2024-11-24 19:37:21.649 [info] > git show --textconv :deleteprocess.php [7ms]
2024-11-24 19:37:21.652 [info] > git ls-files --stage -- /var/www/html/2_team/2_team2/deleteprocess.php [7ms]
2024-11-24 19:37:53.188 [info] > git show --textconv :mypage.php [8ms]
2024-11-24 19:37:53.191 [info] > git ls-files --stage -- /var/www/html/2_team/2_team2/mypage.php [7ms]
2024-11-24 19:37:53.195 [info] > git cat-file -s 9104ce1c9742f347dceb33d62fb4f4bf68ab9da3 [2ms]
2024-11-24 19:39:12.810 [info] > git check-ignore -v -z --stdin [8ms]
2024-11-24 20:08:27.300 [info] > git config --get commit.template [3ms]
2024-11-24 20:08:27.301 [info] > git for-each-ref --format=%(refname)%00%(upstream:short)%00%(objectname)%00%(upstream:track)%00%(upstream:remotename)%00%(upstream:remoteref) refs/heads/jhw refs/remotes/jhw [1ms]
2024-11-24 20:08:27.309 [info] > git for-each-ref --sort -committerdate --format %(refname) %(objectname) %(*objectname) [2ms]
2024-11-24 20:08:27.377 [info] > git status -z -uall [73ms]
2024-11-24 20:08:32.021 [info] > git show --textconv :board_write.php [9ms]
2024-11-24 20:08:32.023 [info] > git ls-files --stage -- /var/www/html/2_team/2_team2/board_write.php [7ms]
2024-11-24 20:08:32.027 [info] > git cat-file -s 0687fadee009738f5bf03747183511f44d3ccd7e [2ms]
2024-11-24 20:08:32.411 [info] > git config --get commit.template [3ms]
2024-11-24 20:08:32.412 [info] > git for-each-ref --format=%(refname)%00%(upstream:short)%00%(objectname)%00%(upstream:track)%00%(upstream:remotename)%00%(upstream:remoteref) refs/heads/jhw refs/remotes/jhw [2ms]
2024-11-24 20:08:32.419 [info] > git for-each-ref --sort -committerdate --format %(refname) %(objectname) %(*objectname) [2ms]
2024-11-24 20:08:32.485 [info] > git status -z -uall [70ms]
2024-11-24 20:13:32.939 [info] > git config --get commit.template [3ms]
2024-11-24 20:13:32.940 [info] > git for-each-ref --format=%(refname)%00%(upstream:short)%00%(objectname)%00%(upstream:track)%00%(upstream:remotename)%00%(upstream:remoteref) refs/heads/jhw refs/remotes/jhw [2ms]
2024-11-24 20:13:32.947 [info] > git for-each-ref --sort -committerdate --format %(refname) %(objectname) %(*objectname) [2ms]
2024-11-24 20:13:33.011 [info] > git status -z -uall [69ms]
2024-11-24 20:14:49.122 [info] > git config --get commit.template [5ms]
2024-11-24 20:14:49.123 [info] > git for-each-ref --format=%(refname)%00%(upstream:short)%00%(objectname)%00%(upstream:track)%00%(upstream:remotename)%00%(upstream:remoteref) refs/heads/jhw refs/remotes/jhw [1ms]
2024-11-24 20:14:49.130 [info] > git for-each-ref --sort -committerdate --format %(refname) %(objectname) %(*objectname) [2ms]
2024-11-24 20:14:49.194 [info] > git status -z -uall [68ms]
2024-11-24 20:17:17.702 [info] > git config --get commit.template [13ms]
2024-11-24 20:17:17.704 [info] > git for-each-ref --format=%(refname)%00%(upstream:short)%00%(objectname)%00%(upstream:track)%00%(upstream:remotename)%00%(upstream:remoteref) refs/heads/jhw refs/remotes/jhw [5ms]
2024-11-24 20:17:17.726 [info] > git for-each-ref --sort -committerdate --format %(refname) %(objectname) %(*objectname) [6ms]
2024-11-24 20:17:17.805 [info] > git status -z -uall [93ms]
2024-11-24 20:17:33.712 [info] > git config --get commit.template [4ms]
2024-11-24 20:17:33.713 [info] > git for-each-ref --format=%(refname)%00%(upstream:short)%00%(objectname)%00%(upstream:track)%00%(upstream:remotename)%00%(upstream:remoteref) refs/heads/jhw refs/remotes/jhw [1ms]
2024-11-24 20:17:33.721 [info] > git for-each-ref --sort -committerdate --format %(refname) %(objectname) %(*objectname) [2ms]
2024-11-24 20:17:33.786 [info] > git status -z -uall [70ms]
2024-11-24 20:18:42.749 [info] > git config --get commit.template [3ms]
2024-11-24 20:18:42.750 [info] > git for-each-ref --format=%(refname)%00%(upstream:short)%00%(objectname)%00%(upstream:track)%00%(upstream:remotename)%00%(upstream:remoteref) refs/heads/jhw refs/remotes/jhw [2ms]
2024-11-24 20:18:42.757 [info] > git for-each-ref --sort -committerdate --format %(refname) %(objectname) %(*objectname) [2ms]
2024-11-24 20:18:42.823 [info] > git status -z -uall [70ms]
2024-11-24 20:19:08.766 [info] > git config --get commit.template [8ms]
2024-11-24 20:19:08.770 [info] > git for-each-ref --format=%(refname)%00%(upstream:short)%00%(objectname)%00%(upstream:track)%00%(upstream:remotename)%00%(upstream:remoteref) refs/heads/jhw refs/remotes/jhw [5ms]
2024-11-24 20:19:08.792 [info] > git for-each-ref --sort -committerdate --format %(refname) %(objectname) %(*objectname) [6ms]
2024-11-24 20:19:08.877 [info] > git status -z -uall [99ms]
2024-11-24 20:19:20.203 [info] > git config --get commit.template [3ms]
2024-11-24 20:19:20.204 [info] > git for-each-ref --format=%(refname)%00%(upstream:short)%00%(objectname)%00%(upstream:track)%00%(upstream:remotename)%00%(upstream:remoteref) refs/heads/jhw refs/remotes/jhw [2ms]
2024-11-24 20:19:20.210 [info] > git for-each-ref --sort -committerdate --format %(refname) %(objectname) %(*objectname) [2ms]
2024-11-24 20:19:20.275 [info] > git status -z -uall [69ms]
2024-11-24 20:21:02.868 [info] > git config --get commit.template [2ms]
2024-11-24 20:21:02.869 [info] > git for-each-ref --format=%(refname)%00%(upstream:short)%00%(objectname)%00%(upstream:track)%00%(upstream:remotename)%00%(upstream:remoteref) refs/heads/jhw refs/remotes/jhw [1ms]
2024-11-24 20:21:02.877 [info] > git for-each-ref --sort -committerdate --format %(refname) %(objectname) %(*objectname) [2ms]
2024-11-24 20:21:02.942 [info] > git status -z -uall [70ms]
2024-11-24 20:23:42.931 [info] > git config --get commit.template [2ms]
2024-11-24 20:23:42.932 [info] > git for-each-ref --format=%(refname)%00%(upstream:short)%00%(objectname)%00%(upstream:track)%00%(upstream:remotename)%00%(upstream:remoteref) refs/heads/jhw refs/remotes/jhw [1ms]
2024-11-24 20:23:42.940 [info] > git for-each-ref --sort -committerdate --format %(refname) %(objectname) %(*objectname) [3ms]
2024-11-24 20:23:43.008 [info] > git status -z -uall [73ms]
2024-11-24 20:23:48.027 [info] > git config --get commit.template [4ms]
2024-11-24 20:23:48.028 [info] > git for-each-ref --format=%(refname)%00%(upstream:short)%00%(objectname)%00%(upstream:track)%00%(upstream:remotename)%00%(upstream:remoteref) refs/heads/jhw refs/remotes/jhw [1ms]
2024-11-24 20:23:48.035 [info] > git for-each-ref --sort -committerdate --format %(refname) %(objectname) %(*objectname) [2ms]
2024-11-24 20:23:48.103 [info] > git status -z -uall [72ms]
2024-11-24 20:24:24.836 [info] > git config --get commit.template [6ms]
2024-11-24 20:24:24.838 [info] > git for-each-ref --format=%(refname)%00%(upstream:short)%00%(objectname)%00%(upstream:track)%00%(upstream:remotename)%00%(upstream:remoteref) refs/heads/jhw refs/remotes/jhw [4ms]
2024-11-24 20:24:24.846 [info] > git for-each-ref --sort -committerdate --format %(refname) %(objectname) %(*objectname) [2ms]
2024-11-24 20:24:24.910 [info] > git status -z -uall [69ms]
2024-11-24 20:24:29.930 [info] > git config --get commit.template [4ms]
2024-11-24 20:24:29.931 [info] > git for-each-ref --format=%(refname)%00%(upstream:short)%00%(objectname)%00%(upstream:track)%00%(upstream:remotename)%00%(upstream:remoteref) refs/heads/jhw refs/remotes/jhw [1ms]
2024-11-24 20:24:29.938 [info] > git for-each-ref --sort -committerdate --format %(refname) %(objectname) %(*objectname) [2ms]
2024-11-24 20:24:30.002 [info] > git status -z -uall [68ms]
2024-11-24 20:24:35.018 [info] > git config --get commit.template [2ms]
2024-11-24 20:24:35.022 [info] > git for-each-ref --format=%(refname)%00%(upstream:short)%00%(objectname)%00%(upstream:track)%00%(upstream:remotename)%00%(upstream:remoteref) refs/heads/jhw refs/remotes/jhw [2ms]
2024-11-24 20:24:35.029 [info] > git for-each-ref --sort -committerdate --format %(refname) %(objectname) %(*objectname) [2ms]
2024-11-24 20:24:35.095 [info] > git status -z -uall [71ms]
2024-11-24 20:26:19.641 [info] > git config --get commit.template [3ms]
2024-11-24 20:26:19.642 [info] > git for-each-ref --format=%(refname)%00%(upstream:short)%00%(objectname)%00%(upstream:track)%00%(upstream:remotename)%00%(upstream:remoteref) refs/heads/jhw refs/remotes/jhw [1ms]
2024-11-24 20:26:19.650 [info] > git for-each-ref --sort -committerdate --format %(refname) %(objectname) %(*objectname) [3ms]
2024-11-24 20:26:19.716 [info] > git status -z -uall [71ms]
2024-11-24 20:26:25.948 [info] > git config --get commit.template [2ms]
2024-11-24 20:26:25.949 [info] > git for-each-ref --format=%(refname)%00%(upstream:short)%00%(objectname)%00%(upstream:track)%00%(upstream:remotename)%00%(upstream:remoteref) refs/heads/jhw refs/remotes/jhw [1ms]
2024-11-24 20:26:25.957 [info] > git for-each-ref --sort -committerdate --format %(refname) %(objectname) %(*objectname) [2ms]
2024-11-24 20:26:26.023 [info] > git status -z -uall [71ms]
2024-11-24 20:26:33.139 [info] > git config --get commit.template [4ms]
2024-11-24 20:26:33.140 [info] > git for-each-ref --format=%(refname)%00%(upstream:short)%00%(objectname)%00%(upstream:track)%00%(upstream:remotename)%00%(upstream:remoteref) refs/heads/jhw refs/remotes/jhw [1ms]
2024-11-24 20:26:33.148 [info] > git for-each-ref --sort -committerdate --format %(refname) %(objectname) %(*objectname) [3ms]
2024-11-24 20:26:33.212 [info] > git status -z -uall [69ms]
2024-11-24 20:26:39.890 [info] > git config --get commit.template [3ms]
2024-11-24 20:26:39.891 [info] > git for-each-ref --format=%(refname)%00%(upstream:short)%00%(objectname)%00%(upstream:track)%00%(upstream:remotename)%00%(upstream:remoteref) refs/heads/jhw refs/remotes/jhw [1ms]
2024-11-24 20:26:39.899 [info] > git for-each-ref --sort -committerdate --format %(refname) %(objectname) %(*objectname) [3ms]
2024-11-24 20:26:39.965 [info] > git status -z -uall [71ms]
2024-11-24 20:26:52.965 [info] > git config --get commit.template [3ms]
2024-11-24 20:26:52.966 [info] > git for-each-ref --format=%(refname)%00%(upstream:short)%00%(objectname)%00%(upstream:track)%00%(upstream:remotename)%00%(upstream:remoteref) refs/heads/jhw refs/remotes/jhw [1ms]
2024-11-24 20:26:52.973 [info] > git for-each-ref --sort -committerdate --format %(refname) %(objectname) %(*objectname) [2ms]
2024-11-24 20:26:53.041 [info] > git status -z -uall [72ms]
2024-11-24 20:27:17.096 [info] > git config --get commit.template [5ms]
2024-11-24 20:27:17.097 [info] > git for-each-ref --format=%(refname)%00%(upstream:short)%00%(objectname)%00%(upstream:track)%00%(upstream:remotename)%00%(upstream:remoteref) refs/heads/jhw refs/remotes/jhw [2ms]
2024-11-24 20:27:17.104 [info] > git for-each-ref --sort -committerdate --format %(refname) %(objectname) %(*objectname) [2ms]
2024-11-24 20:27:17.168 [info] > git status -z -uall [69ms]
2024-11-24 20:27:22.184 [info] > git config --get commit.template [3ms]
2024-11-24 20:27:22.185 [info] > git for-each-ref --format=%(refname)%00%(upstream:short)%00%(objectname)%00%(upstream:track)%00%(upstream:remotename)%00%(upstream:remoteref) refs/heads/jhw refs/remotes/jhw [2ms]
2024-11-24 20:27:22.192 [info] > git for-each-ref --sort -committerdate --format %(refname) %(objectname) %(*objectname) [2ms]
2024-11-24 20:27:22.257 [info] > git status -z -uall [70ms]
2024-11-24 20:27:27.271 [info] > git config --get commit.template [2ms]
2024-11-24 20:27:27.272 [info] > git for-each-ref --format=%(refname)%00%(upstream:short)%00%(objectname)%00%(upstream:track)%00%(upstream:remotename)%00%(upstream:remoteref) refs/heads/jhw refs/remotes/jhw [2ms]
2024-11-24 20:27:27.279 [info] > git for-each-ref --sort -committerdate --format %(refname) %(objectname) %(*objectname) [2ms]
2024-11-24 20:27:27.344 [info] > git status -z -uall [70ms]
2024-11-24 20:27:32.361 [info] > git config --get commit.template [4ms]
2024-11-24 20:27:32.362 [info] > git for-each-ref --format=%(refname)%00%(upstream:short)%00%(objectname)%00%(upstream:track)%00%(upstream:remotename)%00%(upstream:remoteref) refs/heads/jhw refs/remotes/jhw [1ms]
2024-11-24 20:27:32.369 [info] > git for-each-ref --sort -committerdate --format %(refname) %(objectname) %(*objectname) [2ms]
2024-11-24 20:27:32.433 [info] > git status -z -uall [68ms]
2024-11-24 20:27:39.453 [info] > git config --get commit.template [4ms]
2024-11-24 20:27:39.454 [info] > git for-each-ref --format=%(refname)%00%(upstream:short)%00%(objectname)%00%(upstream:track)%00%(upstream:remotename)%00%(upstream:remoteref) refs/heads/jhw refs/remotes/jhw [2ms]
2024-11-24 20:27:39.461 [info] > git for-each-ref --sort -committerdate --format %(refname) %(objectname) %(*objectname) [2ms]
2024-11-24 20:27:39.530 [info] > git status -z -uall [74ms]
2024-11-24 20:28:10.775 [info] > git config --get commit.template [3ms]
2024-11-24 20:28:10.776 [info] > git for-each-ref --format=%(refname)%00%(upstream:short)%00%(objectname)%00%(upstream:track)%00%(upstream:remotename)%00%(upstream:remoteref) refs/heads/jhw refs/remotes/jhw [2ms]
2024-11-24 20:28:10.783 [info] > git for-each-ref --sort -committerdate --format %(refname) %(objectname) %(*objectname) [2ms]
2024-11-24 20:28:10.848 [info] > git status -z -uall [70ms]
2024-11-24 20:28:15.869 [info] > git config --get commit.template [4ms]
2024-11-24 20:28:15.869 [info] > git for-each-ref --format=%(refname)%00%(upstream:short)%00%(objectname)%00%(upstream:track)%00%(upstream:remotename)%00%(upstream:remoteref) refs/heads/jhw refs/remotes/jhw [1ms]
2024-11-24 20:28:15.876 [info] > git for-each-ref --sort -committerdate --format %(refname) %(objectname) %(*objectname) [2ms]
2024-11-24 20:28:15.941 [info] > git status -z -uall [69ms]
2024-11-24 20:28:20.958 [info] > git config --get commit.template [3ms]
2024-11-24 20:28:20.960 [info] > git for-each-ref --format=%(refname)%00%(upstream:short)%00%(objectname)%00%(upstream:track)%00%(upstream:remotename)%00%(upstream:remoteref) refs/heads/jhw refs/remotes/jhw [2ms]
2024-11-24 20:28:20.966 [info] > git for-each-ref --sort -committerdate --format %(refname) %(objectname) %(*objectname) [2ms]
2024-11-24 20:28:21.031 [info] > git status -z -uall [69ms]
2024-11-24 20:28:23.804 [info] > git show --textconv :promotion_board.php [7ms]
2024-11-24 20:28:23.807 [info] > git ls-files --stage -- /var/www/html/2_team/2_team2/promotion_board.php [7ms]
2024-11-24 20:28:23.810 [info] > git cat-file -s d975112bd2a6971b57d7d3d3c3e8c8c30708c715 [1ms]
2024-11-24 20:28:31.258 [info] > git config --get commit.template [5ms]
2024-11-24 20:28:31.260 [info] > git for-each-ref --format=%(refname)%00%(upstream:short)%00%(objectname)%00%(upstream:track)%00%(upstream:remotename)%00%(upstream:remoteref) refs/heads/jhw refs/remotes/jhw [3ms]
2024-11-24 20:28:31.274 [info] > git for-each-ref --sort -committerdate --format %(refname) %(objectname) %(*objectname) [3ms]
2024-11-24 20:28:31.372 [info] > git status -z -uall [107ms]
2024-11-24 20:29:09.030 [info] > git config --get commit.template [3ms]
2024-11-24 20:29:09.031 [info] > git for-each-ref --format=%(refname)%00%(upstream:short)%00%(objectname)%00%(upstream:track)%00%(upstream:remotename)%00%(upstream:remoteref) refs/heads/jhw refs/remotes/jhw [2ms]
2024-11-24 20:29:09.038 [info] > git for-each-ref --sort -committerdate --format %(refname) %(objectname) %(*objectname) [2ms]
2024-11-24 20:29:09.103 [info] > git status -z -uall [69ms]
2024-11-24 20:29:17.081 [info] > git show --textconv :board_write.php [9ms]
2024-11-24 20:29:17.084 [info] > git ls-files --stage -- /var/www/html/2_team/2_team2/board_write.php [6ms]
2024-11-24 20:29:17.087 [info] > git cat-file -s 0687fadee009738f5bf03747183511f44d3ccd7e [1ms]
2024-11-24 20:29:36.931 [info] > git show --textconv :promotion_board.php [7ms]
2024-11-24 20:29:36.934 [info] > git ls-files --stage -- /var/www/html/2_team/2_team2/promotion_board.php [7ms]
2024-11-24 20:29:36.937 [info] > git cat-file -s d975112bd2a6971b57d7d3d3c3e8c8c30708c715 [1ms]
2024-11-24 20:29:42.916 [info] > git show --textconv :board_write.php [7ms]
2024-11-24 20:29:42.919 [info] > git ls-files --stage -- /var/www/html/2_team/2_team2/board_write.php [7ms]
2024-11-24 20:29:42.922 [info] > git cat-file -s 0687fadee009738f5bf03747183511f44d3ccd7e [1ms]
2024-11-24 20:29:44.828 [info] > git show --textconv :promotion_board.php [13ms]
2024-11-24 20:29:44.831 [info] > git ls-files --stage -- /var/www/html/2_team/2_team2/promotion_board.php [7ms]
2024-11-24 20:29:44.834 [info] > git cat-file -s d975112bd2a6971b57d7d3d3c3e8c8c30708c715 [1ms]
2024-11-24 20:29:47.273 [info] > git show --textconv :board_write.php [8ms]
2024-11-24 20:29:47.276 [info] > git ls-files --stage -- /var/www/html/2_team/2_team2/board_write.php [7ms]
2024-11-24 20:29:47.279 [info] > git cat-file -s 0687fadee009738f5bf03747183511f44d3ccd7e [1ms]
2024-11-24 20:29:49.789 [info] > git show --textconv :promotion_board.php [8ms]
2024-11-24 20:29:49.792 [info] > git ls-files --stage -- /var/www/html/2_team/2_team2/promotion_board.php [7ms]
2024-11-24 20:29:49.795 [info] > git cat-file -s d975112bd2a6971b57d7d3d3c3e8c8c30708c715 [1ms]
2024-11-24 20:29:55.338 [info] > git config --get commit.template [9ms]
2024-11-24 20:29:55.340 [info] > git for-each-ref --format=%(refname)%00%(upstream:short)%00%(objectname)%00%(upstream:track)%00%(upstream:remotename)%00%(upstream:remoteref) refs/heads/jhw refs/remotes/jhw [2ms]
2024-11-24 20:29:55.352 [info] > git for-each-ref --sort -committerdate --format %(refname) %(objectname) %(*objectname) [3ms]
2024-11-24 20:29:55.420 [info] > git status -z -uall [75ms]
2024-11-24 20:29:55.971 [info] > git show --textconv :board_write.php [7ms]
2024-11-24 20:29:55.973 [info] > git ls-files --stage -- /var/www/html/2_team/2_team2/board_write.php [7ms]
2024-11-24 20:29:55.977 [info] > git cat-file -s 0687fadee009738f5bf03747183511f44d3ccd7e [2ms]
2024-11-24 20:29:59.103 [info] > git show --textconv :promotion_board.php [21ms]
2024-11-24 20:29:59.112 [info] > git ls-files --stage -- /var/www/html/2_team/2_team2/promotion_board.php [24ms]
2024-11-24 20:29:59.123 [info] > git cat-file -s d975112bd2a6971b57d7d3d3c3e8c8c30708c715 [4ms]
2024-11-24 20:30:05.877 [info] > git show --textconv :promotion_write.php [6ms]
2024-11-24 20:30:05.881 [info] > git ls-files --stage -- /var/www/html/2_team/2_team2/promotion_write.php [7ms]
2024-11-24 20:30:16.393 [info] > git show --textconv :board_write.php [7ms]
2024-11-24 20:30:16.396 [info] > git ls-files --stage -- /var/www/html/2_team/2_team2/board_write.php [7ms]
2024-11-24 20:30:16.400 [info] > git cat-file -s 0687fadee009738f5bf03747183511f44d3ccd7e [2ms]
2024-11-24 20:30:19.442 [info] > git show --textconv :promotion_write.php [7ms]
2024-11-24 20:30:19.445 [info] > git ls-files --stage -- /var/www/html/2_team/2_team2/promotion_write.php [7ms]
2024-11-24 20:30:26.339 [info] > git config --get commit.template [3ms]
2024-11-24 20:30:26.340 [info] > git for-each-ref --format=%(refname)%00%(upstream:short)%00%(objectname)%00%(upstream:track)%00%(upstream:remotename)%00%(upstream:remoteref) refs/heads/jhw refs/remotes/jhw [2ms]
2024-11-24 20:30:26.348 [info] > git for-each-ref --sort -committerdate --format %(refname) %(objectname) %(*objectname) [2ms]
2024-11-24 20:30:26.422 [info] > git status -z -uall [79ms]
2024-11-24 20:30:28.950 [info] > git show --textconv :board_write.php [7ms]
2024-11-24 20:30:28.953 [info] > git ls-files --stage -- /var/www/html/2_team/2_team2/board_write.php [7ms]
2024-11-24 20:30:28.956 [info] > git cat-file -s 0687fadee009738f5bf03747183511f44d3ccd7e [1ms]
2024-11-24 20:30:31.438 [info] > git config --get commit.template [4ms]
2024-11-24 20:30:31.439 [info] > git for-each-ref --format=%(refname)%00%(upstream:short)%00%(objectname)%00%(upstream:track)%00%(upstream:remotename)%00%(upstream:remoteref) refs/heads/jhw refs/remotes/jhw [2ms]
2024-11-24 20:30:31.446 [info] > git for-each-ref --sort -committerdate --format %(refname) %(objectname) %(*objectname) [2ms]
2024-11-24 20:30:31.512 [info] > git status -z -uall [71ms]
2024-11-24 20:30:35.826 [info] > git show --textconv :promotion_write.php [12ms]
2024-11-24 20:30:35.828 [info] > git ls-files --stage -- /var/www/html/2_team/2_team2/promotion_write.php [8ms]
2024-11-24 20:30:43.759 [info] > git show --textconv :board_write.php [7ms]
2024-11-24 20:30:43.762 [info] > git ls-files --stage -- /var/www/html/2_team/2_team2/board_write.php [7ms]
2024-11-24 20:30:43.766 [info] > git cat-file -s 0687fadee009738f5bf03747183511f44d3ccd7e [2ms]
2024-11-24 20:30:49.374 [info] > git config --get commit.template [3ms]
2024-11-24 20:30:49.376 [info] > git for-each-ref --format=%(refname)%00%(upstream:short)%00%(objectname)%00%(upstream:track)%00%(upstream:remotename)%00%(upstream:remoteref) refs/heads/jhw refs/remotes/jhw [2ms]
2024-11-24 20:30:49.384 [info] > git for-each-ref --sort -committerdate --format %(refname) %(objectname) %(*objectname) [3ms]
2024-11-24 20:30:49.457 [info] > git status -z -uall [78ms]
2024-11-24 20:30:51.184 [info] > git show --textconv :promotion_write.php [7ms]
2024-11-24 20:30:51.187 [info] > git ls-files --stage -- /var/www/html/2_team/2_team2/promotion_write.php [7ms]
2024-11-24 20:30:54.480 [info] > git config --get commit.template [9ms]
2024-11-24 20:30:54.483 [info] > git for-each-ref --format=%(refname)%00%(upstream:short)%00%(objectname)%00%(upstream:track)%00%(upstream:remotename)%00%(upstream:remoteref) refs/heads/jhw refs/remotes/jhw [5ms]
2024-11-24 20:30:54.504 [info] > git for-each-ref --sort -committerdate --format %(refname) %(objectname) %(*objectname) [6ms]
2024-11-24 20:30:54.588 [info] > git status -z -uall [97ms]
2024-11-24 20:31:31.619 [info] > git config --get commit.template [10ms]
2024-11-24 20:31:31.623 [info] > git for-each-ref --format=%(refname)%00%(upstream:short)%00%(objectname)%00%(upstream:track)%00%(upstream:remotename)%00%(upstream:remoteref) refs/heads/jhw refs/remotes/jhw [5ms]
2024-11-24 20:31:31.645 [info] > git for-each-ref --sort -committerdate --format %(refname) %(objectname) %(*objectname) [7ms]
2024-11-24 20:31:31.745 [info] > git status -z -uall [114ms]
2024-11-24 20:31:45.268 [info] > git show --textconv :board_write.php [7ms]
2024-11-24 20:31:45.271 [info] > git ls-files --stage -- /var/www/html/2_team/2_team2/board_write.php [7ms]
2024-11-24 20:31:45.274 [info] > git cat-file -s 0687fadee009738f5bf03747183511f44d3ccd7e [1ms]
2024-11-24 20:31:56.893 [info] > git config --get commit.template [3ms]
2024-11-24 20:31:56.894 [info] > git for-each-ref --format=%(refname)%00%(upstream:short)%00%(objectname)%00%(upstream:track)%00%(upstream:remotename)%00%(upstream:remoteref) refs/heads/jhw refs/remotes/jhw [1ms]
2024-11-24 20:31:56.902 [info] > git for-each-ref --sort -committerdate --format %(refname) %(objectname) %(*objectname) [2ms]
2024-11-24 20:31:56.968 [info] > git status -z -uall [71ms]
2024-11-24 20:31:58.900 [info] > git show --textconv :promotion_write.php [8ms]
2024-11-24 20:31:58.903 [info] > git ls-files --stage -- /var/www/html/2_team/2_team2/promotion_write.php [7ms]
2024-11-24 20:32:00.733 [info] > git show --textconv :board_write.php [7ms]
2024-11-24 20:32:00.736 [info] > git ls-files --stage -- /var/www/html/2_team/2_team2/board_write.php [7ms]
2024-11-24 20:32:00.740 [info] > git cat-file -s 0687fadee009738f5bf03747183511f44d3ccd7e [1ms]
2024-11-24 20:32:43.141 [info] > git config --get commit.template [5ms]
2024-11-24 20:32:43.143 [info] > git for-each-ref --format=%(refname)%00%(upstream:short)%00%(objectname)%00%(upstream:track)%00%(upstream:remotename)%00%(upstream:remoteref) refs/heads/jhw refs/remotes/jhw [3ms]
2024-11-24 20:32:43.152 [info] > git for-each-ref --sort -committerdate --format %(refname) %(objectname) %(*objectname) [2ms]
2024-11-24 20:32:43.222 [info] > git status -z -uall [76ms]
2024-11-24 20:34:48.570 [info] > git config --get commit.template [3ms]
2024-11-24 20:34:48.571 [info] > git for-each-ref --format=%(refname)%00%(upstream:short)%00%(objectname)%00%(upstream:track)%00%(upstream:remotename)%00%(upstream:remoteref) refs/heads/jhw refs/remotes/jhw [2ms]
2024-11-24 20:34:48.579 [info] > git for-each-ref --sort -committerdate --format %(refname) %(objectname) %(*objectname) [1ms]
2024-11-24 20:34:48.643 [info] > git status -z -uall [69ms]
2024-11-24 20:34:48.814 [info] > git show --textconv :promotion_write.php [6ms]
2024-11-24 20:34:48.820 [info] > git ls-files --stage -- /var/www/html/2_team/2_team2/promotion_write.php [10ms]
2024-11-24 20:35:45.455 [info] > git show --textconv :mypage.php [7ms]
2024-11-24 20:35:45.457 [info] > git ls-files --stage -- /var/www/html/2_team/2_team2/mypage.php [7ms]
2024-11-24 20:35:45.461 [info] > git cat-file -s 9104ce1c9742f347dceb33d62fb4f4bf68ab9da3 [2ms]
2024-11-24 20:44:21.074 [info] > git config --get commit.template [3ms]
2024-11-24 20:44:21.075 [info] > git for-each-ref --format=%(refname)%00%(upstream:short)%00%(objectname)%00%(upstream:track)%00%(upstream:remotename)%00%(upstream:remoteref) refs/heads/jhw refs/remotes/jhw [1ms]
2024-11-24 20:44:21.083 [info] > git for-each-ref --sort -committerdate --format %(refname) %(objectname) %(*objectname) [2ms]
2024-11-24 20:44:21.148 [info] > git status -z -uall [70ms]
2024-11-24 20:44:38.085 [info] > git config --get commit.template [3ms]
2024-11-24 20:44:38.086 [info] > git for-each-ref --format=%(refname)%00%(upstream:short)%00%(objectname)%00%(upstream:track)%00%(upstream:remotename)%00%(upstream:remoteref) refs/heads/jhw refs/remotes/jhw [2ms]
2024-11-24 20:44:38.093 [info] > git for-each-ref --sort -committerdate --format %(refname) %(objectname) %(*objectname) [2ms]
2024-11-24 20:44:38.158 [info] > git status -z -uall [70ms]
2024-11-24 20:46:30.107 [info] > git config --get commit.template [3ms]
2024-11-24 20:46:30.108 [info] > git for-each-ref --format=%(refname)%00%(upstream:short)%00%(objectname)%00%(upstream:track)%00%(upstream:remotename)%00%(upstream:remoteref) refs/heads/jhw refs/remotes/jhw [1ms]
2024-11-24 20:46:30.115 [info] > git for-each-ref --sort -committerdate --format %(refname) %(objectname) %(*objectname) [2ms]
2024-11-24 20:46:30.183 [info] > git status -z -uall [72ms]
