2024-11-26 18:30:55.026 [info] Extension host with pid 247454 started
2024-11-26 18:30:55.026 [error] Error: EEXIST: file already exists, open '/var/www/html/2_team/2_team2/.vscode-server/data/User/workspaceStorage/5bc055b56f09686021ebb31cab71230f/vscode.lock'
2024-11-26 18:30:55.032 [info] Lock '/var/www/html/2_team/2_team2/.vscode-server/data/User/workspaceStorage/5bc055b56f09686021ebb31cab71230f/vscode.lock': Could not acquire lock, checking if the file is stale.
2024-11-26 18:30:55.037 [info] Lock '/var/www/html/2_team/2_team2/.vscode-server/data/User/workspaceStorage/5bc055b56f09686021ebb31cab71230f/vscode.lock': The lock does not look stale, elapsed: 592 ms, giving up.
2024-11-26 18:30:55.040 [error] Error: EEXIST: file already exists, open '/var/www/html/2_team/2_team2/.vscode-server/data/User/workspaceStorage/5bc055b56f09686021ebb31cab71230f-1/vscode.lock'
2024-11-26 18:30:55.040 [info] Lock '/var/www/html/2_team/2_team2/.vscode-server/data/User/workspaceStorage/5bc055b56f09686021ebb31cab71230f-1/vscode.lock': Could not acquire lock, checking if the file is stale.
2024-11-26 18:30:55.045 [info] Lock '/var/www/html/2_team/2_team2/.vscode-server/data/User/workspaceStorage/5bc055b56f09686021ebb31cab71230f-1/vscode.lock': The lock does not look stale, elapsed: 254 ms, giving up.
2024-11-26 18:30:55.046 [error] Error: EEXIST: file already exists, open '/var/www/html/2_team/2_team2/.vscode-server/data/User/workspaceStorage/5bc055b56f09686021ebb31cab71230f-2/vscode.lock'
2024-11-26 18:30:55.046 [info] Lock '/var/www/html/2_team/2_team2/.vscode-server/data/User/workspaceStorage/5bc055b56f09686021ebb31cab71230f-2/vscode.lock': Could not acquire lock, checking if the file is stale.
2024-11-26 18:30:55.047 [info] Lock '/var/www/html/2_team/2_team2/.vscode-server/data/User/workspaceStorage/5bc055b56f09686021ebb31cab71230f-2/vscode.lock': The lock does not look stale, elapsed: 885 ms, giving up.
2024-11-26 18:30:55.047 [error] Error: EEXIST: file already exists, open '/var/www/html/2_team/2_team2/.vscode-server/data/User/workspaceStorage/5bc055b56f09686021ebb31cab71230f-3/vscode.lock'
2024-11-26 18:30:55.047 [info] Lock '/var/www/html/2_team/2_team2/.vscode-server/data/User/workspaceStorage/5bc055b56f09686021ebb31cab71230f-3/vscode.lock': Could not acquire lock, checking if the file is stale.
2024-11-26 18:30:55.048 [info] Lock '/var/www/html/2_team/2_team2/.vscode-server/data/User/workspaceStorage/5bc055b56f09686021ebb31cab71230f-3/vscode.lock': The lock does not look stale, elapsed: 473 ms, giving up.
2024-11-26 18:30:55.051 [info] Lock '/var/www/html/2_team/2_team2/.vscode-server/data/User/workspaceStorage/5bc055b56f09686021ebb31cab71230f-4/vscode.lock': Lock acquired.
2024-11-26 18:30:55.131 [info] ExtensionService#_doActivateExtension vscode.emmet, startup: false, activationEvent: 'onLanguage'
2024-11-26 18:30:55.132 [info] ExtensionService#_doActivateExtension vscode.php-language-features, startup: false, activationEvent: 'onLanguage:php'
2024-11-26 18:30:55.133 [info] ExtensionService#_doActivateExtension vscode.git-base, startup: false, activationEvent: '*', root cause: vscode.git
2024-11-26 18:30:55.133 [info] ExtensionService#_doActivateExtension ms-dotnettools.vscode-dotnet-runtime, startup: false, activationEvent: '*', root cause: Oracle.oracledevtools
2024-11-26 18:30:55.755 [info] ExtensionService#_doActivateExtension Oracle.oracledevtools, startup: false, activationEvent: '*'
2024-11-26 18:31:06.085 [info] ExtensionService#_doActivateExtension vscode.git, startup: false, activationEvent: '*'
2024-11-26 18:31:06.086 [info] ExtensionService#_doActivateExtension vscode.github, startup: false, activationEvent: '*'
2024-11-26 18:31:06.944 [warning] [Decorations] CAPPING events from decorations provider vscode.git 522
2024-11-26 18:31:07.151 [warning] [Decorations] CAPPING events from decorations provider vscode.git 522
2024-11-26 18:31:08.229 [info] Eager extensions activated
2024-11-26 18:31:08.229 [info] ExtensionService#_doActivateExtension vscode.debug-auto-launch, startup: false, activationEvent: 'onStartupFinished'
2024-11-26 18:31:08.229 [info] ExtensionService#_doActivateExtension vscode.merge-conflict, startup: false, activationEvent: 'onStartupFinished'
2024-11-26 18:31:08.230 [info] ExtensionService#_doActivateExtension esbenp.prettier-vscode, startup: false, activationEvent: 'onStartupFinished'
2024-11-26 18:31:08.230 [info] ExtensionService#_doActivateExtension ritwickdey.LiveServer, startup: false, activationEvent: 'onStartupFinished'
2024-11-26 18:33:49.059 [warning] [Decorations] CAPPING events from decorations provider vscode.git 532
2024-11-26 18:33:54.155 [warning] [Decorations] CAPPING events from decorations provider vscode.git 532
2024-11-26 18:33:59.249 [warning] [Decorations] CAPPING events from decorations provider vscode.git 532
2024-11-26 18:34:04.343 [warning] [Decorations] CAPPING events from decorations provider vscode.git 532
2024-11-26 18:34:09.437 [warning] [Decorations] CAPPING events from decorations provider vscode.git 533
2024-11-26 18:34:24.546 [warning] [Decorations] CAPPING events from decorations provider vscode.git 536
2024-11-26 18:34:29.642 [warning] [Decorations] CAPPING events from decorations provider vscode.git 536
2024-11-26 18:34:38.038 [warning] [Decorations] CAPPING events from decorations provider vscode.git 537
2024-11-26 18:34:44.050 [warning] [Decorations] CAPPING events from decorations provider vscode.git 537
2024-11-26 18:34:49.174 [warning] [Decorations] CAPPING events from decorations provider vscode.git 537
2024-11-26 18:35:04.059 [warning] [Decorations] CAPPING events from decorations provider vscode.git 538
2024-11-26 18:35:10.093 [warning] [Decorations] CAPPING events from decorations provider vscode.git 538
2024-11-26 18:35:15.187 [warning] [Decorations] CAPPING events from decorations provider vscode.git 538
2024-11-26 18:35:45.137 [warning] [Decorations] CAPPING events from decorations provider vscode.git 539
2024-11-26 18:35:51.094 [warning] [Decorations] CAPPING events from decorations provider vscode.git 539
2024-11-26 18:35:57.111 [warning] [Decorations] CAPPING events from decorations provider vscode.git 539
2024-11-26 18:36:05.163 [warning] [Decorations] CAPPING events from decorations provider vscode.git 539
2024-11-26 18:36:10.257 [warning] [Decorations] CAPPING events from decorations provider vscode.git 539
2024-11-26 18:36:15.351 [warning] [Decorations] CAPPING events from decorations provider vscode.git 539
2024-11-26 18:36:20.446 [warning] [Decorations] CAPPING events from decorations provider vscode.git 539
2024-11-26 18:36:34.777 [warning] [Decorations] CAPPING events from decorations provider vscode.git 539
2024-11-26 18:36:43.927 [warning] [Decorations] CAPPING events from decorations provider vscode.git 539
2024-11-26 18:36:49.023 [warning] [Decorations] CAPPING events from decorations provider vscode.git 540
2024-11-26 18:36:54.130 [warning] [Decorations] CAPPING events from decorations provider vscode.git 540
2024-11-26 18:36:59.224 [warning] [Decorations] CAPPING events from decorations provider vscode.git 540
2024-11-26 18:37:04.319 [warning] [Decorations] CAPPING events from decorations provider vscode.git 541
2024-11-26 18:37:18.379 [warning] [Decorations] CAPPING events from decorations provider vscode.git 541
2024-11-26 18:37:23.471 [warning] [Decorations] CAPPING events from decorations provider vscode.git 541
2024-11-26 18:37:28.563 [warning] [Decorations] CAPPING events from decorations provider vscode.git 541
2024-11-26 18:37:33.654 [warning] [Decorations] CAPPING events from decorations provider vscode.git 542
2024-11-26 18:40:06.751 [warning] [Decorations] CAPPING events from decorations provider vscode.git 543
2024-11-26 18:49:36.717 [warning] [Decorations] CAPPING events from decorations provider vscode.git 550
2024-11-26 18:49:44.898 [warning] [Decorations] CAPPING events from decorations provider vscode.git 548
2024-11-26 18:49:49.992 [warning] [Decorations] CAPPING events from decorations provider vscode.git 548
2024-11-26 18:49:55.686 [warning] [Decorations] CAPPING events from decorations provider vscode.git 548
2024-11-26 18:50:00.780 [warning] [Decorations] CAPPING events from decorations provider vscode.git 548
2024-11-26 18:50:06.700 [warning] [Decorations] CAPPING events from decorations provider vscode.git 548
2024-11-26 18:50:16.563 [warning] [Decorations] CAPPING events from decorations provider vscode.git 549
2024-11-26 18:50:25.097 [warning] [Decorations] CAPPING events from decorations provider vscode.git 549
2024-11-26 18:50:30.883 [warning] [Decorations] CAPPING events from decorations provider vscode.git 549
2024-11-26 18:50:35.976 [warning] [Decorations] CAPPING events from decorations provider vscode.git 549
2024-11-26 18:50:41.108 [warning] [Decorations] CAPPING events from decorations provider vscode.git 549
2024-11-26 18:50:48.938 [warning] [Decorations] CAPPING events from decorations provider vscode.git 549
2024-11-26 18:50:54.035 [warning] [Decorations] CAPPING events from decorations provider vscode.git 550
2024-11-26 18:51:16.664 [warning] [Decorations] CAPPING events from decorations provider vscode.git 551
2024-11-26 18:51:21.761 [warning] [Decorations] CAPPING events from decorations provider vscode.git 551
2024-11-26 18:51:26.853 [warning] [Decorations] CAPPING events from decorations provider vscode.git 552
2024-11-26 18:51:31.944 [warning] [Decorations] CAPPING events from decorations provider vscode.git 552
2024-11-26 18:51:39.814 [warning] [Decorations] CAPPING events from decorations provider vscode.git 552
2024-11-26 18:52:08.025 [warning] [Decorations] CAPPING events from decorations provider vscode.git 554
2024-11-26 20:01:56.197 [info] Extension host terminating: renderer disconnected for too long (2)
2024-11-26 20:01:56.199 [info] Lock '/var/www/html/2_team/2_team2/.vscode-server/data/User/workspaceStorage/5bc055b56f09686021ebb31cab71230f-4/vscode.lock': Marking the lockfile as scheduled to be released in 6000 ms.
2024-11-26 20:01:56.226 [error] Canceled: Canceled
	at new tT (file:///var/www/html/2_team/2_team2/.vscode-server/cli/servers/Stable-f1a4fb101478ce6ec82fe9627c43efbf9e98c813/server/out/vs/workbench/api/node/extensionHostProcess.js:31:151066)
	at py.U (file:///var/www/html/2_team/2_team2/.vscode-server/cli/servers/Stable-f1a4fb101478ce6ec82fe9627c43efbf9e98c813/server/out/vs/workbench/api/node/extensionHostProcess.js:31:155676)
	at s.<computed>.n.charCodeAt.s.<computed> (file:///var/www/html/2_team/2_team2/.vscode-server/cli/servers/Stable-f1a4fb101478ce6ec82fe9627c43efbf9e98c813/server/out/vs/workbench/api/node/extensionHostProcess.js:31:153170)
	at Y0.g (file:///var/www/html/2_team/2_team2/.vscode-server/cli/servers/Stable-f1a4fb101478ce6ec82fe9627c43efbf9e98c813/server/out/vs/workbench/api/node/extensionHostProcess.js:114:32313)
	at Y0.executeCommand (file:///var/www/html/2_team/2_team2/.vscode-server/cli/servers/Stable-f1a4fb101478ce6ec82fe9627c43efbf9e98c813/server/out/vs/workbench/api/node/extensionHostProcess.js:114:31817)
	at r.registerCommand.description (file:///var/www/html/2_team/2_team2/.vscode-server/cli/servers/Stable-f1a4fb101478ce6ec82fe9627c43efbf9e98c813/server/out/vs/workbench/api/node/extensionHostProcess.js:114:31147)
	at Y0.h (file:///var/www/html/2_team/2_team2/.vscode-server/cli/servers/Stable-f1a4fb101478ce6ec82fe9627c43efbf9e98c813/server/out/vs/workbench/api/node/extensionHostProcess.js:114:32833)
	at Y0.g (file:///var/www/html/2_team/2_team2/.vscode-server/cli/servers/Stable-f1a4fb101478ce6ec82fe9627c43efbf9e98c813/server/out/vs/workbench/api/node/extensionHostProcess.js:114:31910)
	at Y0.executeCommand (file:///var/www/html/2_team/2_team2/.vscode-server/cli/servers/Stable-f1a4fb101478ce6ec82fe9627c43efbf9e98c813/server/out/vs/workbench/api/node/extensionHostProcess.js:114:31817)
	at Object.executeCommand (file:///var/www/html/2_team/2_team2/.vscode-server/cli/servers/Stable-f1a4fb101478ce6ec82fe9627c43efbf9e98c813/server/out/vs/workbench/api/node/extensionHostProcess.js:156:37246)
	at mh.O [as value] (/var/www/html/2_team/2_team2/.vscode-server/cli/servers/Stable-f1a4fb101478ce6ec82fe9627c43efbf9e98c813/server/extensions/git/dist/main.js:2:961845)
	at P.B (file:///var/www/html/2_team/2_team2/.vscode-server/cli/servers/Stable-f1a4fb101478ce6ec82fe9627c43efbf9e98c813/server/out/vs/workbench/api/node/extensionHostProcess.js:29:746)
	at P.C (file:///var/www/html/2_team/2_team2/.vscode-server/cli/servers/Stable-f1a4fb101478ce6ec82fe9627c43efbf9e98c813/server/out/vs/workbench/api/node/extensionHostProcess.js:29:816)
	at P.fire (file:///var/www/html/2_team/2_team2/.vscode-server/cli/servers/Stable-f1a4fb101478ce6ec82fe9627c43efbf9e98c813/server/out/vs/workbench/api/node/extensionHostProcess.js:29:1033)
	at Object.p [as dispose] (/var/www/html/2_team/2_team2/.vscode-server/cli/servers/Stable-f1a4fb101478ce6ec82fe9627c43efbf9e98c813/server/extensions/git/dist/main.js:2:983333)
	at /var/www/html/2_team/2_team2/.vscode-server/cli/servers/Stable-f1a4fb101478ce6ec82fe9627c43efbf9e98c813/server/extensions/git/dist/main.js:2:989455
	at Array.forEach (<anonymous>)
	at b.dispose (/var/www/html/2_team/2_team2/.vscode-server/cli/servers/Stable-f1a4fb101478ce6ec82fe9627c43efbf9e98c813/server/extensions/git/dist/main.js:2:989441)
	at V1.<anonymous> (file:///var/www/html/2_team/2_team2/.vscode-server/cli/servers/Stable-f1a4fb101478ce6ec82fe9627c43efbf9e98c813/server/out/vs/workbench/api/node/extensionHostProcess.js:108:19994)
	at V1.dispose (file:///var/www/html/2_team/2_team2/.vscode-server/cli/servers/Stable-f1a4fb101478ce6ec82fe9627c43efbf9e98c813/server/out/vs/workbench/api/node/extensionHostProcess.js:108:20090)
	at V1.<anonymous> (/var/www/html/2_team/2_team2/.vscode-server/cli/servers/Stable-f1a4fb101478ce6ec82fe9627c43efbf9e98c813/server/extensions/git/dist/main.js:2:964255)
	at V1.dispose (file:///var/www/html/2_team/2_team2/.vscode-server/cli/servers/Stable-f1a4fb101478ce6ec82fe9627c43efbf9e98c813/server/out/vs/workbench/api/node/extensionHostProcess.js:108:20090)
	at ci (file:///var/www/html/2_team/2_team2/.vscode-server/cli/servers/Stable-f1a4fb101478ce6ec82fe9627c43efbf9e98c813/server/out/vs/workbench/api/node/extensionHostProcess.js:24:699)
	at file:///var/www/html/2_team/2_team2/.vscode-server/cli/servers/Stable-f1a4fb101478ce6ec82fe9627c43efbf9e98c813/server/out/vs/workbench/api/node/extensionHostProcess.js:118:14992
	at file:///var/www/html/2_team/2_team2/.vscode-server/cli/servers/Stable-f1a4fb101478ce6ec82fe9627c43efbf9e98c813/server/out/vs/workbench/api/node/extensionHostProcess.js:24:1009
	at Object.dispose (file:///var/www/html/2_team/2_team2/.vscode-server/cli/servers/Stable-f1a4fb101478ce6ec82fe9627c43efbf9e98c813/server/out/vs/workbench/api/node/extensionHostProcess.js:7:2146)
	at _z.eb (file:///var/www/html/2_team/2_team2/.vscode-server/cli/servers/Stable-f1a4fb101478ce6ec82fe9627c43efbf9e98c813/server/out/vs/workbench/api/node/extensionHostProcess.js:118:11919)
	at file:///var/www/html/2_team/2_team2/.vscode-server/cli/servers/Stable-f1a4fb101478ce6ec82fe9627c43efbf9e98c813/server/out/vs/workbench/api/node/extensionHostProcess.js:118:9874
	at Array.map (<anonymous>)
	at _z.$ (file:///var/www/html/2_team/2_team2/.vscode-server/cli/servers/Stable-f1a4fb101478ce6ec82fe9627c43efbf9e98c813/server/out/vs/workbench/api/node/extensionHostProcess.js:118:9862)
	at _z.terminate (file:///var/www/html/2_team/2_team2/.vscode-server/cli/servers/Stable-f1a4fb101478ce6ec82fe9627c43efbf9e98c813/server/out/vs/workbench/api/node/extensionHostProcess.js:118:10105)
	at xC.terminate (file:///var/www/html/2_team/2_team2/.vscode-server/cli/servers/Stable-f1a4fb101478ce6ec82fe9627c43efbf9e98c813/server/out/vs/workbench/api/node/extensionHostProcess.js:119:1424)
	at Zi (file:///var/www/html/2_team/2_team2/.vscode-server/cli/servers/Stable-f1a4fb101478ce6ec82fe9627c43efbf9e98c813/server/out/vs/workbench/api/node/extensionHostProcess.js:174:15084)
	at c5.a (file:///var/www/html/2_team/2_team2/.vscode-server/cli/servers/Stable-f1a4fb101478ce6ec82fe9627c43efbf9e98c813/server/out/vs/workbench/api/node/extensionHostProcess.js:174:11997)
	at c5.h (file:///var/www/html/2_team/2_team2/.vscode-server/cli/servers/Stable-f1a4fb101478ce6ec82fe9627c43efbf9e98c813/server/out/vs/workbench/api/node/extensionHostProcess.js:30:75682)
	at listOnTimeout (node:internal/timers:581:17)
	at process.processTimers (node:internal/timers:519:7) setContext undefined
2024-11-26 20:01:56.227 [error] Canceled: Canceled
	at new tT (file:///var/www/html/2_team/2_team2/.vscode-server/cli/servers/Stable-f1a4fb101478ce6ec82fe9627c43efbf9e98c813/server/out/vs/workbench/api/node/extensionHostProcess.js:31:151066)
	at py.U (file:///var/www/html/2_team/2_team2/.vscode-server/cli/servers/Stable-f1a4fb101478ce6ec82fe9627c43efbf9e98c813/server/out/vs/workbench/api/node/extensionHostProcess.js:31:155676)
	at s.<computed>.n.charCodeAt.s.<computed> (file:///var/www/html/2_team/2_team2/.vscode-server/cli/servers/Stable-f1a4fb101478ce6ec82fe9627c43efbf9e98c813/server/out/vs/workbench/api/node/extensionHostProcess.js:31:153170)
	at Y0.g (file:///var/www/html/2_team/2_team2/.vscode-server/cli/servers/Stable-f1a4fb101478ce6ec82fe9627c43efbf9e98c813/server/out/vs/workbench/api/node/extensionHostProcess.js:114:32313)
	at Y0.executeCommand (file:///var/www/html/2_team/2_team2/.vscode-server/cli/servers/Stable-f1a4fb101478ce6ec82fe9627c43efbf9e98c813/server/out/vs/workbench/api/node/extensionHostProcess.js:114:31817)
	at r.registerCommand.description (file:///var/www/html/2_team/2_team2/.vscode-server/cli/servers/Stable-f1a4fb101478ce6ec82fe9627c43efbf9e98c813/server/out/vs/workbench/api/node/extensionHostProcess.js:114:31147)
	at Y0.h (file:///var/www/html/2_team/2_team2/.vscode-server/cli/servers/Stable-f1a4fb101478ce6ec82fe9627c43efbf9e98c813/server/out/vs/workbench/api/node/extensionHostProcess.js:114:32833)
	at Y0.g (file:///var/www/html/2_team/2_team2/.vscode-server/cli/servers/Stable-f1a4fb101478ce6ec82fe9627c43efbf9e98c813/server/out/vs/workbench/api/node/extensionHostProcess.js:114:31910)
	at Y0.executeCommand (file:///var/www/html/2_team/2_team2/.vscode-server/cli/servers/Stable-f1a4fb101478ce6ec82fe9627c43efbf9e98c813/server/out/vs/workbench/api/node/extensionHostProcess.js:114:31817)
	at Object.executeCommand (file:///var/www/html/2_team/2_team2/.vscode-server/cli/servers/Stable-f1a4fb101478ce6ec82fe9627c43efbf9e98c813/server/out/vs/workbench/api/node/extensionHostProcess.js:156:37246)
	at set hasGitHubRepositories [as hasGitHubRepositories] (/var/www/html/2_team/2_team2/.vscode-server/cli/servers/Stable-f1a4fb101478ce6ec82fe9627c43efbf9e98c813/server/extensions/github/dist/extension.js:2:328633)
	at /var/www/html/2_team/2_team2/.vscode-server/cli/servers/Stable-f1a4fb101478ce6ec82fe9627c43efbf9e98c813/server/extensions/github/dist/extension.js:2:329592
	at mh.value (/var/www/html/2_team/2_team2/.vscode-server/cli/servers/Stable-f1a4fb101478ce6ec82fe9627c43efbf9e98c813/server/extensions/git/dist/main.js:2:1073936)
	at P.B (file:///var/www/html/2_team/2_team2/.vscode-server/cli/servers/Stable-f1a4fb101478ce6ec82fe9627c43efbf9e98c813/server/out/vs/workbench/api/node/extensionHostProcess.js:29:746)
	at P.C (file:///var/www/html/2_team/2_team2/.vscode-server/cli/servers/Stable-f1a4fb101478ce6ec82fe9627c43efbf9e98c813/server/out/vs/workbench/api/node/extensionHostProcess.js:29:816)
	at P.fire (file:///var/www/html/2_team/2_team2/.vscode-server/cli/servers/Stable-f1a4fb101478ce6ec82fe9627c43efbf9e98c813/server/out/vs/workbench/api/node/extensionHostProcess.js:29:1033)
	at Object.p [as dispose] (/var/www/html/2_team/2_team2/.vscode-server/cli/servers/Stable-f1a4fb101478ce6ec82fe9627c43efbf9e98c813/server/extensions/git/dist/main.js:2:983333)
	at /var/www/html/2_team/2_team2/.vscode-server/cli/servers/Stable-f1a4fb101478ce6ec82fe9627c43efbf9e98c813/server/extensions/git/dist/main.js:2:989455
	at Array.forEach (<anonymous>)
	at b.dispose (/var/www/html/2_team/2_team2/.vscode-server/cli/servers/Stable-f1a4fb101478ce6ec82fe9627c43efbf9e98c813/server/extensions/git/dist/main.js:2:989441)
	at V1.<anonymous> (file:///var/www/html/2_team/2_team2/.vscode-server/cli/servers/Stable-f1a4fb101478ce6ec82fe9627c43efbf9e98c813/server/out/vs/workbench/api/node/extensionHostProcess.js:108:19994)
	at V1.dispose (file:///var/www/html/2_team/2_team2/.vscode-server/cli/servers/Stable-f1a4fb101478ce6ec82fe9627c43efbf9e98c813/server/out/vs/workbench/api/node/extensionHostProcess.js:108:20090)
	at V1.<anonymous> (/var/www/html/2_team/2_team2/.vscode-server/cli/servers/Stable-f1a4fb101478ce6ec82fe9627c43efbf9e98c813/server/extensions/git/dist/main.js:2:964255)
	at V1.dispose (file:///var/www/html/2_team/2_team2/.vscode-server/cli/servers/Stable-f1a4fb101478ce6ec82fe9627c43efbf9e98c813/server/out/vs/workbench/api/node/extensionHostProcess.js:108:20090)
	at ci (file:///var/www/html/2_team/2_team2/.vscode-server/cli/servers/Stable-f1a4fb101478ce6ec82fe9627c43efbf9e98c813/server/out/vs/workbench/api/node/extensionHostProcess.js:24:699)
	at file:///var/www/html/2_team/2_team2/.vscode-server/cli/servers/Stable-f1a4fb101478ce6ec82fe9627c43efbf9e98c813/server/out/vs/workbench/api/node/extensionHostProcess.js:118:14992
	at file:///var/www/html/2_team/2_team2/.vscode-server/cli/servers/Stable-f1a4fb101478ce6ec82fe9627c43efbf9e98c813/server/out/vs/workbench/api/node/extensionHostProcess.js:24:1009
	at Object.dispose (file:///var/www/html/2_team/2_team2/.vscode-server/cli/servers/Stable-f1a4fb101478ce6ec82fe9627c43efbf9e98c813/server/out/vs/workbench/api/node/extensionHostProcess.js:7:2146)
	at _z.eb (file:///var/www/html/2_team/2_team2/.vscode-server/cli/servers/Stable-f1a4fb101478ce6ec82fe9627c43efbf9e98c813/server/out/vs/workbench/api/node/extensionHostProcess.js:118:11919)
	at file:///var/www/html/2_team/2_team2/.vscode-server/cli/servers/Stable-f1a4fb101478ce6ec82fe9627c43efbf9e98c813/server/out/vs/workbench/api/node/extensionHostProcess.js:118:9874
	at Array.map (<anonymous>)
	at _z.$ (file:///var/www/html/2_team/2_team2/.vscode-server/cli/servers/Stable-f1a4fb101478ce6ec82fe9627c43efbf9e98c813/server/out/vs/workbench/api/node/extensionHostProcess.js:118:9862)
	at _z.terminate (file:///var/www/html/2_team/2_team2/.vscode-server/cli/servers/Stable-f1a4fb101478ce6ec82fe9627c43efbf9e98c813/server/out/vs/workbench/api/node/extensionHostProcess.js:118:10105)
	at xC.terminate (file:///var/www/html/2_team/2_team2/.vscode-server/cli/servers/Stable-f1a4fb101478ce6ec82fe9627c43efbf9e98c813/server/out/vs/workbench/api/node/extensionHostProcess.js:119:1424)
	at Zi (file:///var/www/html/2_team/2_team2/.vscode-server/cli/servers/Stable-f1a4fb101478ce6ec82fe9627c43efbf9e98c813/server/out/vs/workbench/api/node/extensionHostProcess.js:174:15084)
	at c5.a (file:///var/www/html/2_team/2_team2/.vscode-server/cli/servers/Stable-f1a4fb101478ce6ec82fe9627c43efbf9e98c813/server/out/vs/workbench/api/node/extensionHostProcess.js:174:11997)
	at c5.h (file:///var/www/html/2_team/2_team2/.vscode-server/cli/servers/Stable-f1a4fb101478ce6ec82fe9627c43efbf9e98c813/server/out/vs/workbench/api/node/extensionHostProcess.js:30:75682)
	at listOnTimeout (node:internal/timers:581:17)
	at process.processTimers (node:internal/timers:519:7) setContext undefined
2024-11-26 20:01:57.230 [error] Error: Starting server failed
	at LanguageClient.$start (/var/www/html/2_team/2_team2/.vscode-server/extensions/oracle.oracledevtools-23.4.1/node_modules/vscode-languageclient/lib/common/client.js:1083:19)
	at processTicksAndRejections (node:internal/process/task_queues:95:5)
	at runNextTicks (node:internal/process/task_queues:64:3)
	at listOnTimeout (node:internal/timers:545:9)
	at process.processTimers (node:internal/timers:519:7)
	at async LanguageClient.sendNotification (/var/www/html/2_team/2_team2/.vscode-server/extensions/oracle.oracledevtools-23.4.1/node_modules/vscode-languageclient/lib/common/client.js:381:28)
2024-11-26 20:01:58.224 [error] Error: Stopping the server timed out
	at /var/www/html/2_team/2_team2/.vscode-server/extensions/oracle.oracledevtools-23.4.1/node_modules/vscode-languageclient/lib/common/client.js:933:23
	at async Promise.all (index 9)
	at async _z.$ (file:///var/www/html/2_team/2_team2/.vscode-server/cli/servers/Stable-f1a4fb101478ce6ec82fe9627c43efbf9e98c813/server/out/vs/workbench/api/node/extensionHostProcess.js:118:9888)
2024-11-26 20:01:58.224 [info] Extension host with pid 247454 exiting with code 0
