2024-11-26 20:54:17.139 [info] Extension host with pid 266243 started
2024-11-26 20:54:17.150 [info] Lock '/var/www/html/2_team/2_team2/.vscode-server/data/User/workspaceStorage/0a42fcde4b5af9f4112907c948b9d57e/vscode.lock': Lock acquired.
2024-11-26 20:54:17.579 [info] ExtensionService#_doActivateExtension vscode.emmet, startup: false, activationEvent: 'onLanguage'
2024-11-26 20:54:17.580 [info] ExtensionService#_doActivateExtension vscode.php-language-features, startup: false, activationEvent: 'onLanguage:php'
2024-11-26 20:54:17.580 [info] ExtensionService#_doActivateExtension vscode.git-base, startup: false, activationEvent: '*', root cause: vscode.git
2024-11-26 20:54:17.580 [info] ExtensionService#_doActivateExtension ms-dotnettools.vscode-dotnet-runtime, startup: false, activationEvent: '*', root cause: Oracle.oracledevtools
2024-11-26 20:54:18.414 [info] ExtensionService#_doActivateExtension Oracle.oracledevtools, startup: false, activationEvent: '*'
2024-11-26 20:54:19.532 [info] ExtensionService#_doActivateExtension vscode.git, startup: false, activationEvent: '*'
2024-11-26 20:54:19.532 [info] ExtensionService#_doActivateExtension vscode.github, startup: false, activationEvent: '*'
2024-11-26 20:54:19.794 [info] ExtensionService#_doActivateExtension vscode.configuration-editing, startup: false, activationEvent: 'onLanguage:jsonc'
2024-11-26 20:54:19.794 [info] ExtensionService#_doActivateExtension vscode.json-language-features, startup: false, activationEvent: 'onLanguage:jsonc'
2024-11-26 20:54:19.795 [info] ExtensionService#_doActivateExtension vscode.typescript-language-features, startup: false, activationEvent: 'onLanguage:jsonc'
2024-11-26 20:54:19.904 [error] CodeExpectedError: 사용자 설정에 쓸 수 없습니다. 사용자 설정을 열어 오류/경고를 수정하고 다시 시도하세요.
    at knt.y (vscode-file://vscode-app/c:/Users/kosw1/AppData/Local/Programs/Microsoft%20VS%20Code/resources/app/out/vs/workbench/workbench.desktop.main.js:3088:11662)
    at knt.o (vscode-file://vscode-app/c:/Users/kosw1/AppData/Local/Programs/Microsoft%20VS%20Code/resources/app/out/vs/workbench/workbench.desktop.main.js:3088:9130)
    at knt.n (vscode-file://vscode-app/c:/Users/kosw1/AppData/Local/Programs/Microsoft%20VS%20Code/resources/app/out/vs/workbench/workbench.desktop.main.js:3088:9021)
    at async Object.factory (vscode-file://vscode-app/c:/Users/kosw1/AppData/Local/Programs/Microsoft%20VS%20Code/resources/app/out/vs/workbench/workbench.desktop.main.js:3088:8771)
2024-11-26 20:54:20.145 [warning] [Decorations] CAPPING events from decorations provider vscode.git 701
2024-11-26 20:54:20.518 [error] CodeExpectedError: 사용자 설정에 쓸 수 없습니다. 사용자 설정을 열어 오류/경고를 수정하고 다시 시도하세요.
    at knt.y (vscode-file://vscode-app/c:/Users/kosw1/AppData/Local/Programs/Microsoft%20VS%20Code/resources/app/out/vs/workbench/workbench.desktop.main.js:3088:11662)
    at knt.o (vscode-file://vscode-app/c:/Users/kosw1/AppData/Local/Programs/Microsoft%20VS%20Code/resources/app/out/vs/workbench/workbench.desktop.main.js:3088:9130)
    at knt.n (vscode-file://vscode-app/c:/Users/kosw1/AppData/Local/Programs/Microsoft%20VS%20Code/resources/app/out/vs/workbench/workbench.desktop.main.js:3088:9021)
    at async Object.factory (vscode-file://vscode-app/c:/Users/kosw1/AppData/Local/Programs/Microsoft%20VS%20Code/resources/app/out/vs/workbench/workbench.desktop.main.js:3088:8771)
2024-11-26 20:54:20.532 [warning] [Decorations] CAPPING events from decorations provider vscode.git 701
2024-11-26 20:54:20.540 [error] CodeExpectedError: 사용자 설정에 쓸 수 없습니다. 사용자 설정을 열어 오류/경고를 수정하고 다시 시도하세요.
    at knt.y (vscode-file://vscode-app/c:/Users/kosw1/AppData/Local/Programs/Microsoft%20VS%20Code/resources/app/out/vs/workbench/workbench.desktop.main.js:3088:11662)
    at knt.o (vscode-file://vscode-app/c:/Users/kosw1/AppData/Local/Programs/Microsoft%20VS%20Code/resources/app/out/vs/workbench/workbench.desktop.main.js:3088:9130)
    at knt.n (vscode-file://vscode-app/c:/Users/kosw1/AppData/Local/Programs/Microsoft%20VS%20Code/resources/app/out/vs/workbench/workbench.desktop.main.js:3088:9021)
    at async Object.factory (vscode-file://vscode-app/c:/Users/kosw1/AppData/Local/Programs/Microsoft%20VS%20Code/resources/app/out/vs/workbench/workbench.desktop.main.js:3088:8771)
2024-11-26 20:54:20.556 [info] Eager extensions activated
2024-11-26 20:54:20.557 [info] ExtensionService#_doActivateExtension vscode.debug-auto-launch, startup: false, activationEvent: 'onStartupFinished'
2024-11-26 20:54:20.557 [info] ExtensionService#_doActivateExtension vscode.merge-conflict, startup: false, activationEvent: 'onStartupFinished'
2024-11-26 20:54:20.557 [info] ExtensionService#_doActivateExtension esbenp.prettier-vscode, startup: false, activationEvent: 'onStartupFinished'
2024-11-26 20:54:20.558 [info] ExtensionService#_doActivateExtension ritwickdey.LiveServer, startup: false, activationEvent: 'onStartupFinished'
2024-11-26 20:54:20.814 [error] CodeExpectedError: 사용자 설정에 쓸 수 없습니다. 사용자 설정을 열어 오류/경고를 수정하고 다시 시도하세요.
    at knt.y (vscode-file://vscode-app/c:/Users/kosw1/AppData/Local/Programs/Microsoft%20VS%20Code/resources/app/out/vs/workbench/workbench.desktop.main.js:3088:11662)
    at knt.o (vscode-file://vscode-app/c:/Users/kosw1/AppData/Local/Programs/Microsoft%20VS%20Code/resources/app/out/vs/workbench/workbench.desktop.main.js:3088:9130)
    at knt.n (vscode-file://vscode-app/c:/Users/kosw1/AppData/Local/Programs/Microsoft%20VS%20Code/resources/app/out/vs/workbench/workbench.desktop.main.js:3088:9021)
    at async Object.factory (vscode-file://vscode-app/c:/Users/kosw1/AppData/Local/Programs/Microsoft%20VS%20Code/resources/app/out/vs/workbench/workbench.desktop.main.js:3088:8771)
2024-11-26 20:54:22.437 [warning] [Decorations] CAPPING events from decorations provider vscode.git 704
2024-11-26 20:54:36.448 [warning] [Decorations] CAPPING events from decorations provider vscode.git 707
2024-11-26 20:54:36.545 [warning] [Decorations] CAPPING events from decorations provider vscode.git 688
2024-11-26 20:54:36.874 [warning] [Decorations] CAPPING events from decorations provider vscode.git 688
2024-11-26 20:54:41.635 [warning] [Decorations] CAPPING events from decorations provider vscode.git 688
