2024-11-25 14:03:53.236 [info] [main] 로그 수준: Info
2024-11-25 14:03:53.236 [info] [main] "git"에서 찾은 git 유효성을 검사하는 중
2024-11-25 14:03:53.236 [info] [main] "2.34.1"에서 git "git"을(를) 사용하는 중
2024-11-25 14:03:53.236 [info] [Model][doInitialScan] Initial repository scan started
2024-11-25 14:03:53.236 [info] > git rev-parse --show-toplevel [1ms]
2024-11-25 14:03:53.236 [info] > git rev-parse --git-dir --git-common-dir [2ms]
2024-11-25 14:03:53.236 [info] [Model][openRepository] Opened repository: /var/www/html/2_team/2_team2
2024-11-25 14:03:53.236 [info] > git config --get commit.template [3ms]
2024-11-25 14:03:53.236 [info] > git rev-parse --show-toplevel [2ms]
2024-11-25 14:03:53.236 [info] > git for-each-ref --format=%(refname)%00%(upstream:short)%00%(objectname)%00%(upstream:track)%00%(upstream:remotename)%00%(upstream:remoteref) refs/heads/jhw refs/remotes/jhw [3ms]
2024-11-25 14:03:53.236 [info] > git rev-parse --show-toplevel [1ms]
2024-11-25 14:03:53.236 [info] > git for-each-ref --sort -committerdate --format %(refname) %(objectname) %(*objectname) [4ms]
2024-11-25 14:03:53.236 [info] > git rev-parse --show-toplevel [3ms]
2024-11-25 14:03:53.236 [info] > git rev-parse --show-toplevel [2ms]
2024-11-25 14:03:53.236 [info] > git rev-parse --show-toplevel [1ms]
2024-11-25 14:03:53.236 [info] > git rev-parse --show-toplevel [2ms]
2024-11-25 14:03:53.236 [info] > git rev-parse --show-toplevel [1ms]
2024-11-25 14:03:53.236 [info] > git rev-parse --show-toplevel [1ms]
2024-11-25 14:03:53.236 [info] > git rev-parse --show-toplevel [3ms]
2024-11-25 14:03:53.236 [info] > git rev-parse --show-toplevel [3ms]
2024-11-25 14:03:53.236 [info] [Model][doInitialScan] Initial repository scan completed - repositories (1), closed repositories (0), parent repositories (0), unsafe repositories (0)
2024-11-25 14:03:53.271 [info] > git status -z -uall [87ms]
2024-11-25 14:03:53.285 [info] > git for-each-ref --format=%(refname)%00%(upstream:short)%00%(objectname)%00%(upstream:track)%00%(upstream:remotename)%00%(upstream:remoteref) refs/heads/jhw refs/remotes/jhw [7ms]
2024-11-25 14:03:53.289 [info] > git config --get commit.template [5ms]
2024-11-25 14:03:53.290 [info] > git config --local branch.jhw.vscode-merge-base [3ms]
2024-11-25 14:03:53.290 [warning] [Git][config] git config failed: Failed to execute git
2024-11-25 14:03:53.297 [info] > git for-each-ref --format=%(refname)%00%(upstream:short)%00%(objectname)%00%(upstream:track)%00%(upstream:remotename)%00%(upstream:remoteref) refs/heads/jhw refs/remotes/jhw [2ms]
2024-11-25 14:03:53.305 [info] > git for-each-ref --sort -committerdate --format %(refname) %(objectname) %(*objectname) [2ms]
2024-11-25 14:03:53.514 [info] > git status -z -uall [214ms]
2024-11-25 14:03:53.514 [info] > git reflog jhw --grep-reflog=branch: Created from *. [221ms]
2024-11-25 14:03:53.522 [info] > git for-each-ref --format=%(refname)%00%(upstream:short)%00%(objectname)%00%(upstream:track)%00%(upstream:remotename)%00%(upstream:remoteref) refs/heads/jhw refs/remotes/jhw [2ms]
2024-11-25 14:03:53.527 [info] > git config --local branch.jhw.vscode-merge-base [2ms]
2024-11-25 14:03:53.527 [warning] [Git][config] git config failed: Failed to execute git
2024-11-25 14:03:53.530 [info] > git reflog HEAD --grep-reflog=checkout: moving from .* to jhw [14ms]
2024-11-25 14:03:53.533 [info] > git reflog jhw --grep-reflog=branch: Created from *. [3ms]
2024-11-25 14:03:53.535 [info] > git for-each-ref --format=%(refname)%00%(upstream:short)%00%(objectname)%00%(upstream:track)%00%(upstream:remotename)%00%(upstream:remoteref) refs/heads/main refs/remotes/main [3ms]
2024-11-25 14:03:53.539 [info] > git reflog HEAD --grep-reflog=checkout: moving from .* to jhw [3ms]
2024-11-25 14:03:53.542 [info] > git symbolic-ref --short refs/remotes/origin/HEAD [4ms]
2024-11-25 14:03:53.542 [info] fatal: ref refs/remotes/origin/HEAD is not a symbolic ref
2024-11-25 14:03:53.542 [warning] [Repository][getDefaultBranch] Failed to get default branch details: Failed to execute git.
2024-11-25 14:03:53.552 [info] > git for-each-ref --format=%(refname)%00%(upstream:short)%00%(objectname)%00%(upstream:track)%00%(upstream:remotename)%00%(upstream:remoteref) refs/heads/main refs/remotes/main [11ms]
2024-11-25 14:03:53.555 [info] > git merge-base refs/heads/jhw refs/remotes/origin/jhw [11ms]
2024-11-25 14:03:53.559 [info] > git show --textconv :mypage.php [10ms]
2024-11-25 14:03:53.559 [info] > git ls-files --stage -- /var/www/html/2_team/2_team2/mypage.php [8ms]
2024-11-25 14:03:53.561 [info] > git symbolic-ref --short refs/remotes/origin/HEAD [6ms]
2024-11-25 14:03:53.561 [info] fatal: ref refs/remotes/origin/HEAD is not a symbolic ref
2024-11-25 14:03:53.561 [warning] [Repository][getDefaultBranch] Failed to get default branch details: Failed to execute git.
2024-11-25 14:03:53.565 [info] > git cat-file -s 6b71a8c176f4554671cb1e3a655eb900dc70ebce [4ms]
2024-11-25 14:03:53.565 [info] > git diff --name-status -z --diff-filter=ADMR 9737636c5f94e0bcd809246b99e222d049bc4914...refs/remotes/origin/jhw [7ms]
2024-11-25 14:03:53.566 [info] > git merge-base refs/heads/jhw refs/remotes/origin/jhw [3ms]
2024-11-25 14:03:53.570 [info] > git diff --name-status -z --diff-filter=ADMR 9737636c5f94e0bcd809246b99e222d049bc4914...refs/remotes/origin/jhw [2ms]
2024-11-25 14:03:53.826 [info] > git check-ignore -v -z --stdin [53ms]
2024-11-25 14:04:04.790 [info] > git config --get commit.template [3ms]
2024-11-25 14:04:04.791 [info] > git for-each-ref --format=%(refname)%00%(upstream:short)%00%(objectname)%00%(upstream:track)%00%(upstream:remotename)%00%(upstream:remoteref) refs/heads/jhw refs/remotes/jhw [2ms]
2024-11-25 14:04:04.799 [info] > git for-each-ref --sort -committerdate --format %(refname) %(objectname) %(*objectname) [2ms]
2024-11-25 14:04:04.865 [info] > git status -z -uall [70ms]
2024-11-25 14:04:29.284 [info] > git config --get commit.template [3ms]
2024-11-25 14:04:29.285 [info] > git for-each-ref --format=%(refname)%00%(upstream:short)%00%(objectname)%00%(upstream:track)%00%(upstream:remotename)%00%(upstream:remoteref) refs/heads/jhw refs/remotes/jhw [2ms]
2024-11-25 14:04:29.292 [info] > git for-each-ref --sort -committerdate --format %(refname) %(objectname) %(*objectname) [2ms]
2024-11-25 14:04:29.356 [info] > git status -z -uall [68ms]
2024-11-25 14:04:34.373 [info] > git config --get commit.template [3ms]
2024-11-25 14:04:34.374 [info] > git for-each-ref --format=%(refname)%00%(upstream:short)%00%(objectname)%00%(upstream:track)%00%(upstream:remotename)%00%(upstream:remoteref) refs/heads/jhw refs/remotes/jhw [2ms]
2024-11-25 14:04:34.382 [info] > git for-each-ref --sort -committerdate --format %(refname) %(objectname) %(*objectname) [2ms]
2024-11-25 14:04:34.446 [info] > git status -z -uall [69ms]
2024-11-25 14:05:21.477 [info] > git config --get commit.template [5ms]
2024-11-25 14:05:21.479 [info] > git for-each-ref --format=%(refname)%00%(upstream:short)%00%(objectname)%00%(upstream:track)%00%(upstream:remotename)%00%(upstream:remoteref) refs/heads/jhw refs/remotes/jhw [3ms]
2024-11-25 14:05:21.487 [info] > git for-each-ref --sort -committerdate --format %(refname) %(objectname) %(*objectname) [2ms]
2024-11-25 14:05:21.556 [info] > git status -z -uall [74ms]
2024-11-25 14:05:33.820 [info] > git config --get commit.template [4ms]
2024-11-25 14:05:33.822 [info] > git for-each-ref --format=%(refname)%00%(upstream:short)%00%(objectname)%00%(upstream:track)%00%(upstream:remotename)%00%(upstream:remoteref) refs/heads/jhw refs/remotes/jhw [1ms]
2024-11-25 14:05:33.829 [info] > git for-each-ref --sort -committerdate --format %(refname) %(objectname) %(*objectname) [2ms]
2024-11-25 14:05:33.896 [info] > git status -z -uall [72ms]
2024-11-25 14:05:38.908 [info] > git config --get commit.template [3ms]
2024-11-25 14:05:38.910 [info] > git for-each-ref --format=%(refname)%00%(upstream:short)%00%(objectname)%00%(upstream:track)%00%(upstream:remotename)%00%(upstream:remoteref) refs/heads/jhw refs/remotes/jhw [1ms]
2024-11-25 14:05:38.918 [info] > git for-each-ref --sort -committerdate --format %(refname) %(objectname) %(*objectname) [3ms]
2024-11-25 14:05:38.981 [info] > git status -z -uall [68ms]
2024-11-25 14:05:44.000 [info] > git config --get commit.template [6ms]
2024-11-25 14:05:44.001 [info] > git for-each-ref --format=%(refname)%00%(upstream:short)%00%(objectname)%00%(upstream:track)%00%(upstream:remotename)%00%(upstream:remoteref) refs/heads/jhw refs/remotes/jhw [2ms]
2024-11-25 14:05:44.008 [info] > git for-each-ref --sort -committerdate --format %(refname) %(objectname) %(*objectname) [2ms]
2024-11-25 14:05:44.074 [info] > git status -z -uall [71ms]
2024-11-25 14:05:56.299 [info] > git config --get commit.template [5ms]
2024-11-25 14:05:56.300 [info] > git for-each-ref --format=%(refname)%00%(upstream:short)%00%(objectname)%00%(upstream:track)%00%(upstream:remotename)%00%(upstream:remoteref) refs/heads/jhw refs/remotes/jhw [2ms]
2024-11-25 14:05:56.307 [info] > git for-each-ref --sort -committerdate --format %(refname) %(objectname) %(*objectname) [2ms]
2024-11-25 14:05:56.372 [info] > git status -z -uall [70ms]
2024-11-25 14:06:01.390 [info] > git config --get commit.template [4ms]
2024-11-25 14:06:01.391 [info] > git for-each-ref --format=%(refname)%00%(upstream:short)%00%(objectname)%00%(upstream:track)%00%(upstream:remotename)%00%(upstream:remoteref) refs/heads/jhw refs/remotes/jhw [1ms]
2024-11-25 14:06:01.399 [info] > git for-each-ref --sort -committerdate --format %(refname) %(objectname) %(*objectname) [2ms]
2024-11-25 14:06:01.462 [info] > git status -z -uall [68ms]
