2024-11-26 17:54:01.070 [info] [main] Log level: Info
2024-11-26 17:54:01.070 [info] [main] Validating found git in: "git"
2024-11-26 17:54:01.070 [info] [main] Using git "2.34.1" from "git"
2024-11-26 17:54:01.070 [info] [Model][doInitialScan] Initial repository scan started
2024-11-26 17:54:01.070 [info] > git rev-parse --show-toplevel [27ms]
2024-11-26 17:54:01.070 [info] > git rev-parse --git-dir --git-common-dir [2ms]
2024-11-26 17:54:01.070 [info] [Model][openRepository] Opened repository: /var/www/html/2_team/2_team2
2024-11-26 17:54:01.073 [info] > git config --get commit.template [4ms]
2024-11-26 17:54:01.076 [info] > git rev-parse --show-toplevel [4ms]
2024-11-26 17:54:01.079 [info] > git for-each-ref --format=%(refname)%00%(upstream:short)%00%(objectname)%00%(upstream:track)%00%(upstream:remotename)%00%(upstream:remoteref) refs/heads/jhw refs/remotes/jhw [4ms]
2024-11-26 17:54:01.080 [info] > git rev-parse --show-toplevel [1ms]
2024-11-26 17:54:01.101 [info] > git for-each-ref --sort -committerdate --format %(refname) %(objectname) %(*objectname) [14ms]
2024-11-26 17:54:01.108 [info] > git rev-parse --show-toplevel [18ms]
2024-11-26 17:54:01.112 [info] > git rev-parse --show-toplevel [1ms]
2024-11-26 17:54:01.116 [info] > git rev-parse --show-toplevel [1ms]
2024-11-26 17:54:01.120 [info] > git rev-parse --show-toplevel [2ms]
2024-11-26 17:54:01.124 [info] > git rev-parse --show-toplevel [2ms]
2024-11-26 17:54:01.127 [info] > git rev-parse --show-toplevel [1ms]
2024-11-26 17:54:01.131 [info] > git rev-parse --show-toplevel [1ms]
2024-11-26 17:54:01.135 [info] > git rev-parse --show-toplevel [2ms]
2024-11-26 17:54:01.138 [info] [Model][doInitialScan] Initial repository scan completed - repositories (1), closed repositories (0), parent repositories (0), unsafe repositories (0)
2024-11-26 17:54:01.167 [info] > git status -z -uall [83ms]
2024-11-26 17:54:01.193 [info] > git for-each-ref --format=%(refname)%00%(upstream:short)%00%(objectname)%00%(upstream:track)%00%(upstream:remotename)%00%(upstream:remoteref) refs/heads/jhw refs/remotes/jhw [5ms]
2024-11-26 17:54:01.197 [info] > git config --get commit.template [4ms]
2024-11-26 17:54:01.200 [info] > git config --local branch.jhw.vscode-merge-base [4ms]
2024-11-26 17:54:01.200 [warning] [Git][config] git config failed: Failed to execute git
2024-11-26 17:54:01.203 [info] > git for-each-ref --format=%(refname)%00%(upstream:short)%00%(objectname)%00%(upstream:track)%00%(upstream:remotename)%00%(upstream:remoteref) refs/heads/jhw refs/remotes/jhw [4ms]
2024-11-26 17:54:01.212 [info] > git for-each-ref --sort -committerdate --format %(refname) %(objectname) %(*objectname) [3ms]
2024-11-26 17:54:01.373 [info] > git status -z -uall [168ms]
2024-11-26 17:54:01.387 [info] > git for-each-ref --format=%(refname)%00%(upstream:short)%00%(objectname)%00%(upstream:track)%00%(upstream:remotename)%00%(upstream:remoteref) refs/heads/jhw refs/remotes/jhw [2ms]
2024-11-26 17:54:01.390 [info] > git reflog jhw --grep-reflog=branch: Created from *. [188ms]
2024-11-26 17:54:01.393 [info] > git config --local branch.jhw.vscode-merge-base [4ms]
2024-11-26 17:54:01.393 [warning] [Git][config] git config failed: Failed to execute git
2024-11-26 17:54:01.397 [info] > git reflog HEAD --grep-reflog=checkout: moving from .* to jhw [4ms]
2024-11-26 17:54:01.400 [info] > git reflog jhw --grep-reflog=branch: Created from *. [4ms]
2024-11-26 17:54:01.406 [info] > git for-each-ref --format=%(refname)%00%(upstream:short)%00%(objectname)%00%(upstream:track)%00%(upstream:remotename)%00%(upstream:remoteref) refs/heads/main refs/remotes/main [7ms]
2024-11-26 17:54:01.410 [info] > git reflog HEAD --grep-reflog=checkout: moving from .* to jhw [8ms]
2024-11-26 17:54:01.413 [info] > git symbolic-ref --short refs/remotes/origin/HEAD [5ms]
2024-11-26 17:54:01.413 [info] fatal: ref refs/remotes/origin/HEAD is not a symbolic ref
2024-11-26 17:54:01.413 [warning] [Repository][getDefaultBranch] Failed to get default branch details: Failed to execute git.
2024-11-26 17:54:01.417 [info] > git for-each-ref --format=%(refname)%00%(upstream:short)%00%(objectname)%00%(upstream:track)%00%(upstream:remotename)%00%(upstream:remoteref) refs/heads/main refs/remotes/main [5ms]
2024-11-26 17:54:01.420 [info] > git merge-base refs/heads/jhw refs/remotes/origin/jhw [4ms]
2024-11-26 17:54:01.423 [info] > git symbolic-ref --short refs/remotes/origin/HEAD [3ms]
2024-11-26 17:54:01.423 [info] fatal: ref refs/remotes/origin/HEAD is not a symbolic ref
2024-11-26 17:54:01.423 [warning] [Repository][getDefaultBranch] Failed to get default branch details: Failed to execute git.
2024-11-26 17:54:01.426 [info] > git diff --name-status -z --diff-filter=ADMR 9737636c5f94e0bcd809246b99e222d049bc4914...refs/remotes/origin/jhw [3ms]
2024-11-26 17:54:01.427 [info] > git merge-base refs/heads/jhw refs/remotes/origin/jhw [1ms]
2024-11-26 17:54:01.431 [info] > git diff --name-status -z --diff-filter=ADMR 9737636c5f94e0bcd809246b99e222d049bc4914...refs/remotes/origin/jhw [2ms]
2024-11-26 17:54:01.536 [info] > git show --textconv :add_comment.php [7ms]
2024-11-26 17:54:01.539 [info] > git ls-files --stage -- /var/www/html/2_team/2_team2/add_comment.php [7ms]
2024-11-26 17:54:01.544 [info] > git cat-file -s 46d75a1c5fff54cf9a63bd49989221962a68ba28 [1ms]
2024-11-26 17:54:01.643 [info] > git check-ignore -v -z --stdin [35ms]
2024-11-26 17:54:27.162 [info] > git config --get commit.template [4ms]
2024-11-26 17:54:27.163 [info] > git for-each-ref --format=%(refname)%00%(upstream:short)%00%(objectname)%00%(upstream:track)%00%(upstream:remotename)%00%(upstream:remoteref) refs/heads/jhw refs/remotes/jhw [2ms]
2024-11-26 17:54:27.186 [info] > git for-each-ref --sort -committerdate --format %(refname) %(objectname) %(*objectname) [17ms]
2024-11-26 17:54:27.427 [info] > git status -z -uall [261ms]
2024-11-26 17:54:38.440 [info] > git config --get commit.template [3ms]
2024-11-26 17:54:38.441 [info] > git for-each-ref --format=%(refname)%00%(upstream:short)%00%(objectname)%00%(upstream:track)%00%(upstream:remotename)%00%(upstream:remoteref) refs/heads/jhw refs/remotes/jhw [2ms]
2024-11-26 17:54:38.449 [info] > git for-each-ref --sort -committerdate --format %(refname) %(objectname) %(*objectname) [3ms]
2024-11-26 17:54:38.520 [info] > git status -z -uall [76ms]
2024-11-26 17:55:24.425 [info] > git config --get commit.template [4ms]
2024-11-26 17:55:24.426 [info] > git for-each-ref --format=%(refname)%00%(upstream:short)%00%(objectname)%00%(upstream:track)%00%(upstream:remotename)%00%(upstream:remoteref) refs/heads/jhw refs/remotes/jhw [2ms]
2024-11-26 17:55:24.434 [info] > git for-each-ref --sort -committerdate --format %(refname) %(objectname) %(*objectname) [2ms]
2024-11-26 17:55:24.503 [info] > git status -z -uall [74ms]
2024-11-26 17:55:29.524 [info] > git config --get commit.template [3ms]
2024-11-26 17:55:29.524 [info] > git for-each-ref --format=%(refname)%00%(upstream:short)%00%(objectname)%00%(upstream:track)%00%(upstream:remotename)%00%(upstream:remoteref) refs/heads/jhw refs/remotes/jhw [2ms]
2024-11-26 17:55:29.531 [info] > git for-each-ref --sort -committerdate --format %(refname) %(objectname) %(*objectname) [2ms]
2024-11-26 17:55:29.602 [info] > git status -z -uall [75ms]
2024-11-26 17:55:53.176 [info] > git config --get commit.template [3ms]
2024-11-26 17:55:53.177 [info] > git for-each-ref --format=%(refname)%00%(upstream:short)%00%(objectname)%00%(upstream:track)%00%(upstream:remotename)%00%(upstream:remoteref) refs/heads/jhw refs/remotes/jhw [1ms]
2024-11-26 17:55:53.184 [info] > git for-each-ref --sort -committerdate --format %(refname) %(objectname) %(*objectname) [2ms]
2024-11-26 17:55:53.288 [info] > git status -z -uall [109ms]
2024-11-26 18:01:59.359 [info] > git check-ignore -v -z --stdin [13ms]
2024-11-26 18:02:00.165 [info] > git check-ignore -v -z --stdin [11ms]
2024-11-26 18:02:01.105 [info] > git check-ignore -v -z --stdin [6ms]
2024-11-26 18:02:04.602 [info] > git ls-files --stage -- /var/www/html/2_team/2_team2/board_write.php [9ms]
2024-11-26 18:02:04.768 [info] > git cat-file -s ab2af2ed4a3509a39d59359147ef7c08595aeb6d [162ms]
2024-11-26 18:02:04.769 [info] > git show --textconv :board_write.php [179ms]
2024-11-26 18:02:14.403 [info] > git check-ignore -v -z --stdin [10ms]
2024-11-26 18:02:16.632 [info] > git ls-files --stage -- /var/www/html/2_team/2_team2/write_process.php [7ms]
2024-11-26 18:02:16.645 [info] > git cat-file -s 1af05d62dfe8b77d0c2127d51f6dc872b5542a72 [10ms]
2024-11-26 18:02:16.645 [info] > git show --textconv :write_process.php [22ms]
2024-11-26 18:08:30.053 [info] > git config --get commit.template [53ms]
2024-11-26 18:08:30.080 [info] > git for-each-ref --format=%(refname)%00%(upstream:short)%00%(objectname)%00%(upstream:track)%00%(upstream:remotename)%00%(upstream:remoteref) refs/heads/jhw refs/remotes/jhw [28ms]
2024-11-26 18:08:31.720 [info] > git for-each-ref --sort -committerdate --format %(refname) %(objectname) %(*objectname) [1634ms]
2024-11-26 18:08:33.195 [info] > git status -z -uall [3112ms]
2024-11-26 18:08:38.637 [info] > git config --get commit.template [241ms]
2024-11-26 18:08:38.692 [info] > git for-each-ref --format=%(refname)%00%(upstream:short)%00%(objectname)%00%(upstream:track)%00%(upstream:remotename)%00%(upstream:remoteref) refs/heads/jhw refs/remotes/jhw [279ms]
2024-11-26 18:08:39.239 [info] > git for-each-ref --sort -committerdate --format %(refname) %(objectname) %(*objectname) [542ms]
2024-11-26 18:08:39.411 [info] > git status -z -uall [716ms]
2024-11-26 18:08:44.430 [info] > git config --get commit.template [3ms]
2024-11-26 18:08:44.431 [info] > git for-each-ref --format=%(refname)%00%(upstream:short)%00%(objectname)%00%(upstream:track)%00%(upstream:remotename)%00%(upstream:remoteref) refs/heads/jhw refs/remotes/jhw [2ms]
2024-11-26 18:08:44.438 [info] > git for-each-ref --sort -committerdate --format %(refname) %(objectname) %(*objectname) [2ms]
2024-11-26 18:08:44.508 [info] > git status -z -uall [74ms]
2024-11-26 18:11:47.975 [info] > git config --get commit.template [39567ms]
2024-11-26 18:11:59.498 [info] > git check-ignore -v -z --stdin [11679ms]
2024-11-26 18:11:59.718 [info] > git for-each-ref --format=%(refname)%00%(upstream:short)%00%(objectname)%00%(upstream:track)%00%(upstream:remotename)%00%(upstream:remoteref) refs/heads/jhw refs/remotes/jhw [7333ms]
2024-11-26 18:12:06.040 [info] > git ls-files --stage -- /var/www/html/2_team/2_team2/add_comment.php [5441ms]
2024-11-26 18:12:13.945 [info] > git show --textconv :add_comment.php [14625ms]
2024-11-26 18:12:13.945 [info] > git for-each-ref --sort -committerdate --format %(refname) %(objectname) %(*objectname) [14221ms]
2024-11-26 18:12:25.293 [info] > git cat-file -s 46d75a1c5fff54cf9a63bd49989221962a68ba28 [11651ms]
2024-11-26 18:13:03.394 [info] > git status -z -uall [63673ms]
2024-11-26 18:13:11.864 [info] > git config --get commit.template [250ms]
2024-11-26 18:13:12.560 [info] > git for-each-ref --format=%(refname)%00%(upstream:short)%00%(objectname)%00%(upstream:track)%00%(upstream:remotename)%00%(upstream:remoteref) refs/heads/jhw refs/remotes/jhw [816ms]
2024-11-26 18:13:13.046 [info] > git for-each-ref --sort -committerdate --format %(refname) %(objectname) %(*objectname) [477ms]
2024-11-26 18:13:33.234 [info] > git status -z -uall [20632ms]
