2024-11-26 18:27:47.430 [info] [main] Log level: Info
2024-11-26 18:27:47.430 [info] [main] Validating found git in: "git"
2024-11-26 18:27:47.430 [info] [main] Using git "2.34.1" from "git"
2024-11-26 18:27:47.430 [info] [Model][doInitialScan] Initial repository scan started
2024-11-26 18:27:47.497 [info] > git rev-parse --show-toplevel [66ms]
2024-11-26 18:27:47.501 [info] > git rev-parse --git-dir --git-common-dir [1ms]
2024-11-26 18:27:47.510 [info] [Model][openRepository] Opened repository: /var/www/html/2_team/2_team2
2024-11-26 18:27:47.517 [info] > git config --get commit.template [3ms]
2024-11-26 18:27:47.522 [info] > git rev-parse --show-toplevel [6ms]
2024-11-26 18:27:47.525 [info] > git for-each-ref --format=%(refname)%00%(upstream:short)%00%(objectname)%00%(upstream:track)%00%(upstream:remotename)%00%(upstream:remoteref) refs/heads/jhw refs/remotes/jhw [5ms]
2024-11-26 18:27:47.532 [info] > git rev-parse --show-toplevel [7ms]
2024-11-26 18:27:47.540 [info] > git rev-parse --show-toplevel [0ms]
2024-11-26 18:27:47.540 [info] > git for-each-ref --sort -committerdate --format %(refname) %(objectname) %(*objectname) [9ms]
2024-11-26 18:27:47.547 [info] > git rev-parse --show-toplevel [1ms]
2024-11-26 18:27:47.554 [info] > git rev-parse --show-toplevel [5ms]
2024-11-26 18:27:47.561 [info] > git rev-parse --show-toplevel [3ms]
2024-11-26 18:27:47.565 [info] > git rev-parse --show-toplevel [1ms]
2024-11-26 18:27:47.570 [info] > git rev-parse --show-toplevel [2ms]
2024-11-26 18:27:47.575 [info] > git rev-parse --show-toplevel [2ms]
2024-11-26 18:27:47.579 [info] > git rev-parse --show-toplevel [1ms]
2024-11-26 18:27:47.583 [info] [Model][doInitialScan] Initial repository scan completed - repositories (1), closed repositories (0), parent repositories (0), unsafe repositories (0)
2024-11-26 18:27:47.616 [info] > git status -z -uall [88ms]
2024-11-26 18:27:47.639 [info] > git for-each-ref --format=%(refname)%00%(upstream:short)%00%(objectname)%00%(upstream:track)%00%(upstream:remotename)%00%(upstream:remoteref) refs/heads/jhw refs/remotes/jhw [5ms]
2024-11-26 18:27:47.642 [info] > git config --get commit.template [4ms]
2024-11-26 18:27:47.645 [info] > git config --local branch.jhw.vscode-merge-base [4ms]
2024-11-26 18:27:47.645 [warning] [Git][config] git config failed: Failed to execute git
2024-11-26 18:27:47.648 [info] > git for-each-ref --format=%(refname)%00%(upstream:short)%00%(objectname)%00%(upstream:track)%00%(upstream:remotename)%00%(upstream:remoteref) refs/heads/jhw refs/remotes/jhw [4ms]
2024-11-26 18:27:47.656 [info] > git for-each-ref --sort -committerdate --format %(refname) %(objectname) %(*objectname) [3ms]
2024-11-26 18:27:47.896 [info] > git status -z -uall [245ms]
2024-11-26 18:27:47.896 [info] > git reflog jhw --grep-reflog=branch: Created from *. [248ms]
2024-11-26 18:27:47.920 [info] > git reflog HEAD --grep-reflog=checkout: moving from .* to jhw [21ms]
2024-11-26 18:27:47.923 [info] > git for-each-ref --format=%(refname)%00%(upstream:short)%00%(objectname)%00%(upstream:track)%00%(upstream:remotename)%00%(upstream:remoteref) refs/heads/jhw refs/remotes/jhw [5ms]
2024-11-26 18:27:47.928 [info] > git for-each-ref --format=%(refname)%00%(upstream:short)%00%(objectname)%00%(upstream:track)%00%(upstream:remotename)%00%(upstream:remoteref) refs/heads/main refs/remotes/main [4ms]
2024-11-26 18:27:47.931 [info] > git config --local branch.jhw.vscode-merge-base [5ms]
2024-11-26 18:27:47.931 [warning] [Git][config] git config failed: Failed to execute git
2024-11-26 18:27:47.936 [info] > git reflog jhw --grep-reflog=branch: Created from *. [2ms]
2024-11-26 18:27:47.941 [info] > git reflog HEAD --grep-reflog=checkout: moving from .* to jhw [2ms]
2024-11-26 18:27:47.945 [info] > git for-each-ref --format=%(refname)%00%(upstream:short)%00%(objectname)%00%(upstream:track)%00%(upstream:remotename)%00%(upstream:remoteref) refs/heads/main refs/remotes/main [1ms]
2024-11-26 18:27:47.953 [info] > git symbolic-ref --short refs/remotes/origin/HEAD [5ms]
2024-11-26 18:27:47.953 [info] fatal: ref refs/remotes/origin/HEAD is not a symbolic ref
2024-11-26 18:27:47.953 [warning] [Repository][getDefaultBranch] Failed to get default branch details: Failed to execute git.
2024-11-26 18:27:47.957 [info] > git symbolic-ref --short refs/remotes/origin/HEAD [26ms]
2024-11-26 18:27:47.957 [info] fatal: ref refs/remotes/origin/HEAD is not a symbolic ref
2024-11-26 18:27:47.957 [warning] [Repository][getDefaultBranch] Failed to get default branch details: Failed to execute git.
2024-11-26 18:27:47.960 [info] > git merge-base refs/heads/jhw refs/remotes/origin/jhw [4ms]
2024-11-26 18:27:47.963 [info] > git merge-base refs/heads/jhw refs/remotes/origin/jhw [4ms]
2024-11-26 18:27:47.999 [info] > git diff --name-status -z --diff-filter=ADMR 9737636c5f94e0bcd809246b99e222d049bc4914...refs/remotes/origin/jhw [34ms]
2024-11-26 18:27:47.999 [info] > git diff --name-status -z --diff-filter=ADMR 9737636c5f94e0bcd809246b99e222d049bc4914...refs/remotes/origin/jhw [37ms]
2024-11-26 18:27:48.149 [info] > git check-ignore -v -z --stdin [55ms]
2024-11-26 18:27:48.549 [info] > git ls-files --stage -- /var/www/html/2_team/2_team2/add_comment.php [7ms]
2024-11-26 18:27:48.565 [info] > git cat-file -s 46d75a1c5fff54cf9a63bd49989221962a68ba28 [14ms]
2024-11-26 18:27:48.566 [info] > git show --textconv :add_comment.php [27ms]
2024-11-26 18:28:51.215 [info] > git config --get commit.template [6ms]
2024-11-26 18:28:51.216 [info] > git for-each-ref --format=%(refname)%00%(upstream:short)%00%(objectname)%00%(upstream:track)%00%(upstream:remotename)%00%(upstream:remoteref) refs/heads/jhw refs/remotes/jhw [2ms]
2024-11-26 18:28:51.230 [info] > git for-each-ref --sort -committerdate --format %(refname) %(objectname) %(*objectname) [3ms]
2024-11-26 18:28:51.326 [info] > git status -z -uall [106ms]
2024-11-26 18:29:03.071 [info] > git config --get commit.template [525ms]
2024-11-26 18:29:03.747 [info] > git for-each-ref --format=%(refname)%00%(upstream:short)%00%(objectname)%00%(upstream:track)%00%(upstream:remotename)%00%(upstream:remoteref) refs/heads/jhw refs/remotes/jhw [706ms]
2024-11-26 18:29:04.585 [info] > git for-each-ref --sort -committerdate --format %(refname) %(objectname) %(*objectname) [797ms]
2024-11-26 18:29:07.091 [info] > git status -z -uall [3315ms]
2024-11-26 18:29:12.129 [info] > git config --get commit.template [3ms]
2024-11-26 18:29:12.130 [info] > git for-each-ref --format=%(refname)%00%(upstream:short)%00%(objectname)%00%(upstream:track)%00%(upstream:remotename)%00%(upstream:remoteref) refs/heads/jhw refs/remotes/jhw [2ms]
2024-11-26 18:29:12.137 [info] > git for-each-ref --sort -committerdate --format %(refname) %(objectname) %(*objectname) [2ms]
2024-11-26 18:29:12.205 [info] > git status -z -uall [73ms]
2024-11-26 18:29:21.515 [info] > git show --textconv :add_comment.php [8ms]
2024-11-26 18:29:21.517 [info] > git ls-files --stage -- /var/www/html/2_team/2_team2/add_comment.php [7ms]
2024-11-26 18:29:21.521 [info] > git cat-file -s 46d75a1c5fff54cf9a63bd49989221962a68ba28 [1ms]
2024-11-26 18:30:14.104 [info] > git show --textconv :add_comment.php [8ms]
2024-11-26 18:30:14.107 [info] > git ls-files --stage -- /var/www/html/2_team/2_team2/add_comment.php [7ms]
2024-11-26 18:30:14.111 [info] > git cat-file -s 46d75a1c5fff54cf9a63bd49989221962a68ba28 [1ms]
2024-11-26 18:32:04.404 [info] > git config --get commit.template [27ms]
2024-11-26 18:32:04.466 [info] > git for-each-ref --format=%(refname)%00%(upstream:short)%00%(objectname)%00%(upstream:track)%00%(upstream:remotename)%00%(upstream:remoteref) refs/heads/jhw refs/remotes/jhw [78ms]
2024-11-26 18:32:04.583 [info] > git for-each-ref --sort -committerdate --format %(refname) %(objectname) %(*objectname) [105ms]
2024-11-26 18:32:05.742 [info] > git status -z -uall [1267ms]
2024-11-26 18:32:10.789 [info] > git config --get commit.template [13ms]
2024-11-26 18:32:10.792 [info] > git for-each-ref --format=%(refname)%00%(upstream:short)%00%(objectname)%00%(upstream:track)%00%(upstream:remotename)%00%(upstream:remoteref) refs/heads/jhw refs/remotes/jhw [5ms]
2024-11-26 18:32:10.818 [info] > git for-each-ref --sort -committerdate --format %(refname) %(objectname) %(*objectname) [6ms]
2024-11-26 18:32:10.902 [info] > git status -z -uall [100ms]
2024-11-26 18:33:04.887 [info] > git ls-files --stage -- /var/www/html/2_team/2_team2/add_comment.php [7ms]
2024-11-26 18:33:04.910 [info] > git cat-file -s 46d75a1c5fff54cf9a63bd49989221962a68ba28 [20ms]
2024-11-26 18:33:04.912 [info] > git show --textconv :add_comment.php [36ms]
2024-11-26 18:43:45.952 [info] > git config --get commit.template [3ms]
2024-11-26 18:43:45.952 [info] > git for-each-ref --format=%(refname)%00%(upstream:short)%00%(objectname)%00%(upstream:track)%00%(upstream:remotename)%00%(upstream:remoteref) refs/heads/jhw refs/remotes/jhw [1ms]
2024-11-26 18:43:45.961 [info] > git for-each-ref --sort -committerdate --format %(refname) %(objectname) %(*objectname) [2ms]
2024-11-26 18:43:46.027 [info] > git status -z -uall [70ms]
2024-11-26 18:43:51.051 [info] > git config --get commit.template [3ms]
2024-11-26 18:43:51.052 [info] > git for-each-ref --format=%(refname)%00%(upstream:short)%00%(objectname)%00%(upstream:track)%00%(upstream:remotename)%00%(upstream:remoteref) refs/heads/jhw refs/remotes/jhw [1ms]
2024-11-26 18:43:51.059 [info] > git for-each-ref --sort -committerdate --format %(refname) %(objectname) %(*objectname) [2ms]
2024-11-26 18:43:51.127 [info] > git status -z -uall [73ms]
2024-11-26 18:44:44.666 [info] > git config --get commit.template [3ms]
2024-11-26 18:44:44.667 [info] > git for-each-ref --format=%(refname)%00%(upstream:short)%00%(objectname)%00%(upstream:track)%00%(upstream:remotename)%00%(upstream:remoteref) refs/heads/jhw refs/remotes/jhw [2ms]
2024-11-26 18:44:44.675 [info] > git for-each-ref --sort -committerdate --format %(refname) %(objectname) %(*objectname) [3ms]
2024-11-26 18:44:44.740 [info] > git status -z -uall [70ms]
2024-11-26 18:50:30.747 [info] > git config --get commit.template [3ms]
2024-11-26 18:50:30.748 [info] > git for-each-ref --format=%(refname)%00%(upstream:short)%00%(objectname)%00%(upstream:track)%00%(upstream:remotename)%00%(upstream:remoteref) refs/heads/jhw refs/remotes/jhw [2ms]
2024-11-26 18:50:30.756 [info] > git for-each-ref --sort -committerdate --format %(refname) %(objectname) %(*objectname) [2ms]
2024-11-26 18:50:30.830 [info] > git status -z -uall [79ms]
2024-11-26 18:50:33.082 [info] > git show --textconv :add_comment.php [8ms]
2024-11-26 18:50:33.085 [info] > git ls-files --stage -- /var/www/html/2_team/2_team2/add_comment.php [7ms]
2024-11-26 18:50:33.089 [info] > git cat-file -s 46d75a1c5fff54cf9a63bd49989221962a68ba28 [2ms]
2024-11-26 18:50:40.404 [info] > git show --textconv :add_comment.php [8ms]
2024-11-26 18:50:40.407 [info] > git ls-files --stage -- /var/www/html/2_team/2_team2/add_comment.php [7ms]
2024-11-26 18:50:40.410 [info] > git cat-file -s 46d75a1c5fff54cf9a63bd49989221962a68ba28 [1ms]
2024-11-26 18:53:41.528 [info] > git show --textconv :add_comment.php [7ms]
2024-11-26 18:53:41.531 [info] > git ls-files --stage -- /var/www/html/2_team/2_team2/add_comment.php [7ms]
2024-11-26 18:53:41.535 [info] > git cat-file -s 46d75a1c5fff54cf9a63bd49989221962a68ba28 [1ms]
2024-11-26 18:54:17.918 [info] > git config --get commit.template [3ms]
2024-11-26 18:54:17.919 [info] > git for-each-ref --format=%(refname)%00%(upstream:short)%00%(objectname)%00%(upstream:track)%00%(upstream:remotename)%00%(upstream:remoteref) refs/heads/jhw refs/remotes/jhw [1ms]
2024-11-26 18:54:17.928 [info] > git for-each-ref --sort -committerdate --format %(refname) %(objectname) %(*objectname) [2ms]
2024-11-26 18:54:17.994 [info] > git status -z -uall [71ms]
2024-11-26 18:54:25.823 [info] > git config --get commit.template [5ms]
2024-11-26 18:54:25.824 [info] > git for-each-ref --format=%(refname)%00%(upstream:short)%00%(objectname)%00%(upstream:track)%00%(upstream:remotename)%00%(upstream:remoteref) refs/heads/jhw refs/remotes/jhw [1ms]
2024-11-26 18:54:25.832 [info] > git for-each-ref --sort -committerdate --format %(refname) %(objectname) %(*objectname) [2ms]
2024-11-26 18:54:25.896 [info] > git status -z -uall [69ms]
2024-11-26 18:54:41.837 [info] > git config --get commit.template [3ms]
2024-11-26 18:54:41.838 [info] > git for-each-ref --format=%(refname)%00%(upstream:short)%00%(objectname)%00%(upstream:track)%00%(upstream:remotename)%00%(upstream:remoteref) refs/heads/jhw refs/remotes/jhw [2ms]
2024-11-26 18:54:41.846 [info] > git for-each-ref --sort -committerdate --format %(refname) %(objectname) %(*objectname) [2ms]
2024-11-26 18:54:41.911 [info] > git status -z -uall [70ms]
2024-11-26 18:58:52.642 [info] > git config --get commit.template [5ms]
2024-11-26 18:58:52.643 [info] > git for-each-ref --format=%(refname)%00%(upstream:short)%00%(objectname)%00%(upstream:track)%00%(upstream:remotename)%00%(upstream:remoteref) refs/heads/jhw refs/remotes/jhw [2ms]
2024-11-26 18:58:52.652 [info] > git for-each-ref --sort -committerdate --format %(refname) %(objectname) %(*objectname) [3ms]
2024-11-26 18:58:52.722 [info] > git status -z -uall [76ms]
2024-11-26 18:58:57.749 [info] > git config --get commit.template [4ms]
2024-11-26 18:58:57.750 [info] > git for-each-ref --format=%(refname)%00%(upstream:short)%00%(objectname)%00%(upstream:track)%00%(upstream:remotename)%00%(upstream:remoteref) refs/heads/jhw refs/remotes/jhw [2ms]
2024-11-26 18:58:57.758 [info] > git for-each-ref --sort -committerdate --format %(refname) %(objectname) %(*objectname) [2ms]
2024-11-26 18:58:57.826 [info] > git status -z -uall [73ms]
2024-11-26 19:11:31.841 [info] > git config --get commit.template [3ms]
2024-11-26 19:11:31.843 [info] > git for-each-ref --format=%(refname)%00%(upstream:short)%00%(objectname)%00%(upstream:track)%00%(upstream:remotename)%00%(upstream:remoteref) refs/heads/jhw refs/remotes/jhw [2ms]
2024-11-26 19:11:31.851 [info] > git for-each-ref --sort -committerdate --format %(refname) %(objectname) %(*objectname) [3ms]
2024-11-26 19:11:31.917 [info] > git status -z -uall [71ms]
2024-11-26 19:11:36.943 [info] > git config --get commit.template [6ms]
2024-11-26 19:11:36.945 [info] > git for-each-ref --format=%(refname)%00%(upstream:short)%00%(objectname)%00%(upstream:track)%00%(upstream:remotename)%00%(upstream:remoteref) refs/heads/jhw refs/remotes/jhw [2ms]
2024-11-26 19:11:36.955 [info] > git for-each-ref --sort -committerdate --format %(refname) %(objectname) %(*objectname) [2ms]
2024-11-26 19:11:37.030 [info] > git status -z -uall [82ms]
2024-11-26 19:11:42.050 [info] > git config --get commit.template [3ms]
2024-11-26 19:11:42.052 [info] > git for-each-ref --format=%(refname)%00%(upstream:short)%00%(objectname)%00%(upstream:track)%00%(upstream:remotename)%00%(upstream:remoteref) refs/heads/jhw refs/remotes/jhw [2ms]
2024-11-26 19:11:42.059 [info] > git for-each-ref --sort -committerdate --format %(refname) %(objectname) %(*objectname) [2ms]
2024-11-26 19:11:42.126 [info] > git status -z -uall [72ms]
