2024-11-25 14:11:48.149 [info] [main] 로그 수준: Info
2024-11-25 14:11:48.149 [info] [main] "git"에서 찾은 git 유효성을 검사하는 중
2024-11-25 14:11:48.149 [info] [main] "2.34.1"에서 git "git"을(를) 사용하는 중
2024-11-25 14:11:48.149 [info] [Model][doInitialScan] Initial repository scan started
2024-11-25 14:11:48.149 [info] > git rev-parse --show-toplevel [2ms]
2024-11-25 14:11:48.149 [info] > git rev-parse --git-dir --git-common-dir [2ms]
2024-11-25 14:11:48.149 [info] [Model][openRepository] Opened repository: /var/www/html/2_team/2_team2
2024-11-25 14:11:48.149 [info] > git config --get commit.template [8ms]
2024-11-25 14:11:48.149 [info] > git for-each-ref --format=%(refname)%00%(upstream:short)%00%(objectname)%00%(upstream:track)%00%(upstream:remotename)%00%(upstream:remoteref) refs/heads/jhw refs/remotes/jhw [4ms]
2024-11-25 14:11:48.149 [info] > git rev-parse --show-toplevel [2ms]
2024-11-25 14:11:48.150 [info] > git rev-parse --show-toplevel [7ms]
2024-11-25 14:11:48.160 [info] > git rev-parse --show-toplevel [5ms]
2024-11-25 14:11:48.161 [info] > git for-each-ref --sort -committerdate --format %(refname) %(objectname) %(*objectname) [12ms]
2024-11-25 14:11:48.170 [info] > git rev-parse --show-toplevel [2ms]
2024-11-25 14:11:48.174 [info] > git rev-parse --show-toplevel [1ms]
2024-11-25 14:11:48.179 [info] > git rev-parse --show-toplevel [1ms]
2024-11-25 14:11:48.182 [info] > git rev-parse --show-toplevel [1ms]
2024-11-25 14:11:48.186 [info] > git rev-parse --show-toplevel [1ms]
2024-11-25 14:11:48.190 [info] > git rev-parse --show-toplevel [1ms]
2024-11-25 14:11:48.194 [info] > git rev-parse --show-toplevel [2ms]
2024-11-25 14:11:48.196 [info] [Model][doInitialScan] Initial repository scan completed - repositories (1), closed repositories (1), parent repositories (0), unsafe repositories (0)
2024-11-25 14:11:48.227 [info] > git status -z -uall [81ms]
2024-11-25 14:11:48.242 [info] > git for-each-ref --format=%(refname)%00%(upstream:short)%00%(objectname)%00%(upstream:track)%00%(upstream:remotename)%00%(upstream:remoteref) refs/heads/jhw refs/remotes/jhw [5ms]
2024-11-25 14:11:48.246 [info] > git config --get commit.template [4ms]
2024-11-25 14:11:48.247 [info] > git config --local branch.jhw.vscode-merge-base [2ms]
2024-11-25 14:11:48.247 [warning] [Git][config] git config failed: Failed to execute git
2024-11-25 14:11:48.253 [info] > git reflog jhw --grep-reflog=branch: Created from *. [3ms]
2024-11-25 14:11:48.256 [info] > git for-each-ref --format=%(refname)%00%(upstream:short)%00%(objectname)%00%(upstream:track)%00%(upstream:remotename)%00%(upstream:remoteref) refs/heads/jhw refs/remotes/jhw [3ms]
2024-11-25 14:11:48.264 [info] > git reflog HEAD --grep-reflog=checkout: moving from .* to jhw [8ms]
2024-11-25 14:11:48.271 [info] > git for-each-ref --format=%(refname)%00%(upstream:short)%00%(objectname)%00%(upstream:track)%00%(upstream:remotename)%00%(upstream:remoteref) refs/heads/main refs/remotes/main [0ms]
2024-11-25 14:11:48.275 [info] > git for-each-ref --sort -committerdate --format %(refname) %(objectname) %(*objectname) [13ms]
2024-11-25 14:11:48.276 [info] > git symbolic-ref --short refs/remotes/origin/HEAD [1ms]
2024-11-25 14:11:48.277 [info] fatal: ref refs/remotes/origin/HEAD is not a symbolic ref
2024-11-25 14:11:48.277 [warning] [Repository][getDefaultBranch] Failed to get default branch details: Failed to execute git.
2024-11-25 14:11:48.283 [info] > git merge-base refs/heads/jhw refs/remotes/origin/jhw [2ms]
2024-11-25 14:11:48.288 [info] > git diff --name-status -z --diff-filter=ADMR 9737636c5f94e0bcd809246b99e222d049bc4914...refs/remotes/origin/jhw [1ms]
2024-11-25 14:11:48.342 [info] > git status -z -uall [83ms]
2024-11-25 14:11:48.702 [info] > git check-ignore -v -z --stdin [31ms]
2024-11-25 14:11:48.870 [info] > git show --textconv :promotion_add_comment.php [11ms]
2024-11-25 14:11:48.872 [info] > git ls-files --stage -- /var/www/html/2_team/2_team2/promotion_add_comment.php [11ms]
2024-11-25 14:11:48.877 [info] > git cat-file -s 01783d1b73c08edc32e2307f4aaf95483b00ac4b [1ms]
2024-11-25 14:12:50.862 [info] > git ls-files --stage -- /var/www/html/2_team/2_team2/promotion_board.php [7ms]
2024-11-25 14:12:50.866 [info] > git show --textconv :promotion_board.php [14ms]
2024-11-25 14:12:50.867 [info] > git cat-file -s 46e683d855091f59789ce3b0cf10bb45398af23c [1ms]
2024-11-25 14:13:01.111 [info] > git show --textconv :write.php [31ms]
2024-11-25 14:13:01.112 [info] > git ls-files --stage -- /var/www/html/2_team/2_team2/write.php [25ms]
2024-11-25 14:13:01.124 [info] > git cat-file -s b8f3c4a4b70a946e0705aafa6d9fb538f3c410fe [5ms]
2024-11-25 14:14:13.110 [info] > git show --textconv :add_comment.php [23ms]
2024-11-25 14:14:13.120 [info] > git ls-files --stage -- /var/www/html/2_team/2_team2/add_comment.php [24ms]
2024-11-25 14:14:13.132 [info] > git cat-file -s 46d75a1c5fff54cf9a63bd49989221962a68ba28 [5ms]
2024-11-25 14:14:13.455 [info] > git check-ignore -v -z --stdin [40ms]
2024-11-25 14:15:15.073 [info] > git show --textconv :promotion_add_comment.php [22ms]
2024-11-25 14:15:15.084 [info] > git ls-files --stage -- /var/www/html/2_team/2_team2/promotion_add_comment.php [25ms]
2024-11-25 14:15:15.096 [info] > git cat-file -s 01783d1b73c08edc32e2307f4aaf95483b00ac4b [4ms]
2024-11-25 14:29:40.357 [info] > git show --textconv :promotion_write.php [13ms]
2024-11-25 14:29:40.360 [info] > git ls-files --stage -- /var/www/html/2_team/2_team2/promotion_write.php [9ms]
2024-11-25 14:29:40.364 [info] > git cat-file -s b2cee4a39e1596b0fcddb0cc97e8b2219029d07a [2ms]
2024-11-25 14:29:51.318 [info] > git show --textconv :index.php [13ms]
2024-11-25 14:29:51.320 [info] > git ls-files --stage -- /var/www/html/2_team/2_team2/index.php [8ms]
2024-11-25 14:29:51.324 [info] > git cat-file -s 984f350f0404a55dadb1f0ae0566c6c01ce5d178 [1ms]
2024-11-25 14:29:53.457 [info] > git show --textconv :deleteprocess.php [13ms]
2024-11-25 14:29:53.459 [info] > git ls-files --stage -- /var/www/html/2_team/2_team2/deleteprocess.php [7ms]
2024-11-25 14:29:53.463 [info] > git cat-file -s e162cb8f4ff970db3abfadf35ff54af1313872c4 [1ms]
2024-11-25 14:29:55.225 [info] > git show --textconv :delete_post.php [8ms]
2024-11-25 14:29:55.227 [info] > git ls-files --stage -- /var/www/html/2_team/2_team2/delete_post.php [6ms]
2024-11-25 14:29:55.232 [info] > git cat-file -s ca6ccbcd58393a481cca79684a5cbcc148c430ca [2ms]
2024-11-25 14:29:56.983 [info] > git show --textconv :Donate.php [13ms]
2024-11-25 14:29:56.985 [info] > git ls-files --stage -- /var/www/html/2_team/2_team2/Donate.php [8ms]
2024-11-25 14:29:56.989 [info] > git cat-file -s 3ebb1736c0d0b01cc86dabd4b8fe4adae8858ee9 [1ms]
2024-11-25 14:30:07.670 [info] > git show --textconv :promotion_delete_comment.php [15ms]
2024-11-25 14:30:07.679 [info] > git ls-files --stage -- /var/www/html/2_team/2_team2/promotion_delete_comment.php [19ms]
2024-11-25 14:30:07.688 [info] > git cat-file -s d315b15622effeddbae5d799163c00db1b111e14 [3ms]
2024-11-25 14:32:46.995 [info] > git show --textconv :add_comment.php [22ms]
2024-11-25 14:32:47.005 [info] > git ls-files --stage -- /var/www/html/2_team/2_team2/add_comment.php [24ms]
2024-11-25 14:32:47.017 [info] > git cat-file -s 46d75a1c5fff54cf9a63bd49989221962a68ba28 [5ms]
2024-11-25 14:35:47.584 [info] > git config --get commit.template [3ms]
2024-11-25 14:35:47.585 [info] > git for-each-ref --format=%(refname)%00%(upstream:short)%00%(objectname)%00%(upstream:track)%00%(upstream:remotename)%00%(upstream:remoteref) refs/heads/jhw refs/remotes/jhw [2ms]
2024-11-25 14:35:47.592 [info] > git for-each-ref --sort -committerdate --format %(refname) %(objectname) %(*objectname) [2ms]
2024-11-25 14:35:47.658 [info] > git status -z -uall [70ms]
2024-11-25 14:35:52.077 [info] > git show --textconv :promotion_add_comment.php [8ms]
2024-11-25 14:35:52.080 [info] > git ls-files --stage -- /var/www/html/2_team/2_team2/promotion_add_comment.php [7ms]
2024-11-25 14:35:52.084 [info] > git cat-file -s 01783d1b73c08edc32e2307f4aaf95483b00ac4b [1ms]
2024-11-25 14:37:11.622 [info] > git config --get commit.template [4ms]
2024-11-25 14:37:11.623 [info] > git for-each-ref --format=%(refname)%00%(upstream:short)%00%(objectname)%00%(upstream:track)%00%(upstream:remotename)%00%(upstream:remoteref) refs/heads/jhw refs/remotes/jhw [2ms]
2024-11-25 14:37:11.631 [info] > git for-each-ref --sort -committerdate --format %(refname) %(objectname) %(*objectname) [3ms]
2024-11-25 14:37:11.697 [info] > git status -z -uall [71ms]
2024-11-25 14:39:14.234 [info] > git show --textconv :add_comment.php [13ms]
2024-11-25 14:39:14.236 [info] > git ls-files --stage -- /var/www/html/2_team/2_team2/add_comment.php [8ms]
2024-11-25 14:39:14.240 [info] > git cat-file -s 46d75a1c5fff54cf9a63bd49989221962a68ba28 [2ms]
2024-11-25 14:39:20.770 [info] > git config --get commit.template [4ms]
2024-11-25 14:39:20.771 [info] > git for-each-ref --format=%(refname)%00%(upstream:short)%00%(objectname)%00%(upstream:track)%00%(upstream:remotename)%00%(upstream:remoteref) refs/heads/jhw refs/remotes/jhw [2ms]
2024-11-25 14:39:20.780 [info] > git for-each-ref --sort -committerdate --format %(refname) %(objectname) %(*objectname) [2ms]
2024-11-25 14:39:20.849 [info] > git status -z -uall [75ms]
2024-11-25 14:40:40.143 [info] > git show --textconv :promotion_add_comment.php [7ms]
2024-11-25 14:40:40.146 [info] > git ls-files --stage -- /var/www/html/2_team/2_team2/promotion_add_comment.php [7ms]
2024-11-25 14:40:40.150 [info] > git cat-file -s 01783d1b73c08edc32e2307f4aaf95483b00ac4b [2ms]
2024-11-25 14:40:57.085 [info] > git show --textconv :promotion_board.php [9ms]
2024-11-25 14:40:57.088 [info] > git ls-files --stage -- /var/www/html/2_team/2_team2/promotion_board.php [7ms]
2024-11-25 14:40:57.092 [info] > git cat-file -s 46e683d855091f59789ce3b0cf10bb45398af23c [2ms]
2024-11-25 14:43:33.627 [info] > git config --get commit.template [3ms]
2024-11-25 14:43:33.628 [info] > git for-each-ref --format=%(refname)%00%(upstream:short)%00%(objectname)%00%(upstream:track)%00%(upstream:remotename)%00%(upstream:remoteref) refs/heads/jhw refs/remotes/jhw [2ms]
2024-11-25 14:43:33.637 [info] > git for-each-ref --sort -committerdate --format %(refname) %(objectname) %(*objectname) [2ms]
2024-11-25 14:43:33.703 [info] > git status -z -uall [72ms]
2024-11-25 14:43:36.116 [info] > git show --textconv :promotion_add_comment.php [8ms]
2024-11-25 14:43:36.119 [info] > git ls-files --stage -- /var/www/html/2_team/2_team2/promotion_add_comment.php [7ms]
2024-11-25 14:43:36.122 [info] > git cat-file -s 01783d1b73c08edc32e2307f4aaf95483b00ac4b [1ms]
2024-11-25 14:43:38.034 [info] > git show --textconv :index.php [8ms]
2024-11-25 14:43:38.037 [info] > git ls-files --stage -- /var/www/html/2_team/2_team2/index.php [7ms]
2024-11-25 14:43:38.041 [info] > git cat-file -s 984f350f0404a55dadb1f0ae0566c6c01ce5d178 [2ms]
2024-11-25 14:43:39.644 [info] > git show --textconv :promotion_add_comment.php [10ms]
2024-11-25 14:43:39.646 [info] > git ls-files --stage -- /var/www/html/2_team/2_team2/promotion_add_comment.php [6ms]
2024-11-25 14:43:39.650 [info] > git cat-file -s 01783d1b73c08edc32e2307f4aaf95483b00ac4b [1ms]
2024-11-25 14:43:42.204 [info] > git show --textconv :add_comment.php [8ms]
2024-11-25 14:43:42.206 [info] > git ls-files --stage -- /var/www/html/2_team/2_team2/add_comment.php [7ms]
2024-11-25 14:43:42.210 [info] > git cat-file -s 46d75a1c5fff54cf9a63bd49989221962a68ba28 [1ms]
2024-11-25 14:44:14.235 [info] > git show --textconv :promotion_add_comment.php [8ms]
2024-11-25 14:44:14.237 [info] > git ls-files --stage -- /var/www/html/2_team/2_team2/promotion_add_comment.php [7ms]
2024-11-25 14:44:14.241 [info] > git cat-file -s 01783d1b73c08edc32e2307f4aaf95483b00ac4b [1ms]
2024-11-25 14:45:53.880 [info] > git config --get commit.template [9ms]
2024-11-25 14:45:53.883 [info] > git for-each-ref --format=%(refname)%00%(upstream:short)%00%(objectname)%00%(upstream:track)%00%(upstream:remotename)%00%(upstream:remoteref) refs/heads/jhw refs/remotes/jhw [5ms]
2024-11-25 14:45:53.906 [info] > git for-each-ref --sort -committerdate --format %(refname) %(objectname) %(*objectname) [7ms]
2024-11-25 14:45:53.990 [info] > git status -z -uall [99ms]
2024-11-25 14:47:08.858 [info] > git config --get commit.template [4ms]
2024-11-25 14:47:08.859 [info] > git for-each-ref --format=%(refname)%00%(upstream:short)%00%(objectname)%00%(upstream:track)%00%(upstream:remotename)%00%(upstream:remoteref) refs/heads/jhw refs/remotes/jhw [2ms]
2024-11-25 14:47:08.867 [info] > git for-each-ref --sort -committerdate --format %(refname) %(objectname) %(*objectname) [2ms]
2024-11-25 14:47:08.933 [info] > git status -z -uall [71ms]
2024-11-25 14:51:15.487 [info] > git config --get commit.template [2ms]
2024-11-25 14:51:15.488 [info] > git for-each-ref --format=%(refname)%00%(upstream:short)%00%(objectname)%00%(upstream:track)%00%(upstream:remotename)%00%(upstream:remoteref) refs/heads/jhw refs/remotes/jhw [2ms]
2024-11-25 14:51:15.495 [info] > git for-each-ref --sort -committerdate --format %(refname) %(objectname) %(*objectname) [2ms]
2024-11-25 14:51:15.560 [info] > git status -z -uall [70ms]
2024-11-25 14:51:20.573 [info] > git config --get commit.template [2ms]
2024-11-25 14:51:20.574 [info] > git for-each-ref --format=%(refname)%00%(upstream:short)%00%(objectname)%00%(upstream:track)%00%(upstream:remotename)%00%(upstream:remoteref) refs/heads/jhw refs/remotes/jhw [1ms]
2024-11-25 14:51:20.582 [info] > git for-each-ref --sort -committerdate --format %(refname) %(objectname) %(*objectname) [2ms]
2024-11-25 14:51:20.648 [info] > git status -z -uall [71ms]
2024-11-25 14:51:59.763 [info] > git config --get commit.template [3ms]
2024-11-25 14:51:59.764 [info] > git for-each-ref --format=%(refname)%00%(upstream:short)%00%(objectname)%00%(upstream:track)%00%(upstream:remotename)%00%(upstream:remoteref) refs/heads/jhw refs/remotes/jhw [1ms]
2024-11-25 14:51:59.772 [info] > git for-each-ref --sort -committerdate --format %(refname) %(objectname) %(*objectname) [2ms]
2024-11-25 14:51:59.837 [info] > git status -z -uall [70ms]
2024-11-25 14:52:16.664 [info] > git config --get commit.template [3ms]
2024-11-25 14:52:16.665 [info] > git for-each-ref --format=%(refname)%00%(upstream:short)%00%(objectname)%00%(upstream:track)%00%(upstream:remotename)%00%(upstream:remoteref) refs/heads/jhw refs/remotes/jhw [2ms]
2024-11-25 14:52:16.674 [info] > git for-each-ref --sort -committerdate --format %(refname) %(objectname) %(*objectname) [2ms]
2024-11-25 14:52:16.738 [info] > git status -z -uall [70ms]
