2024-11-21 19:50:53.925 [info] [main] 로그 수준: Info
2024-11-21 19:50:53.925 [info] [main] "git"에서 찾은 git 유효성을 검사하는 중
2024-11-21 19:50:53.925 [info] [main] "2.34.1"에서 git "git"을(를) 사용하는 중
2024-11-21 19:50:53.925 [info] [Model][doInitialScan] Initial repository scan started
2024-11-21 19:50:53.925 [info] > git rev-parse --show-toplevel [3ms]
2024-11-21 19:50:53.925 [info] > git rev-parse --git-dir --git-common-dir [1ms]
2024-11-21 19:50:53.925 [info] [Model][openRepository] Opened repository: /var/www/html/2_team/2_team2
2024-11-21 19:50:53.925 [info] > git config --get commit.template [6ms]
2024-11-21 19:50:53.925 [info] > git rev-parse --show-toplevel [5ms]
2024-11-21 19:50:53.925 [info] [Git][getRemotes] No remotes found in the git config file
2024-11-21 19:50:53.925 [info] > git rev-parse --show-toplevel [2ms]
2024-11-21 19:50:53.925 [info] > git for-each-ref --format=%(refname)%00%(upstream:short)%00%(objectname)%00%(upstream:track)%00%(upstream:remotename)%00%(upstream:remoteref) refs/heads/main refs/remotes/main [5ms]
2024-11-21 19:50:53.925 [warning] [Git][getBranch] No such branch: main
2024-11-21 19:50:53.925 [info] > git rev-parse --show-toplevel [2ms]
2024-11-21 19:50:53.925 [info] > git for-each-ref --sort -committerdate --format %(refname) %(objectname) %(*objectname) [4ms]
2024-11-21 19:50:53.930 [info] > git rev-parse --show-toplevel [3ms]
2024-11-21 19:50:53.936 [info] > git rev-parse --show-toplevel [4ms]
2024-11-21 19:50:53.940 [info] > git rev-parse --show-toplevel [2ms]
2024-11-21 19:50:53.944 [info] > git rev-parse --show-toplevel [1ms]
2024-11-21 19:50:53.947 [info] > git rev-parse --git-dir --git-common-dir [1ms]
2024-11-21 19:50:53.950 [info] [Model][openRepository] Opened repository: /var/www/html/2_team/2_team2/database
2024-11-21 19:50:53.956 [info] > git config --get commit.template [2ms]
2024-11-21 19:50:53.956 [info] > git rev-parse --show-toplevel [1ms]
2024-11-21 19:50:53.962 [info] > git status -z -uall [45ms]
2024-11-21 19:50:53.963 [info] > git rev-parse --show-toplevel [2ms]
2024-11-21 19:50:53.966 [info] [Model][doInitialScan] Initial repository scan completed - repositories (2), closed repositories (0), parent repositories (0), unsafe repositories (0)
2024-11-21 19:50:53.966 [info] > git for-each-ref --format=%(refname)%00%(upstream:short)%00%(objectname)%00%(upstream:track)%00%(upstream:remotename)%00%(upstream:remoteref) refs/heads/main refs/remotes/main [8ms]
2024-11-21 19:50:53.966 [warning] [Git][getBranch] No such branch: main
2024-11-21 19:50:54.011 [info] > git status -z -uall [43ms]
2024-11-21 19:50:54.235 [info] > git for-each-ref --format=%(refname)%00%(upstream:short)%00%(objectname)%00%(upstream:track)%00%(upstream:remotename)%00%(upstream:remoteref) refs/heads/main refs/remotes/main [197ms]
2024-11-21 19:50:54.235 [warning] [Git][getBranch] No such branch: main
2024-11-21 19:50:54.236 [error] [GitHistoryProvider][resolveHEADMergeBase] Failed to resolve merge base for main: Error: No such branch: main.
2024-11-21 19:50:54.237 [info] > git for-each-ref --sort -committerdate --format %(refname) %(objectname) %(*objectname) [266ms]
2024-11-21 19:50:54.247 [info] > git for-each-ref --format=%(refname)%00%(upstream:short)%00%(objectname)%00%(upstream:track)%00%(upstream:remotename)%00%(upstream:remoteref) refs/heads/main refs/remotes/main [7ms]
2024-11-21 19:50:54.247 [warning] [Git][getBranch] No such branch: main
2024-11-21 19:50:54.247 [error] [GitHistoryProvider][resolveHEADMergeBase] Failed to resolve merge base for main: Error: No such branch: main.
2024-11-21 19:50:54.248 [info] > git config --get commit.template [15ms]
2024-11-21 19:50:54.249 [info] > git config --get commit.template [2ms]
2024-11-21 19:50:54.249 [info] [Git][getRemotes] No remotes found in the git config file
2024-11-21 19:50:54.255 [info] > git for-each-ref --format=%(refname)%00%(upstream:short)%00%(objectname)%00%(upstream:track)%00%(upstream:remotename)%00%(upstream:remoteref) refs/heads/main refs/remotes/main [2ms]
2024-11-21 19:50:54.255 [warning] [Git][getBranch] No such branch: main
2024-11-21 19:50:54.260 [info] > git for-each-ref --format=%(refname)%00%(upstream:short)%00%(objectname)%00%(upstream:track)%00%(upstream:remotename)%00%(upstream:remoteref) refs/heads/main refs/remotes/main [9ms]
2024-11-21 19:50:54.260 [warning] [Git][getBranch] No such branch: main
2024-11-21 19:50:54.265 [info] > git status -z -uall [7ms]
2024-11-21 19:50:54.265 [info] > git for-each-ref --sort -committerdate --format %(refname) %(objectname) %(*objectname) [5ms]
2024-11-21 19:50:54.267 [info] > git for-each-ref --sort -committerdate --format %(refname) %(objectname) %(*objectname) [3ms]
2024-11-21 19:50:54.295 [info] > git status -z -uall [33ms]
2024-11-21 19:50:54.778 [info] > git check-ignore -v -z --stdin [4ms]
2024-11-21 19:50:54.778 [info] > git check-ignore -v -z --stdin [2ms]
2024-11-21 19:50:55.330 [info] > git log --format=%H%n%aN%n%aE%n%at%n%ct%n%P%n%D%n%B -z --shortstat --diff-merges=first-parent -n50 --skip=0 --topo-order --decorate=full --stdin [11ms]
2024-11-21 19:50:55.330 [info] fatal: bad revision 'refs/heads/main'
2024-11-21 19:50:55.330 [error] [GitHistoryProvider][provideHistoryItems] Failed to get history items with options '{"historyItemRefs":["refs/heads/main"],"limit":50,"skip":0}': Failed to execute git {
  "exitCode": 128,
  "gitCommand": "log",
  "stdout": "",
  "stderr": "fatal: bad revision 'refs/heads/main'\n"
}
2024-11-21 19:50:55.837 [info] > git check-ignore -v -z --stdin [2ms]
2024-11-21 19:50:58.298 [info] > git check-ignore -v -z --stdin [2ms]
2024-11-21 19:50:59.533 [info] > git check-ignore -v -z --stdin [3ms]
2024-11-21 19:51:04.853 [info] > git check-ignore -v -z --stdin [2ms]
2024-11-21 19:51:08.745 [info] > git -c user.useConfigOnly=true commit --quiet [4ms]
2024-11-21 19:51:08.745 [info] Author identity unknown

*** Please tell me who you are.

Run

  git config --global user.email "you@example.com"
  git config --global user.name "Your Name"

to set your account's default identity.
Omit --global to set the identity only in this repository.

fatal: no email was given and auto-detection is disabled
2024-11-21 19:51:08.748 [info] > git config --get-all user.name [1ms]
2024-11-21 19:51:08.754 [info] [Git][getRemotes] No remotes found in the git config file
2024-11-21 19:51:08.755 [info] > git config --get commit.template [3ms]
2024-11-21 19:51:08.756 [info] > git for-each-ref --format=%(refname)%00%(upstream:short)%00%(objectname)%00%(upstream:track)%00%(upstream:remotename)%00%(upstream:remoteref) refs/heads/main refs/remotes/main [2ms]
2024-11-21 19:51:08.756 [warning] [Git][getBranch] No such branch: main
2024-11-21 19:51:08.763 [info] > git for-each-ref --sort -committerdate --format %(refname) %(objectname) %(*objectname) [2ms]
2024-11-21 19:51:08.794 [info] > git status -z -uall [36ms]
2024-11-21 19:54:57.736 [info] [Git][getRemotes] No remotes found in the git config file
2024-11-21 19:54:57.736 [info] > git config --get commit.template [3ms]
2024-11-21 19:54:57.737 [info] > git for-each-ref --format=%(refname)%00%(upstream:short)%00%(objectname)%00%(upstream:track)%00%(upstream:remotename)%00%(upstream:remoteref) refs/heads/main refs/remotes/main [2ms]
2024-11-21 19:54:57.737 [warning] [Git][getBranch] No such branch: main
2024-11-21 19:54:57.743 [info] > git for-each-ref --sort -committerdate --format %(refname) %(objectname) %(*objectname) [2ms]
2024-11-21 19:54:57.773 [info] > git status -z -uall [33ms]
2024-11-21 19:56:12.148 [info] [Git][getRemotes] No remotes found in the git config file
2024-11-21 19:56:12.150 [info] > git config --get commit.template [3ms]
2024-11-21 19:56:12.150 [info] > git for-each-ref --format=%(refname)%00%(upstream:short)%00%(objectname)%00%(upstream:track)%00%(upstream:remotename)%00%(upstream:remoteref) refs/heads/main refs/remotes/main [2ms]
2024-11-21 19:56:12.150 [warning] [Git][getBranch] No such branch: main
2024-11-21 19:56:12.156 [info] > git for-each-ref --sort -committerdate --format %(refname) %(objectname) %(*objectname) [1ms]
2024-11-21 19:56:12.186 [info] > git status -z -uall [34ms]
2024-11-21 19:56:17.219 [info] [Git][getRemotes] No remotes found in the git config file
2024-11-21 19:56:17.220 [info] > git config --get commit.template [2ms]
2024-11-21 19:56:17.220 [info] > git for-each-ref --format=%(refname)%00%(upstream:short)%00%(objectname)%00%(upstream:track)%00%(upstream:remotename)%00%(upstream:remoteref) refs/heads/main refs/remotes/main [1ms]
2024-11-21 19:56:17.220 [warning] [Git][getBranch] No such branch: main
2024-11-21 19:56:17.226 [info] > git for-each-ref --sort -committerdate --format %(refname) %(objectname) %(*objectname) [1ms]
2024-11-21 19:56:17.255 [info] > git status -z -uall [33ms]
2024-11-21 19:56:22.282 [info] [Git][getRemotes] No remotes found in the git config file
2024-11-21 19:56:22.283 [info] > git config --get commit.template [4ms]
2024-11-21 19:56:22.284 [info] > git for-each-ref --format=%(refname)%00%(upstream:short)%00%(objectname)%00%(upstream:track)%00%(upstream:remotename)%00%(upstream:remoteref) refs/heads/main refs/remotes/main [2ms]
2024-11-21 19:56:22.284 [warning] [Git][getBranch] No such branch: main
2024-11-21 19:56:22.291 [info] > git for-each-ref --sort -committerdate --format %(refname) %(objectname) %(*objectname) [1ms]
2024-11-21 19:56:22.320 [info] > git status -z -uall [33ms]
2024-11-21 19:56:27.347 [info] [Git][getRemotes] No remotes found in the git config file
2024-11-21 19:56:27.347 [info] > git config --get commit.template [3ms]
2024-11-21 19:56:27.348 [info] > git for-each-ref --format=%(refname)%00%(upstream:short)%00%(objectname)%00%(upstream:track)%00%(upstream:remotename)%00%(upstream:remoteref) refs/heads/main refs/remotes/main [2ms]
2024-11-21 19:56:27.348 [warning] [Git][getBranch] No such branch: main
2024-11-21 19:56:27.354 [info] > git for-each-ref --sort -committerdate --format %(refname) %(objectname) %(*objectname) [1ms]
2024-11-21 19:56:27.383 [info] > git status -z -uall [33ms]
2024-11-21 19:56:32.408 [info] [Git][getRemotes] No remotes found in the git config file
2024-11-21 19:56:32.409 [info] > git config --get commit.template [3ms]
2024-11-21 19:56:32.410 [info] > git for-each-ref --format=%(refname)%00%(upstream:short)%00%(objectname)%00%(upstream:track)%00%(upstream:remotename)%00%(upstream:remoteref) refs/heads/main refs/remotes/main [1ms]
2024-11-21 19:56:32.410 [warning] [Git][getBranch] No such branch: main
2024-11-21 19:56:32.416 [info] > git for-each-ref --sort -committerdate --format %(refname) %(objectname) %(*objectname) [2ms]
2024-11-21 19:56:32.448 [info] > git status -z -uall [36ms]
2024-11-21 19:56:37.471 [info] [Git][getRemotes] No remotes found in the git config file
2024-11-21 19:56:37.474 [info] > git config --get commit.template [3ms]
2024-11-21 19:56:37.475 [info] > git for-each-ref --format=%(refname)%00%(upstream:short)%00%(objectname)%00%(upstream:track)%00%(upstream:remotename)%00%(upstream:remoteref) refs/heads/main refs/remotes/main [1ms]
2024-11-21 19:56:37.475 [warning] [Git][getBranch] No such branch: main
2024-11-21 19:56:37.482 [info] > git for-each-ref --sort -committerdate --format %(refname) %(objectname) %(*objectname) [1ms]
2024-11-21 19:56:37.510 [info] > git status -z -uall [32ms]
2024-11-21 19:56:42.535 [info] [Git][getRemotes] No remotes found in the git config file
2024-11-21 19:56:42.536 [info] > git config --get commit.template [3ms]
2024-11-21 19:56:42.537 [info] > git for-each-ref --format=%(refname)%00%(upstream:short)%00%(objectname)%00%(upstream:track)%00%(upstream:remotename)%00%(upstream:remoteref) refs/heads/main refs/remotes/main [1ms]
2024-11-21 19:56:42.537 [warning] [Git][getBranch] No such branch: main
2024-11-21 19:56:42.542 [info] > git for-each-ref --sort -committerdate --format %(refname) %(objectname) %(*objectname) [1ms]
2024-11-21 19:56:42.572 [info] > git status -z -uall [33ms]
2024-11-21 20:00:16.976 [info] [Git][getRemotes] No remotes found in the git config file
2024-11-21 20:00:16.977 [info] > git config --get commit.template [3ms]
2024-11-21 20:00:16.978 [info] > git for-each-ref --format=%(refname)%00%(upstream:short)%00%(objectname)%00%(upstream:track)%00%(upstream:remotename)%00%(upstream:remoteref) refs/heads/main refs/remotes/main [2ms]
2024-11-21 20:00:16.978 [warning] [Git][getBranch] No such branch: main
2024-11-21 20:00:16.983 [info] > git for-each-ref --sort -committerdate --format %(refname) %(objectname) %(*objectname) [1ms]
2024-11-21 20:00:17.012 [info] > git status -z -uall [32ms]
2024-11-21 20:04:27.830 [info] > git config --get commit.template [4ms]
2024-11-21 20:04:27.830 [info] > git for-each-ref --format=%(refname)%00%(upstream:short)%00%(objectname)%00%(upstream:track)%00%(upstream:remotename)%00%(upstream:remoteref) refs/heads/main refs/remotes/main [1ms]
2024-11-21 20:04:27.831 [warning] [Git][getBranch] No such branch: main
2024-11-21 20:04:27.838 [info] > git for-each-ref --sort -committerdate --format %(refname) %(objectname) %(*objectname) [2ms]
2024-11-21 20:04:27.867 [info] > git status -z -uall [34ms]
2024-11-21 20:04:32.744 [info] > git show --textconv :participant.php [5ms]
2024-11-21 20:04:32.745 [info] > git ls-files --stage -- /var/www/html/2_team/2_team2/participant.php [2ms]
2024-11-21 20:04:32.903 [info] > git config --get commit.template [4ms]
2024-11-21 20:04:32.904 [info] > git for-each-ref --format=%(refname)%00%(upstream:short)%00%(objectname)%00%(upstream:track)%00%(upstream:remotename)%00%(upstream:remoteref) refs/heads/main refs/remotes/main [1ms]
2024-11-21 20:04:32.904 [warning] [Git][getBranch] No such branch: main
2024-11-21 20:04:32.910 [info] > git for-each-ref --sort -committerdate --format %(refname) %(objectname) %(*objectname) [2ms]
2024-11-21 20:04:32.940 [info] > git status -z -uall [34ms]
2024-11-21 20:04:37.976 [info] > git config --get commit.template [9ms]
2024-11-21 20:04:37.977 [info] > git for-each-ref --format=%(refname)%00%(upstream:short)%00%(objectname)%00%(upstream:track)%00%(upstream:remotename)%00%(upstream:remoteref) refs/heads/main refs/remotes/main [2ms]
2024-11-21 20:04:37.977 [warning] [Git][getBranch] No such branch: main
2024-11-21 20:04:37.983 [info] > git for-each-ref --sort -committerdate --format %(refname) %(objectname) %(*objectname) [1ms]
2024-11-21 20:04:38.012 [info] > git status -z -uall [33ms]
2024-11-21 20:04:43.037 [info] > git config --get commit.template [4ms]
2024-11-21 20:04:43.038 [info] > git for-each-ref --format=%(refname)%00%(upstream:short)%00%(objectname)%00%(upstream:track)%00%(upstream:remotename)%00%(upstream:remoteref) refs/heads/main refs/remotes/main [2ms]
2024-11-21 20:04:43.039 [warning] [Git][getBranch] No such branch: main
2024-11-21 20:04:43.047 [info] > git for-each-ref --sort -committerdate --format %(refname) %(objectname) %(*objectname) [1ms]
2024-11-21 20:04:43.077 [info] > git status -z -uall [35ms]
2024-11-21 20:04:48.107 [info] > git config --get commit.template [4ms]
2024-11-21 20:04:48.108 [info] > git for-each-ref --format=%(refname)%00%(upstream:short)%00%(objectname)%00%(upstream:track)%00%(upstream:remotename)%00%(upstream:remoteref) refs/heads/main refs/remotes/main [2ms]
2024-11-21 20:04:48.108 [warning] [Git][getBranch] No such branch: main
2024-11-21 20:04:48.113 [info] > git for-each-ref --sort -committerdate --format %(refname) %(objectname) %(*objectname) [1ms]
2024-11-21 20:04:48.143 [info] > git status -z -uall [33ms]
2024-11-21 20:04:53.167 [info] > git config --get commit.template [2ms]
2024-11-21 20:04:53.168 [info] > git for-each-ref --format=%(refname)%00%(upstream:short)%00%(objectname)%00%(upstream:track)%00%(upstream:remotename)%00%(upstream:remoteref) refs/heads/main refs/remotes/main [1ms]
2024-11-21 20:04:53.168 [warning] [Git][getBranch] No such branch: main
2024-11-21 20:04:53.174 [info] > git for-each-ref --sort -committerdate --format %(refname) %(objectname) %(*objectname) [1ms]
2024-11-21 20:04:53.202 [info] > git status -z -uall [32ms]
2024-11-21 20:04:53.468 [info] > git show --textconv :participant_process.php [3ms]
2024-11-21 20:04:53.469 [info] > git ls-files --stage -- /var/www/html/2_team/2_team2/participant_process.php [1ms]
2024-11-21 20:04:54.827 [info] > git show --textconv :navbar.php [4ms]
2024-11-21 20:04:54.828 [info] > git ls-files --stage -- /var/www/html/2_team/2_team2/navbar.php [2ms]
2024-11-21 20:04:54.832 [info] > git cat-file -s 60135694d26537359d388809ddf877a17b0c2745 [2ms]
2024-11-21 20:04:55.136 [info] > git show --textconv :navbar_login.php [3ms]
2024-11-21 20:04:55.136 [info] > git ls-files --stage -- /var/www/html/2_team/2_team2/navbar_login.php [1ms]
2024-11-21 20:04:55.908 [info] > git show --textconv :mypage.php [8ms]
2024-11-21 20:04:55.910 [info] > git ls-files --stage -- /var/www/html/2_team/2_team2/mypage.php [3ms]
2024-11-21 20:04:56.492 [info] > git show --textconv :membership.php [4ms]
2024-11-21 20:04:56.493 [info] > git ls-files --stage -- /var/www/html/2_team/2_team2/membership.php [2ms]
2024-11-21 20:04:57.182 [info] > git show --textconv :mainpage.php [8ms]
2024-11-21 20:04:57.183 [info] > git ls-files --stage -- /var/www/html/2_team/2_team2/mainpage.php [2ms]
2024-11-21 20:04:58.177 [info] > git show --textconv :LOLgamepage.php [4ms]
2024-11-21 20:04:58.178 [info] > git ls-files --stage -- /var/www/html/2_team/2_team2/LOLgamepage.php [2ms]
2024-11-21 20:04:58.181 [info] > git cat-file -s 014089b95f0829b8bfec66592438490b99d94b21 [1ms]
2024-11-21 20:04:58.236 [info] > git config --get commit.template [9ms]
2024-11-21 20:04:58.239 [info] > git for-each-ref --format=%(refname)%00%(upstream:short)%00%(objectname)%00%(upstream:track)%00%(upstream:remotename)%00%(upstream:remoteref) refs/heads/main refs/remotes/main [4ms]
2024-11-21 20:04:58.239 [warning] [Git][getBranch] No such branch: main
2024-11-21 20:04:58.257 [info] > git for-each-ref --sort -committerdate --format %(refname) %(objectname) %(*objectname) [3ms]
2024-11-21 20:04:58.285 [info] > git status -z -uall [39ms]
2024-11-21 20:04:58.551 [info] > git show --textconv :login.php [2ms]
2024-11-21 20:04:58.552 [info] > git ls-files --stage -- /var/www/html/2_team/2_team2/login.php [1ms]
2024-11-21 20:04:58.556 [info] > git cat-file -s c3a766b0fbe8b57d4adff96a5ff8c8c382b11ad1 [2ms]
2024-11-21 20:04:58.862 [info] > git show --textconv :FIFAgamepage.php [4ms]
2024-11-21 20:04:58.863 [info] > git ls-files --stage -- /var/www/html/2_team/2_team2/FIFAgamepage.php [2ms]
2024-11-21 20:04:59.199 [info] > git show --textconv :Donate.php [9ms]
2024-11-21 20:04:59.200 [info] > git ls-files --stage -- /var/www/html/2_team/2_team2/Donate.php [2ms]
2024-11-21 20:04:59.204 [info] > git cat-file -s 84360b8001310eab6c8616c9a9cd581b0b8d4287 [1ms]
2024-11-21 20:04:59.474 [info] > git show --textconv :board.php [3ms]
2024-11-21 20:04:59.474 [info] > git ls-files --stage -- /var/www/html/2_team/2_team2/board.php [1ms]
2024-11-21 20:05:00.009 [info] > git show --textconv :Battlegamepage.php [2ms]
2024-11-21 20:05:00.010 [info] > git ls-files --stage -- /var/www/html/2_team/2_team2/Battlegamepage.php [1ms]
2024-11-21 20:05:00.864 [info] > git show --textconv :write.php [6ms]
2024-11-21 20:05:00.865 [info] > git ls-files --stage -- /var/www/html/2_team/2_team2/write.php [2ms]
2024-11-21 20:10:53.664 [info] > git config --get commit.template [5ms]
2024-11-21 20:10:53.665 [info] > git for-each-ref --format=%(refname)%00%(upstream:short)%00%(objectname)%00%(upstream:track)%00%(upstream:remotename)%00%(upstream:remoteref) refs/heads/main refs/remotes/main [2ms]
2024-11-21 20:10:53.665 [warning] [Git][getBranch] No such branch: main
2024-11-21 20:10:53.675 [info] > git for-each-ref --sort -committerdate --format %(refname) %(objectname) %(*objectname) [1ms]
2024-11-21 20:10:53.703 [info] > git status -z -uall [33ms]
2024-11-21 20:10:54.196 [info] > git check-ignore -v -z --stdin [3ms]
2024-11-21 20:10:58.734 [info] > git config --get commit.template [3ms]
2024-11-21 20:10:58.735 [info] > git for-each-ref --format=%(refname)%00%(upstream:short)%00%(objectname)%00%(upstream:track)%00%(upstream:remotename)%00%(upstream:remoteref) refs/heads/main refs/remotes/main [2ms]
2024-11-21 20:10:58.735 [warning] [Git][getBranch] No such branch: main
2024-11-21 20:10:58.741 [info] > git for-each-ref --sort -committerdate --format %(refname) %(objectname) %(*objectname) [2ms]
2024-11-21 20:10:58.769 [info] > git status -z -uall [32ms]
