2024-11-26 18:31:06.454 [info] [main] 로그 수준: Info
2024-11-26 18:31:06.454 [info] [main] "git"에서 찾은 git 유효성을 검사하는 중
2024-11-26 18:31:06.454 [info] [main] "2.34.1"에서 git "git"을(를) 사용하는 중
2024-11-26 18:31:06.454 [info] [Model][doInitialScan] Initial repository scan started
2024-11-26 18:31:06.454 [info] > git rev-parse --show-toplevel [2ms]
2024-11-26 18:31:06.454 [info] > git rev-parse --git-dir --git-common-dir [2ms]
2024-11-26 18:31:06.454 [info] [Model][openRepository] Opened repository: /var/www/html/2_team/2_team2
2024-11-26 18:31:06.454 [info] > git config --get commit.template [3ms]
2024-11-26 18:31:06.454 [info] > git rev-parse --show-toplevel [2ms]
2024-11-26 18:31:06.455 [info] > git rev-parse --show-toplevel [1ms]
2024-11-26 18:31:06.458 [info] > git rev-parse --show-toplevel [1ms]
2024-11-26 18:31:06.461 [info] > git rev-parse --show-toplevel [1ms]
2024-11-26 18:31:06.465 [info] > git rev-parse --show-toplevel [2ms]
2024-11-26 18:31:06.469 [info] > git rev-parse --show-toplevel [1ms]
2024-11-26 18:31:06.475 [info] > git rev-parse --show-toplevel [3ms]
2024-11-26 18:31:06.475 [info] > git for-each-ref --format=%(refname)%00%(upstream:short)%00%(objectname)%00%(upstream:track)%00%(upstream:remotename)%00%(upstream:remoteref) refs/heads/jhw refs/remotes/jhw [25ms]
2024-11-26 18:31:06.485 [info] > git rev-parse --show-toplevel [8ms]
2024-11-26 18:31:06.492 [info] > git rev-parse --show-toplevel [4ms]
2024-11-26 18:31:06.501 [info] > git rev-parse --show-toplevel [1ms]
2024-11-26 18:31:06.504 [info] [Model][doInitialScan] Initial repository scan completed - repositories (1), closed repositories (0), parent repositories (0), unsafe repositories (0)
2024-11-26 18:31:06.511 [info] > git for-each-ref --sort -committerdate --format %(refname) %(objectname) %(*objectname) [27ms]
2024-11-26 18:31:06.925 [info] > git status -z -uall [445ms]
2024-11-26 18:31:06.958 [info] > git for-each-ref --format=%(refname)%00%(upstream:short)%00%(objectname)%00%(upstream:track)%00%(upstream:remotename)%00%(upstream:remoteref) refs/heads/jhw refs/remotes/jhw [6ms]
2024-11-26 18:31:06.962 [info] > git config --get commit.template [4ms]
2024-11-26 18:31:06.964 [info] > git config --local branch.jhw.vscode-merge-base [3ms]
2024-11-26 18:31:06.965 [warning] [Git][config] git config failed: Failed to execute git
2024-11-26 18:31:06.968 [info] > git for-each-ref --format=%(refname)%00%(upstream:short)%00%(objectname)%00%(upstream:track)%00%(upstream:remotename)%00%(upstream:remoteref) refs/heads/jhw refs/remotes/jhw [4ms]
2024-11-26 18:31:06.975 [info] > git for-each-ref --sort -committerdate --format %(refname) %(objectname) %(*objectname) [2ms]
2024-11-26 18:31:07.024 [info] > git reflog jhw --grep-reflog=branch: Created from *. [57ms]
2024-11-26 18:31:07.137 [info] > git status -z -uall [167ms]
2024-11-26 18:31:07.138 [info] > git check-ignore -v -z --stdin [115ms]
2024-11-26 18:31:07.158 [info] > git reflog HEAD --grep-reflog=checkout: moving from .* to jhw [130ms]
2024-11-26 18:31:07.162 [info] > git for-each-ref --format=%(refname)%00%(upstream:short)%00%(objectname)%00%(upstream:track)%00%(upstream:remotename)%00%(upstream:remoteref) refs/heads/jhw refs/remotes/jhw [6ms]
2024-11-26 18:31:07.173 [info] > git for-each-ref --format=%(refname)%00%(upstream:short)%00%(objectname)%00%(upstream:track)%00%(upstream:remotename)%00%(upstream:remoteref) refs/heads/main refs/remotes/main [12ms]
2024-11-26 18:31:07.178 [info] > git config --local branch.jhw.vscode-merge-base [12ms]
2024-11-26 18:31:07.178 [warning] [Git][config] git config failed: Failed to execute git
2024-11-26 18:31:07.182 [info] > git symbolic-ref --short refs/remotes/origin/HEAD [5ms]
2024-11-26 18:31:07.182 [info] fatal: ref refs/remotes/origin/HEAD is not a symbolic ref
2024-11-26 18:31:07.182 [warning] [Repository][getDefaultBranch] Failed to get default branch details: Failed to execute git.
2024-11-26 18:31:07.187 [info] > git reflog jhw --grep-reflog=branch: Created from *. [6ms]
2024-11-26 18:31:07.190 [info] > git merge-base refs/heads/jhw refs/remotes/origin/jhw [4ms]
2024-11-26 18:31:07.194 [info] > git reflog HEAD --grep-reflog=checkout: moving from .* to jhw [4ms]
2024-11-26 18:31:07.197 [info] > git diff --name-status -z --diff-filter=ADMR 9737636c5f94e0bcd809246b99e222d049bc4914...refs/remotes/origin/jhw [4ms]
2024-11-26 18:31:07.199 [info] > git for-each-ref --format=%(refname)%00%(upstream:short)%00%(objectname)%00%(upstream:track)%00%(upstream:remotename)%00%(upstream:remoteref) refs/heads/main refs/remotes/main [1ms]
2024-11-26 18:31:07.203 [info] > git symbolic-ref --short refs/remotes/origin/HEAD [2ms]
2024-11-26 18:31:07.203 [info] fatal: ref refs/remotes/origin/HEAD is not a symbolic ref
2024-11-26 18:31:07.203 [warning] [Repository][getDefaultBranch] Failed to get default branch details: Failed to execute git.
2024-11-26 18:31:07.490 [info] > git show --textconv :mainpage.php [27ms]
2024-11-26 18:31:07.491 [info] > git ls-files --stage -- /var/www/html/2_team/2_team2/mainpage.php [23ms]
2024-11-26 18:31:07.498 [info] > git cat-file -s ff381064874d037e7ed492e5fdc73bc9c0dc040b [3ms]
2024-11-26 18:33:48.972 [info] > git config --get commit.template [3ms]
2024-11-26 18:33:48.972 [info] > git for-each-ref --format=%(refname)%00%(upstream:short)%00%(objectname)%00%(upstream:track)%00%(upstream:remotename)%00%(upstream:remoteref) refs/heads/jhw refs/remotes/jhw [1ms]
2024-11-26 18:33:48.980 [info] > git for-each-ref --sort -committerdate --format %(refname) %(objectname) %(*objectname) [3ms]
2024-11-26 18:33:49.047 [info] > git status -z -uall [72ms]
2024-11-26 18:33:54.073 [info] > git config --get commit.template [3ms]
2024-11-26 18:33:54.073 [info] > git for-each-ref --format=%(refname)%00%(upstream:short)%00%(objectname)%00%(upstream:track)%00%(upstream:remotename)%00%(upstream:remoteref) refs/heads/jhw refs/remotes/jhw [2ms]
2024-11-26 18:33:54.080 [info] > git for-each-ref --sort -committerdate --format %(refname) %(objectname) %(*objectname) [2ms]
2024-11-26 18:33:54.146 [info] > git status -z -uall [70ms]
2024-11-26 18:33:59.167 [info] > git config --get commit.template [2ms]
2024-11-26 18:33:59.168 [info] > git for-each-ref --format=%(refname)%00%(upstream:short)%00%(objectname)%00%(upstream:track)%00%(upstream:remotename)%00%(upstream:remoteref) refs/heads/jhw refs/remotes/jhw [2ms]
2024-11-26 18:33:59.176 [info] > git for-each-ref --sort -committerdate --format %(refname) %(objectname) %(*objectname) [3ms]
2024-11-26 18:33:59.240 [info] > git status -z -uall [70ms]
2024-11-26 18:34:04.261 [info] > git config --get commit.template [3ms]
2024-11-26 18:34:04.262 [info] > git for-each-ref --format=%(refname)%00%(upstream:short)%00%(objectname)%00%(upstream:track)%00%(upstream:remotename)%00%(upstream:remoteref) refs/heads/jhw refs/remotes/jhw [2ms]
2024-11-26 18:34:04.269 [info] > git for-each-ref --sort -committerdate --format %(refname) %(objectname) %(*objectname) [2ms]
2024-11-26 18:34:04.335 [info] > git status -z -uall [70ms]
2024-11-26 18:34:09.354 [info] > git config --get commit.template [3ms]
2024-11-26 18:34:09.355 [info] > git for-each-ref --format=%(refname)%00%(upstream:short)%00%(objectname)%00%(upstream:track)%00%(upstream:remotename)%00%(upstream:remoteref) refs/heads/jhw refs/remotes/jhw [1ms]
2024-11-26 18:34:09.364 [info] > git for-each-ref --sort -committerdate --format %(refname) %(objectname) %(*objectname) [2ms]
2024-11-26 18:34:09.430 [info] > git status -z -uall [72ms]
2024-11-26 18:34:24.463 [info] > git config --get commit.template [3ms]
2024-11-26 18:34:24.465 [info] > git for-each-ref --format=%(refname)%00%(upstream:short)%00%(objectname)%00%(upstream:track)%00%(upstream:remotename)%00%(upstream:remoteref) refs/heads/jhw refs/remotes/jhw [2ms]
2024-11-26 18:34:24.472 [info] > git for-each-ref --sort -committerdate --format %(refname) %(objectname) %(*objectname) [2ms]
2024-11-26 18:34:24.538 [info] > git status -z -uall [71ms]
2024-11-26 18:34:29.557 [info] > git config --get commit.template [3ms]
2024-11-26 18:34:29.558 [info] > git for-each-ref --format=%(refname)%00%(upstream:short)%00%(objectname)%00%(upstream:track)%00%(upstream:remotename)%00%(upstream:remoteref) refs/heads/jhw refs/remotes/jhw [1ms]
2024-11-26 18:34:29.566 [info] > git for-each-ref --sort -committerdate --format %(refname) %(objectname) %(*objectname) [2ms]
2024-11-26 18:34:29.633 [info] > git status -z -uall [72ms]
2024-11-26 18:34:37.953 [info] > git config --get commit.template [2ms]
2024-11-26 18:34:37.954 [info] > git for-each-ref --format=%(refname)%00%(upstream:short)%00%(objectname)%00%(upstream:track)%00%(upstream:remotename)%00%(upstream:remoteref) refs/heads/jhw refs/remotes/jhw [1ms]
2024-11-26 18:34:37.962 [info] > git for-each-ref --sort -committerdate --format %(refname) %(objectname) %(*objectname) [3ms]
2024-11-26 18:34:38.027 [info] > git status -z -uall [70ms]
2024-11-26 18:34:43.967 [info] > git config --get commit.template [2ms]
2024-11-26 18:34:43.968 [info] > git for-each-ref --format=%(refname)%00%(upstream:short)%00%(objectname)%00%(upstream:track)%00%(upstream:remotename)%00%(upstream:remoteref) refs/heads/jhw refs/remotes/jhw [2ms]
2024-11-26 18:34:43.975 [info] > git for-each-ref --sort -committerdate --format %(refname) %(objectname) %(*objectname) [2ms]
2024-11-26 18:34:44.041 [info] > git status -z -uall [71ms]
2024-11-26 18:34:49.071 [info] > git config --get commit.template [10ms]
2024-11-26 18:34:49.074 [info] > git for-each-ref --format=%(refname)%00%(upstream:short)%00%(objectname)%00%(upstream:track)%00%(upstream:remotename)%00%(upstream:remoteref) refs/heads/jhw refs/remotes/jhw [3ms]
2024-11-26 18:34:49.087 [info] > git for-each-ref --sort -committerdate --format %(refname) %(objectname) %(*objectname) [3ms]
2024-11-26 18:34:49.161 [info] > git status -z -uall [81ms]
2024-11-26 18:35:03.974 [info] > git config --get commit.template [4ms]
2024-11-26 18:35:03.975 [info] > git for-each-ref --format=%(refname)%00%(upstream:short)%00%(objectname)%00%(upstream:track)%00%(upstream:remotename)%00%(upstream:remoteref) refs/heads/jhw refs/remotes/jhw [2ms]
2024-11-26 18:35:03.983 [info] > git for-each-ref --sort -committerdate --format %(refname) %(objectname) %(*objectname) [2ms]
2024-11-26 18:35:04.049 [info] > git status -z -uall [71ms]
2024-11-26 18:35:10.009 [info] > git config --get commit.template [3ms]
2024-11-26 18:35:10.010 [info] > git for-each-ref --format=%(refname)%00%(upstream:short)%00%(objectname)%00%(upstream:track)%00%(upstream:remotename)%00%(upstream:remoteref) refs/heads/jhw refs/remotes/jhw [1ms]
2024-11-26 18:35:10.018 [info] > git for-each-ref --sort -committerdate --format %(refname) %(objectname) %(*objectname) [2ms]
2024-11-26 18:35:10.084 [info] > git status -z -uall [71ms]
2024-11-26 18:35:15.104 [info] > git config --get commit.template [3ms]
2024-11-26 18:35:15.105 [info] > git for-each-ref --format=%(refname)%00%(upstream:short)%00%(objectname)%00%(upstream:track)%00%(upstream:remotename)%00%(upstream:remoteref) refs/heads/jhw refs/remotes/jhw [2ms]
2024-11-26 18:35:15.112 [info] > git for-each-ref --sort -committerdate --format %(refname) %(objectname) %(*objectname) [2ms]
2024-11-26 18:35:15.179 [info] > git status -z -uall [72ms]
2024-11-26 18:35:45.052 [info] > git config --get commit.template [3ms]
2024-11-26 18:35:45.053 [info] > git for-each-ref --format=%(refname)%00%(upstream:short)%00%(objectname)%00%(upstream:track)%00%(upstream:remotename)%00%(upstream:remoteref) refs/heads/jhw refs/remotes/jhw [2ms]
2024-11-26 18:35:45.061 [info] > git for-each-ref --sort -committerdate --format %(refname) %(objectname) %(*objectname) [3ms]
2024-11-26 18:35:45.127 [info] > git status -z -uall [71ms]
2024-11-26 18:35:51.003 [info] > git config --get commit.template [4ms]
2024-11-26 18:35:51.005 [info] > git for-each-ref --format=%(refname)%00%(upstream:short)%00%(objectname)%00%(upstream:track)%00%(upstream:remotename)%00%(upstream:remoteref) refs/heads/jhw refs/remotes/jhw [3ms]
2024-11-26 18:35:51.015 [info] > git for-each-ref --sort -committerdate --format %(refname) %(objectname) %(*objectname) [3ms]
2024-11-26 18:35:51.084 [info] > git status -z -uall [75ms]
2024-11-26 18:35:57.025 [info] > git config --get commit.template [4ms]
2024-11-26 18:35:57.026 [info] > git for-each-ref --format=%(refname)%00%(upstream:short)%00%(objectname)%00%(upstream:track)%00%(upstream:remotename)%00%(upstream:remoteref) refs/heads/jhw refs/remotes/jhw [1ms]
2024-11-26 18:35:57.034 [info] > git for-each-ref --sort -committerdate --format %(refname) %(objectname) %(*objectname) [2ms]
2024-11-26 18:35:57.102 [info] > git status -z -uall [73ms]
2024-11-26 18:36:05.078 [info] > git config --get commit.template [4ms]
2024-11-26 18:36:05.079 [info] > git for-each-ref --format=%(refname)%00%(upstream:short)%00%(objectname)%00%(upstream:track)%00%(upstream:remotename)%00%(upstream:remoteref) refs/heads/jhw refs/remotes/jhw [1ms]
2024-11-26 18:36:05.087 [info] > git for-each-ref --sort -committerdate --format %(refname) %(objectname) %(*objectname) [2ms]
2024-11-26 18:36:05.153 [info] > git status -z -uall [71ms]
2024-11-26 18:36:10.174 [info] > git config --get commit.template [3ms]
2024-11-26 18:36:10.175 [info] > git for-each-ref --format=%(refname)%00%(upstream:short)%00%(objectname)%00%(upstream:track)%00%(upstream:remotename)%00%(upstream:remoteref) refs/heads/jhw refs/remotes/jhw [2ms]
2024-11-26 18:36:10.183 [info] > git for-each-ref --sort -committerdate --format %(refname) %(objectname) %(*objectname) [2ms]
2024-11-26 18:36:10.249 [info] > git status -z -uall [71ms]
2024-11-26 18:36:15.267 [info] > git config --get commit.template [3ms]
2024-11-26 18:36:15.268 [info] > git for-each-ref --format=%(refname)%00%(upstream:short)%00%(objectname)%00%(upstream:track)%00%(upstream:remotename)%00%(upstream:remoteref) refs/heads/jhw refs/remotes/jhw [1ms]
2024-11-26 18:36:15.276 [info] > git for-each-ref --sort -committerdate --format %(refname) %(objectname) %(*objectname) [2ms]
2024-11-26 18:36:15.342 [info] > git status -z -uall [71ms]
2024-11-26 18:36:20.365 [info] > git config --get commit.template [3ms]
2024-11-26 18:36:20.366 [info] > git for-each-ref --format=%(refname)%00%(upstream:short)%00%(objectname)%00%(upstream:track)%00%(upstream:remotename)%00%(upstream:remoteref) refs/heads/jhw refs/remotes/jhw [1ms]
2024-11-26 18:36:20.374 [info] > git for-each-ref --sort -committerdate --format %(refname) %(objectname) %(*objectname) [3ms]
2024-11-26 18:36:20.439 [info] > git status -z -uall [70ms]
2024-11-26 18:36:34.657 [info] > git config --get commit.template [8ms]
2024-11-26 18:36:34.662 [info] > git for-each-ref --format=%(refname)%00%(upstream:short)%00%(objectname)%00%(upstream:track)%00%(upstream:remotename)%00%(upstream:remoteref) refs/heads/jhw refs/remotes/jhw [6ms]
2024-11-26 18:36:34.685 [info] > git for-each-ref --sort -committerdate --format %(refname) %(objectname) %(*objectname) [6ms]
2024-11-26 18:36:34.771 [info] > git status -z -uall [100ms]
2024-11-26 18:36:43.843 [info] > git config --get commit.template [2ms]
2024-11-26 18:36:43.844 [info] > git for-each-ref --format=%(refname)%00%(upstream:short)%00%(objectname)%00%(upstream:track)%00%(upstream:remotename)%00%(upstream:remoteref) refs/heads/jhw refs/remotes/jhw [1ms]
2024-11-26 18:36:43.852 [info] > git for-each-ref --sort -committerdate --format %(refname) %(objectname) %(*objectname) [2ms]
2024-11-26 18:36:43.918 [info] > git status -z -uall [71ms]
2024-11-26 18:36:48.936 [info] > git config --get commit.template [3ms]
2024-11-26 18:36:48.937 [info] > git for-each-ref --format=%(refname)%00%(upstream:short)%00%(objectname)%00%(upstream:track)%00%(upstream:remotename)%00%(upstream:remoteref) refs/heads/jhw refs/remotes/jhw [2ms]
2024-11-26 18:36:48.944 [info] > git for-each-ref --sort -committerdate --format %(refname) %(objectname) %(*objectname) [2ms]
2024-11-26 18:36:49.012 [info] > git status -z -uall [72ms]
2024-11-26 18:36:54.036 [info] > git config --get commit.template [4ms]
2024-11-26 18:36:54.038 [info] > git for-each-ref --format=%(refname)%00%(upstream:short)%00%(objectname)%00%(upstream:track)%00%(upstream:remotename)%00%(upstream:remoteref) refs/heads/jhw refs/remotes/jhw [2ms]
2024-11-26 18:36:54.045 [info] > git for-each-ref --sort -committerdate --format %(refname) %(objectname) %(*objectname) [2ms]
2024-11-26 18:36:54.112 [info] > git status -z -uall [72ms]
2024-11-26 18:36:59.143 [info] > git config --get commit.template [2ms]
2024-11-26 18:36:59.144 [info] > git for-each-ref --format=%(refname)%00%(upstream:short)%00%(objectname)%00%(upstream:track)%00%(upstream:remotename)%00%(upstream:remoteref) refs/heads/jhw refs/remotes/jhw [2ms]
2024-11-26 18:36:59.151 [info] > git for-each-ref --sort -committerdate --format %(refname) %(objectname) %(*objectname) [2ms]
2024-11-26 18:36:59.217 [info] > git status -z -uall [71ms]
2024-11-26 18:37:04.239 [info] > git config --get commit.template [4ms]
2024-11-26 18:37:04.240 [info] > git for-each-ref --format=%(refname)%00%(upstream:short)%00%(objectname)%00%(upstream:track)%00%(upstream:remotename)%00%(upstream:remoteref) refs/heads/jhw refs/remotes/jhw [2ms]
2024-11-26 18:37:04.247 [info] > git for-each-ref --sort -committerdate --format %(refname) %(objectname) %(*objectname) [2ms]
2024-11-26 18:37:04.313 [info] > git status -z -uall [71ms]
2024-11-26 18:37:18.294 [info] > git config --get commit.template [3ms]
2024-11-26 18:37:18.295 [info] > git for-each-ref --format=%(refname)%00%(upstream:short)%00%(objectname)%00%(upstream:track)%00%(upstream:remotename)%00%(upstream:remoteref) refs/heads/jhw refs/remotes/jhw [2ms]
2024-11-26 18:37:18.305 [info] > git for-each-ref --sort -committerdate --format %(refname) %(objectname) %(*objectname) [2ms]
2024-11-26 18:37:18.368 [info] > git status -z -uall [70ms]
2024-11-26 18:37:23.390 [info] > git config --get commit.template [3ms]
2024-11-26 18:37:23.391 [info] > git for-each-ref --format=%(refname)%00%(upstream:short)%00%(objectname)%00%(upstream:track)%00%(upstream:remotename)%00%(upstream:remoteref) refs/heads/jhw refs/remotes/jhw [2ms]
2024-11-26 18:37:23.398 [info] > git for-each-ref --sort -committerdate --format %(refname) %(objectname) %(*objectname) [2ms]
2024-11-26 18:37:23.464 [info] > git status -z -uall [71ms]
2024-11-26 18:37:28.482 [info] > git config --get commit.template [3ms]
2024-11-26 18:37:28.483 [info] > git for-each-ref --format=%(refname)%00%(upstream:short)%00%(objectname)%00%(upstream:track)%00%(upstream:remotename)%00%(upstream:remoteref) refs/heads/jhw refs/remotes/jhw [2ms]
2024-11-26 18:37:28.490 [info] > git for-each-ref --sort -committerdate --format %(refname) %(objectname) %(*objectname) [2ms]
2024-11-26 18:37:28.555 [info] > git status -z -uall [70ms]
2024-11-26 18:37:33.573 [info] > git config --get commit.template [3ms]
2024-11-26 18:37:33.574 [info] > git for-each-ref --format=%(refname)%00%(upstream:short)%00%(objectname)%00%(upstream:track)%00%(upstream:remotename)%00%(upstream:remoteref) refs/heads/jhw refs/remotes/jhw [1ms]
2024-11-26 18:37:33.582 [info] > git for-each-ref --sort -committerdate --format %(refname) %(objectname) %(*objectname) [3ms]
2024-11-26 18:37:33.646 [info] > git status -z -uall [69ms]
2024-11-26 18:40:06.666 [info] > git config --get commit.template [3ms]
2024-11-26 18:40:06.667 [info] > git for-each-ref --format=%(refname)%00%(upstream:short)%00%(objectname)%00%(upstream:track)%00%(upstream:remotename)%00%(upstream:remoteref) refs/heads/jhw refs/remotes/jhw [2ms]
2024-11-26 18:40:06.674 [info] > git for-each-ref --sort -committerdate --format %(refname) %(objectname) %(*objectname) [2ms]
2024-11-26 18:40:06.740 [info] > git status -z -uall [71ms]
2024-11-26 18:47:43.320 [info] > git check-ignore -v -z --stdin [7ms]
2024-11-26 18:49:36.625 [info] > git config --get commit.template [3ms]
2024-11-26 18:49:36.626 [info] > git for-each-ref --format=%(refname)%00%(upstream:short)%00%(objectname)%00%(upstream:track)%00%(upstream:remotename)%00%(upstream:remoteref) refs/heads/jhw refs/remotes/jhw [1ms]
2024-11-26 18:49:36.634 [info] > git for-each-ref --sort -committerdate --format %(refname) %(objectname) %(*objectname) [2ms]
2024-11-26 18:49:36.707 [info] > git status -z -uall [78ms]
2024-11-26 18:49:44.814 [info] > git config --get commit.template [3ms]
2024-11-26 18:49:44.815 [info] > git for-each-ref --format=%(refname)%00%(upstream:short)%00%(objectname)%00%(upstream:track)%00%(upstream:remotename)%00%(upstream:remoteref) refs/heads/jhw refs/remotes/jhw [1ms]
2024-11-26 18:49:44.824 [info] > git for-each-ref --sort -committerdate --format %(refname) %(objectname) %(*objectname) [3ms]
2024-11-26 18:49:44.889 [info] > git status -z -uall [70ms]
2024-11-26 18:49:49.910 [info] > git config --get commit.template [3ms]
2024-11-26 18:49:49.911 [info] > git for-each-ref --format=%(refname)%00%(upstream:short)%00%(objectname)%00%(upstream:track)%00%(upstream:remotename)%00%(upstream:remoteref) refs/heads/jhw refs/remotes/jhw [1ms]
2024-11-26 18:49:49.919 [info] > git for-each-ref --sort -committerdate --format %(refname) %(objectname) %(*objectname) [2ms]
2024-11-26 18:49:49.985 [info] > git status -z -uall [71ms]
2024-11-26 18:49:55.605 [info] > git config --get commit.template [2ms]
2024-11-26 18:49:55.606 [info] > git for-each-ref --format=%(refname)%00%(upstream:short)%00%(objectname)%00%(upstream:track)%00%(upstream:remotename)%00%(upstream:remoteref) refs/heads/jhw refs/remotes/jhw [2ms]
2024-11-26 18:49:55.613 [info] > git for-each-ref --sort -committerdate --format %(refname) %(objectname) %(*objectname) [2ms]
2024-11-26 18:49:55.678 [info] > git status -z -uall [70ms]
2024-11-26 18:50:00.700 [info] > git config --get commit.template [4ms]
2024-11-26 18:50:00.701 [info] > git for-each-ref --format=%(refname)%00%(upstream:short)%00%(objectname)%00%(upstream:track)%00%(upstream:remotename)%00%(upstream:remoteref) refs/heads/jhw refs/remotes/jhw [1ms]
2024-11-26 18:50:00.709 [info] > git for-each-ref --sort -committerdate --format %(refname) %(objectname) %(*objectname) [2ms]
2024-11-26 18:50:00.774 [info] > git status -z -uall [70ms]
2024-11-26 18:50:06.615 [info] > git config --get commit.template [3ms]
2024-11-26 18:50:06.616 [info] > git for-each-ref --format=%(refname)%00%(upstream:short)%00%(objectname)%00%(upstream:track)%00%(upstream:remotename)%00%(upstream:remoteref) refs/heads/jhw refs/remotes/jhw [1ms]
2024-11-26 18:50:06.624 [info] > git for-each-ref --sort -committerdate --format %(refname) %(objectname) %(*objectname) [2ms]
2024-11-26 18:50:06.691 [info] > git status -z -uall [72ms]
2024-11-26 18:50:16.474 [info] > git config --get commit.template [2ms]
2024-11-26 18:50:16.475 [info] > git for-each-ref --format=%(refname)%00%(upstream:short)%00%(objectname)%00%(upstream:track)%00%(upstream:remotename)%00%(upstream:remoteref) refs/heads/jhw refs/remotes/jhw [2ms]
2024-11-26 18:50:16.482 [info] > git for-each-ref --sort -committerdate --format %(refname) %(objectname) %(*objectname) [2ms]
2024-11-26 18:50:16.550 [info] > git status -z -uall [73ms]
2024-11-26 18:50:25.010 [info] > git config --get commit.template [3ms]
2024-11-26 18:50:25.010 [info] > git for-each-ref --format=%(refname)%00%(upstream:short)%00%(objectname)%00%(upstream:track)%00%(upstream:remotename)%00%(upstream:remoteref) refs/heads/jhw refs/remotes/jhw [1ms]
2024-11-26 18:50:25.018 [info] > git for-each-ref --sort -committerdate --format %(refname) %(objectname) %(*objectname) [2ms]
2024-11-26 18:50:25.087 [info] > git status -z -uall [74ms]
2024-11-26 18:50:30.794 [info] > git config --get commit.template [3ms]
2024-11-26 18:50:30.795 [info] > git for-each-ref --format=%(refname)%00%(upstream:short)%00%(objectname)%00%(upstream:track)%00%(upstream:remotename)%00%(upstream:remoteref) refs/heads/jhw refs/remotes/jhw [2ms]
2024-11-26 18:50:30.802 [info] > git for-each-ref --sort -committerdate --format %(refname) %(objectname) %(*objectname) [2ms]
2024-11-26 18:50:30.874 [info] > git status -z -uall [76ms]
2024-11-26 18:50:35.895 [info] > git config --get commit.template [3ms]
2024-11-26 18:50:35.896 [info] > git for-each-ref --format=%(refname)%00%(upstream:short)%00%(objectname)%00%(upstream:track)%00%(upstream:remotename)%00%(upstream:remoteref) refs/heads/jhw refs/remotes/jhw [2ms]
2024-11-26 18:50:35.903 [info] > git for-each-ref --sort -committerdate --format %(refname) %(objectname) %(*objectname) [2ms]
2024-11-26 18:50:35.968 [info] > git status -z -uall [70ms]
2024-11-26 18:50:40.995 [info] > git config --get commit.template [8ms]
2024-11-26 18:50:41.000 [info] > git for-each-ref --format=%(refname)%00%(upstream:short)%00%(objectname)%00%(upstream:track)%00%(upstream:remotename)%00%(upstream:remoteref) refs/heads/jhw refs/remotes/jhw [5ms]
2024-11-26 18:50:41.022 [info] > git for-each-ref --sort -committerdate --format %(refname) %(objectname) %(*objectname) [7ms]
2024-11-26 18:50:41.101 [info] > git status -z -uall [93ms]
2024-11-26 18:50:48.850 [info] > git config --get commit.template [4ms]
2024-11-26 18:50:48.851 [info] > git for-each-ref --format=%(refname)%00%(upstream:short)%00%(objectname)%00%(upstream:track)%00%(upstream:remotename)%00%(upstream:remoteref) refs/heads/jhw refs/remotes/jhw [1ms]
2024-11-26 18:50:48.859 [info] > git for-each-ref --sort -committerdate --format %(refname) %(objectname) %(*objectname) [2ms]
2024-11-26 18:50:48.928 [info] > git status -z -uall [74ms]
2024-11-26 18:50:53.947 [info] > git config --get commit.template [4ms]
2024-11-26 18:50:53.947 [info] > git for-each-ref --format=%(refname)%00%(upstream:short)%00%(objectname)%00%(upstream:track)%00%(upstream:remotename)%00%(upstream:remoteref) refs/heads/jhw refs/remotes/jhw [1ms]
2024-11-26 18:50:53.954 [info] > git for-each-ref --sort -committerdate --format %(refname) %(objectname) %(*objectname) [2ms]
2024-11-26 18:50:54.023 [info] > git status -z -uall [73ms]
2024-11-26 18:51:16.579 [info] > git config --get commit.template [3ms]
2024-11-26 18:51:16.580 [info] > git for-each-ref --format=%(refname)%00%(upstream:short)%00%(objectname)%00%(upstream:track)%00%(upstream:remotename)%00%(upstream:remoteref) refs/heads/jhw refs/remotes/jhw [1ms]
2024-11-26 18:51:16.588 [info] > git for-each-ref --sort -committerdate --format %(refname) %(objectname) %(*objectname) [3ms]
2024-11-26 18:51:16.654 [info] > git status -z -uall [71ms]
2024-11-26 18:51:21.675 [info] > git config --get commit.template [4ms]
2024-11-26 18:51:21.677 [info] > git for-each-ref --format=%(refname)%00%(upstream:short)%00%(objectname)%00%(upstream:track)%00%(upstream:remotename)%00%(upstream:remoteref) refs/heads/jhw refs/remotes/jhw [3ms]
2024-11-26 18:51:21.688 [info] > git for-each-ref --sort -committerdate --format %(refname) %(objectname) %(*objectname) [2ms]
2024-11-26 18:51:21.754 [info] > git status -z -uall [72ms]
2024-11-26 18:51:26.772 [info] > git config --get commit.template [3ms]
2024-11-26 18:51:26.773 [info] > git for-each-ref --format=%(refname)%00%(upstream:short)%00%(objectname)%00%(upstream:track)%00%(upstream:remotename)%00%(upstream:remoteref) refs/heads/jhw refs/remotes/jhw [2ms]
2024-11-26 18:51:26.781 [info] > git for-each-ref --sort -committerdate --format %(refname) %(objectname) %(*objectname) [2ms]
2024-11-26 18:51:26.846 [info] > git status -z -uall [70ms]
2024-11-26 18:51:31.864 [info] > git config --get commit.template [3ms]
2024-11-26 18:51:31.865 [info] > git for-each-ref --format=%(refname)%00%(upstream:short)%00%(objectname)%00%(upstream:track)%00%(upstream:remotename)%00%(upstream:remoteref) refs/heads/jhw refs/remotes/jhw [2ms]
2024-11-26 18:51:31.872 [info] > git for-each-ref --sort -committerdate --format %(refname) %(objectname) %(*objectname) [2ms]
2024-11-26 18:51:31.938 [info] > git status -z -uall [71ms]
2024-11-26 18:51:39.734 [info] > git config --get commit.template [3ms]
2024-11-26 18:51:39.735 [info] > git for-each-ref --format=%(refname)%00%(upstream:short)%00%(objectname)%00%(upstream:track)%00%(upstream:remotename)%00%(upstream:remoteref) refs/heads/jhw refs/remotes/jhw [1ms]
2024-11-26 18:51:39.742 [info] > git for-each-ref --sort -committerdate --format %(refname) %(objectname) %(*objectname) [2ms]
2024-11-26 18:51:39.808 [info] > git status -z -uall [69ms]
2024-11-26 18:52:07.945 [info] > git config --get commit.template [3ms]
2024-11-26 18:52:07.946 [info] > git for-each-ref --format=%(refname)%00%(upstream:short)%00%(objectname)%00%(upstream:track)%00%(upstream:remotename)%00%(upstream:remoteref) refs/heads/jhw refs/remotes/jhw [2ms]
2024-11-26 18:52:07.953 [info] > git for-each-ref --sort -committerdate --format %(refname) %(objectname) %(*objectname) [3ms]
2024-11-26 18:52:08.019 [info] > git status -z -uall [71ms]
