2024-11-24 19:54:51.594 [info] [main] 로그 수준: Info
2024-11-24 19:54:51.594 [info] [main] "git"에서 찾은 git 유효성을 검사하는 중
2024-11-24 19:54:51.594 [info] [main] "2.34.1"에서 git "git"을(를) 사용하는 중
2024-11-24 19:54:51.594 [info] [Model][doInitialScan] Initial repository scan started
2024-11-24 19:54:51.594 [info] > git rev-parse --show-toplevel [24ms]
2024-11-24 19:54:51.594 [info] > git rev-parse --git-dir --git-common-dir [3ms]
2024-11-24 19:54:51.594 [info] [Model][openRepository] Opened repository: /var/www/html/2_team/2_team2
2024-11-24 19:54:51.595 [info] > git config --get commit.template [2ms]
2024-11-24 19:54:51.611 [info] > git for-each-ref --format=%(refname)%00%(upstream:short)%00%(objectname)%00%(upstream:track)%00%(upstream:remotename)%00%(upstream:remoteref) refs/heads/jhw refs/remotes/jhw [13ms]
2024-11-24 19:54:51.627 [info] > git rev-parse --show-toplevel [11ms]
2024-11-24 19:54:51.639 [info] > git rev-parse --show-toplevel [0ms]
2024-11-24 19:54:51.639 [info] > git for-each-ref --sort -committerdate --format %(refname) %(objectname) %(*objectname) [13ms]
2024-11-24 19:54:51.646 [info] > git rev-parse --show-toplevel [1ms]
2024-11-24 19:54:51.652 [info] > git rev-parse --show-toplevel [1ms]
2024-11-24 19:54:51.657 [info] > git rev-parse --show-toplevel [2ms]
2024-11-24 19:54:51.662 [info] > git rev-parse --show-toplevel [1ms]
2024-11-24 19:54:51.668 [info] > git rev-parse --show-toplevel [2ms]
2024-11-24 19:54:51.673 [info] > git rev-parse --show-toplevel [1ms]
2024-11-24 19:54:51.678 [info] > git rev-parse --show-toplevel [1ms]
2024-11-24 19:54:51.684 [info] > git rev-parse --show-toplevel [1ms]
2024-11-24 19:54:51.688 [info] [Model][doInitialScan] Initial repository scan completed - repositories (1), closed repositories (1), parent repositories (0), unsafe repositories (0)
2024-11-24 19:54:51.718 [info] > git status -z -uall [98ms]
2024-11-24 19:54:51.747 [info] > git for-each-ref --format=%(refname)%00%(upstream:short)%00%(objectname)%00%(upstream:track)%00%(upstream:remotename)%00%(upstream:remoteref) refs/heads/jhw refs/remotes/jhw [7ms]
2024-11-24 19:54:51.755 [info] > git config --get commit.template [8ms]
2024-11-24 19:54:51.756 [info] > git config --local branch.jhw.vscode-merge-base [4ms]
2024-11-24 19:54:51.756 [warning] [Git][config] git config failed: Failed to execute git
2024-11-24 19:54:51.902 [info] > git for-each-ref --format=%(refname)%00%(upstream:short)%00%(objectname)%00%(upstream:track)%00%(upstream:remotename)%00%(upstream:remoteref) refs/heads/jhw refs/remotes/jhw [137ms]
2024-11-24 19:54:51.902 [info] > git reflog jhw --grep-reflog=branch: Created from *. [142ms]
2024-11-24 19:54:51.913 [info] > git reflog HEAD --grep-reflog=checkout: moving from .* to jhw [8ms]
2024-11-24 19:54:51.926 [info] > git for-each-ref --format=%(refname)%00%(upstream:short)%00%(objectname)%00%(upstream:track)%00%(upstream:remotename)%00%(upstream:remoteref) refs/heads/main refs/remotes/main [3ms]
2024-11-24 19:54:51.932 [info] > git for-each-ref --sort -committerdate --format %(refname) %(objectname) %(*objectname) [20ms]
2024-11-24 19:54:51.940 [info] > git symbolic-ref --short refs/remotes/origin/HEAD [9ms]
2024-11-24 19:54:51.940 [info] fatal: ref refs/remotes/origin/HEAD is not a symbolic ref
2024-11-24 19:54:51.940 [warning] [Repository][getDefaultBranch] Failed to get default branch details: Failed to execute git.
2024-11-24 19:54:51.945 [info] > git merge-base refs/heads/jhw refs/remotes/origin/jhw [2ms]
2024-11-24 19:54:51.950 [info] > git diff --name-status -z --diff-filter=ADMR e7a47e12663b2a64afed8cfd125a9811ae58663d...refs/remotes/origin/jhw [2ms]
2024-11-24 19:54:51.997 [info] > git status -z -uall [89ms]
2024-11-24 19:54:52.264 [info] > git show --textconv :Donate.php [166ms]
2024-11-24 19:54:52.264 [info] > git ls-files --stage -- /var/www/html/2_team/2_team2/Donate.php [162ms]
2024-11-24 19:54:52.274 [info] > git cat-file -s aa250bfa24a7a86a3c9bb1ba28dabc3d022e145a [3ms]
2024-11-24 19:54:52.565 [info] > git check-ignore -v -z --stdin [46ms]
2024-11-24 19:54:53.159 [info] > git show --textconv :index.php [6ms]
2024-11-24 19:54:53.162 [info] > git ls-files --stage -- /var/www/html/2_team/2_team2/index.php [7ms]
2024-11-24 19:54:53.166 [info] > git cat-file -s 8c5232c4a81978e021d040544c21bb4975c5f859 [1ms]
2024-11-24 19:56:04.309 [info] > git check-ignore -v -z --stdin [10ms]
2024-11-24 19:56:12.452 [info] > git check-ignore -v -z --stdin [16ms]
2024-11-24 19:56:14.264 [info] > git check-ignore -v -z --stdin [9ms]
2024-11-24 19:56:17.563 [info] > git check-ignore -v -z --stdin [14ms]
2024-11-24 19:56:18.905 [info] > git check-ignore -v -z --stdin [10ms]
2024-11-24 19:57:27.888 [info] > git show --textconv :FIFAgamepage.php [10ms]
2024-11-24 19:57:27.894 [info] > git ls-files --stage -- /var/www/html/2_team/2_team2/FIFAgamepage.php [12ms]
2024-11-24 19:57:27.900 [info] > git cat-file -s 8b310c7dd978f43b4dcd7b81204a0aee5449b13c [2ms]
2024-11-24 19:57:28.694 [info] > git show --textconv :index.php [21ms]
2024-11-24 19:57:28.705 [info] > git ls-files --stage -- /var/www/html/2_team/2_team2/index.php [25ms]
2024-11-24 19:57:28.717 [info] > git cat-file -s 8c5232c4a81978e021d040544c21bb4975c5f859 [4ms]
2024-11-24 20:09:51.441 [info] > git check-ignore -v -z --stdin [8ms]
2024-11-24 20:10:10.012 [info] > git check-ignore -v -z --stdin [10ms]
2024-11-24 20:10:12.502 [info] > git ls-files --stage -- /var/www/html/2_team/2_team2/write_process.php [8ms]
2024-11-24 20:10:12.506 [info] > git cat-file -s 1af05d62dfe8b77d0c2127d51f6dc872b5542a72 [2ms]
2024-11-24 20:10:12.506 [info] > git show --textconv :write_process.php [22ms]
2024-11-24 20:10:26.490 [info] > git config --get commit.template [5ms]
2024-11-24 20:10:26.491 [info] > git for-each-ref --format=%(refname)%00%(upstream:short)%00%(objectname)%00%(upstream:track)%00%(upstream:remotename)%00%(upstream:remoteref) refs/heads/jhw refs/remotes/jhw [3ms]
2024-11-24 20:10:26.506 [info] > git for-each-ref --sort -committerdate --format %(refname) %(objectname) %(*objectname) [5ms]
2024-11-24 20:10:26.591 [info] > git status -z -uall [96ms]
2024-11-24 20:15:56.403 [info] > git config --get commit.template [3ms]
2024-11-24 20:15:56.403 [info] > git for-each-ref --format=%(refname)%00%(upstream:short)%00%(objectname)%00%(upstream:track)%00%(upstream:remotename)%00%(upstream:remoteref) refs/heads/jhw refs/remotes/jhw [1ms]
2024-11-24 20:15:56.412 [info] > git for-each-ref --sort -committerdate --format %(refname) %(objectname) %(*objectname) [2ms]
2024-11-24 20:15:56.478 [info] > git status -z -uall [71ms]
2024-11-24 20:16:02.996 [info] > git config --get commit.template [5ms]
2024-11-24 20:16:02.997 [info] > git for-each-ref --format=%(refname)%00%(upstream:short)%00%(objectname)%00%(upstream:track)%00%(upstream:remotename)%00%(upstream:remoteref) refs/heads/jhw refs/remotes/jhw [3ms]
2024-11-24 20:16:03.008 [info] > git for-each-ref --sort -committerdate --format %(refname) %(objectname) %(*objectname) [3ms]
2024-11-24 20:16:03.098 [info] > git status -z -uall [97ms]
2024-11-24 20:18:06.941 [info] > git config --get commit.template [3ms]
2024-11-24 20:18:06.942 [info] > git for-each-ref --format=%(refname)%00%(upstream:short)%00%(objectname)%00%(upstream:track)%00%(upstream:remotename)%00%(upstream:remoteref) refs/heads/jhw refs/remotes/jhw [2ms]
2024-11-24 20:18:06.950 [info] > git for-each-ref --sort -committerdate --format %(refname) %(objectname) %(*objectname) [3ms]
2024-11-24 20:18:07.017 [info] > git status -z -uall [72ms]
2024-11-24 20:18:11.388 [info] > git show --textconv :write.php [9ms]
2024-11-24 20:18:11.391 [info] > git ls-files --stage -- /var/www/html/2_team/2_team2/write.php [7ms]
2024-11-24 20:18:11.394 [info] > git cat-file -s b8f3c4a4b70a946e0705aafa6d9fb538f3c410fe [1ms]
2024-11-24 20:18:12.034 [info] > git config --get commit.template [3ms]
2024-11-24 20:18:12.035 [info] > git for-each-ref --format=%(refname)%00%(upstream:short)%00%(objectname)%00%(upstream:track)%00%(upstream:remotename)%00%(upstream:remoteref) refs/heads/jhw refs/remotes/jhw [2ms]
2024-11-24 20:18:12.043 [info] > git for-each-ref --sort -committerdate --format %(refname) %(objectname) %(*objectname) [2ms]
2024-11-24 20:18:12.112 [info] > git status -z -uall [74ms]
2024-11-24 20:27:17.618 [info] > git config --get commit.template [3ms]
2024-11-24 20:27:17.619 [info] > git for-each-ref --format=%(refname)%00%(upstream:short)%00%(objectname)%00%(upstream:track)%00%(upstream:remotename)%00%(upstream:remoteref) refs/heads/jhw refs/remotes/jhw [2ms]
2024-11-24 20:27:17.628 [info] > git for-each-ref --sort -committerdate --format %(refname) %(objectname) %(*objectname) [2ms]
2024-11-24 20:27:17.692 [info] > git status -z -uall [70ms]
2024-11-24 20:28:22.672 [info] > git config --get commit.template [3ms]
2024-11-24 20:28:22.673 [info] > git for-each-ref --format=%(refname)%00%(upstream:short)%00%(objectname)%00%(upstream:track)%00%(upstream:remotename)%00%(upstream:remoteref) refs/heads/jhw refs/remotes/jhw [2ms]
2024-11-24 20:28:22.680 [info] > git for-each-ref --sort -committerdate --format %(refname) %(objectname) %(*objectname) [2ms]
2024-11-24 20:28:22.744 [info] > git status -z -uall [69ms]
2024-11-24 20:28:27.760 [info] > git config --get commit.template [4ms]
2024-11-24 20:28:27.761 [info] > git for-each-ref --format=%(refname)%00%(upstream:short)%00%(objectname)%00%(upstream:track)%00%(upstream:remotename)%00%(upstream:remoteref) refs/heads/jhw refs/remotes/jhw [2ms]
2024-11-24 20:28:27.769 [info] > git for-each-ref --sort -committerdate --format %(refname) %(objectname) %(*objectname) [2ms]
2024-11-24 20:28:27.848 [info] > git status -z -uall [84ms]
2024-11-24 20:28:30.784 [info] > git show --textconv :promotion_write.php [10ms]
2024-11-24 20:28:30.789 [info] > git ls-files --stage -- /var/www/html/2_team/2_team2/promotion_write.php [9ms]
2024-11-24 20:30:55.506 [info] > git config --get commit.template [3ms]
2024-11-24 20:30:55.506 [info] > git for-each-ref --format=%(refname)%00%(upstream:short)%00%(objectname)%00%(upstream:track)%00%(upstream:remotename)%00%(upstream:remoteref) refs/heads/jhw refs/remotes/jhw [1ms]
2024-11-24 20:30:55.514 [info] > git for-each-ref --sort -committerdate --format %(refname) %(objectname) %(*objectname) [2ms]
2024-11-24 20:30:55.578 [info] > git status -z -uall [69ms]
2024-11-24 20:31:26.582 [info] > git config --get commit.template [4ms]
2024-11-24 20:31:26.582 [info] > git for-each-ref --format=%(refname)%00%(upstream:short)%00%(objectname)%00%(upstream:track)%00%(upstream:remotename)%00%(upstream:remoteref) refs/heads/jhw refs/remotes/jhw [1ms]
2024-11-24 20:31:26.590 [info] > git for-each-ref --sort -committerdate --format %(refname) %(objectname) %(*objectname) [2ms]
2024-11-24 20:31:26.655 [info] > git status -z -uall [70ms]
2024-11-24 20:31:31.677 [info] > git config --get commit.template [4ms]
2024-11-24 20:31:31.677 [info] > git for-each-ref --format=%(refname)%00%(upstream:short)%00%(objectname)%00%(upstream:track)%00%(upstream:remotename)%00%(upstream:remoteref) refs/heads/jhw refs/remotes/jhw [2ms]
2024-11-24 20:31:31.684 [info] > git for-each-ref --sort -committerdate --format %(refname) %(objectname) %(*objectname) [2ms]
2024-11-24 20:31:31.772 [info] > git status -z -uall [92ms]
2024-11-24 20:32:38.817 [info] > git config --get commit.template [4ms]
2024-11-24 20:32:38.818 [info] > git for-each-ref --format=%(refname)%00%(upstream:short)%00%(objectname)%00%(upstream:track)%00%(upstream:remotename)%00%(upstream:remoteref) refs/heads/jhw refs/remotes/jhw [2ms]
2024-11-24 20:32:38.826 [info] > git for-each-ref --sort -committerdate --format %(refname) %(objectname) %(*objectname) [2ms]
2024-11-24 20:32:38.892 [info] > git status -z -uall [71ms]
2024-11-24 20:33:16.027 [info] > git config --get commit.template [3ms]
2024-11-24 20:33:16.028 [info] > git for-each-ref --format=%(refname)%00%(upstream:short)%00%(objectname)%00%(upstream:track)%00%(upstream:remotename)%00%(upstream:remoteref) refs/heads/jhw refs/remotes/jhw [1ms]
2024-11-24 20:33:16.036 [info] > git for-each-ref --sort -committerdate --format %(refname) %(objectname) %(*objectname) [2ms]
2024-11-24 20:33:16.103 [info] > git status -z -uall [72ms]
2024-11-24 20:34:20.621 [info] > git config --get commit.template [3ms]
2024-11-24 20:34:20.622 [info] > git for-each-ref --format=%(refname)%00%(upstream:short)%00%(objectname)%00%(upstream:track)%00%(upstream:remotename)%00%(upstream:remoteref) refs/heads/jhw refs/remotes/jhw [1ms]
2024-11-24 20:34:20.631 [info] > git for-each-ref --sort -committerdate --format %(refname) %(objectname) %(*objectname) [2ms]
2024-11-24 20:34:20.696 [info] > git status -z -uall [70ms]
2024-11-24 20:34:25.644 [info] > git show --textconv :add_comment.php [13ms]
2024-11-24 20:34:25.648 [info] > git ls-files --stage -- /var/www/html/2_team/2_team2/add_comment.php [9ms]
2024-11-24 20:46:23.543 [info] > git config --get commit.template [3ms]
2024-11-24 20:46:23.544 [info] > git for-each-ref --format=%(refname)%00%(upstream:short)%00%(objectname)%00%(upstream:track)%00%(upstream:remotename)%00%(upstream:remoteref) refs/heads/jhw refs/remotes/jhw [1ms]
2024-11-24 20:46:23.552 [info] > git for-each-ref --sort -committerdate --format %(refname) %(objectname) %(*objectname) [2ms]
2024-11-24 20:46:23.618 [info] > git status -z -uall [71ms]
