2024-11-22 21:36:55.564 [info] [main] 로그 수준: Info
2024-11-22 21:36:55.564 [info] [main] "git"에서 찾은 git 유효성을 검사하는 중
2024-11-22 21:36:55.564 [info] [main] "2.34.1"에서 git "git"을(를) 사용하는 중
2024-11-22 21:36:55.564 [info] [Model][doInitialScan] Initial repository scan started
2024-11-22 21:36:55.797 [info] > git rev-parse --show-toplevel [265ms]
2024-11-22 21:36:55.802 [info] > git rev-parse --git-dir --git-common-dir [1ms]
2024-11-22 21:36:55.811 [info] [Model][openRepository] Opened repository: /var/www/html/2_team/2_team2
2024-11-22 21:36:55.821 [info] > git rev-parse --show-toplevel [4ms]
2024-11-22 21:36:55.825 [info] > git rev-parse --show-toplevel [1ms]
2024-11-22 21:36:55.828 [info] > git rev-parse --show-toplevel [1ms]
2024-11-22 21:36:55.832 [info] > git rev-parse --show-toplevel [1ms]
2024-11-22 21:36:55.836 [info] > git rev-parse --show-toplevel [1ms]
2024-11-22 21:36:55.839 [info] > git rev-parse --show-toplevel [1ms]
2024-11-22 21:36:55.843 [info] > git rev-parse --show-toplevel [1ms]
2024-11-22 21:36:55.846 [info] > git rev-parse --show-toplevel [1ms]
2024-11-22 21:36:55.850 [info] > git rev-parse --show-toplevel [1ms]
2024-11-22 21:36:55.853 [info] > git rev-parse --show-toplevel [1ms]
2024-11-22 21:36:55.856 [info] [Model][doInitialScan] Initial repository scan completed - repositories (1), closed repositories (0), parent repositories (0), unsafe repositories (0)
2024-11-22 21:36:55.880 [info] > git config --get commit.template [64ms]
2024-11-22 21:36:56.339 [info] > git ls-files --stage -- /var/www/html/2_team/2_team2/FIFAgamepage.php [185ms]
2024-11-22 21:36:56.366 [info] > git cat-file -s 8b310c7dd978f43b4dcd7b81204a0aee5449b13c [23ms]
2024-11-22 21:36:56.611 [info] > git check-ignore -v -z --stdin [214ms]
2024-11-22 21:36:57.712 [info] > git show --textconv :FIFAgamepage.php [1560ms]
2024-11-22 21:36:58.622 [info] > git for-each-ref --format=%(refname)%00%(upstream:short)%00%(objectname)%00%(upstream:track)%00%(upstream:remotename)%00%(upstream:remoteref) refs/heads/jhw refs/remotes/jhw [2802ms]
2024-11-22 21:36:58.769 [info] > git for-each-ref --sort -committerdate --format %(refname) %(objectname) %(*objectname) [140ms]
2024-11-22 21:36:58.979 [info] > git status -z -uall [353ms]
2024-11-22 21:36:58.993 [info] > git for-each-ref --format=%(refname)%00%(upstream:short)%00%(objectname)%00%(upstream:track)%00%(upstream:remotename)%00%(upstream:remoteref) refs/heads/jhw refs/remotes/jhw [4ms]
2024-11-22 21:36:58.996 [info] > git config --get commit.template [4ms]
2024-11-22 21:36:58.999 [info] > git config --local branch.jhw.vscode-merge-base [4ms]
2024-11-22 21:36:58.999 [warning] [Git][config] git config failed: Failed to execute git
2024-11-22 21:36:59.002 [info] > git for-each-ref --format=%(refname)%00%(upstream:short)%00%(objectname)%00%(upstream:track)%00%(upstream:remotename)%00%(upstream:remoteref) refs/heads/jhw refs/remotes/jhw [4ms]
2024-11-22 21:36:59.010 [info] > git for-each-ref --sort -committerdate --format %(refname) %(objectname) %(*objectname) [2ms]
2024-11-22 21:36:59.044 [info] > git reflog jhw --grep-reflog=branch: Created from *. [41ms]
2024-11-22 21:36:59.072 [info] > git reflog HEAD --grep-reflog=checkout: moving from .* to jhw [26ms]
2024-11-22 21:36:59.077 [info] > git for-each-ref --format=%(refname)%00%(upstream:short)%00%(objectname)%00%(upstream:track)%00%(upstream:remotename)%00%(upstream:remoteref) refs/heads/main refs/remotes/main [1ms]
2024-11-22 21:36:59.080 [info] > git status -z -uall [75ms]
2024-11-22 21:36:59.087 [info] > git for-each-ref --format=%(refname)%00%(upstream:short)%00%(objectname)%00%(upstream:track)%00%(upstream:remotename)%00%(upstream:remoteref) refs/heads/jhw refs/remotes/jhw [2ms]
2024-11-22 21:36:59.091 [info] > git config --local branch.jhw.vscode-merge-base [1ms]
2024-11-22 21:36:59.091 [warning] [Git][config] git config failed: Failed to execute git
2024-11-22 21:36:59.094 [info] > git symbolic-ref --short refs/remotes/origin/HEAD [15ms]
2024-11-22 21:36:59.094 [info] fatal: ref refs/remotes/origin/HEAD is not a symbolic ref
2024-11-22 21:36:59.094 [warning] [Repository][getDefaultBranch] Failed to get default branch details: Failed to execute git.
2024-11-22 21:36:59.099 [info] > git merge-base refs/heads/jhw refs/remotes/origin/jhw [2ms]
2024-11-22 21:36:59.102 [info] > git reflog jhw --grep-reflog=branch: Created from *. [8ms]
2024-11-22 21:36:59.106 [info] > git reflog HEAD --grep-reflog=checkout: moving from .* to jhw [2ms]
2024-11-22 21:36:59.110 [info] > git for-each-ref --format=%(refname)%00%(upstream:short)%00%(objectname)%00%(upstream:track)%00%(upstream:remotename)%00%(upstream:remoteref) refs/heads/main refs/remotes/main [1ms]
2024-11-22 21:36:59.113 [info] > git symbolic-ref --short refs/remotes/origin/HEAD [1ms]
2024-11-22 21:36:59.113 [info] fatal: ref refs/remotes/origin/HEAD is not a symbolic ref
2024-11-22 21:36:59.114 [warning] [Repository][getDefaultBranch] Failed to get default branch details: Failed to execute git.
2024-11-22 21:36:59.117 [info] > git merge-base refs/heads/jhw refs/remotes/origin/jhw [1ms]
2024-11-22 21:36:59.120 [info] > git diff --name-status -z --diff-filter=ADMR 01d41091e68723ed58359d8412d03200632ed251...refs/remotes/origin/jhw [18ms]
2024-11-22 21:36:59.121 [info] > git diff --name-status -z --diff-filter=ADMR 01d41091e68723ed58359d8412d03200632ed251...refs/remotes/origin/jhw [1ms]
2024-11-22 21:37:00.344 [info] > git check-ignore -v -z --stdin [19ms]
2024-11-22 21:37:00.389 [info] > git config --get commit.template [3ms]
2024-11-22 21:37:00.390 [info] > git for-each-ref --format=%(refname)%00%(upstream:short)%00%(objectname)%00%(upstream:track)%00%(upstream:remotename)%00%(upstream:remoteref) refs/heads/jhw refs/remotes/jhw [2ms]
2024-11-22 21:37:00.399 [info] > git for-each-ref --sort -committerdate --format %(refname) %(objectname) %(*objectname) [2ms]
2024-11-22 21:37:00.478 [info] > git status -z -uall [84ms]
2024-11-22 21:37:05.490 [info] > git config --get commit.template [3ms]
2024-11-22 21:37:05.491 [info] > git for-each-ref --format=%(refname)%00%(upstream:short)%00%(objectname)%00%(upstream:track)%00%(upstream:remotename)%00%(upstream:remoteref) refs/heads/jhw refs/remotes/jhw [2ms]
2024-11-22 21:37:05.499 [info] > git for-each-ref --sort -committerdate --format %(refname) %(objectname) %(*objectname) [2ms]
2024-11-22 21:37:05.564 [info] > git status -z -uall [70ms]
2024-11-22 21:37:10.578 [info] > git config --get commit.template [3ms]
2024-11-22 21:37:10.579 [info] > git for-each-ref --format=%(refname)%00%(upstream:short)%00%(objectname)%00%(upstream:track)%00%(upstream:remotename)%00%(upstream:remoteref) refs/heads/jhw refs/remotes/jhw [2ms]
2024-11-22 21:37:10.588 [info] > git for-each-ref --sort -committerdate --format %(refname) %(objectname) %(*objectname) [2ms]
2024-11-22 21:37:10.652 [info] > git status -z -uall [70ms]
2024-11-22 21:37:15.666 [info] > git config --get commit.template [3ms]
2024-11-22 21:37:15.667 [info] > git for-each-ref --format=%(refname)%00%(upstream:short)%00%(objectname)%00%(upstream:track)%00%(upstream:remotename)%00%(upstream:remoteref) refs/heads/jhw refs/remotes/jhw [2ms]
2024-11-22 21:37:15.675 [info] > git for-each-ref --sort -committerdate --format %(refname) %(objectname) %(*objectname) [2ms]
2024-11-22 21:37:15.738 [info] > git status -z -uall [68ms]
2024-11-22 21:37:20.750 [info] > git config --get commit.template [3ms]
2024-11-22 21:37:20.752 [info] > git for-each-ref --format=%(refname)%00%(upstream:short)%00%(objectname)%00%(upstream:track)%00%(upstream:remotename)%00%(upstream:remoteref) refs/heads/jhw refs/remotes/jhw [3ms]
2024-11-22 21:37:20.760 [info] > git for-each-ref --sort -committerdate --format %(refname) %(objectname) %(*objectname) [2ms]
2024-11-22 21:37:20.825 [info] > git status -z -uall [70ms]
2024-11-22 21:37:25.837 [info] > git config --get commit.template [2ms]
2024-11-22 21:37:25.839 [info] > git for-each-ref --format=%(refname)%00%(upstream:short)%00%(objectname)%00%(upstream:track)%00%(upstream:remotename)%00%(upstream:remoteref) refs/heads/jhw refs/remotes/jhw [2ms]
2024-11-22 21:37:25.847 [info] > git for-each-ref --sort -committerdate --format %(refname) %(objectname) %(*objectname) [3ms]
2024-11-22 21:37:25.912 [info] > git status -z -uall [69ms]
2024-11-22 21:37:30.923 [info] > git config --get commit.template [2ms]
2024-11-22 21:37:30.925 [info] > git for-each-ref --format=%(refname)%00%(upstream:short)%00%(objectname)%00%(upstream:track)%00%(upstream:remotename)%00%(upstream:remoteref) refs/heads/jhw refs/remotes/jhw [2ms]
2024-11-22 21:37:30.933 [info] > git for-each-ref --sort -committerdate --format %(refname) %(objectname) %(*objectname) [2ms]
2024-11-22 21:37:30.998 [info] > git status -z -uall [70ms]
2024-11-22 21:37:36.017 [info] > git config --get commit.template [4ms]
2024-11-22 21:37:36.019 [info] > git for-each-ref --format=%(refname)%00%(upstream:short)%00%(objectname)%00%(upstream:track)%00%(upstream:remotename)%00%(upstream:remoteref) refs/heads/jhw refs/remotes/jhw [2ms]
2024-11-22 21:37:36.026 [info] > git for-each-ref --sort -committerdate --format %(refname) %(objectname) %(*objectname) [2ms]
2024-11-22 21:37:36.091 [info] > git status -z -uall [70ms]
2024-11-22 21:37:41.104 [info] > git config --get commit.template [3ms]
2024-11-22 21:37:41.105 [info] > git for-each-ref --format=%(refname)%00%(upstream:short)%00%(objectname)%00%(upstream:track)%00%(upstream:remotename)%00%(upstream:remoteref) refs/heads/jhw refs/remotes/jhw [2ms]
2024-11-22 21:37:41.113 [info] > git for-each-ref --sort -committerdate --format %(refname) %(objectname) %(*objectname) [2ms]
2024-11-22 21:37:41.180 [info] > git status -z -uall [72ms]
