2024-11-24 21:08:45.249 [info] [main] 로그 수준: Info
2024-11-24 21:08:45.249 [info] [main] "git"에서 찾은 git 유효성을 검사하는 중
2024-11-24 21:08:45.249 [info] [main] "2.34.1"에서 git "git"을(를) 사용하는 중
2024-11-24 21:08:45.249 [info] [Model][doInitialScan] Initial repository scan started
2024-11-24 21:08:45.249 [info] > git rev-parse --show-toplevel [3ms]
2024-11-24 21:08:45.249 [info] > git rev-parse --git-dir --git-common-dir [2ms]
2024-11-24 21:08:45.249 [info] [Model][openRepository] Opened repository: /var/www/html/2_team/2_team2
2024-11-24 21:08:45.249 [info] > git config --get commit.template [7ms]
2024-11-24 21:08:45.249 [info] > git for-each-ref --format=%(refname)%00%(upstream:short)%00%(objectname)%00%(upstream:track)%00%(upstream:remotename)%00%(upstream:remoteref) refs/heads/jhw refs/remotes/jhw [3ms]
2024-11-24 21:08:45.249 [info] > git rev-parse --show-toplevel [1ms]
2024-11-24 21:08:45.249 [info] > git rev-parse --show-toplevel [7ms]
2024-11-24 21:08:45.249 [info] > git rev-parse --show-toplevel [2ms]
2024-11-24 21:08:45.249 [info] > git for-each-ref --sort -committerdate --format %(refname) %(objectname) %(*objectname) [12ms]
2024-11-24 21:08:45.249 [info] > git rev-parse --show-toplevel [1ms]
2024-11-24 21:08:45.249 [info] > git status -z -uall [114ms]
2024-11-24 21:08:45.249 [info] > git for-each-ref --format=%(refname)%00%(upstream:short)%00%(objectname)%00%(upstream:track)%00%(upstream:remotename)%00%(upstream:remoteref) refs/heads/jhw refs/remotes/jhw [8ms]
2024-11-24 21:08:45.249 [info] > git rev-parse --show-toplevel [31ms]
2024-11-24 21:08:45.249 [info] > git config --get commit.template [10ms]
2024-11-24 21:08:45.249 [info] > git rev-parse --show-toplevel [2ms]
2024-11-24 21:08:45.249 [info] > git config --local branch.jhw.vscode-merge-base [6ms]
2024-11-24 21:08:45.249 [warning] [Git][config] git config failed: Failed to execute git
2024-11-24 21:08:45.249 [info] > git for-each-ref --format=%(refname)%00%(upstream:short)%00%(objectname)%00%(upstream:track)%00%(upstream:remotename)%00%(upstream:remoteref) refs/heads/jhw refs/remotes/jhw [3ms]
2024-11-24 21:08:45.249 [info] > git reflog jhw --grep-reflog=branch: Created from *. [6ms]
2024-11-24 21:08:45.249 [info] > git rev-parse --show-toplevel [3ms]
2024-11-24 21:08:45.249 [info] > git rev-parse --show-toplevel [7ms]
2024-11-24 21:08:45.249 [info] > git reflog HEAD --grep-reflog=checkout: moving from .* to jhw [11ms]
2024-11-24 21:08:45.249 [info] > git for-each-ref --sort -committerdate --format %(refname) %(objectname) %(*objectname) [13ms]
2024-11-24 21:08:45.249 [info] > git rev-parse --show-toplevel [2ms]
2024-11-24 21:08:45.249 [info] > git for-each-ref --format=%(refname)%00%(upstream:short)%00%(objectname)%00%(upstream:track)%00%(upstream:remotename)%00%(upstream:remoteref) refs/heads/main refs/remotes/main [7ms]
2024-11-24 21:08:45.249 [info] > git rev-parse --show-toplevel [10ms]
2024-11-24 21:08:45.249 [info] [Model][doInitialScan] Initial repository scan completed - repositories (1), closed repositories (0), parent repositories (0), unsafe repositories (0)
2024-11-24 21:08:45.249 [info] > git symbolic-ref --short refs/remotes/origin/HEAD [16ms]
2024-11-24 21:08:45.249 [info] fatal: ref refs/remotes/origin/HEAD is not a symbolic ref
2024-11-24 21:08:45.249 [warning] [Repository][getDefaultBranch] Failed to get default branch details: Failed to execute git.
2024-11-24 21:08:45.249 [info] > git merge-base refs/heads/jhw refs/remotes/origin/jhw [5ms]
2024-11-24 21:08:45.249 [info] > git diff --name-status -z --diff-filter=ADMR e7a47e12663b2a64afed8cfd125a9811ae58663d...refs/remotes/origin/jhw [2ms]
2024-11-24 21:08:45.249 [info] > git status -z -uall [127ms]
2024-11-24 21:08:45.705 [info] > git show --textconv :mypage.php [7ms]
2024-11-24 21:08:45.710 [info] > git ls-files --stage -- /var/www/html/2_team/2_team2/mypage.php [9ms]
2024-11-24 21:08:45.714 [info] > git cat-file -s 9104ce1c9742f347dceb33d62fb4f4bf68ab9da3 [1ms]
2024-11-24 21:08:45.721 [info] > git check-ignore -v -z --stdin [12ms]
2024-11-24 21:08:49.765 [info] > git config --get commit.template [3ms]
2024-11-24 21:08:49.766 [info] > git for-each-ref --format=%(refname)%00%(upstream:short)%00%(objectname)%00%(upstream:track)%00%(upstream:remotename)%00%(upstream:remoteref) refs/heads/jhw refs/remotes/jhw [1ms]
2024-11-24 21:08:49.774 [info] > git for-each-ref --sort -committerdate --format %(refname) %(objectname) %(*objectname) [2ms]
2024-11-24 21:08:49.841 [info] > git status -z -uall [72ms]
2024-11-24 21:08:52.922 [info] > git check-ignore -v -z --stdin [27ms]
2024-11-24 21:09:48.775 [info] > git config --get commit.template [1ms]
2024-11-24 21:09:48.779 [info] > git for-each-ref --format=%(refname)%00%(upstream:short)%00%(objectname)%00%(upstream:track)%00%(upstream:remotename)%00%(upstream:remoteref) refs/heads/jhw refs/remotes/jhw [2ms]
2024-11-24 21:09:48.787 [info] > git for-each-ref --sort -committerdate --format %(refname) %(objectname) %(*objectname) [2ms]
2024-11-24 21:09:48.854 [info] > git status -z -uall [72ms]
2024-11-24 21:10:00.545 [info] > git check-ignore -v -z --stdin [10ms]
2024-11-24 21:10:03.653 [info] > git show --textconv :delete_post.php [7ms]
2024-11-24 21:10:03.656 [info] > git ls-files --stage -- /var/www/html/2_team/2_team2/delete_post.php [7ms]
2024-11-24 21:10:14.792 [info] > git config --get commit.template [5ms]
2024-11-24 21:10:14.795 [info] > git for-each-ref --format=%(refname)%00%(upstream:short)%00%(objectname)%00%(upstream:track)%00%(upstream:remotename)%00%(upstream:remoteref) refs/heads/jhw refs/remotes/jhw [4ms]
2024-11-24 21:10:14.815 [info] > git for-each-ref --sort -committerdate --format %(refname) %(objectname) %(*objectname) [6ms]
2024-11-24 21:10:14.897 [info] > git status -z -uall [95ms]
2024-11-24 21:10:15.206 [info] > git show --textconv :mypage.php [9ms]
2024-11-24 21:10:15.210 [info] > git ls-files --stage -- /var/www/html/2_team/2_team2/mypage.php [10ms]
2024-11-24 21:10:15.216 [info] > git cat-file -s 9104ce1c9742f347dceb33d62fb4f4bf68ab9da3 [2ms]
2024-11-24 21:10:20.793 [info] > git config --get commit.template [5ms]
2024-11-24 21:10:20.793 [info] > git for-each-ref --format=%(refname)%00%(upstream:short)%00%(objectname)%00%(upstream:track)%00%(upstream:remotename)%00%(upstream:remoteref) refs/heads/jhw refs/remotes/jhw [1ms]
2024-11-24 21:10:20.800 [info] > git for-each-ref --sort -committerdate --format %(refname) %(objectname) %(*objectname) [2ms]
2024-11-24 21:10:20.867 [info] > git status -z -uall [71ms]
2024-11-24 21:10:53.689 [info] > git show --textconv :delete_post.php [7ms]
2024-11-24 21:10:53.691 [info] > git ls-files --stage -- /var/www/html/2_team/2_team2/delete_post.php [6ms]
2024-11-24 21:11:00.810 [info] > git config --get commit.template [3ms]
2024-11-24 21:11:00.811 [info] > git for-each-ref --format=%(refname)%00%(upstream:short)%00%(objectname)%00%(upstream:track)%00%(upstream:remotename)%00%(upstream:remoteref) refs/heads/jhw refs/remotes/jhw [1ms]
2024-11-24 21:11:00.819 [info] > git for-each-ref --sort -committerdate --format %(refname) %(objectname) %(*objectname) [2ms]
2024-11-24 21:11:00.884 [info] > git status -z -uall [70ms]
2024-11-24 21:11:37.274 [info] > git config --get commit.template [3ms]
2024-11-24 21:11:37.275 [info] > git for-each-ref --format=%(refname)%00%(upstream:short)%00%(objectname)%00%(upstream:track)%00%(upstream:remotename)%00%(upstream:remoteref) refs/heads/jhw refs/remotes/jhw [2ms]
2024-11-24 21:11:37.282 [info] > git for-each-ref --sort -committerdate --format %(refname) %(objectname) %(*objectname) [2ms]
2024-11-24 21:11:37.350 [info] > git status -z -uall [73ms]
2024-11-24 21:11:38.641 [info] > git show --textconv :mypage.php [8ms]
2024-11-24 21:11:38.644 [info] > git ls-files --stage -- /var/www/html/2_team/2_team2/mypage.php [7ms]
2024-11-24 21:11:38.648 [info] > git cat-file -s 9104ce1c9742f347dceb33d62fb4f4bf68ab9da3 [2ms]
2024-11-24 21:11:42.372 [info] > git config --get commit.template [4ms]
2024-11-24 21:11:42.372 [info] > git for-each-ref --format=%(refname)%00%(upstream:short)%00%(objectname)%00%(upstream:track)%00%(upstream:remotename)%00%(upstream:remoteref) refs/heads/jhw refs/remotes/jhw [1ms]
2024-11-24 21:11:42.379 [info] > git for-each-ref --sort -committerdate --format %(refname) %(objectname) %(*objectname) [2ms]
2024-11-24 21:11:42.445 [info] > git status -z -uall [70ms]
2024-11-24 21:11:47.461 [info] > git config --get commit.template [3ms]
2024-11-24 21:11:47.462 [info] > git for-each-ref --format=%(refname)%00%(upstream:short)%00%(objectname)%00%(upstream:track)%00%(upstream:remotename)%00%(upstream:remoteref) refs/heads/jhw refs/remotes/jhw [2ms]
2024-11-24 21:11:47.469 [info] > git for-each-ref --sort -committerdate --format %(refname) %(objectname) %(*objectname) [2ms]
2024-11-24 21:11:47.534 [info] > git status -z -uall [70ms]
2024-11-24 21:11:53.828 [info] > git config --get commit.template [3ms]
2024-11-24 21:11:53.829 [info] > git for-each-ref --format=%(refname)%00%(upstream:short)%00%(objectname)%00%(upstream:track)%00%(upstream:remotename)%00%(upstream:remoteref) refs/heads/jhw refs/remotes/jhw [1ms]
2024-11-24 21:11:53.836 [info] > git for-each-ref --sort -committerdate --format %(refname) %(objectname) %(*objectname) [2ms]
2024-11-24 21:11:53.907 [info] > git status -z -uall [75ms]
2024-11-24 21:12:11.210 [info] > git show --textconv :mypage.php [8ms]
2024-11-24 21:12:11.213 [info] > git ls-files --stage -- /var/www/html/2_team/2_team2/mypage.php [7ms]
2024-11-24 21:12:11.217 [info] > git cat-file -s 9104ce1c9742f347dceb33d62fb4f4bf68ab9da3 [2ms]
2024-11-24 21:12:26.864 [info] > git config --get commit.template [3ms]
2024-11-24 21:12:26.865 [info] > git for-each-ref --format=%(refname)%00%(upstream:short)%00%(objectname)%00%(upstream:track)%00%(upstream:remotename)%00%(upstream:remoteref) refs/heads/jhw refs/remotes/jhw [1ms]
2024-11-24 21:12:26.872 [info] > git for-each-ref --sort -committerdate --format %(refname) %(objectname) %(*objectname) [2ms]
2024-11-24 21:12:26.938 [info] > git status -z -uall [70ms]
2024-11-24 21:12:27.985 [info] > git show --textconv :mypage.php [8ms]
2024-11-24 21:12:27.987 [info] > git ls-files --stage -- /var/www/html/2_team/2_team2/mypage.php [7ms]
2024-11-24 21:12:27.991 [info] > git cat-file -s 9104ce1c9742f347dceb33d62fb4f4bf68ab9da3 [1ms]
2024-11-24 21:12:59.948 [info] > git config --get commit.template [2ms]
2024-11-24 21:12:59.949 [info] > git for-each-ref --format=%(refname)%00%(upstream:short)%00%(objectname)%00%(upstream:track)%00%(upstream:remotename)%00%(upstream:remoteref) refs/heads/jhw refs/remotes/jhw [1ms]
2024-11-24 21:12:59.957 [info] > git for-each-ref --sort -committerdate --format %(refname) %(objectname) %(*objectname) [3ms]
2024-11-24 21:13:00.024 [info] > git status -z -uall [72ms]
2024-11-24 21:13:07.854 [info] > git config --get commit.template [3ms]
2024-11-24 21:13:07.855 [info] > git for-each-ref --format=%(refname)%00%(upstream:short)%00%(objectname)%00%(upstream:track)%00%(upstream:remotename)%00%(upstream:remoteref) refs/heads/jhw refs/remotes/jhw [2ms]
2024-11-24 21:13:07.863 [info] > git for-each-ref --sort -committerdate --format %(refname) %(objectname) %(*objectname) [3ms]
2024-11-24 21:13:07.929 [info] > git status -z -uall [71ms]
2024-11-24 21:13:15.053 [info] > git config --get commit.template [2ms]
2024-11-24 21:13:15.055 [info] > git for-each-ref --format=%(refname)%00%(upstream:short)%00%(objectname)%00%(upstream:track)%00%(upstream:remotename)%00%(upstream:remoteref) refs/heads/jhw refs/remotes/jhw [2ms]
2024-11-24 21:13:15.062 [info] > git for-each-ref --sort -committerdate --format %(refname) %(objectname) %(*objectname) [3ms]
2024-11-24 21:13:15.127 [info] > git status -z -uall [70ms]
2024-11-24 21:13:24.685 [info] > git show --textconv :mypage.php [7ms]
2024-11-24 21:13:24.688 [info] > git ls-files --stage -- /var/www/html/2_team/2_team2/mypage.php [7ms]
2024-11-24 21:13:24.692 [info] > git cat-file -s 9104ce1c9742f347dceb33d62fb4f4bf68ab9da3 [2ms]
2024-11-24 21:13:28.101 [info] > git show --textconv :mypage.php [8ms]
2024-11-24 21:13:28.103 [info] > git ls-files --stage -- /var/www/html/2_team/2_team2/mypage.php [7ms]
2024-11-24 21:13:28.107 [info] > git cat-file -s 9104ce1c9742f347dceb33d62fb4f4bf68ab9da3 [2ms]
2024-11-24 21:13:46.734 [info] > git config --get commit.template [4ms]
2024-11-24 21:13:46.735 [info] > git for-each-ref --format=%(refname)%00%(upstream:short)%00%(objectname)%00%(upstream:track)%00%(upstream:remotename)%00%(upstream:remoteref) refs/heads/jhw refs/remotes/jhw [2ms]
2024-11-24 21:13:46.742 [info] > git for-each-ref --sort -committerdate --format %(refname) %(objectname) %(*objectname) [2ms]
2024-11-24 21:13:46.807 [info] > git status -z -uall [70ms]
2024-11-24 21:13:51.824 [info] > git config --get commit.template [2ms]
2024-11-24 21:13:51.825 [info] > git for-each-ref --format=%(refname)%00%(upstream:short)%00%(objectname)%00%(upstream:track)%00%(upstream:remotename)%00%(upstream:remoteref) refs/heads/jhw refs/remotes/jhw [2ms]
2024-11-24 21:13:51.832 [info] > git for-each-ref --sort -committerdate --format %(refname) %(objectname) %(*objectname) [2ms]
2024-11-24 21:13:51.898 [info] > git status -z -uall [71ms]
2024-11-24 21:13:56.913 [info] > git config --get commit.template [3ms]
2024-11-24 21:13:56.914 [info] > git for-each-ref --format=%(refname)%00%(upstream:short)%00%(objectname)%00%(upstream:track)%00%(upstream:remotename)%00%(upstream:remoteref) refs/heads/jhw refs/remotes/jhw [2ms]
2024-11-24 21:13:56.921 [info] > git for-each-ref --sort -committerdate --format %(refname) %(objectname) %(*objectname) [2ms]
2024-11-24 21:13:56.988 [info] > git status -z -uall [71ms]
2024-11-24 21:14:02.011 [info] > git config --get commit.template [8ms]
2024-11-24 21:14:02.015 [info] > git for-each-ref --format=%(refname)%00%(upstream:short)%00%(objectname)%00%(upstream:track)%00%(upstream:remotename)%00%(upstream:remoteref) refs/heads/jhw refs/remotes/jhw [6ms]
2024-11-24 21:14:02.036 [info] > git for-each-ref --sort -committerdate --format %(refname) %(objectname) %(*objectname) [6ms]
2024-11-24 21:14:02.124 [info] > git status -z -uall [102ms]
2024-11-24 21:14:07.146 [info] > git config --get commit.template [8ms]
2024-11-24 21:14:07.149 [info] > git for-each-ref --format=%(refname)%00%(upstream:short)%00%(objectname)%00%(upstream:track)%00%(upstream:remotename)%00%(upstream:remoteref) refs/heads/jhw refs/remotes/jhw [5ms]
2024-11-24 21:14:07.202 [info] > git for-each-ref --sort -committerdate --format %(refname) %(objectname) %(*objectname) [36ms]
2024-11-24 21:14:07.256 [info] > git status -z -uall [98ms]
2024-11-24 21:14:12.272 [info] > git config --get commit.template [3ms]
2024-11-24 21:14:12.273 [info] > git for-each-ref --format=%(refname)%00%(upstream:short)%00%(objectname)%00%(upstream:track)%00%(upstream:remotename)%00%(upstream:remoteref) refs/heads/jhw refs/remotes/jhw [1ms]
2024-11-24 21:14:12.280 [info] > git for-each-ref --sort -committerdate --format %(refname) %(objectname) %(*objectname) [2ms]
2024-11-24 21:14:12.346 [info] > git status -z -uall [70ms]
2024-11-24 21:14:17.361 [info] > git config --get commit.template [4ms]
2024-11-24 21:14:17.362 [info] > git for-each-ref --format=%(refname)%00%(upstream:short)%00%(objectname)%00%(upstream:track)%00%(upstream:remotename)%00%(upstream:remoteref) refs/heads/jhw refs/remotes/jhw [2ms]
2024-11-24 21:14:17.369 [info] > git for-each-ref --sort -committerdate --format %(refname) %(objectname) %(*objectname) [3ms]
2024-11-24 21:14:17.433 [info] > git status -z -uall [69ms]
