2024-11-23 23:37:39.843 [info] [main] 로그 수준: Info
2024-11-23 23:37:39.843 [info] [main] "git"에서 찾은 git 유효성을 검사하는 중
2024-11-23 23:37:39.843 [info] [main] "2.34.1"에서 git "git"을(를) 사용하는 중
2024-11-23 23:37:39.843 [info] [Model][doInitialScan] Initial repository scan started
2024-11-23 23:37:39.843 [info] > git rev-parse --show-toplevel [19ms]
2024-11-23 23:37:39.843 [info] > git rev-parse --git-dir --git-common-dir [8ms]
2024-11-23 23:37:39.843 [info] [Model][openRepository] Opened repository: /var/www/html/2_team/2_team2
2024-11-23 23:37:39.843 [info] > git config --get commit.template [13ms]
2024-11-23 23:37:39.968 [info] > git for-each-ref --format=%(refname)%00%(upstream:short)%00%(objectname)%00%(upstream:track)%00%(upstream:remotename)%00%(upstream:remoteref) refs/heads/jhw refs/remotes/jhw [20ms]
2024-11-23 23:37:40.052 [info] > git rev-parse --show-toplevel [61ms]
2024-11-23 23:37:40.058 [info] > git for-each-ref --sort -committerdate --format %(refname) %(objectname) %(*objectname) [60ms]
2024-11-23 23:37:40.059 [info] > git rev-parse --show-toplevel [4ms]
2024-11-23 23:37:40.063 [info] > git rev-parse --show-toplevel [1ms]
2024-11-23 23:37:40.067 [info] > git rev-parse --show-toplevel [1ms]
2024-11-23 23:37:40.071 [info] > git rev-parse --show-toplevel [2ms]
2024-11-23 23:37:40.074 [info] > git rev-parse --show-toplevel [1ms]
2024-11-23 23:37:40.078 [info] > git rev-parse --show-toplevel [1ms]
2024-11-23 23:37:40.085 [info] > git status -z -uall [90ms]
2024-11-23 23:37:40.086 [info] > git rev-parse --show-toplevel [5ms]
2024-11-23 23:37:40.103 [info] > git for-each-ref --format=%(refname)%00%(upstream:short)%00%(objectname)%00%(upstream:track)%00%(upstream:remotename)%00%(upstream:remoteref) refs/heads/jhw refs/remotes/jhw [8ms]
2024-11-23 23:37:40.110 [info] > git config --get commit.template [6ms]
2024-11-23 23:37:40.110 [info] > git rev-parse --show-toplevel [10ms]
2024-11-23 23:37:40.113 [info] > git config --local branch.jhw.vscode-merge-base [7ms]
2024-11-23 23:37:40.113 [warning] [Git][config] git config failed: Failed to execute git
2024-11-23 23:37:40.120 [info] > git rev-parse --show-toplevel [7ms]
2024-11-23 23:37:40.124 [info] [Model][doInitialScan] Initial repository scan completed - repositories (1), closed repositories (0), parent repositories (0), unsafe repositories (0)
2024-11-23 23:37:40.124 [info] > git for-each-ref --format=%(refname)%00%(upstream:short)%00%(objectname)%00%(upstream:track)%00%(upstream:remotename)%00%(upstream:remoteref) refs/heads/jhw refs/remotes/jhw [5ms]
2024-11-23 23:37:40.124 [info] > git reflog jhw --grep-reflog=branch: Created from *. [8ms]
2024-11-23 23:37:40.133 [info] > git reflog HEAD --grep-reflog=checkout: moving from .* to jhw [6ms]
2024-11-23 23:37:40.143 [info] > git for-each-ref --format=%(refname)%00%(upstream:short)%00%(objectname)%00%(upstream:track)%00%(upstream:remotename)%00%(upstream:remoteref) refs/heads/main refs/remotes/main [1ms]
2024-11-23 23:37:40.148 [info] > git for-each-ref --sort -committerdate --format %(refname) %(objectname) %(*objectname) [15ms]
2024-11-23 23:37:40.150 [info] > git symbolic-ref --short refs/remotes/origin/HEAD [1ms]
2024-11-23 23:37:40.150 [info] fatal: ref refs/remotes/origin/HEAD is not a symbolic ref
2024-11-23 23:37:40.150 [warning] [Repository][getDefaultBranch] Failed to get default branch details: Failed to execute git.
2024-11-23 23:37:40.156 [info] > git merge-base refs/heads/jhw refs/remotes/origin/jhw [3ms]
2024-11-23 23:37:40.160 [info] > git diff --name-status -z --diff-filter=ADMR e7a47e12663b2a64afed8cfd125a9811ae58663d...refs/remotes/origin/jhw [2ms]
2024-11-23 23:37:40.215 [info] > git status -z -uall [86ms]
2024-11-23 23:37:40.484 [info] > git check-ignore -v -z --stdin [26ms]
2024-11-23 23:37:49.396 [info] > git config --get commit.template [3ms]
2024-11-23 23:37:49.397 [info] > git for-each-ref --format=%(refname)%00%(upstream:short)%00%(objectname)%00%(upstream:track)%00%(upstream:remotename)%00%(upstream:remoteref) refs/heads/jhw refs/remotes/jhw [1ms]
2024-11-23 23:37:49.405 [info] > git for-each-ref --sort -committerdate --format %(refname) %(objectname) %(*objectname) [2ms]
2024-11-23 23:37:49.467 [info] > git status -z -uall [67ms]
2024-11-23 23:37:54.479 [info] > git config --get commit.template [3ms]
2024-11-23 23:37:54.480 [info] > git for-each-ref --format=%(refname)%00%(upstream:short)%00%(objectname)%00%(upstream:track)%00%(upstream:remotename)%00%(upstream:remoteref) refs/heads/jhw refs/remotes/jhw [2ms]
2024-11-23 23:37:54.488 [info] > git for-each-ref --sort -committerdate --format %(refname) %(objectname) %(*objectname) [2ms]
2024-11-23 23:37:54.559 [info] > git status -z -uall [76ms]
2024-11-23 23:37:59.298 [info] > git show --textconv :write_process.php [6ms]
2024-11-23 23:37:59.301 [info] > git ls-files --stage -- /var/www/html/2_team/2_team2/write_process.php [7ms]
2024-11-23 23:37:59.305 [info] > git cat-file -s 1af05d62dfe8b77d0c2127d51f6dc872b5542a72 [2ms]
2024-11-23 23:37:59.570 [info] > git config --get commit.template [3ms]
2024-11-23 23:37:59.571 [info] > git for-each-ref --format=%(refname)%00%(upstream:short)%00%(objectname)%00%(upstream:track)%00%(upstream:remotename)%00%(upstream:remoteref) refs/heads/jhw refs/remotes/jhw [1ms]
2024-11-23 23:37:59.579 [info] > git for-each-ref --sort -committerdate --format %(refname) %(objectname) %(*objectname) [2ms]
2024-11-23 23:37:59.645 [info] > git status -z -uall [71ms]
2024-11-23 23:38:04.657 [info] > git config --get commit.template [3ms]
2024-11-23 23:38:04.658 [info] > git for-each-ref --format=%(refname)%00%(upstream:short)%00%(objectname)%00%(upstream:track)%00%(upstream:remotename)%00%(upstream:remoteref) refs/heads/jhw refs/remotes/jhw [2ms]
2024-11-23 23:38:04.666 [info] > git for-each-ref --sort -committerdate --format %(refname) %(objectname) %(*objectname) [2ms]
2024-11-23 23:38:04.728 [info] > git status -z -uall [67ms]
2024-11-23 23:38:09.738 [info] > git config --get commit.template [3ms]
2024-11-23 23:38:09.739 [info] > git for-each-ref --format=%(refname)%00%(upstream:short)%00%(objectname)%00%(upstream:track)%00%(upstream:remotename)%00%(upstream:remoteref) refs/heads/jhw refs/remotes/jhw [1ms]
2024-11-23 23:38:09.747 [info] > git for-each-ref --sort -committerdate --format %(refname) %(objectname) %(*objectname) [3ms]
2024-11-23 23:38:09.809 [info] > git status -z -uall [67ms]
2024-11-23 23:49:29.260 [info] > git config --get commit.template [4ms]
2024-11-23 23:49:29.261 [info] > git for-each-ref --format=%(refname)%00%(upstream:short)%00%(objectname)%00%(upstream:track)%00%(upstream:remotename)%00%(upstream:remoteref) refs/heads/jhw refs/remotes/jhw [2ms]
2024-11-23 23:49:29.269 [info] > git for-each-ref --sort -committerdate --format %(refname) %(objectname) %(*objectname) [2ms]
2024-11-23 23:49:29.332 [info] > git status -z -uall [68ms]
