2024-11-24 17:21:11.312 [info] [main] 로그 수준: Info
2024-11-24 17:21:11.312 [info] [main] "git"에서 찾은 git 유효성을 검사하는 중
2024-11-24 17:21:11.312 [info] [main] "2.34.1"에서 git "git"을(를) 사용하는 중
2024-11-24 17:21:11.312 [info] [Model][doInitialScan] Initial repository scan started
2024-11-24 17:21:11.312 [info] > git rev-parse --show-toplevel [2ms]
2024-11-24 17:21:11.312 [info] > git rev-parse --git-dir --git-common-dir [3ms]
2024-11-24 17:21:11.312 [info] [Model][openRepository] Opened repository: /var/www/html/2_team/2_team2
2024-11-24 17:21:11.317 [info] > git config --get commit.template [4ms]
2024-11-24 17:21:11.323 [info] > git for-each-ref --format=%(refname)%00%(upstream:short)%00%(objectname)%00%(upstream:track)%00%(upstream:remotename)%00%(upstream:remoteref) refs/heads/jhw refs/remotes/jhw [8ms]
2024-11-24 17:21:11.323 [info] > git rev-parse --show-toplevel [4ms]
2024-11-24 17:21:11.334 [info] > git rev-parse --show-toplevel [8ms]
2024-11-24 17:21:11.341 [info] > git rev-parse --show-toplevel [2ms]
2024-11-24 17:21:11.341 [info] > git for-each-ref --sort -committerdate --format %(refname) %(objectname) %(*objectname) [8ms]
2024-11-24 17:21:11.352 [info] > git rev-parse --show-toplevel [1ms]
2024-11-24 17:21:11.363 [info] > git rev-parse --show-toplevel [8ms]
2024-11-24 17:21:11.367 [info] > git rev-parse --show-toplevel [1ms]
2024-11-24 17:21:11.371 [info] > git rev-parse --show-toplevel [1ms]
2024-11-24 17:21:11.375 [info] > git rev-parse --show-toplevel [1ms]
2024-11-24 17:21:11.380 [info] > git rev-parse --show-toplevel [2ms]
2024-11-24 17:21:11.384 [info] > git rev-parse --show-toplevel [1ms]
2024-11-24 17:21:11.387 [info] [Model][doInitialScan] Initial repository scan completed - repositories (1), closed repositories (1), parent repositories (0), unsafe repositories (0)
2024-11-24 17:21:11.503 [info] > git status -z -uall [174ms]
2024-11-24 17:21:11.519 [info] > git for-each-ref --format=%(refname)%00%(upstream:short)%00%(objectname)%00%(upstream:track)%00%(upstream:remotename)%00%(upstream:remoteref) refs/heads/jhw refs/remotes/jhw [7ms]
2024-11-24 17:21:11.524 [info] > git config --get commit.template [4ms]
2024-11-24 17:21:11.528 [info] > git config --local branch.jhw.vscode-merge-base [4ms]
2024-11-24 17:21:11.528 [warning] [Git][config] git config failed: Failed to execute git
2024-11-24 17:21:11.533 [info] > git for-each-ref --format=%(refname)%00%(upstream:short)%00%(objectname)%00%(upstream:track)%00%(upstream:remotename)%00%(upstream:remoteref) refs/heads/jhw refs/remotes/jhw [6ms]
2024-11-24 17:21:11.542 [info] > git for-each-ref --sort -committerdate --format %(refname) %(objectname) %(*objectname) [2ms]
2024-11-24 17:21:11.602 [info] > git reflog jhw --grep-reflog=branch: Created from *. [71ms]
2024-11-24 17:21:11.670 [info] > git status -z -uall [134ms]
2024-11-24 17:21:11.676 [info] > git reflog HEAD --grep-reflog=checkout: moving from .* to jhw [71ms]
2024-11-24 17:21:11.717 [info] > git for-each-ref --format=%(refname)%00%(upstream:short)%00%(objectname)%00%(upstream:track)%00%(upstream:remotename)%00%(upstream:remoteref) refs/heads/jhw refs/remotes/jhw [42ms]
2024-11-24 17:21:11.721 [info] > git for-each-ref --format=%(refname)%00%(upstream:short)%00%(objectname)%00%(upstream:track)%00%(upstream:remotename)%00%(upstream:remoteref) refs/heads/main refs/remotes/main [43ms]
2024-11-24 17:21:11.726 [info] > git config --local branch.jhw.vscode-merge-base [5ms]
2024-11-24 17:21:11.726 [warning] [Git][config] git config failed: Failed to execute git
2024-11-24 17:21:11.729 [info] > git symbolic-ref --short refs/remotes/origin/HEAD [5ms]
2024-11-24 17:21:11.729 [info] fatal: ref refs/remotes/origin/HEAD is not a symbolic ref
2024-11-24 17:21:11.729 [warning] [Repository][getDefaultBranch] Failed to get default branch details: Failed to execute git.
2024-11-24 17:21:11.744 [info] > git reflog jhw --grep-reflog=branch: Created from *. [16ms]
2024-11-24 17:21:11.747 [info] > git merge-base refs/heads/jhw refs/remotes/origin/jhw [15ms]
2024-11-24 17:21:11.750 [info] > git reflog HEAD --grep-reflog=checkout: moving from .* to jhw [4ms]
2024-11-24 17:21:11.753 [info] > git diff --name-status -z --diff-filter=ADMR e7a47e12663b2a64afed8cfd125a9811ae58663d...refs/remotes/origin/jhw [4ms]
2024-11-24 17:21:11.754 [info] > git for-each-ref --format=%(refname)%00%(upstream:short)%00%(objectname)%00%(upstream:track)%00%(upstream:remotename)%00%(upstream:remoteref) refs/heads/main refs/remotes/main [2ms]
2024-11-24 17:21:11.757 [info] > git symbolic-ref --short refs/remotes/origin/HEAD [1ms]
2024-11-24 17:21:11.757 [info] fatal: ref refs/remotes/origin/HEAD is not a symbolic ref
2024-11-24 17:21:11.757 [warning] [Repository][getDefaultBranch] Failed to get default branch details: Failed to execute git.
2024-11-24 17:21:11.808 [info] > git ls-files --stage -- /var/www/html/2_team/2_team2/write.php [7ms]
2024-11-24 17:21:11.820 [info] > git cat-file -s b8f3c4a4b70a946e0705aafa6d9fb538f3c410fe [10ms]
2024-11-24 17:21:11.821 [info] > git show --textconv :write.php [22ms]
2024-11-24 17:21:11.880 [info] > git check-ignore -v -z --stdin [17ms]
2024-11-24 17:21:13.743 [info] > git ls-files --stage -- /var/www/html/2_team/2_team2/mainpage.php [8ms]
2024-11-24 17:21:13.747 [info] > git show --textconv :mainpage.php [17ms]
2024-11-24 17:21:13.748 [info] > git cat-file -s f1abdb53bf8e8b836dc9f833b77e1f004b9f6d07 [2ms]
2024-11-24 17:21:15.067 [info] > git show --textconv HEAD:mainpage.php [4ms]
2024-11-24 17:21:15.067 [info] > git ls-tree -l HEAD -- /var/www/html/2_team/2_team2/mainpage.php [1ms]
2024-11-24 17:21:43.216 [info] > git check-ignore -v -z --stdin [12ms]
2024-11-24 17:22:19.783 [info] > git show --textconv :write_process.php [13ms]
2024-11-24 17:22:19.786 [info] > git ls-files --stage -- /var/www/html/2_team/2_team2/write_process.php [8ms]
2024-11-24 17:22:19.791 [info] > git cat-file -s 1af05d62dfe8b77d0c2127d51f6dc872b5542a72 [2ms]
2024-11-24 17:26:03.943 [info] > git config --get commit.template [3ms]
2024-11-24 17:26:03.943 [info] > git for-each-ref --format=%(refname)%00%(upstream:short)%00%(objectname)%00%(upstream:track)%00%(upstream:remotename)%00%(upstream:remoteref) refs/heads/jhw refs/remotes/jhw [1ms]
2024-11-24 17:26:03.951 [info] > git for-each-ref --sort -committerdate --format %(refname) %(objectname) %(*objectname) [2ms]
2024-11-24 17:26:04.015 [info] > git status -z -uall [68ms]
2024-11-24 17:26:05.240 [info] > git show --textconv :write.php [8ms]
2024-11-24 17:26:05.243 [info] > git ls-files --stage -- /var/www/html/2_team/2_team2/write.php [7ms]
2024-11-24 17:26:05.247 [info] > git cat-file -s b8f3c4a4b70a946e0705aafa6d9fb538f3c410fe [2ms]
2024-11-24 17:26:09.029 [info] > git config --get commit.template [4ms]
2024-11-24 17:26:09.030 [info] > git for-each-ref --format=%(refname)%00%(upstream:short)%00%(objectname)%00%(upstream:track)%00%(upstream:remotename)%00%(upstream:remoteref) refs/heads/jhw refs/remotes/jhw [2ms]
2024-11-24 17:26:09.038 [info] > git for-each-ref --sort -committerdate --format %(refname) %(objectname) %(*objectname) [2ms]
2024-11-24 17:26:09.102 [info] > git status -z -uall [69ms]
2024-11-24 17:26:11.203 [info] > git ls-files --stage -- /var/www/html/2_team/2_team2/board.php [7ms]
2024-11-24 17:26:11.218 [info] > git cat-file -s 2ee4d74996980f07de02c7aa253460f9c1ae3493 [13ms]
2024-11-24 17:26:11.218 [info] > git show --textconv :board.php [26ms]
2024-11-24 17:27:05.323 [info] > git config --get commit.template [4ms]
2024-11-24 17:27:05.324 [info] > git for-each-ref --format=%(refname)%00%(upstream:short)%00%(objectname)%00%(upstream:track)%00%(upstream:remotename)%00%(upstream:remoteref) refs/heads/jhw refs/remotes/jhw [2ms]
2024-11-24 17:27:05.332 [info] > git for-each-ref --sort -committerdate --format %(refname) %(objectname) %(*objectname) [3ms]
2024-11-24 17:27:05.396 [info] > git status -z -uall [69ms]
2024-11-24 17:27:10.408 [info] > git config --get commit.template [3ms]
2024-11-24 17:27:10.409 [info] > git for-each-ref --format=%(refname)%00%(upstream:short)%00%(objectname)%00%(upstream:track)%00%(upstream:remotename)%00%(upstream:remoteref) refs/heads/jhw refs/remotes/jhw [1ms]
2024-11-24 17:27:10.419 [info] > git for-each-ref --sort -committerdate --format %(refname) %(objectname) %(*objectname) [2ms]
2024-11-24 17:27:10.481 [info] > git status -z -uall [68ms]
2024-11-24 17:27:56.120 [info] > git config --get commit.template [3ms]
2024-11-24 17:27:56.121 [info] > git for-each-ref --format=%(refname)%00%(upstream:short)%00%(objectname)%00%(upstream:track)%00%(upstream:remotename)%00%(upstream:remoteref) refs/heads/jhw refs/remotes/jhw [1ms]
2024-11-24 17:27:56.129 [info] > git for-each-ref --sort -committerdate --format %(refname) %(objectname) %(*objectname) [2ms]
2024-11-24 17:27:56.192 [info] > git status -z -uall [68ms]
2024-11-24 17:28:02.846 [info] > git config --get commit.template [4ms]
2024-11-24 17:28:02.847 [info] > git for-each-ref --format=%(refname)%00%(upstream:short)%00%(objectname)%00%(upstream:track)%00%(upstream:remotename)%00%(upstream:remoteref) refs/heads/jhw refs/remotes/jhw [2ms]
2024-11-24 17:28:02.854 [info] > git for-each-ref --sort -committerdate --format %(refname) %(objectname) %(*objectname) [2ms]
2024-11-24 17:28:02.917 [info] > git status -z -uall [68ms]
2024-11-24 17:28:03.440 [info] > git ls-files --stage -- /var/www/html/2_team/2_team2/db.php [23ms]
2024-11-24 17:28:03.449 [info] > git show --textconv :db.php [40ms]
2024-11-24 17:28:03.452 [info] > git cat-file -s 2661495db8c958d585234b0e6968bcaad3c10423 [4ms]
2024-11-24 17:29:11.081 [info] > git config --get commit.template [3ms]
2024-11-24 17:29:11.082 [info] > git for-each-ref --format=%(refname)%00%(upstream:short)%00%(objectname)%00%(upstream:track)%00%(upstream:remotename)%00%(upstream:remoteref) refs/heads/jhw refs/remotes/jhw [2ms]
2024-11-24 17:29:11.090 [info] > git for-each-ref --sort -committerdate --format %(refname) %(objectname) %(*objectname) [2ms]
2024-11-24 17:29:11.152 [info] > git status -z -uall [67ms]
2024-11-24 17:30:44.755 [info] > git show --textconv :board.php [21ms]
2024-11-24 17:30:44.765 [info] > git ls-files --stage -- /var/www/html/2_team/2_team2/board.php [23ms]
2024-11-24 17:30:44.772 [info] > git cat-file -s 2ee4d74996980f07de02c7aa253460f9c1ae3493 [2ms]
2024-11-24 17:31:19.874 [info] > git show --textconv :write.php [7ms]
2024-11-24 17:31:19.878 [info] > git ls-files --stage -- /var/www/html/2_team/2_team2/write.php [7ms]
2024-11-24 17:31:19.883 [info] > git cat-file -s b8f3c4a4b70a946e0705aafa6d9fb538f3c410fe [2ms]
2024-11-24 17:31:39.842 [info] > git config --get commit.template [3ms]
2024-11-24 17:31:39.843 [info] > git for-each-ref --format=%(refname)%00%(upstream:short)%00%(objectname)%00%(upstream:track)%00%(upstream:remotename)%00%(upstream:remoteref) refs/heads/jhw refs/remotes/jhw [1ms]
2024-11-24 17:31:39.851 [info] > git for-each-ref --sort -committerdate --format %(refname) %(objectname) %(*objectname) [2ms]
2024-11-24 17:31:39.917 [info] > git status -z -uall [71ms]
2024-11-24 17:31:40.105 [info] > git show --textconv :write_process.php [21ms]
2024-11-24 17:31:40.114 [info] > git ls-files --stage -- /var/www/html/2_team/2_team2/write_process.php [23ms]
2024-11-24 17:31:40.126 [info] > git cat-file -s 1af05d62dfe8b77d0c2127d51f6dc872b5542a72 [4ms]
2024-11-24 17:31:59.357 [info] > git show --textconv :navbar.php [7ms]
2024-11-24 17:31:59.360 [info] > git ls-files --stage -- /var/www/html/2_team/2_team2/navbar.php [7ms]
2024-11-24 17:31:59.363 [info] > git cat-file -s a82ac9c1ef03f9b6a122ed71477c3f1ca0c6d7bd [1ms]
2024-11-24 17:32:13.577 [info] > git config --get commit.template [3ms]
2024-11-24 17:32:13.578 [info] > git for-each-ref --format=%(refname)%00%(upstream:short)%00%(objectname)%00%(upstream:track)%00%(upstream:remotename)%00%(upstream:remoteref) refs/heads/jhw refs/remotes/jhw [1ms]
2024-11-24 17:32:13.586 [info] > git for-each-ref --sort -committerdate --format %(refname) %(objectname) %(*objectname) [2ms]
2024-11-24 17:32:13.650 [info] > git status -z -uall [68ms]
2024-11-24 17:32:52.457 [info] > git show --textconv :board_write.php [12ms]
2024-11-24 17:32:52.460 [info] > git ls-files --stage -- /var/www/html/2_team/2_team2/board_write.php [8ms]
2024-11-24 17:32:52.463 [info] > git cat-file -s 0687fadee009738f5bf03747183511f44d3ccd7e [1ms]
2024-11-24 17:36:11.417 [info] > git config --get commit.template [4ms]
2024-11-24 17:36:11.417 [info] > git for-each-ref --format=%(refname)%00%(upstream:short)%00%(objectname)%00%(upstream:track)%00%(upstream:remotename)%00%(upstream:remoteref) refs/heads/jhw refs/remotes/jhw [1ms]
2024-11-24 17:36:11.425 [info] > git for-each-ref --sort -committerdate --format %(refname) %(objectname) %(*objectname) [2ms]
2024-11-24 17:36:11.488 [info] > git status -z -uall [68ms]
2024-11-24 17:36:16.502 [info] > git config --get commit.template [2ms]
2024-11-24 17:36:16.503 [info] > git for-each-ref --format=%(refname)%00%(upstream:short)%00%(objectname)%00%(upstream:track)%00%(upstream:remotename)%00%(upstream:remoteref) refs/heads/jhw refs/remotes/jhw [2ms]
2024-11-24 17:36:16.510 [info] > git for-each-ref --sort -committerdate --format %(refname) %(objectname) %(*objectname) [2ms]
2024-11-24 17:36:16.577 [info] > git status -z -uall [72ms]
2024-11-24 17:39:08.212 [info] > git show --textconv :add_comment.php [13ms]
2024-11-24 17:39:08.215 [info] > git ls-files --stage -- /var/www/html/2_team/2_team2/add_comment.php [8ms]
2024-11-24 17:39:08.441 [info] > git check-ignore -v -z --stdin [21ms]
2024-11-24 17:39:20.947 [info] > git show --textconv :board_write.php [12ms]
2024-11-24 17:39:20.950 [info] > git ls-files --stage -- /var/www/html/2_team/2_team2/board_write.php [8ms]
2024-11-24 17:39:20.954 [info] > git cat-file -s 0687fadee009738f5bf03747183511f44d3ccd7e [2ms]
2024-11-24 17:41:01.407 [info] > git config --get commit.template [3ms]
2024-11-24 17:41:01.408 [info] > git for-each-ref --format=%(refname)%00%(upstream:short)%00%(objectname)%00%(upstream:track)%00%(upstream:remotename)%00%(upstream:remoteref) refs/heads/jhw refs/remotes/jhw [1ms]
2024-11-24 17:41:01.416 [info] > git for-each-ref --sort -committerdate --format %(refname) %(objectname) %(*objectname) [2ms]
2024-11-24 17:41:01.480 [info] > git status -z -uall [69ms]
2024-11-24 17:42:00.602 [info] > git show --textconv :add_comment.php [6ms]
2024-11-24 17:42:00.606 [info] > git ls-files --stage -- /var/www/html/2_team/2_team2/add_comment.php [7ms]
2024-11-24 17:42:51.508 [info] > git show --textconv :add_comment.php [20ms]
2024-11-24 17:42:51.513 [info] > git ls-files --stage -- /var/www/html/2_team/2_team2/add_comment.php [17ms]
2024-11-24 17:46:20.482 [info] > git config --get commit.template [4ms]
2024-11-24 17:46:20.483 [info] > git for-each-ref --format=%(refname)%00%(upstream:short)%00%(objectname)%00%(upstream:track)%00%(upstream:remotename)%00%(upstream:remoteref) refs/heads/jhw refs/remotes/jhw [1ms]
2024-11-24 17:46:20.493 [info] > git for-each-ref --sort -committerdate --format %(refname) %(objectname) %(*objectname) [3ms]
2024-11-24 17:46:20.557 [info] > git status -z -uall [70ms]
2024-11-24 17:48:26.324 [info] > git show --textconv :promotion_board.php [13ms]
2024-11-24 17:48:26.327 [info] > git ls-files --stage -- /var/www/html/2_team/2_team2/promotion_board.php [8ms]
2024-11-24 17:48:26.331 [info] > git cat-file -s d975112bd2a6971b57d7d3d3c3e8c8c30708c715 [2ms]
2024-11-24 17:48:47.265 [info] > git ls-files --stage -- /var/www/html/2_team/2_team2/promotion.php [7ms]
2024-11-24 17:48:47.269 [info] > git cat-file -s c19c6a21db76d8881e63a0151f6e7a10c3176ee7 [1ms]
2024-11-24 17:48:47.276 [info] > git show --textconv :promotion.php [20ms]
2024-11-24 17:49:03.457 [info] > git show --textconv :promotion_process.php [11ms]
2024-11-24 17:49:03.462 [info] > git ls-files --stage -- /var/www/html/2_team/2_team2/promotion_process.php [11ms]
2024-11-24 17:49:03.467 [info] > git cat-file -s 96574c37e72a6ac88830ae6744cff4aceb3106d8 [2ms]
2024-11-24 17:50:34.114 [info] > git show --textconv :promotion_process.php [7ms]
2024-11-24 17:50:34.117 [info] > git ls-files --stage -- /var/www/html/2_team/2_team2/promotion_process.php [7ms]
2024-11-24 17:50:34.121 [info] > git cat-file -s 96574c37e72a6ac88830ae6744cff4aceb3106d8 [2ms]
2024-11-24 17:50:38.650 [info] > git show --textconv :promotion_process.php [8ms]
2024-11-24 17:50:38.653 [info] > git ls-files --stage -- /var/www/html/2_team/2_team2/promotion_process.php [7ms]
2024-11-24 17:50:38.657 [info] > git cat-file -s 96574c37e72a6ac88830ae6744cff4aceb3106d8 [2ms]
2024-11-24 17:50:39.608 [info] > git ls-files --stage -- /var/www/html/2_team/2_team2/board_write.php [7ms]
2024-11-24 17:50:39.618 [info] > git cat-file -s 0687fadee009738f5bf03747183511f44d3ccd7e [8ms]
2024-11-24 17:50:39.620 [info] > git show --textconv :board_write.php [23ms]
2024-11-24 17:51:08.726 [info] > git show --textconv :promotion_write.php [20ms]
2024-11-24 17:51:08.734 [info] > git ls-files --stage -- /var/www/html/2_team/2_team2/promotion_write.php [21ms]
2024-11-24 17:51:08.877 [info] > git check-ignore -v -z --stdin [9ms]
2024-11-24 18:12:38.083 [info] > git config --get commit.template [4ms]
2024-11-24 18:12:38.084 [info] > git for-each-ref --format=%(refname)%00%(upstream:short)%00%(objectname)%00%(upstream:track)%00%(upstream:remotename)%00%(upstream:remoteref) refs/heads/jhw refs/remotes/jhw [2ms]
2024-11-24 18:12:38.092 [info] > git for-each-ref --sort -committerdate --format %(refname) %(objectname) %(*objectname) [3ms]
2024-11-24 18:12:38.156 [info] > git status -z -uall [69ms]
2024-11-24 18:12:43.169 [info] > git config --get commit.template [3ms]
2024-11-24 18:12:43.170 [info] > git for-each-ref --format=%(refname)%00%(upstream:short)%00%(objectname)%00%(upstream:track)%00%(upstream:remotename)%00%(upstream:remoteref) refs/heads/jhw refs/remotes/jhw [2ms]
2024-11-24 18:12:43.178 [info] > git for-each-ref --sort -committerdate --format %(refname) %(objectname) %(*objectname) [3ms]
2024-11-24 18:12:43.243 [info] > git status -z -uall [69ms]
2024-11-24 18:13:07.713 [info] > git check-ignore -v -z --stdin [8ms]
2024-11-24 18:13:08.025 [info] > git show --textconv :promotion_add_comment.php [21ms]
2024-11-24 18:13:08.037 [info] > git ls-files --stage -- /var/www/html/2_team/2_team2/promotion_add_comment.php [24ms]
2024-11-24 18:14:59.373 [info] > git config --get commit.template [3ms]
2024-11-24 18:14:59.374 [info] > git for-each-ref --format=%(refname)%00%(upstream:short)%00%(objectname)%00%(upstream:track)%00%(upstream:remotename)%00%(upstream:remoteref) refs/heads/jhw refs/remotes/jhw [1ms]
2024-11-24 18:14:59.383 [info] > git for-each-ref --sort -committerdate --format %(refname) %(objectname) %(*objectname) [2ms]
2024-11-24 18:14:59.447 [info] > git status -z -uall [69ms]
2024-11-24 18:15:04.460 [info] > git config --get commit.template [3ms]
2024-11-24 18:15:04.461 [info] > git for-each-ref --format=%(refname)%00%(upstream:short)%00%(objectname)%00%(upstream:track)%00%(upstream:remotename)%00%(upstream:remoteref) refs/heads/jhw refs/remotes/jhw [2ms]
2024-11-24 18:15:04.468 [info] > git for-each-ref --sort -committerdate --format %(refname) %(objectname) %(*objectname) [2ms]
2024-11-24 18:15:04.532 [info] > git status -z -uall [69ms]
2024-11-24 18:15:09.654 [info] > git show --textconv :promotion_board.php [15ms]
2024-11-24 18:15:09.657 [info] > git ls-files --stage -- /var/www/html/2_team/2_team2/promotion_board.php [8ms]
2024-11-24 18:15:09.661 [info] > git cat-file -s d975112bd2a6971b57d7d3d3c3e8c8c30708c715 [1ms]
2024-11-24 18:26:42.603 [info] > git config --get commit.template [3ms]
2024-11-24 18:26:42.604 [info] > git for-each-ref --format=%(refname)%00%(upstream:short)%00%(objectname)%00%(upstream:track)%00%(upstream:remotename)%00%(upstream:remoteref) refs/heads/jhw refs/remotes/jhw [2ms]
2024-11-24 18:26:42.612 [info] > git for-each-ref --sort -committerdate --format %(refname) %(objectname) %(*objectname) [2ms]
2024-11-24 18:26:42.677 [info] > git status -z -uall [70ms]
2024-11-24 18:26:47.691 [info] > git config --get commit.template [4ms]
2024-11-24 18:26:47.692 [info] > git for-each-ref --format=%(refname)%00%(upstream:short)%00%(objectname)%00%(upstream:track)%00%(upstream:remotename)%00%(upstream:remoteref) refs/heads/jhw refs/remotes/jhw [2ms]
2024-11-24 18:26:47.701 [info] > git for-each-ref --sort -committerdate --format %(refname) %(objectname) %(*objectname) [2ms]
2024-11-24 18:26:47.767 [info] > git status -z -uall [72ms]
2024-11-24 18:26:52.779 [info] > git config --get commit.template [3ms]
2024-11-24 18:26:52.780 [info] > git for-each-ref --format=%(refname)%00%(upstream:short)%00%(objectname)%00%(upstream:track)%00%(upstream:remotename)%00%(upstream:remoteref) refs/heads/jhw refs/remotes/jhw [2ms]
2024-11-24 18:26:52.788 [info] > git for-each-ref --sort -committerdate --format %(refname) %(objectname) %(*objectname) [3ms]
2024-11-24 18:26:52.856 [info] > git status -z -uall [73ms]
2024-11-24 18:31:28.658 [info] > git show --textconv :board.php [13ms]
2024-11-24 18:31:28.661 [info] > git ls-files --stage -- /var/www/html/2_team/2_team2/board.php [8ms]
2024-11-24 18:31:28.665 [info] > git cat-file -s 2ee4d74996980f07de02c7aa253460f9c1ae3493 [1ms]
2024-11-24 18:31:31.831 [info] > git config --get commit.template [2ms]
2024-11-24 18:31:31.835 [info] > git for-each-ref --format=%(refname)%00%(upstream:short)%00%(objectname)%00%(upstream:track)%00%(upstream:remotename)%00%(upstream:remoteref) refs/heads/jhw refs/remotes/jhw [2ms]
2024-11-24 18:31:31.843 [info] > git for-each-ref --sort -committerdate --format %(refname) %(objectname) %(*objectname) [2ms]
2024-11-24 18:31:31.909 [info] > git status -z -uall [70ms]
2024-11-24 18:34:21.212 [info] > git config --get commit.template [9ms]
2024-11-24 18:34:21.217 [info] > git for-each-ref --format=%(refname)%00%(upstream:short)%00%(objectname)%00%(upstream:track)%00%(upstream:remotename)%00%(upstream:remoteref) refs/heads/jhw refs/remotes/jhw [5ms]
2024-11-24 18:34:21.241 [info] > git for-each-ref --sort -committerdate --format %(refname) %(objectname) %(*objectname) [7ms]
2024-11-24 18:34:21.320 [info] > git status -z -uall [95ms]
2024-11-24 18:34:30.808 [info] > git config --get commit.template [3ms]
2024-11-24 18:34:30.809 [info] > git for-each-ref --format=%(refname)%00%(upstream:short)%00%(objectname)%00%(upstream:track)%00%(upstream:remotename)%00%(upstream:remoteref) refs/heads/jhw refs/remotes/jhw [2ms]
2024-11-24 18:34:30.817 [info] > git for-each-ref --sort -committerdate --format %(refname) %(objectname) %(*objectname) [2ms]
2024-11-24 18:34:30.885 [info] > git status -z -uall [72ms]
2024-11-24 18:38:56.050 [info] > git config --get commit.template [3ms]
2024-11-24 18:38:56.051 [info] > git for-each-ref --format=%(refname)%00%(upstream:short)%00%(objectname)%00%(upstream:track)%00%(upstream:remotename)%00%(upstream:remoteref) refs/heads/jhw refs/remotes/jhw [2ms]
2024-11-24 18:38:56.059 [info] > git for-each-ref --sort -committerdate --format %(refname) %(objectname) %(*objectname) [2ms]
2024-11-24 18:38:56.135 [info] > git status -z -uall [81ms]
2024-11-24 18:40:19.550 [info] > git config --get commit.template [3ms]
2024-11-24 18:40:19.551 [info] > git for-each-ref --format=%(refname)%00%(upstream:short)%00%(objectname)%00%(upstream:track)%00%(upstream:remotename)%00%(upstream:remoteref) refs/heads/jhw refs/remotes/jhw [1ms]
2024-11-24 18:40:19.560 [info] > git for-each-ref --sort -committerdate --format %(refname) %(objectname) %(*objectname) [2ms]
2024-11-24 18:40:19.627 [info] > git status -z -uall [72ms]
2024-11-24 18:40:28.898 [info] > git config --get commit.template [4ms]
2024-11-24 18:40:28.899 [info] > git for-each-ref --format=%(refname)%00%(upstream:short)%00%(objectname)%00%(upstream:track)%00%(upstream:remotename)%00%(upstream:remoteref) refs/heads/jhw refs/remotes/jhw [2ms]
2024-11-24 18:40:28.908 [info] > git for-each-ref --sort -committerdate --format %(refname) %(objectname) %(*objectname) [3ms]
2024-11-24 18:40:28.971 [info] > git status -z -uall [69ms]
2024-11-24 18:42:20.662 [info] > git config --get commit.template [4ms]
2024-11-24 18:42:20.663 [info] > git for-each-ref --format=%(refname)%00%(upstream:short)%00%(objectname)%00%(upstream:track)%00%(upstream:remotename)%00%(upstream:remoteref) refs/heads/jhw refs/remotes/jhw [2ms]
2024-11-24 18:42:20.670 [info] > git for-each-ref --sort -committerdate --format %(refname) %(objectname) %(*objectname) [2ms]
2024-11-24 18:42:20.735 [info] > git status -z -uall [69ms]
2024-11-24 18:42:21.200 [info] > git show --textconv :promotion_board.php [7ms]
2024-11-24 18:42:21.203 [info] > git ls-files --stage -- /var/www/html/2_team/2_team2/promotion_board.php [7ms]
2024-11-24 18:42:21.207 [info] > git cat-file -s d975112bd2a6971b57d7d3d3c3e8c8c30708c715 [2ms]
2024-11-24 18:42:36.122 [info] > git config --get commit.template [3ms]
2024-11-24 18:42:36.124 [info] > git for-each-ref --format=%(refname)%00%(upstream:short)%00%(objectname)%00%(upstream:track)%00%(upstream:remotename)%00%(upstream:remoteref) refs/heads/jhw refs/remotes/jhw [1ms]
2024-11-24 18:42:36.131 [info] > git for-each-ref --sort -committerdate --format %(refname) %(objectname) %(*objectname) [2ms]
2024-11-24 18:42:36.198 [info] > git status -z -uall [72ms]
2024-11-24 18:45:05.727 [info] > git config --get commit.template [3ms]
2024-11-24 18:45:05.728 [info] > git for-each-ref --format=%(refname)%00%(upstream:short)%00%(objectname)%00%(upstream:track)%00%(upstream:remotename)%00%(upstream:remoteref) refs/heads/jhw refs/remotes/jhw [1ms]
2024-11-24 18:45:05.736 [info] > git for-each-ref --sort -committerdate --format %(refname) %(objectname) %(*objectname) [2ms]
2024-11-24 18:45:05.802 [info] > git status -z -uall [71ms]
2024-11-24 18:45:10.092 [info] > git show --textconv :board_write.php [8ms]
2024-11-24 18:45:10.096 [info] > git ls-files --stage -- /var/www/html/2_team/2_team2/board_write.php [9ms]
2024-11-24 18:45:10.101 [info] > git cat-file -s 0687fadee009738f5bf03747183511f44d3ccd7e [2ms]
2024-11-24 18:45:10.845 [info] > git config --get commit.template [29ms]
2024-11-24 18:45:10.847 [info] > git for-each-ref --format=%(refname)%00%(upstream:short)%00%(objectname)%00%(upstream:track)%00%(upstream:remotename)%00%(upstream:remoteref) refs/heads/jhw refs/remotes/jhw [21ms]
2024-11-24 18:45:10.864 [info] > git show --textconv :board.php [29ms]
2024-11-24 18:45:10.866 [info] > git ls-files --stage -- /var/www/html/2_team/2_team2/board.php [22ms]
2024-11-24 18:45:10.877 [info] > git for-each-ref --sort -committerdate --format %(refname) %(objectname) %(*objectname) [14ms]
2024-11-24 18:45:10.881 [info] > git cat-file -s 2ee4d74996980f07de02c7aa253460f9c1ae3493 [5ms]
2024-11-24 18:45:10.939 [info] > git status -z -uall [83ms]
2024-11-24 18:45:27.005 [info] > git config --get commit.template [3ms]
2024-11-24 18:45:27.006 [info] > git for-each-ref --format=%(refname)%00%(upstream:short)%00%(objectname)%00%(upstream:track)%00%(upstream:remotename)%00%(upstream:remoteref) refs/heads/jhw refs/remotes/jhw [2ms]
2024-11-24 18:45:27.014 [info] > git for-each-ref --sort -committerdate --format %(refname) %(objectname) %(*objectname) [2ms]
2024-11-24 18:45:27.081 [info] > git status -z -uall [72ms]
2024-11-24 18:46:14.074 [info] > git show --textconv :promotion_board.php [7ms]
2024-11-24 18:46:14.077 [info] > git ls-files --stage -- /var/www/html/2_team/2_team2/promotion_board.php [7ms]
2024-11-24 18:46:14.081 [info] > git cat-file -s d975112bd2a6971b57d7d3d3c3e8c8c30708c715 [2ms]
2024-11-24 18:48:12.146 [info] > git config --get commit.template [5ms]
2024-11-24 18:48:12.148 [info] > git for-each-ref --format=%(refname)%00%(upstream:short)%00%(objectname)%00%(upstream:track)%00%(upstream:remotename)%00%(upstream:remoteref) refs/heads/jhw refs/remotes/jhw [3ms]
2024-11-24 18:48:12.159 [info] > git for-each-ref --sort -committerdate --format %(refname) %(objectname) %(*objectname) [2ms]
2024-11-24 18:48:12.225 [info] > git status -z -uall [72ms]
2024-11-24 18:48:12.320 [info] > git show --textconv :board.php [18ms]
2024-11-24 18:48:12.369 [info] > git ls-files --stage -- /var/www/html/2_team/2_team2/board.php [60ms]
2024-11-24 18:48:12.373 [info] > git cat-file -s 2ee4d74996980f07de02c7aa253460f9c1ae3493 [2ms]
2024-11-24 18:48:30.135 [info] > git config --get commit.template [3ms]
2024-11-24 18:48:30.136 [info] > git for-each-ref --format=%(refname)%00%(upstream:short)%00%(objectname)%00%(upstream:track)%00%(upstream:remotename)%00%(upstream:remoteref) refs/heads/jhw refs/remotes/jhw [1ms]
2024-11-24 18:48:30.144 [info] > git for-each-ref --sort -committerdate --format %(refname) %(objectname) %(*objectname) [2ms]
2024-11-24 18:48:30.209 [info] > git status -z -uall [70ms]
2024-11-24 18:49:04.824 [info] > git config --get commit.template [3ms]
2024-11-24 18:49:04.826 [info] > git for-each-ref --format=%(refname)%00%(upstream:short)%00%(objectname)%00%(upstream:track)%00%(upstream:remotename)%00%(upstream:remoteref) refs/heads/jhw refs/remotes/jhw [2ms]
2024-11-24 18:49:04.834 [info] > git for-each-ref --sort -committerdate --format %(refname) %(objectname) %(*objectname) [1ms]
2024-11-24 18:49:04.898 [info] > git status -z -uall [69ms]
2024-11-24 18:49:09.913 [info] > git config --get commit.template [3ms]
2024-11-24 18:49:09.914 [info] > git for-each-ref --format=%(refname)%00%(upstream:short)%00%(objectname)%00%(upstream:track)%00%(upstream:remotename)%00%(upstream:remoteref) refs/heads/jhw refs/remotes/jhw [1ms]
2024-11-24 18:49:09.922 [info] > git for-each-ref --sort -committerdate --format %(refname) %(objectname) %(*objectname) [2ms]
2024-11-24 18:49:09.987 [info] > git status -z -uall [70ms]
2024-11-24 18:49:16.680 [info] > git show --textconv :promotion_board.php [8ms]
2024-11-24 18:49:16.683 [info] > git ls-files --stage -- /var/www/html/2_team/2_team2/promotion_board.php [7ms]
2024-11-24 18:49:16.687 [info] > git cat-file -s d975112bd2a6971b57d7d3d3c3e8c8c30708c715 [2ms]
2024-11-24 18:51:44.246 [info] > git config --get commit.template [3ms]
2024-11-24 18:51:44.247 [info] > git for-each-ref --format=%(refname)%00%(upstream:short)%00%(objectname)%00%(upstream:track)%00%(upstream:remotename)%00%(upstream:remoteref) refs/heads/jhw refs/remotes/jhw [1ms]
2024-11-24 18:51:44.256 [info] > git for-each-ref --sort -committerdate --format %(refname) %(objectname) %(*objectname) [2ms]
2024-11-24 18:51:44.320 [info] > git status -z -uall [70ms]
2024-11-24 18:51:44.484 [info] > git show --textconv :board.php [7ms]
2024-11-24 18:51:44.487 [info] > git ls-files --stage -- /var/www/html/2_team/2_team2/board.php [7ms]
2024-11-24 18:51:44.491 [info] > git cat-file -s 2ee4d74996980f07de02c7aa253460f9c1ae3493 [1ms]
2024-11-24 18:52:20.381 [info] > git config --get commit.template [4ms]
2024-11-24 18:52:20.382 [info] > git for-each-ref --format=%(refname)%00%(upstream:short)%00%(objectname)%00%(upstream:track)%00%(upstream:remotename)%00%(upstream:remoteref) refs/heads/jhw refs/remotes/jhw [2ms]
2024-11-24 18:52:20.389 [info] > git for-each-ref --sort -committerdate --format %(refname) %(objectname) %(*objectname) [2ms]
2024-11-24 18:52:20.452 [info] > git status -z -uall [68ms]
2024-11-24 18:52:20.942 [info] > git show --textconv :promotion_board.php [8ms]
2024-11-24 18:52:20.945 [info] > git ls-files --stage -- /var/www/html/2_team/2_team2/promotion_board.php [6ms]
2024-11-24 18:52:20.948 [info] > git cat-file -s d975112bd2a6971b57d7d3d3c3e8c8c30708c715 [1ms]
2024-11-24 18:53:08.355 [info] > git config --get commit.template [4ms]
2024-11-24 18:53:08.356 [info] > git for-each-ref --format=%(refname)%00%(upstream:short)%00%(objectname)%00%(upstream:track)%00%(upstream:remotename)%00%(upstream:remoteref) refs/heads/jhw refs/remotes/jhw [2ms]
2024-11-24 18:53:08.363 [info] > git for-each-ref --sort -committerdate --format %(refname) %(objectname) %(*objectname) [2ms]
2024-11-24 18:53:08.427 [info] > git status -z -uall [69ms]
2024-11-24 18:53:14.867 [info] > git config --get commit.template [3ms]
2024-11-24 18:53:14.869 [info] > git for-each-ref --format=%(refname)%00%(upstream:short)%00%(objectname)%00%(upstream:track)%00%(upstream:remotename)%00%(upstream:remoteref) refs/heads/jhw refs/remotes/jhw [1ms]
2024-11-24 18:53:14.876 [info] > git for-each-ref --sort -committerdate --format %(refname) %(objectname) %(*objectname) [2ms]
2024-11-24 18:53:14.942 [info] > git status -z -uall [70ms]
2024-11-24 18:54:11.598 [info] > git config --get commit.template [3ms]
2024-11-24 18:54:11.599 [info] > git for-each-ref --format=%(refname)%00%(upstream:short)%00%(objectname)%00%(upstream:track)%00%(upstream:remotename)%00%(upstream:remoteref) refs/heads/jhw refs/remotes/jhw [1ms]
2024-11-24 18:54:11.608 [info] > git for-each-ref --sort -committerdate --format %(refname) %(objectname) %(*objectname) [2ms]
2024-11-24 18:54:11.671 [info] > git status -z -uall [69ms]
2024-11-24 18:54:16.685 [info] > git config --get commit.template [3ms]
2024-11-24 18:54:16.686 [info] > git for-each-ref --format=%(refname)%00%(upstream:short)%00%(objectname)%00%(upstream:track)%00%(upstream:remotename)%00%(upstream:remoteref) refs/heads/jhw refs/remotes/jhw [1ms]
2024-11-24 18:54:16.694 [info] > git for-each-ref --sort -committerdate --format %(refname) %(objectname) %(*objectname) [2ms]
2024-11-24 18:54:16.759 [info] > git status -z -uall [70ms]
2024-11-24 18:54:43.821 [info] > git config --get commit.template [15ms]
2024-11-24 18:54:43.824 [info] > git for-each-ref --format=%(refname)%00%(upstream:short)%00%(objectname)%00%(upstream:track)%00%(upstream:remotename)%00%(upstream:remoteref) refs/heads/jhw refs/remotes/jhw [5ms]
2024-11-24 18:54:43.845 [info] > git for-each-ref --sort -committerdate --format %(refname) %(objectname) %(*objectname) [3ms]
2024-11-24 18:54:43.922 [info] > git status -z -uall [87ms]
2024-11-24 18:54:48.933 [info] > git config --get commit.template [3ms]
2024-11-24 18:54:48.934 [info] > git for-each-ref --format=%(refname)%00%(upstream:short)%00%(objectname)%00%(upstream:track)%00%(upstream:remotename)%00%(upstream:remoteref) refs/heads/jhw refs/remotes/jhw [1ms]
2024-11-24 18:54:48.942 [info] > git for-each-ref --sort -committerdate --format %(refname) %(objectname) %(*objectname) [2ms]
2024-11-24 18:54:49.007 [info] > git status -z -uall [70ms]
2024-11-24 18:54:54.016 [info] > git config --get commit.template [3ms]
2024-11-24 18:54:54.017 [info] > git for-each-ref --format=%(refname)%00%(upstream:short)%00%(objectname)%00%(upstream:track)%00%(upstream:remotename)%00%(upstream:remoteref) refs/heads/jhw refs/remotes/jhw [2ms]
2024-11-24 18:54:54.026 [info] > git for-each-ref --sort -committerdate --format %(refname) %(objectname) %(*objectname) [2ms]
2024-11-24 18:54:54.090 [info] > git status -z -uall [69ms]
2024-11-24 18:54:54.903 [info] > git show --textconv :delete_comment.php [19ms]
2024-11-24 18:54:54.909 [info] > git ls-files --stage -- /var/www/html/2_team/2_team2/delete_comment.php [17ms]
2024-11-24 18:54:55.123 [info] > git check-ignore -v -z --stdin [21ms]
2024-11-24 18:55:00.829 [info] > git config --get commit.template [1ms]
2024-11-24 18:55:00.834 [info] > git for-each-ref --format=%(refname)%00%(upstream:short)%00%(objectname)%00%(upstream:track)%00%(upstream:remotename)%00%(upstream:remoteref) refs/heads/jhw refs/remotes/jhw [2ms]
2024-11-24 18:55:00.848 [info] > git for-each-ref --sort -committerdate --format %(refname) %(objectname) %(*objectname) [4ms]
2024-11-24 18:55:00.918 [info] > git status -z -uall [80ms]
2024-11-24 18:57:26.810 [info] > git config --get commit.template [4ms]
2024-11-24 18:57:26.811 [info] > git for-each-ref --format=%(refname)%00%(upstream:short)%00%(objectname)%00%(upstream:track)%00%(upstream:remotename)%00%(upstream:remoteref) refs/heads/jhw refs/remotes/jhw [2ms]
2024-11-24 18:57:26.820 [info] > git for-each-ref --sort -committerdate --format %(refname) %(objectname) %(*objectname) [2ms]
2024-11-24 18:57:26.883 [info] > git status -z -uall [68ms]
2024-11-24 18:57:27.353 [info] > git show --textconv :board_write.php [7ms]
2024-11-24 18:57:27.356 [info] > git ls-files --stage -- /var/www/html/2_team/2_team2/board_write.php [7ms]
2024-11-24 18:57:27.359 [info] > git cat-file -s 0687fadee009738f5bf03747183511f44d3ccd7e [1ms]
2024-11-24 18:59:16.044 [info] > git check-ignore -v -z --stdin [7ms]
2024-11-24 18:59:21.449 [info] > git config --get commit.template [9ms]
2024-11-24 18:59:21.453 [info] > git for-each-ref --format=%(refname)%00%(upstream:short)%00%(objectname)%00%(upstream:track)%00%(upstream:remotename)%00%(upstream:remoteref) refs/heads/jhw refs/remotes/jhw [5ms]
2024-11-24 18:59:21.477 [info] > git for-each-ref --sort -committerdate --format %(refname) %(objectname) %(*objectname) [6ms]
2024-11-24 18:59:21.557 [info] > git status -z -uall [95ms]
2024-11-24 18:59:26.576 [info] > git config --get commit.template [5ms]
2024-11-24 18:59:26.577 [info] > git for-each-ref --format=%(refname)%00%(upstream:short)%00%(objectname)%00%(upstream:track)%00%(upstream:remotename)%00%(upstream:remoteref) refs/heads/jhw refs/remotes/jhw [2ms]
2024-11-24 18:59:26.584 [info] > git for-each-ref --sort -committerdate --format %(refname) %(objectname) %(*objectname) [2ms]
2024-11-24 18:59:26.648 [info] > git status -z -uall [69ms]
2024-11-24 18:59:43.564 [info] > git show --textconv :delete_comment.php [7ms]
2024-11-24 18:59:43.567 [info] > git ls-files --stage -- /var/www/html/2_team/2_team2/delete_comment.php [7ms]
2024-11-24 19:00:59.379 [info] > git config --get commit.template [3ms]
2024-11-24 19:00:59.380 [info] > git for-each-ref --format=%(refname)%00%(upstream:short)%00%(objectname)%00%(upstream:track)%00%(upstream:remotename)%00%(upstream:remoteref) refs/heads/jhw refs/remotes/jhw [1ms]
2024-11-24 19:00:59.387 [info] > git for-each-ref --sort -committerdate --format %(refname) %(objectname) %(*objectname) [2ms]
2024-11-24 19:00:59.453 [info] > git status -z -uall [69ms]
2024-11-24 19:00:59.891 [info] > git show --textconv :board_write.php [7ms]
2024-11-24 19:00:59.894 [info] > git ls-files --stage -- /var/www/html/2_team/2_team2/board_write.php [7ms]
2024-11-24 19:00:59.898 [info] > git cat-file -s 0687fadee009738f5bf03747183511f44d3ccd7e [1ms]
2024-11-24 19:02:12.962 [info] > git show --textconv :delete_comment.php [7ms]
2024-11-24 19:02:12.965 [info] > git ls-files --stage -- /var/www/html/2_team/2_team2/delete_comment.php [7ms]
2024-11-24 19:04:49.326 [info] > git show --textconv :board.php [7ms]
2024-11-24 19:04:49.328 [info] > git ls-files --stage -- /var/www/html/2_team/2_team2/board.php [6ms]
2024-11-24 19:04:49.332 [info] > git cat-file -s 2ee4d74996980f07de02c7aa253460f9c1ae3493 [1ms]
2024-11-24 19:05:18.068 [info] > git show --textconv :delete_comment.php [7ms]
2024-11-24 19:05:18.071 [info] > git ls-files --stage -- /var/www/html/2_team/2_team2/delete_comment.php [7ms]
2024-11-24 19:05:27.127 [info] > git show --textconv :board.php [7ms]
2024-11-24 19:05:27.130 [info] > git ls-files --stage -- /var/www/html/2_team/2_team2/board.php [7ms]
2024-11-24 19:05:27.134 [info] > git cat-file -s 2ee4d74996980f07de02c7aa253460f9c1ae3493 [2ms]
2024-11-24 19:07:29.267 [info] > git config --get commit.template [2ms]
2024-11-24 19:07:29.268 [info] > git for-each-ref --format=%(refname)%00%(upstream:short)%00%(objectname)%00%(upstream:track)%00%(upstream:remotename)%00%(upstream:remoteref) refs/heads/jhw refs/remotes/jhw [2ms]
2024-11-24 19:07:29.276 [info] > git for-each-ref --sort -committerdate --format %(refname) %(objectname) %(*objectname) [2ms]
2024-11-24 19:07:29.340 [info] > git status -z -uall [69ms]
2024-11-24 19:07:29.756 [info] > git show --textconv :delete_comment.php [7ms]
2024-11-24 19:07:29.759 [info] > git ls-files --stage -- /var/www/html/2_team/2_team2/delete_comment.php [7ms]
2024-11-24 19:07:46.209 [info] > git show --textconv :board.php [7ms]
2024-11-24 19:07:46.212 [info] > git ls-files --stage -- /var/www/html/2_team/2_team2/board.php [7ms]
2024-11-24 19:07:46.216 [info] > git cat-file -s 2ee4d74996980f07de02c7aa253460f9c1ae3493 [1ms]
2024-11-24 19:07:54.205 [info] > git show --textconv :board_write.php [8ms]
2024-11-24 19:07:54.208 [info] > git ls-files --stage -- /var/www/html/2_team/2_team2/board_write.php [7ms]
2024-11-24 19:07:54.211 [info] > git cat-file -s 0687fadee009738f5bf03747183511f44d3ccd7e [1ms]
2024-11-24 19:07:54.539 [info] > git config --get commit.template [3ms]
2024-11-24 19:07:54.540 [info] > git for-each-ref --format=%(refname)%00%(upstream:short)%00%(objectname)%00%(upstream:track)%00%(upstream:remotename)%00%(upstream:remoteref) refs/heads/jhw refs/remotes/jhw [1ms]
2024-11-24 19:07:54.551 [info] > git for-each-ref --sort -committerdate --format %(refname) %(objectname) %(*objectname) [3ms]
2024-11-24 19:07:54.622 [info] > git status -z -uall [78ms]
2024-11-24 19:09:42.008 [info] > git show --textconv :delete_comment.php [7ms]
2024-11-24 19:09:42.012 [info] > git ls-files --stage -- /var/www/html/2_team/2_team2/delete_comment.php [7ms]
2024-11-24 19:09:43.520 [info] > git show --textconv :deleteprocess.php [20ms]
2024-11-24 19:09:43.532 [info] > git ls-files --stage -- /var/www/html/2_team/2_team2/deleteprocess.php [24ms]
2024-11-24 19:09:44.905 [info] > git show --textconv :delete_comment.php [7ms]
2024-11-24 19:09:44.908 [info] > git ls-files --stage -- /var/www/html/2_team/2_team2/delete_comment.php [7ms]
2024-11-24 19:11:25.594 [info] > git show --textconv :board_write.php [7ms]
2024-11-24 19:11:25.597 [info] > git ls-files --stage -- /var/www/html/2_team/2_team2/board_write.php [7ms]
2024-11-24 19:11:25.601 [info] > git cat-file -s 0687fadee009738f5bf03747183511f44d3ccd7e [1ms]
2024-11-24 19:11:45.838 [info] > git config --get commit.template [3ms]
2024-11-24 19:11:45.839 [info] > git for-each-ref --format=%(refname)%00%(upstream:short)%00%(objectname)%00%(upstream:track)%00%(upstream:remotename)%00%(upstream:remoteref) refs/heads/jhw refs/remotes/jhw [1ms]
2024-11-24 19:11:45.848 [info] > git for-each-ref --sort -committerdate --format %(refname) %(objectname) %(*objectname) [3ms]
2024-11-24 19:11:45.911 [info] > git status -z -uall [69ms]
2024-11-24 19:12:37.047 [info] > git show --textconv :delete_comment.php [8ms]
2024-11-24 19:12:37.050 [info] > git ls-files --stage -- /var/www/html/2_team/2_team2/delete_comment.php [7ms]
2024-11-24 19:13:46.323 [info] > git config --get commit.template [3ms]
2024-11-24 19:13:46.324 [info] > git for-each-ref --format=%(refname)%00%(upstream:short)%00%(objectname)%00%(upstream:track)%00%(upstream:remotename)%00%(upstream:remoteref) refs/heads/jhw refs/remotes/jhw [2ms]
2024-11-24 19:13:46.332 [info] > git for-each-ref --sort -committerdate --format %(refname) %(objectname) %(*objectname) [3ms]
2024-11-24 19:13:46.397 [info] > git status -z -uall [70ms]
2024-11-24 19:13:57.594 [info] > git show --textconv :promotion_add_comment.php [6ms]
2024-11-24 19:13:57.598 [info] > git ls-files --stage -- /var/www/html/2_team/2_team2/promotion_add_comment.php [7ms]
2024-11-24 19:15:45.527 [info] > git config --get commit.template [2ms]
2024-11-24 19:15:45.528 [info] > git for-each-ref --format=%(refname)%00%(upstream:short)%00%(objectname)%00%(upstream:track)%00%(upstream:remotename)%00%(upstream:remoteref) refs/heads/jhw refs/remotes/jhw [2ms]
2024-11-24 19:15:45.536 [info] > git for-each-ref --sort -committerdate --format %(refname) %(objectname) %(*objectname) [2ms]
2024-11-24 19:15:45.599 [info] > git status -z -uall [68ms]
2024-11-24 19:15:49.259 [info] > git show --textconv :promotion_write.php [12ms]
2024-11-24 19:15:49.262 [info] > git ls-files --stage -- /var/www/html/2_team/2_team2/promotion_write.php [7ms]
2024-11-24 19:15:50.616 [info] > git config --get commit.template [3ms]
2024-11-24 19:15:50.617 [info] > git for-each-ref --format=%(refname)%00%(upstream:short)%00%(objectname)%00%(upstream:track)%00%(upstream:remotename)%00%(upstream:remoteref) refs/heads/jhw refs/remotes/jhw [2ms]
2024-11-24 19:15:50.625 [info] > git for-each-ref --sort -committerdate --format %(refname) %(objectname) %(*objectname) [3ms]
2024-11-24 19:15:50.689 [info] > git status -z -uall [69ms]
2024-11-24 19:16:29.953 [info] > git show --textconv :promotion_delete_comment.php [7ms]
2024-11-24 19:16:29.956 [info] > git ls-files --stage -- /var/www/html/2_team/2_team2/promotion_delete_comment.php [7ms]
2024-11-24 19:16:30.194 [info] > git check-ignore -v -z --stdin [13ms]
2024-11-24 19:18:13.475 [info] > git config --get commit.template [4ms]
2024-11-24 19:18:13.476 [info] > git for-each-ref --format=%(refname)%00%(upstream:short)%00%(objectname)%00%(upstream:track)%00%(upstream:remotename)%00%(upstream:remoteref) refs/heads/jhw refs/remotes/jhw [1ms]
2024-11-24 19:18:13.483 [info] > git for-each-ref --sort -committerdate --format %(refname) %(objectname) %(*objectname) [2ms]
2024-11-24 19:18:13.547 [info] > git status -z -uall [69ms]
2024-11-24 19:19:10.054 [info] > git config --get commit.template [3ms]
2024-11-24 19:19:10.055 [info] > git for-each-ref --format=%(refname)%00%(upstream:short)%00%(objectname)%00%(upstream:track)%00%(upstream:remotename)%00%(upstream:remoteref) refs/heads/jhw refs/remotes/jhw [1ms]
2024-11-24 19:19:10.063 [info] > git for-each-ref --sort -committerdate --format %(refname) %(objectname) %(*objectname) [2ms]
2024-11-24 19:19:10.127 [info] > git status -z -uall [69ms]
2024-11-24 19:26:12.252 [info] > git config --get commit.template [3ms]
2024-11-24 19:26:12.253 [info] > git for-each-ref --format=%(refname)%00%(upstream:short)%00%(objectname)%00%(upstream:track)%00%(upstream:remotename)%00%(upstream:remoteref) refs/heads/jhw refs/remotes/jhw [1ms]
2024-11-24 19:26:12.262 [info] > git for-each-ref --sort -committerdate --format %(refname) %(objectname) %(*objectname) [2ms]
2024-11-24 19:26:12.326 [info] > git status -z -uall [69ms]
2024-11-24 19:26:17.339 [info] > git config --get commit.template [2ms]
2024-11-24 19:26:17.341 [info] > git for-each-ref --format=%(refname)%00%(upstream:short)%00%(objectname)%00%(upstream:track)%00%(upstream:remotename)%00%(upstream:remoteref) refs/heads/jhw refs/remotes/jhw [2ms]
2024-11-24 19:26:17.348 [info] > git for-each-ref --sort -committerdate --format %(refname) %(objectname) %(*objectname) [2ms]
2024-11-24 19:26:17.412 [info] > git status -z -uall [69ms]
2024-11-24 19:26:22.793 [info] > git config --get commit.template [3ms]
2024-11-24 19:26:22.794 [info] > git for-each-ref --format=%(refname)%00%(upstream:short)%00%(objectname)%00%(upstream:track)%00%(upstream:remotename)%00%(upstream:remoteref) refs/heads/jhw refs/remotes/jhw [1ms]
2024-11-24 19:26:22.802 [info] > git for-each-ref --sort -committerdate --format %(refname) %(objectname) %(*objectname) [2ms]
2024-11-24 19:26:22.867 [info] > git status -z -uall [70ms]
2024-11-24 19:26:22.880 [info] > git show --textconv :promotion_update [6ms]
2024-11-24 19:26:22.884 [info] > git ls-files --stage -- /var/www/html/2_team/2_team2/promotion_update [7ms]
2024-11-24 19:26:23.065 [info] > git check-ignore -v -z --stdin [7ms]
2024-11-24 19:26:45.900 [info] > git show --textconv :promotion_update_comment.php [13ms]
2024-11-24 19:26:45.903 [info] > git ls-files --stage -- /var/www/html/2_team/2_team2/promotion_update_comment.php [8ms]
2024-11-24 19:26:46.089 [info] > git check-ignore -v -z --stdin [21ms]
2024-11-24 19:27:05.175 [info] > git show --textconv :promotion_write.php [7ms]
2024-11-24 19:27:05.179 [info] > git ls-files --stage -- /var/www/html/2_team/2_team2/promotion_write.php [7ms]
2024-11-24 19:28:26.878 [info] > git config --get commit.template [3ms]
2024-11-24 19:28:26.879 [info] > git for-each-ref --format=%(refname)%00%(upstream:short)%00%(objectname)%00%(upstream:track)%00%(upstream:remotename)%00%(upstream:remoteref) refs/heads/jhw refs/remotes/jhw [2ms]
2024-11-24 19:28:26.887 [info] > git for-each-ref --sort -committerdate --format %(refname) %(objectname) %(*objectname) [3ms]
2024-11-24 19:28:26.956 [info] > git status -z -uall [74ms]
2024-11-24 19:29:02.167 [info] > git show --textconv :promotion_delete_comment.php [7ms]
2024-11-24 19:29:02.170 [info] > git ls-files --stage -- /var/www/html/2_team/2_team2/promotion_delete_comment.php [6ms]
2024-11-24 19:30:16.878 [info] > git config --get commit.template [3ms]
2024-11-24 19:30:16.879 [info] > git for-each-ref --format=%(refname)%00%(upstream:short)%00%(objectname)%00%(upstream:track)%00%(upstream:remotename)%00%(upstream:remoteref) refs/heads/jhw refs/remotes/jhw [1ms]
2024-11-24 19:30:16.887 [info] > git for-each-ref --sort -committerdate --format %(refname) %(objectname) %(*objectname) [2ms]
2024-11-24 19:30:16.951 [info] > git status -z -uall [69ms]
2024-11-24 19:30:21.251 [info] > git show --textconv :promotion_write.php [7ms]
2024-11-24 19:30:21.254 [info] > git ls-files --stage -- /var/www/html/2_team/2_team2/promotion_write.php [7ms]
2024-11-24 19:32:25.984 [info] > git config --get commit.template [4ms]
2024-11-24 19:32:25.985 [info] > git for-each-ref --format=%(refname)%00%(upstream:short)%00%(objectname)%00%(upstream:track)%00%(upstream:remotename)%00%(upstream:remoteref) refs/heads/jhw refs/remotes/jhw [2ms]
2024-11-24 19:32:25.994 [info] > git for-each-ref --sort -committerdate --format %(refname) %(objectname) %(*objectname) [2ms]
2024-11-24 19:32:26.058 [info] > git status -z -uall [70ms]
2024-11-24 19:32:30.055 [info] > git show --textconv :promotion_update_comment.php [7ms]
2024-11-24 19:32:30.057 [info] > git ls-files --stage -- /var/www/html/2_team/2_team2/promotion_update_comment.php [6ms]
2024-11-24 19:32:31.072 [info] > git config --get commit.template [3ms]
2024-11-24 19:32:31.074 [info] > git for-each-ref --format=%(refname)%00%(upstream:short)%00%(objectname)%00%(upstream:track)%00%(upstream:remotename)%00%(upstream:remoteref) refs/heads/jhw refs/remotes/jhw [1ms]
2024-11-24 19:32:31.082 [info] > git for-each-ref --sort -committerdate --format %(refname) %(objectname) %(*objectname) [2ms]
2024-11-24 19:32:31.146 [info] > git status -z -uall [70ms]
2024-11-24 19:34:08.292 [info] > git show --textconv :promotion_delete_comment.php [7ms]
2024-11-24 19:34:08.295 [info] > git ls-files --stage -- /var/www/html/2_team/2_team2/promotion_delete_comment.php [7ms]
2024-11-24 19:34:09.095 [info] > git show --textconv :promotion_write.php [7ms]
2024-11-24 19:34:09.098 [info] > git ls-files --stage -- /var/www/html/2_team/2_team2/promotion_write.php [6ms]
2024-11-24 19:34:19.097 [info] > git config --get commit.template [4ms]
2024-11-24 19:34:19.097 [info] > git for-each-ref --format=%(refname)%00%(upstream:short)%00%(objectname)%00%(upstream:track)%00%(upstream:remotename)%00%(upstream:remoteref) refs/heads/jhw refs/remotes/jhw [2ms]
2024-11-24 19:34:19.104 [info] > git for-each-ref --sort -committerdate --format %(refname) %(objectname) %(*objectname) [2ms]
2024-11-24 19:34:19.168 [info] > git status -z -uall [68ms]
2024-11-24 19:34:20.849 [info] > git show --textconv :promotion_update_comment.php [8ms]
2024-11-24 19:34:20.852 [info] > git ls-files --stage -- /var/www/html/2_team/2_team2/promotion_update_comment.php [7ms]
2024-11-24 19:34:26.551 [info] > git show --textconv :promotion_write.php [7ms]
2024-11-24 19:34:26.554 [info] > git ls-files --stage -- /var/www/html/2_team/2_team2/promotion_write.php [7ms]
2024-11-24 19:34:55.950 [info] > git show --textconv :promotion_delete_comment.php [7ms]
2024-11-24 19:34:55.953 [info] > git ls-files --stage -- /var/www/html/2_team/2_team2/promotion_delete_comment.php [7ms]
2024-11-24 19:35:04.256 [info] > git show --textconv :promotion_write.php [7ms]
2024-11-24 19:35:04.259 [info] > git ls-files --stage -- /var/www/html/2_team/2_team2/promotion_write.php [7ms]
2024-11-24 19:35:23.803 [info] > git show --textconv :promotion_delete_comment.php [7ms]
2024-11-24 19:35:23.806 [info] > git ls-files --stage -- /var/www/html/2_team/2_team2/promotion_delete_comment.php [7ms]
2024-11-24 19:38:28.706 [info] > git show --textconv :promotion_write.php [6ms]
2024-11-24 19:38:28.710 [info] > git ls-files --stage -- /var/www/html/2_team/2_team2/promotion_write.php [7ms]
2024-11-24 19:38:59.715 [info] > git show --textconv :promotion_update_comment.php [13ms]
2024-11-24 19:38:59.718 [info] > git ls-files --stage -- /var/www/html/2_team/2_team2/promotion_update_comment.php [8ms]
2024-11-24 19:39:12.679 [info] > git check-ignore -v -z --stdin [7ms]
2024-11-24 19:39:44.030 [info] > git show --textconv :promotion_write.php [7ms]
2024-11-24 19:39:44.034 [info] > git ls-files --stage -- /var/www/html/2_team/2_team2/promotion_write.php [6ms]
2024-11-24 19:39:59.011 [info] > git config --get commit.template [4ms]
2024-11-24 19:39:59.015 [info] > git for-each-ref --format=%(refname)%00%(upstream:short)%00%(objectname)%00%(upstream:track)%00%(upstream:remotename)%00%(upstream:remoteref) refs/heads/jhw refs/remotes/jhw [1ms]
2024-11-24 19:39:59.024 [info] > git for-each-ref --sort -committerdate --format %(refname) %(objectname) %(*objectname) [2ms]
2024-11-24 19:39:59.090 [info] > git status -z -uall [71ms]
2024-11-24 19:39:59.260 [info] > git show --textconv :promotion_update_comment.php [61ms]
2024-11-24 19:39:59.260 [info] > git ls-files --stage -- /var/www/html/2_team/2_team2/promotion_update_comment.php [53ms]
2024-11-24 19:40:01.406 [info] > git show --textconv :promotion_write.php [19ms]
2024-11-24 19:40:01.418 [info] > git ls-files --stage -- /var/www/html/2_team/2_team2/promotion_write.php [23ms]
2024-11-24 19:40:02.352 [info] > git show --textconv :promotion_update_comment.php [20ms]
2024-11-24 19:40:02.364 [info] > git ls-files --stage -- /var/www/html/2_team/2_team2/promotion_update_comment.php [23ms]
2024-11-24 19:40:06.874 [info] > git show --textconv :promotion_write.php [8ms]
2024-11-24 19:40:06.879 [info] > git ls-files --stage -- /var/www/html/2_team/2_team2/promotion_write.php [9ms]
2024-11-24 19:40:41.043 [info] > git config --get commit.template [1ms]
2024-11-24 19:40:41.048 [info] > git for-each-ref --format=%(refname)%00%(upstream:short)%00%(objectname)%00%(upstream:track)%00%(upstream:remotename)%00%(upstream:remoteref) refs/heads/jhw refs/remotes/jhw [2ms]
2024-11-24 19:40:41.056 [info] > git for-each-ref --sort -committerdate --format %(refname) %(objectname) %(*objectname) [3ms]
2024-11-24 19:40:41.121 [info] > git status -z -uall [70ms]
2024-11-24 19:40:52.245 [info] > git show --textconv :promotion_update_comment.php [20ms]
2024-11-24 19:40:52.256 [info] > git ls-files --stage -- /var/www/html/2_team/2_team2/promotion_update_comment.php [23ms]
2024-11-24 19:41:30.390 [info] > git show --textconv :promotion_write.php [7ms]
2024-11-24 19:41:30.393 [info] > git ls-files --stage -- /var/www/html/2_team/2_team2/promotion_write.php [7ms]
2024-11-24 19:41:40.108 [info] > git config --get commit.template [12ms]
2024-11-24 19:41:40.112 [info] > git for-each-ref --format=%(refname)%00%(upstream:short)%00%(objectname)%00%(upstream:track)%00%(upstream:remotename)%00%(upstream:remoteref) refs/heads/jhw refs/remotes/jhw [5ms]
2024-11-24 19:41:40.136 [info] > git for-each-ref --sort -committerdate --format %(refname) %(objectname) %(*objectname) [4ms]
2024-11-24 19:41:40.218 [info] > git status -z -uall [96ms]
2024-11-24 19:41:42.437 [info] > git show --textconv :promotion_update_comment.php [7ms]
2024-11-24 19:41:42.440 [info] > git ls-files --stage -- /var/www/html/2_team/2_team2/promotion_update_comment.php [7ms]
2024-11-24 19:41:43.768 [info] > git show --textconv :promotion_write.php [12ms]
2024-11-24 19:41:43.771 [info] > git ls-files --stage -- /var/www/html/2_team/2_team2/promotion_write.php [7ms]
2024-11-24 19:41:46.351 [info] > git show --textconv :promotion_update_comment.php [13ms]
2024-11-24 19:41:46.354 [info] > git ls-files --stage -- /var/www/html/2_team/2_team2/promotion_update_comment.php [8ms]
2024-11-24 19:41:50.901 [info] > git show --textconv :promotion_write.php [11ms]
2024-11-24 19:41:50.910 [info] > git ls-files --stage -- /var/www/html/2_team/2_team2/promotion_write.php [15ms]
2024-11-24 19:45:08.607 [info] > git config --get commit.template [6ms]
2024-11-24 19:45:08.608 [info] > git for-each-ref --format=%(refname)%00%(upstream:short)%00%(objectname)%00%(upstream:track)%00%(upstream:remotename)%00%(upstream:remoteref) refs/heads/jhw refs/remotes/jhw [2ms]
2024-11-24 19:45:08.615 [info] > git for-each-ref --sort -committerdate --format %(refname) %(objectname) %(*objectname) [2ms]
2024-11-24 19:45:08.680 [info] > git status -z -uall [69ms]
2024-11-24 19:45:13.696 [info] > git config --get commit.template [3ms]
2024-11-24 19:45:13.697 [info] > git for-each-ref --format=%(refname)%00%(upstream:short)%00%(objectname)%00%(upstream:track)%00%(upstream:remotename)%00%(upstream:remoteref) refs/heads/jhw refs/remotes/jhw [2ms]
2024-11-24 19:45:13.705 [info] > git for-each-ref --sort -committerdate --format %(refname) %(objectname) %(*objectname) [2ms]
2024-11-24 19:45:13.773 [info] > git status -z -uall [73ms]
2024-11-24 19:48:14.779 [info] > git config --get commit.template [4ms]
2024-11-24 19:48:14.780 [info] > git for-each-ref --format=%(refname)%00%(upstream:short)%00%(objectname)%00%(upstream:track)%00%(upstream:remotename)%00%(upstream:remoteref) refs/heads/jhw refs/remotes/jhw [2ms]
2024-11-24 19:48:14.788 [info] > git for-each-ref --sort -committerdate --format %(refname) %(objectname) %(*objectname) [2ms]
2024-11-24 19:48:14.851 [info] > git status -z -uall [68ms]
2024-11-24 19:48:19.868 [info] > git config --get commit.template [3ms]
2024-11-24 19:48:19.869 [info] > git for-each-ref --format=%(refname)%00%(upstream:short)%00%(objectname)%00%(upstream:track)%00%(upstream:remotename)%00%(upstream:remoteref) refs/heads/jhw refs/remotes/jhw [2ms]
2024-11-24 19:48:19.878 [info] > git for-each-ref --sort -committerdate --format %(refname) %(objectname) %(*objectname) [2ms]
2024-11-24 19:48:19.942 [info] > git status -z -uall [69ms]
2024-11-24 19:48:42.960 [info] > git show --textconv :promotion_write.php [7ms]
2024-11-24 19:48:42.964 [info] > git ls-files --stage -- /var/www/html/2_team/2_team2/promotion_write.php [7ms]
2024-11-24 19:48:48.419 [info] > git show --textconv :promotion_delete_comment.php [7ms]
2024-11-24 19:48:48.423 [info] > git ls-files --stage -- /var/www/html/2_team/2_team2/promotion_delete_comment.php [6ms]
2024-11-24 19:48:49.987 [info] > git show --textconv :promotion_add_comment.php [7ms]
2024-11-24 19:48:49.990 [info] > git ls-files --stage -- /var/www/html/2_team/2_team2/promotion_add_comment.php [7ms]
2024-11-24 19:48:50.686 [info] > git show --textconv :delete_comment.php [7ms]
2024-11-24 19:48:50.689 [info] > git ls-files --stage -- /var/www/html/2_team/2_team2/delete_comment.php [7ms]
2024-11-24 19:48:54.972 [info] > git show --textconv :board_write.php [9ms]
2024-11-24 19:48:54.974 [info] > git ls-files --stage -- /var/www/html/2_team/2_team2/board_write.php [7ms]
2024-11-24 19:48:54.978 [info] > git cat-file -s 0687fadee009738f5bf03747183511f44d3ccd7e [2ms]
2024-11-24 19:48:55.404 [info] > git show --textconv :board.php [7ms]
2024-11-24 19:48:55.407 [info] > git ls-files --stage -- /var/www/html/2_team/2_team2/board.php [7ms]
2024-11-24 19:48:55.411 [info] > git cat-file -s 2ee4d74996980f07de02c7aa253460f9c1ae3493 [2ms]
2024-11-24 19:48:59.577 [info] > git show --textconv :add_comment.php [7ms]
2024-11-24 19:48:59.581 [info] > git ls-files --stage -- /var/www/html/2_team/2_team2/add_comment.php [7ms]
2024-11-24 19:49:12.710 [info] > git show --textconv :Battlegamepage.php [7ms]
2024-11-24 19:49:12.713 [info] > git ls-files --stage -- /var/www/html/2_team/2_team2/Battlegamepage.php [7ms]
2024-11-24 19:49:12.717 [info] > git cat-file -s d03433c867e3855b4b75757f301758efe49bfd1a [2ms]
2024-11-24 19:50:25.192 [info] > git config --get commit.template [4ms]
2024-11-24 19:50:25.193 [info] > git for-each-ref --format=%(refname)%00%(upstream:short)%00%(objectname)%00%(upstream:track)%00%(upstream:remotename)%00%(upstream:remoteref) refs/heads/jhw refs/remotes/jhw [2ms]
2024-11-24 19:50:25.201 [info] > git for-each-ref --sort -committerdate --format %(refname) %(objectname) %(*objectname) [2ms]
2024-11-24 19:50:25.267 [info] > git status -z -uall [71ms]
2024-11-24 19:51:57.735 [info] > git show --textconv :mainpage_login.php [10ms]
2024-11-24 19:51:57.738 [info] > git ls-files --stage -- /var/www/html/2_team/2_team2/mainpage_login.php [8ms]
2024-11-24 19:51:57.742 [info] > git cat-file -s 45cc7899245c62164339c0cb8beb780ebc3fdd82 [2ms]
2024-11-24 19:51:59.303 [info] > git show --textconv :mainpage.php [8ms]
2024-11-24 19:51:59.306 [info] > git ls-files --stage -- /var/www/html/2_team/2_team2/mainpage.php [7ms]
2024-11-24 19:51:59.310 [info] > git cat-file -s f1abdb53bf8e8b836dc9f833b77e1f004b9f6d07 [1ms]
2024-11-24 19:52:24.552 [info] > git show --textconv :mainpage_login.php [13ms]
2024-11-24 19:52:24.555 [info] > git ls-files --stage -- /var/www/html/2_team/2_team2/mainpage_login.php [8ms]
2024-11-24 19:52:24.558 [info] > git cat-file -s 45cc7899245c62164339c0cb8beb780ebc3fdd82 [1ms]
2024-11-24 19:52:34.797 [info] > git show --textconv :Donate.php [7ms]
2024-11-24 19:52:34.800 [info] > git ls-files --stage -- /var/www/html/2_team/2_team2/Donate.php [7ms]
2024-11-24 19:52:34.804 [info] > git cat-file -s aa250bfa24a7a86a3c9bb1ba28dabc3d022e145a [1ms]
2024-11-24 19:52:48.662 [info] > git config --get commit.template [3ms]
2024-11-24 19:52:48.663 [info] > git for-each-ref --format=%(refname)%00%(upstream:short)%00%(objectname)%00%(upstream:track)%00%(upstream:remotename)%00%(upstream:remoteref) refs/heads/jhw refs/remotes/jhw [2ms]
2024-11-24 19:52:48.670 [info] > git for-each-ref --sort -committerdate --format %(refname) %(objectname) %(*objectname) [2ms]
2024-11-24 19:52:48.736 [info] > git status -z -uall [71ms]
