2024-11-25 15:04:21.668 [info] [main] 로그 수준: Info
2024-11-25 15:04:21.668 [info] [main] "git"에서 찾은 git 유효성을 검사하는 중
2024-11-25 15:04:21.668 [info] [main] "2.34.1"에서 git "git"을(를) 사용하는 중
2024-11-25 15:04:21.668 [info] [Model][doInitialScan] Initial repository scan started
2024-11-25 15:04:21.668 [info] > git rev-parse --show-toplevel [2ms]
2024-11-25 15:04:21.668 [info] > git rev-parse --git-dir --git-common-dir [2ms]
2024-11-25 15:04:21.668 [info] [Model][openRepository] Opened repository: /var/www/html/2_team/2_team2
2024-11-25 15:04:21.672 [info] > git config --get commit.template [5ms]
2024-11-25 15:04:21.675 [info] > git for-each-ref --format=%(refname)%00%(upstream:short)%00%(objectname)%00%(upstream:track)%00%(upstream:remotename)%00%(upstream:remoteref) refs/heads/jhw refs/remotes/jhw [4ms]
2024-11-25 15:04:21.677 [info] > git rev-parse --show-toplevel [3ms]
2024-11-25 15:04:21.695 [info] > git for-each-ref --sort -committerdate --format %(refname) %(objectname) %(*objectname) [9ms]
2024-11-25 15:04:21.696 [info] > git rev-parse --show-toplevel [17ms]
2024-11-25 15:04:21.716 [info] > git rev-parse --show-toplevel [8ms]
2024-11-25 15:04:21.720 [info] > git rev-parse --show-toplevel [2ms]
2024-11-25 15:04:21.728 [info] > git rev-parse --show-toplevel [5ms]
2024-11-25 15:04:21.733 [info] > git rev-parse --show-toplevel [1ms]
2024-11-25 15:04:21.738 [info] > git rev-parse --show-toplevel [1ms]
2024-11-25 15:04:21.745 [info] > git rev-parse --show-toplevel [2ms]
2024-11-25 15:04:21.749 [info] > git rev-parse --show-toplevel [2ms]
2024-11-25 15:04:21.755 [info] > git rev-parse --show-toplevel [1ms]
2024-11-25 15:04:21.759 [info] [Model][doInitialScan] Initial repository scan completed - repositories (1), closed repositories (1), parent repositories (0), unsafe repositories (0)
2024-11-25 15:04:21.789 [info] > git status -z -uall [106ms]
2024-11-25 15:04:21.807 [info] > git for-each-ref --format=%(refname)%00%(upstream:short)%00%(objectname)%00%(upstream:track)%00%(upstream:remotename)%00%(upstream:remoteref) refs/heads/jhw refs/remotes/jhw [6ms]
2024-11-25 15:04:21.812 [info] > git config --get commit.template [4ms]
2024-11-25 15:04:21.812 [info] > git config --local branch.jhw.vscode-merge-base [1ms]
2024-11-25 15:04:21.812 [warning] [Git][config] git config failed: Failed to execute git
2024-11-25 15:04:21.820 [info] > git reflog jhw --grep-reflog=branch: Created from *. [4ms]
2024-11-25 15:04:21.822 [info] > git for-each-ref --format=%(refname)%00%(upstream:short)%00%(objectname)%00%(upstream:track)%00%(upstream:remotename)%00%(upstream:remoteref) refs/heads/jhw refs/remotes/jhw [3ms]
2024-11-25 15:04:21.836 [info] > git reflog HEAD --grep-reflog=checkout: moving from .* to jhw [14ms]
2024-11-25 15:04:21.853 [info] > git for-each-ref --sort -committerdate --format %(refname) %(objectname) %(*objectname) [23ms]
2024-11-25 15:04:21.855 [info] > git for-each-ref --format=%(refname)%00%(upstream:short)%00%(objectname)%00%(upstream:track)%00%(upstream:remotename)%00%(upstream:remoteref) refs/heads/main refs/remotes/main [3ms]
2024-11-25 15:04:21.866 [info] > git symbolic-ref --short refs/remotes/origin/HEAD [5ms]
2024-11-25 15:04:21.866 [info] fatal: ref refs/remotes/origin/HEAD is not a symbolic ref
2024-11-25 15:04:21.866 [warning] [Repository][getDefaultBranch] Failed to get default branch details: Failed to execute git.
2024-11-25 15:04:21.875 [info] > git merge-base refs/heads/jhw refs/remotes/origin/jhw [3ms]
2024-11-25 15:04:22.022 [info] > git status -z -uall [196ms]
2024-11-25 15:04:22.031 [info] > git diff --name-status -z --diff-filter=ADMR 9737636c5f94e0bcd809246b99e222d049bc4914...refs/remotes/origin/jhw [150ms]
2024-11-25 15:04:22.033 [info] > git merge-base refs/heads/jhw refs/remotes/origin/jhw [4ms]
2024-11-25 15:04:22.040 [info] > git diff --name-status -z --diff-filter=ADMR 9737636c5f94e0bcd809246b99e222d049bc4914...refs/remotes/origin/jhw [2ms]
2024-11-25 15:04:22.235 [info] > git show --textconv :promotion_add_comment.php [10ms]
2024-11-25 15:04:22.238 [info] > git ls-files --stage -- /var/www/html/2_team/2_team2/promotion_add_comment.php [10ms]
2024-11-25 15:04:22.243 [info] > git cat-file -s 01783d1b73c08edc32e2307f4aaf95483b00ac4b [1ms]
2024-11-25 15:04:22.269 [info] > git check-ignore -v -z --stdin [35ms]
2024-11-25 15:04:24.214 [info] > git check-ignore -v -z --stdin [13ms]
2024-11-25 15:04:26.353 [info] > git show --textconv :add_comment.php [9ms]
2024-11-25 15:04:26.358 [info] > git ls-files --stage -- /var/www/html/2_team/2_team2/add_comment.php [10ms]
2024-11-25 15:04:26.363 [info] > git cat-file -s 46d75a1c5fff54cf9a63bd49989221962a68ba28 [1ms]
2024-11-25 15:04:51.764 [info] > git config --get commit.template [3ms]
2024-11-25 15:04:51.765 [info] > git for-each-ref --format=%(refname)%00%(upstream:short)%00%(objectname)%00%(upstream:track)%00%(upstream:remotename)%00%(upstream:remoteref) refs/heads/jhw refs/remotes/jhw [2ms]
2024-11-25 15:04:51.773 [info] > git for-each-ref --sort -committerdate --format %(refname) %(objectname) %(*objectname) [3ms]
2024-11-25 15:04:51.839 [info] > git status -z -uall [71ms]
2024-11-25 15:05:37.129 [info] > git show --textconv :deleteprocess.php [8ms]
2024-11-25 15:05:37.132 [info] > git ls-files --stage -- /var/www/html/2_team/2_team2/deleteprocess.php [7ms]
2024-11-25 15:05:37.136 [info] > git cat-file -s e162cb8f4ff970db3abfadf35ff54af1313872c4 [2ms]
2024-11-25 15:05:40.216 [info] > git check-ignore -v -z --stdin [11ms]
2024-11-25 15:05:41.701 [info] > git show --textconv :add_comment.php [7ms]
2024-11-25 15:05:41.703 [info] > git ls-files --stage -- /var/www/html/2_team/2_team2/add_comment.php [6ms]
2024-11-25 15:05:41.707 [info] > git cat-file -s 46d75a1c5fff54cf9a63bd49989221962a68ba28 [1ms]
2024-11-25 15:06:13.276 [info] > git show --textconv :write.php [21ms]
2024-11-25 15:06:13.286 [info] > git ls-files --stage -- /var/www/html/2_team/2_team2/write.php [24ms]
2024-11-25 15:06:13.298 [info] > git cat-file -s b8f3c4a4b70a946e0705aafa6d9fb538f3c410fe [5ms]
2024-11-25 15:06:14.309 [info] > git show --textconv :write_process.php [29ms]
2024-11-25 15:06:14.313 [info] > git ls-files --stage -- /var/www/html/2_team/2_team2/write_process.php [26ms]
2024-11-25 15:06:14.325 [info] > git cat-file -s 1af05d62dfe8b77d0c2127d51f6dc872b5542a72 [5ms]
2024-11-25 15:06:35.790 [info] > git config --get commit.template [3ms]
2024-11-25 15:06:35.791 [info] > git for-each-ref --format=%(refname)%00%(upstream:short)%00%(objectname)%00%(upstream:track)%00%(upstream:remotename)%00%(upstream:remoteref) refs/heads/jhw refs/remotes/jhw [2ms]
2024-11-25 15:06:35.798 [info] > git for-each-ref --sort -committerdate --format %(refname) %(objectname) %(*objectname) [2ms]
2024-11-25 15:06:35.865 [info] > git status -z -uall [72ms]
2024-11-25 15:06:46.311 [info] > git show --textconv :logintest.php [21ms]
2024-11-25 15:06:46.321 [info] > git ls-files --stage -- /var/www/html/2_team/2_team2/logintest.php [24ms]
2024-11-25 15:06:46.332 [info] > git cat-file -s cb6eb9146f101461238e89320512696f2599294a [4ms]
2024-11-25 15:06:47.415 [info] > git show --textconv :login.php [22ms]
2024-11-25 15:06:47.425 [info] > git ls-files --stage -- /var/www/html/2_team/2_team2/login.php [25ms]
2024-11-25 15:06:47.437 [info] > git cat-file -s 80cd8af5a43b428e6a64f14ac2c8c840e0b0f155 [4ms]
2024-11-25 15:07:05.690 [info] > git show --textconv :mypage.php [17ms]
2024-11-25 15:07:05.692 [info] > git ls-files --stage -- /var/www/html/2_team/2_team2/mypage.php [11ms]
2024-11-25 15:07:05.696 [info] > git cat-file -s 6b71a8c176f4554671cb1e3a655eb900dc70ebce [1ms]
2024-11-25 15:07:09.075 [info] > git show --textconv :write_process.php [13ms]
2024-11-25 15:07:09.078 [info] > git ls-files --stage -- /var/www/html/2_team/2_team2/write_process.php [8ms]
2024-11-25 15:07:09.081 [info] > git cat-file -s 1af05d62dfe8b77d0c2127d51f6dc872b5542a72 [1ms]
2024-11-25 15:08:16.907 [info] > git show --textconv :add_comment.php [9ms]
2024-11-25 15:08:16.910 [info] > git ls-files --stage -- /var/www/html/2_team/2_team2/add_comment.php [7ms]
2024-11-25 15:08:16.914 [info] > git cat-file -s 46d75a1c5fff54cf9a63bd49989221962a68ba28 [1ms]
2024-11-25 15:08:30.761 [info] > git show --textconv :add_comment.php [21ms]
2024-11-25 15:08:30.770 [info] > git ls-files --stage -- /var/www/html/2_team/2_team2/add_comment.php [23ms]
2024-11-25 15:08:30.782 [info] > git cat-file -s 46d75a1c5fff54cf9a63bd49989221962a68ba28 [4ms]
2024-11-25 15:08:36.805 [info] > git show --textconv :add_comment.php [21ms]
2024-11-25 15:08:36.815 [info] > git ls-files --stage -- /var/www/html/2_team/2_team2/add_comment.php [24ms]
2024-11-25 15:08:36.827 [info] > git cat-file -s 46d75a1c5fff54cf9a63bd49989221962a68ba28 [5ms]
2024-11-25 15:09:01.161 [info] > git show --textconv :write_process.php [8ms]
2024-11-25 15:09:01.164 [info] > git ls-files --stage -- /var/www/html/2_team/2_team2/write_process.php [7ms]
2024-11-25 15:09:01.167 [info] > git cat-file -s 1af05d62dfe8b77d0c2127d51f6dc872b5542a72 [1ms]
2024-11-25 15:09:16.673 [info] > git show --textconv :write.php [7ms]
2024-11-25 15:09:16.676 [info] > git ls-files --stage -- /var/www/html/2_team/2_team2/write.php [7ms]
2024-11-25 15:09:16.680 [info] > git cat-file -s b8f3c4a4b70a946e0705aafa6d9fb538f3c410fe [2ms]
