2024-11-23 21:18:12.884 [info] [main] 로그 수준: Info
2024-11-23 21:18:12.884 [info] [main] "git"에서 찾은 git 유효성을 검사하는 중
2024-11-23 21:18:12.884 [info] [main] "2.34.1"에서 git "git"을(를) 사용하는 중
2024-11-23 21:18:12.884 [info] [Model][doInitialScan] Initial repository scan started
2024-11-23 21:18:12.884 [info] > git rev-parse --show-toplevel [17ms]
2024-11-23 21:18:12.884 [info] > git rev-parse --git-dir --git-common-dir [1ms]
2024-11-23 21:18:12.884 [info] [Model][openRepository] Opened repository: /var/www/html/2_team/2_team2
2024-11-23 21:18:12.884 [info] > git rev-parse --show-toplevel [4ms]
2024-11-23 21:18:12.884 [info] > git config --get commit.template [7ms]
2024-11-23 21:18:12.884 [info] > git rev-parse --show-toplevel [4ms]
2024-11-23 21:18:12.884 [info] > git for-each-ref --format=%(refname)%00%(upstream:short)%00%(objectname)%00%(upstream:track)%00%(upstream:remotename)%00%(upstream:remoteref) refs/heads/jhw refs/remotes/jhw [3ms]
2024-11-23 21:18:12.884 [info] > git rev-parse --show-toplevel [1ms]
2024-11-23 21:18:12.884 [info] > git rev-parse --show-toplevel [7ms]
2024-11-23 21:18:12.884 [info] > git for-each-ref --sort -committerdate --format %(refname) %(objectname) %(*objectname) [4ms]
2024-11-23 21:18:12.884 [info] > git rev-parse --show-toplevel [4ms]
2024-11-23 21:18:12.884 [info] > git rev-parse --show-toplevel [1ms]
2024-11-23 21:18:12.884 [info] > git rev-parse --show-toplevel [1ms]
2024-11-23 21:18:12.884 [info] > git rev-parse --show-toplevel [2ms]
2024-11-23 21:18:12.884 [info] > git rev-parse --show-toplevel [2ms]
2024-11-23 21:18:12.884 [info] > git rev-parse --show-toplevel [1ms]
2024-11-23 21:18:12.884 [info] [Model][doInitialScan] Initial repository scan completed - repositories (1), closed repositories (0), parent repositories (0), unsafe repositories (0)
2024-11-23 21:18:12.884 [info] > git status -z -uall [79ms]
2024-11-23 21:18:12.884 [info] > git for-each-ref --format=%(refname)%00%(upstream:short)%00%(objectname)%00%(upstream:track)%00%(upstream:remotename)%00%(upstream:remoteref) refs/heads/jhw refs/remotes/jhw [4ms]
2024-11-23 21:18:12.884 [info] > git config --get commit.template [3ms]
2024-11-23 21:18:12.884 [info] > git config --local branch.jhw.vscode-merge-base [3ms]
2024-11-23 21:18:12.884 [warning] [Git][config] git config failed: Failed to execute git
2024-11-23 21:18:12.885 [info] > git for-each-ref --format=%(refname)%00%(upstream:short)%00%(objectname)%00%(upstream:track)%00%(upstream:remotename)%00%(upstream:remoteref) refs/heads/jhw refs/remotes/jhw [3ms]
2024-11-23 21:18:12.890 [info] > git reflog jhw --grep-reflog=branch: Created from *. [5ms]
2024-11-23 21:18:12.892 [info] > git for-each-ref --sort -committerdate --format %(refname) %(objectname) %(*objectname) [3ms]
2024-11-23 21:18:12.901 [info] > git reflog HEAD --grep-reflog=checkout: moving from .* to jhw [9ms]
2024-11-23 21:18:12.913 [info] > git for-each-ref --format=%(refname)%00%(upstream:short)%00%(objectname)%00%(upstream:track)%00%(upstream:remotename)%00%(upstream:remoteref) refs/heads/main refs/remotes/main [8ms]
2024-11-23 21:18:12.917 [info] > git symbolic-ref --short refs/remotes/origin/HEAD [1ms]
2024-11-23 21:18:12.917 [info] fatal: ref refs/remotes/origin/HEAD is not a symbolic ref
2024-11-23 21:18:12.917 [warning] [Repository][getDefaultBranch] Failed to get default branch details: Failed to execute git.
2024-11-23 21:18:12.923 [info] > git merge-base refs/heads/jhw refs/remotes/origin/jhw [3ms]
2024-11-23 21:18:12.927 [info] > git diff --name-status -z --diff-filter=ADMR ce61b5aa166243fef72360a57150b54f186d2d6d...refs/remotes/origin/jhw [1ms]
2024-11-23 21:18:13.024 [info] > git status -z -uall [137ms]
2024-11-23 21:18:13.375 [info] > git show --textconv :save_profile.php [14ms]
2024-11-23 21:18:13.385 [info] > git ls-files --stage -- /var/www/html/2_team/2_team2/save_profile.php [21ms]
2024-11-23 21:18:13.391 [info] > git cat-file -s a273361ca902f2fa02c80c2ec9ebb97548f5bfce [3ms]
2024-11-23 21:18:13.489 [info] > git check-ignore -v -z --stdin [52ms]
2024-11-23 21:18:16.321 [info] > git config --get commit.template [6ms]
2024-11-23 21:18:16.323 [info] > git for-each-ref --format=%(refname)%00%(upstream:short)%00%(objectname)%00%(upstream:track)%00%(upstream:remotename)%00%(upstream:remoteref) refs/heads/jhw refs/remotes/jhw [3ms]
2024-11-23 21:18:16.335 [info] > git for-each-ref --sort -committerdate --format %(refname) %(objectname) %(*objectname) [2ms]
2024-11-23 21:18:16.401 [info] > git status -z -uall [72ms]
2024-11-23 21:18:21.414 [info] > git config --get commit.template [3ms]
2024-11-23 21:18:21.415 [info] > git for-each-ref --format=%(refname)%00%(upstream:short)%00%(objectname)%00%(upstream:track)%00%(upstream:remotename)%00%(upstream:remoteref) refs/heads/jhw refs/remotes/jhw [2ms]
2024-11-23 21:18:21.423 [info] > git for-each-ref --sort -committerdate --format %(refname) %(objectname) %(*objectname) [2ms]
2024-11-23 21:18:21.489 [info] > git status -z -uall [71ms]
2024-11-23 21:18:22.920 [info] > git check-ignore -v -z --stdin [19ms]
2024-11-23 21:18:26.516 [info] > git config --get commit.template [10ms]
2024-11-23 21:18:26.518 [info] > git for-each-ref --format=%(refname)%00%(upstream:short)%00%(objectname)%00%(upstream:track)%00%(upstream:remotename)%00%(upstream:remoteref) refs/heads/jhw refs/remotes/jhw [5ms]
2024-11-23 21:18:26.543 [info] > git for-each-ref --sort -committerdate --format %(refname) %(objectname) %(*objectname) [6ms]
2024-11-23 21:18:26.622 [info] > git status -z -uall [95ms]
2024-11-23 21:18:31.639 [info] > git config --get commit.template [4ms]
2024-11-23 21:18:31.640 [info] > git for-each-ref --format=%(refname)%00%(upstream:short)%00%(objectname)%00%(upstream:track)%00%(upstream:remotename)%00%(upstream:remoteref) refs/heads/jhw refs/remotes/jhw [2ms]
2024-11-23 21:18:31.648 [info] > git for-each-ref --sort -committerdate --format %(refname) %(objectname) %(*objectname) [2ms]
2024-11-23 21:18:31.712 [info] > git status -z -uall [69ms]
2024-11-23 21:18:36.727 [info] > git config --get commit.template [3ms]
2024-11-23 21:18:36.728 [info] > git for-each-ref --format=%(refname)%00%(upstream:short)%00%(objectname)%00%(upstream:track)%00%(upstream:remotename)%00%(upstream:remoteref) refs/heads/jhw refs/remotes/jhw [2ms]
2024-11-23 21:18:36.735 [info] > git for-each-ref --sort -committerdate --format %(refname) %(objectname) %(*objectname) [2ms]
2024-11-23 21:18:36.800 [info] > git status -z -uall [70ms]
2024-11-23 21:18:37.292 [info] > git check-ignore -v -z --stdin [14ms]
2024-11-23 21:18:41.814 [info] > git config --get commit.template [2ms]
2024-11-23 21:18:41.815 [info] > git for-each-ref --format=%(refname)%00%(upstream:short)%00%(objectname)%00%(upstream:track)%00%(upstream:remotename)%00%(upstream:remoteref) refs/heads/jhw refs/remotes/jhw [2ms]
2024-11-23 21:18:41.822 [info] > git for-each-ref --sort -committerdate --format %(refname) %(objectname) %(*objectname) [2ms]
2024-11-23 21:18:41.887 [info] > git status -z -uall [70ms]
2024-11-23 21:18:46.902 [info] > git config --get commit.template [4ms]
2024-11-23 21:18:46.903 [info] > git for-each-ref --format=%(refname)%00%(upstream:short)%00%(objectname)%00%(upstream:track)%00%(upstream:remotename)%00%(upstream:remoteref) refs/heads/jhw refs/remotes/jhw [2ms]
2024-11-23 21:18:46.910 [info] > git for-each-ref --sort -committerdate --format %(refname) %(objectname) %(*objectname) [2ms]
2024-11-23 21:18:46.975 [info] > git status -z -uall [70ms]
2024-11-23 21:18:51.997 [info] > git config --get commit.template [4ms]
2024-11-23 21:18:51.998 [info] > git for-each-ref --format=%(refname)%00%(upstream:short)%00%(objectname)%00%(upstream:track)%00%(upstream:remotename)%00%(upstream:remoteref) refs/heads/jhw refs/remotes/jhw [2ms]
2024-11-23 21:18:52.007 [info] > git for-each-ref --sort -committerdate --format %(refname) %(objectname) %(*objectname) [3ms]
2024-11-23 21:18:52.073 [info] > git status -z -uall [72ms]
2024-11-23 21:18:57.087 [info] > git config --get commit.template [3ms]
2024-11-23 21:18:57.088 [info] > git for-each-ref --format=%(refname)%00%(upstream:short)%00%(objectname)%00%(upstream:track)%00%(upstream:remotename)%00%(upstream:remoteref) refs/heads/jhw refs/remotes/jhw [1ms]
2024-11-23 21:18:57.095 [info] > git for-each-ref --sort -committerdate --format %(refname) %(objectname) %(*objectname) [2ms]
2024-11-23 21:18:57.161 [info] > git status -z -uall [70ms]
2024-11-23 21:19:02.175 [info] > git config --get commit.template [3ms]
2024-11-23 21:19:02.176 [info] > git for-each-ref --format=%(refname)%00%(upstream:short)%00%(objectname)%00%(upstream:track)%00%(upstream:remotename)%00%(upstream:remoteref) refs/heads/jhw refs/remotes/jhw [1ms]
2024-11-23 21:19:02.184 [info] > git for-each-ref --sort -committerdate --format %(refname) %(objectname) %(*objectname) [2ms]
2024-11-23 21:19:02.250 [info] > git status -z -uall [71ms]
2024-11-23 21:19:07.264 [info] > git config --get commit.template [3ms]
2024-11-23 21:19:07.265 [info] > git for-each-ref --format=%(refname)%00%(upstream:short)%00%(objectname)%00%(upstream:track)%00%(upstream:remotename)%00%(upstream:remoteref) refs/heads/jhw refs/remotes/jhw [2ms]
2024-11-23 21:19:07.272 [info] > git for-each-ref --sort -committerdate --format %(refname) %(objectname) %(*objectname) [2ms]
2024-11-23 21:19:07.337 [info] > git status -z -uall [70ms]
2024-11-23 21:19:12.349 [info] > git config --get commit.template [3ms]
2024-11-23 21:19:12.351 [info] > git for-each-ref --format=%(refname)%00%(upstream:short)%00%(objectname)%00%(upstream:track)%00%(upstream:remotename)%00%(upstream:remoteref) refs/heads/jhw refs/remotes/jhw [1ms]
2024-11-23 21:19:12.358 [info] > git for-each-ref --sort -committerdate --format %(refname) %(objectname) %(*objectname) [2ms]
2024-11-23 21:19:12.424 [info] > git status -z -uall [71ms]
2024-11-23 21:19:17.437 [info] > git config --get commit.template [3ms]
2024-11-23 21:19:17.438 [info] > git for-each-ref --format=%(refname)%00%(upstream:short)%00%(objectname)%00%(upstream:track)%00%(upstream:remotename)%00%(upstream:remoteref) refs/heads/jhw refs/remotes/jhw [2ms]
2024-11-23 21:19:17.445 [info] > git for-each-ref --sort -committerdate --format %(refname) %(objectname) %(*objectname) [2ms]
2024-11-23 21:19:17.512 [info] > git status -z -uall [72ms]
2024-11-23 21:19:26.086 [info] > git config --get commit.template [3ms]
2024-11-23 21:19:26.087 [info] > git for-each-ref --format=%(refname)%00%(upstream:short)%00%(objectname)%00%(upstream:track)%00%(upstream:remotename)%00%(upstream:remoteref) refs/heads/jhw refs/remotes/jhw [1ms]
2024-11-23 21:19:26.094 [info] > git for-each-ref --sort -committerdate --format %(refname) %(objectname) %(*objectname) [2ms]
2024-11-23 21:19:26.160 [info] > git status -z -uall [70ms]
