2024-11-26 17:48:32.787 [info] [main] 로그 수준: Info
2024-11-26 17:48:32.787 [info] [main] "git"에서 찾은 git 유효성을 검사하는 중
2024-11-26 17:48:32.787 [info] [main] "2.34.1"에서 git "git"을(를) 사용하는 중
2024-11-26 17:48:32.787 [info] [Model][doInitialScan] Initial repository scan started
2024-11-26 17:48:32.787 [info] > git rev-parse --show-toplevel [10ms]
2024-11-26 17:48:32.787 [info] > git rev-parse --git-dir --git-common-dir [2ms]
2024-11-26 17:48:32.787 [info] [Model][openRepository] Opened repository: /var/www/html/2_team/2_team2
2024-11-26 17:48:32.787 [info] > git config --get commit.template [7ms]
2024-11-26 17:48:32.787 [info] > git for-each-ref --format=%(refname)%00%(upstream:short)%00%(objectname)%00%(upstream:track)%00%(upstream:remotename)%00%(upstream:remoteref) refs/heads/jhw refs/remotes/jhw [4ms]
2024-11-26 17:48:32.787 [info] > git rev-parse --show-toplevel [1ms]
2024-11-26 17:48:32.787 [info] > git rev-parse --show-toplevel [8ms]
2024-11-26 17:48:32.787 [info] > git for-each-ref --sort -committerdate --format %(refname) %(objectname) %(*objectname) [8ms]
2024-11-26 17:48:32.787 [info] > git rev-parse --show-toplevel [3ms]
2024-11-26 17:48:32.787 [info] > git rev-parse --show-toplevel [2ms]
2024-11-26 17:48:32.787 [info] > git rev-parse --show-toplevel [1ms]
2024-11-26 17:48:32.787 [info] > git rev-parse --show-toplevel [1ms]
2024-11-26 17:48:32.787 [info] > git rev-parse --show-toplevel [1ms]
2024-11-26 17:48:32.787 [info] > git rev-parse --show-toplevel [1ms]
2024-11-26 17:48:32.787 [info] > git rev-parse --show-toplevel [1ms]
2024-11-26 17:48:32.787 [info] > git rev-parse --show-toplevel [1ms]
2024-11-26 17:48:32.787 [info] [Model][doInitialScan] Initial repository scan completed - repositories (1), closed repositories (1), parent repositories (0), unsafe repositories (0)
2024-11-26 17:48:32.787 [info] > git status -z -uall [101ms]
2024-11-26 17:48:32.787 [info] > git for-each-ref --format=%(refname)%00%(upstream:short)%00%(objectname)%00%(upstream:track)%00%(upstream:remotename)%00%(upstream:remoteref) refs/heads/jhw refs/remotes/jhw [6ms]
2024-11-26 17:48:32.787 [info] > git config --get commit.template [5ms]
2024-11-26 17:48:32.787 [info] > git config --local branch.jhw.vscode-merge-base [1ms]
2024-11-26 17:48:32.787 [warning] [Git][config] git config failed: Failed to execute git
2024-11-26 17:48:32.787 [info] > git reflog jhw --grep-reflog=branch: Created from *. [4ms]
2024-11-26 17:48:32.787 [info] > git for-each-ref --format=%(refname)%00%(upstream:short)%00%(objectname)%00%(upstream:track)%00%(upstream:remotename)%00%(upstream:remoteref) refs/heads/jhw refs/remotes/jhw [4ms]
2024-11-26 17:48:32.787 [info] > git reflog HEAD --grep-reflog=checkout: moving from .* to jhw [8ms]
2024-11-26 17:48:32.787 [info] > git for-each-ref --sort -committerdate --format %(refname) %(objectname) %(*objectname) [5ms]
2024-11-26 17:48:32.787 [info] > git for-each-ref --format=%(refname)%00%(upstream:short)%00%(objectname)%00%(upstream:track)%00%(upstream:remotename)%00%(upstream:remoteref) refs/heads/main refs/remotes/main [2ms]
2024-11-26 17:48:32.787 [info] > git symbolic-ref --short refs/remotes/origin/HEAD [0ms]
2024-11-26 17:48:32.787 [info] fatal: ref refs/remotes/origin/HEAD is not a symbolic ref
2024-11-26 17:48:32.787 [warning] [Repository][getDefaultBranch] Failed to get default branch details: Failed to execute git.
2024-11-26 17:48:32.787 [info] > git merge-base refs/heads/jhw refs/remotes/origin/jhw [3ms]
2024-11-26 17:48:32.787 [info] > git diff --name-status -z --diff-filter=ADMR 9737636c5f94e0bcd809246b99e222d049bc4914...refs/remotes/origin/jhw [2ms]
2024-11-26 17:48:32.787 [info] > git status -z -uall [129ms]
2024-11-26 17:48:33.749 [info] > git check-ignore -v -z --stdin [26ms]
2024-11-26 17:48:34.133 [info] > git show --textconv :add_comment.php [7ms]
2024-11-26 17:48:34.136 [info] > git ls-files --stage -- /var/www/html/2_team/2_team2/add_comment.php [8ms]
2024-11-26 17:48:34.140 [info] > git cat-file -s 46d75a1c5fff54cf9a63bd49989221962a68ba28 [2ms]
2024-11-26 17:48:35.603 [info] > git show --textconv :FIFAgamepage.php [7ms]
2024-11-26 17:48:35.606 [info] > git ls-files --stage -- /var/www/html/2_team/2_team2/FIFAgamepage.php [7ms]
2024-11-26 17:48:35.610 [info] > git cat-file -s edb1bc71d4b489155541334cb577f589aa94282a [1ms]
2024-11-26 17:48:48.133 [info] > git config --get commit.template [4ms]
2024-11-26 17:48:48.134 [info] > git for-each-ref --format=%(refname)%00%(upstream:short)%00%(objectname)%00%(upstream:track)%00%(upstream:remotename)%00%(upstream:remoteref) refs/heads/jhw refs/remotes/jhw [2ms]
2024-11-26 17:48:48.141 [info] > git for-each-ref --sort -committerdate --format %(refname) %(objectname) %(*objectname) [2ms]
2024-11-26 17:48:48.212 [info] > git status -z -uall [76ms]
2024-11-26 17:48:53.234 [info] > git config --get commit.template [4ms]
2024-11-26 17:48:53.235 [info] > git for-each-ref --format=%(refname)%00%(upstream:short)%00%(objectname)%00%(upstream:track)%00%(upstream:remotename)%00%(upstream:remoteref) refs/heads/jhw refs/remotes/jhw [2ms]
2024-11-26 17:48:53.242 [info] > git for-each-ref --sort -committerdate --format %(refname) %(objectname) %(*objectname) [2ms]
2024-11-26 17:48:53.312 [info] > git status -z -uall [74ms]
2024-11-26 17:49:08.898 [info] > git config --get commit.template [23ms]
2024-11-26 17:49:08.966 [info] > git for-each-ref --format=%(refname)%00%(upstream:short)%00%(objectname)%00%(upstream:track)%00%(upstream:remotename)%00%(upstream:remoteref) refs/heads/jhw refs/remotes/jhw [70ms]
2024-11-26 17:49:09.016 [info] > git for-each-ref --sort -committerdate --format %(refname) %(objectname) %(*objectname) [45ms]
2024-11-26 17:49:10.207 [info] > git status -z -uall [1239ms]
2024-11-26 17:49:31.120 [info] > git config --get commit.template [4ms]
2024-11-26 17:49:31.121 [info] > git for-each-ref --format=%(refname)%00%(upstream:short)%00%(objectname)%00%(upstream:track)%00%(upstream:remotename)%00%(upstream:remoteref) refs/heads/jhw refs/remotes/jhw [2ms]
2024-11-26 17:49:31.129 [info] > git for-each-ref --sort -committerdate --format %(refname) %(objectname) %(*objectname) [2ms]
2024-11-26 17:49:31.198 [info] > git status -z -uall [74ms]
2024-11-26 17:50:56.262 [info] > git config --get commit.template [24ms]
2024-11-26 17:50:56.355 [info] > git for-each-ref --format=%(refname)%00%(upstream:short)%00%(objectname)%00%(upstream:track)%00%(upstream:remotename)%00%(upstream:remoteref) refs/heads/jhw refs/remotes/jhw [115ms]
2024-11-26 17:50:56.404 [info] > git for-each-ref --sort -committerdate --format %(refname) %(objectname) %(*objectname) [43ms]
2024-11-26 17:50:56.603 [info] > git status -z -uall [244ms]
2024-11-26 17:51:01.644 [info] > git config --get commit.template [3ms]
2024-11-26 17:51:01.645 [info] > git for-each-ref --format=%(refname)%00%(upstream:short)%00%(objectname)%00%(upstream:track)%00%(upstream:remotename)%00%(upstream:remoteref) refs/heads/jhw refs/remotes/jhw [2ms]
2024-11-26 17:51:01.652 [info] > git for-each-ref --sort -committerdate --format %(refname) %(objectname) %(*objectname) [2ms]
2024-11-26 17:51:01.750 [info] > git status -z -uall [102ms]
2024-11-26 17:51:06.768 [info] > git config --get commit.template [4ms]
2024-11-26 17:51:06.769 [info] > git for-each-ref --format=%(refname)%00%(upstream:short)%00%(objectname)%00%(upstream:track)%00%(upstream:remotename)%00%(upstream:remoteref) refs/heads/jhw refs/remotes/jhw [2ms]
2024-11-26 17:51:06.788 [info] > git for-each-ref --sort -committerdate --format %(refname) %(objectname) %(*objectname) [10ms]
2024-11-26 17:51:06.851 [info] > git status -z -uall [78ms]
2024-11-26 17:53:36.869 [info] > git ls-files --stage -- /var/www/html/2_team/2_team2/FIFAgamepage.php [29ms]
2024-11-26 17:53:36.968 [info] > git cat-file -s edb1bc71d4b489155541334cb577f589aa94282a [89ms]
2024-11-26 17:53:36.969 [info] > git show --textconv :FIFAgamepage.php [160ms]
2024-11-26 17:53:39.730 [info] > git ls-files --stage -- /var/www/html/2_team/2_team2/login.php [7ms]
2024-11-26 17:53:39.765 [info] > git cat-file -s 80cd8af5a43b428e6a64f14ac2c8c840e0b0f155 [33ms]
2024-11-26 17:53:39.766 [info] > git show --textconv :login.php [46ms]
2024-11-26 17:53:40.758 [info] > git ls-files --stage -- /var/www/html/2_team/2_team2/add_comment.php [10ms]
2024-11-26 17:53:40.762 [info] > git show --textconv :add_comment.php [18ms]
2024-11-26 17:53:40.762 [info] > git cat-file -s 46d75a1c5fff54cf9a63bd49989221962a68ba28 [1ms]
2024-11-26 18:00:51.756 [info] > git config --get commit.template [3ms]
2024-11-26 18:00:51.757 [info] > git for-each-ref --format=%(refname)%00%(upstream:short)%00%(objectname)%00%(upstream:track)%00%(upstream:remotename)%00%(upstream:remoteref) refs/heads/jhw refs/remotes/jhw [2ms]
2024-11-26 18:00:51.765 [info] > git for-each-ref --sort -committerdate --format %(refname) %(objectname) %(*objectname) [2ms]
2024-11-26 18:00:51.844 [info] > git status -z -uall [84ms]
2024-11-26 18:00:56.904 [info] > git check-ignore -v -z --stdin [7ms]
2024-11-26 18:00:59.201 [info] > git show --textconv :navbar_login.php [6ms]
2024-11-26 18:00:59.204 [info] > git ls-files --stage -- /var/www/html/2_team/2_team2/navbar_login.php [7ms]
2024-11-26 18:00:59.208 [info] > git cat-file -s efcde57cc7cb6f5debbb6b225f8964c8df46e432 [1ms]
2024-11-26 18:01:02.784 [info] > git show --textconv :navbar.php [7ms]
2024-11-26 18:01:02.787 [info] > git ls-files --stage -- /var/www/html/2_team/2_team2/navbar.php [7ms]
2024-11-26 18:01:02.791 [info] > git cat-file -s a82ac9c1ef03f9b6a122ed71477c3f1ca0c6d7bd [2ms]
2024-11-26 18:02:30.187 [info] > git config --get commit.template [4ms]
2024-11-26 18:02:30.188 [info] > git for-each-ref --format=%(refname)%00%(upstream:short)%00%(objectname)%00%(upstream:track)%00%(upstream:remotename)%00%(upstream:remoteref) refs/heads/jhw refs/remotes/jhw [2ms]
2024-11-26 18:02:30.196 [info] > git for-each-ref --sort -committerdate --format %(refname) %(objectname) %(*objectname) [2ms]
2024-11-26 18:02:30.268 [info] > git status -z -uall [77ms]
2024-11-26 18:02:35.348 [info] > git config --get commit.template [64ms]
2024-11-26 18:02:35.791 [info] > git for-each-ref --format=%(refname)%00%(upstream:short)%00%(objectname)%00%(upstream:track)%00%(upstream:remotename)%00%(upstream:remoteref) refs/heads/jhw refs/remotes/jhw [504ms]
2024-11-26 18:02:36.060 [info] > git for-each-ref --sort -committerdate --format %(refname) %(objectname) %(*objectname) [262ms]
2024-11-26 18:02:36.921 [info] > git status -z -uall [1126ms]
2024-11-26 18:02:42.427 [info] > git config --get commit.template [376ms]
2024-11-26 18:02:42.455 [info] > git for-each-ref --format=%(refname)%00%(upstream:short)%00%(objectname)%00%(upstream:track)%00%(upstream:remotename)%00%(upstream:remoteref) refs/heads/jhw refs/remotes/jhw [382ms]
2024-11-26 18:02:43.321 [info] > git for-each-ref --sort -committerdate --format %(refname) %(objectname) %(*objectname) [860ms]
2024-11-26 18:02:44.300 [info] > git status -z -uall [1842ms]
2024-11-26 18:02:49.324 [info] > git config --get commit.template [3ms]
2024-11-26 18:02:49.325 [info] > git for-each-ref --format=%(refname)%00%(upstream:short)%00%(objectname)%00%(upstream:track)%00%(upstream:remotename)%00%(upstream:remoteref) refs/heads/jhw refs/remotes/jhw [2ms]
2024-11-26 18:02:49.333 [info] > git for-each-ref --sort -committerdate --format %(refname) %(objectname) %(*objectname) [2ms]
2024-11-26 18:02:49.410 [info] > git status -z -uall [82ms]
2024-11-26 18:04:34.896 [info] > git ls-files --stage -- /var/www/html/2_team/2_team2/write.php [7ms]
2024-11-26 18:04:35.010 [info] > git cat-file -s b8f3c4a4b70a946e0705aafa6d9fb538f3c410fe [76ms]
2024-11-26 18:04:35.011 [info] > git show --textconv :write.php [125ms]
2024-11-26 18:04:35.588 [info] > git ls-files --stage -- /var/www/html/2_team/2_team2/write_process.php [8ms]
2024-11-26 18:04:35.631 [info] > git show --textconv :write_process.php [53ms]
2024-11-26 18:04:35.696 [info] > git cat-file -s 1af05d62dfe8b77d0c2127d51f6dc872b5542a72 [105ms]
2024-11-26 18:04:38.631 [info] > git ls-files --stage -- /var/www/html/2_team/2_team2/board.php [23ms]
2024-11-26 18:04:38.663 [info] > git cat-file -s 1a04da7ca86712b99b38f6c2eef14370f3c9fb21 [30ms]
2024-11-26 18:04:38.663 [info] > git show --textconv :board.php [58ms]
2024-11-26 18:05:01.355 [info] > git ls-files --stage -- /var/www/html/2_team/2_team2/activity.php [261ms]
2024-11-26 18:05:01.372 [info] > git check-ignore -v -z --stdin [275ms]
2024-11-26 18:05:01.481 [info] > git show --textconv :activity.php [389ms]
2024-11-26 18:05:18.695 [info] > git ls-files --stage -- /var/www/html/2_team/2_team2/navbar.php [12ms]
2024-11-26 18:05:18.749 [info] > git cat-file -s a82ac9c1ef03f9b6a122ed71477c3f1ca0c6d7bd [51ms]
2024-11-26 18:05:18.750 [info] > git show --textconv :navbar.php [70ms]
2024-11-26 18:05:26.113 [info] > git show --textconv :activity.php [254ms]
2024-11-26 18:05:26.113 [info] > git ls-files --stage -- /var/www/html/2_team/2_team2/activity.php [252ms]
2024-11-26 18:06:07.662 [info] > git config --get commit.template [112ms]
2024-11-26 18:06:07.815 [info] > git for-each-ref --format=%(refname)%00%(upstream:short)%00%(objectname)%00%(upstream:track)%00%(upstream:remotename)%00%(upstream:remoteref) refs/heads/jhw refs/remotes/jhw [226ms]
2024-11-26 18:06:08.947 [info] > git for-each-ref --sort -committerdate --format %(refname) %(objectname) %(*objectname) [1126ms]
2024-11-26 18:06:11.322 [info] > git status -z -uall [3504ms]
