2024-11-25 13:55:17.604 [info] [main] Log level: Info
2024-11-25 13:55:17.604 [info] [main] Validating found git in: "git"
2024-11-25 13:55:17.604 [info] [main] Using git "2.34.1" from "git"
2024-11-25 13:55:17.604 [info] [Model][doInitialScan] Initial repository scan started
2024-11-25 13:55:17.604 [info] > git rev-parse --show-toplevel [21ms]
2024-11-25 13:55:17.604 [info] > git rev-parse --git-dir --git-common-dir [1ms]
2024-11-25 13:55:17.604 [info] [Model][openRepository] Opened repository: /var/www/html/2_team/2_team2
2024-11-25 13:55:17.604 [info] > git config --get commit.template [3ms]
2024-11-25 13:55:17.604 [info] > git rev-parse --show-toplevel [2ms]
2024-11-25 13:55:17.604 [info] > git rev-parse --show-toplevel [2ms]
2024-11-25 13:55:17.604 [info] > git rev-parse --show-toplevel [1ms]
2024-11-25 13:55:17.613 [info] > git rev-parse --show-toplevel [6ms]
2024-11-25 13:55:17.617 [info] > git rev-parse --show-toplevel [2ms]
2024-11-25 13:55:17.620 [info] > git rev-parse --show-toplevel [1ms]
2024-11-25 13:55:17.624 [info] > git rev-parse --show-toplevel [1ms]
2024-11-25 13:55:17.627 [info] > git rev-parse --show-toplevel [1ms]
2024-11-25 13:55:17.630 [info] > git rev-parse --show-toplevel [1ms]
2024-11-25 13:55:17.633 [info] > git rev-parse --show-toplevel [1ms]
2024-11-25 13:55:17.636 [info] [Model][doInitialScan] Initial repository scan completed - repositories (1), closed repositories (0), parent repositories (0), unsafe repositories (0)
2024-11-25 13:55:17.848 [info] > git for-each-ref --format=%(refname)%00%(upstream:short)%00%(objectname)%00%(upstream:track)%00%(upstream:remotename)%00%(upstream:remoteref) refs/heads/jhw refs/remotes/jhw [252ms]
2024-11-25 13:55:17.948 [info] > git for-each-ref --sort -committerdate --format %(refname) %(objectname) %(*objectname) [84ms]
2024-11-25 13:55:18.020 [info] > git ls-files --stage -- /var/www/html/2_team/2_team2/mypage.php [7ms]
2024-11-25 13:55:18.173 [info] > git cat-file -s 9104ce1c9742f347dceb33d62fb4f4bf68ab9da3 [150ms]
2024-11-25 13:55:18.174 [info] > git show --textconv :mypage.php [163ms]
2024-11-25 13:55:18.196 [info] > git check-ignore -v -z --stdin [82ms]
2024-11-25 13:55:18.262 [info] > git status -z -uall [404ms]
2024-11-25 13:55:18.281 [info] > git for-each-ref --format=%(refname)%00%(upstream:short)%00%(objectname)%00%(upstream:track)%00%(upstream:remotename)%00%(upstream:remoteref) refs/heads/jhw refs/remotes/jhw [4ms]
2024-11-25 13:55:18.284 [info] > git config --get commit.template [4ms]
2024-11-25 13:55:18.287 [info] > git config --local branch.jhw.vscode-merge-base [4ms]
2024-11-25 13:55:18.287 [warning] [Git][config] git config failed: Failed to execute git
2024-11-25 13:55:18.290 [info] > git for-each-ref --format=%(refname)%00%(upstream:short)%00%(objectname)%00%(upstream:track)%00%(upstream:remotename)%00%(upstream:remoteref) refs/heads/jhw refs/remotes/jhw [4ms]
2024-11-25 13:55:18.298 [info] > git for-each-ref --sort -committerdate --format %(refname) %(objectname) %(*objectname) [2ms]
2024-11-25 13:55:18.561 [info] > git status -z -uall [268ms]
2024-11-25 13:55:18.561 [info] > git reflog jhw --grep-reflog=branch: Created from *. [272ms]
2024-11-25 13:55:18.573 [info] > git reflog HEAD --grep-reflog=checkout: moving from .* to jhw [9ms]
2024-11-25 13:55:18.577 [info] > git for-each-ref --format=%(refname)%00%(upstream:short)%00%(objectname)%00%(upstream:track)%00%(upstream:remotename)%00%(upstream:remoteref) refs/heads/jhw refs/remotes/jhw [5ms]
2024-11-25 13:55:18.581 [info] > git for-each-ref --format=%(refname)%00%(upstream:short)%00%(objectname)%00%(upstream:track)%00%(upstream:remotename)%00%(upstream:remoteref) refs/heads/main refs/remotes/main [5ms]
2024-11-25 13:55:18.584 [info] > git config --local branch.jhw.vscode-merge-base [3ms]
2024-11-25 13:55:18.584 [warning] [Git][config] git config failed: Failed to execute git
2024-11-25 13:55:18.588 [info] > git reflog jhw --grep-reflog=branch: Created from *. [2ms]
2024-11-25 13:55:18.591 [info] > git symbolic-ref --short refs/remotes/origin/HEAD [8ms]
2024-11-25 13:55:18.591 [info] fatal: ref refs/remotes/origin/HEAD is not a symbolic ref
2024-11-25 13:55:18.591 [warning] [Repository][getDefaultBranch] Failed to get default branch details: Failed to execute git.
2024-11-25 13:55:18.595 [info] > git reflog HEAD --grep-reflog=checkout: moving from .* to jhw [5ms]
2024-11-25 13:55:18.597 [info] > git merge-base refs/heads/jhw refs/remotes/origin/jhw [3ms]
2024-11-25 13:55:18.600 [info] > git for-each-ref --format=%(refname)%00%(upstream:short)%00%(objectname)%00%(upstream:track)%00%(upstream:remotename)%00%(upstream:remoteref) refs/heads/main refs/remotes/main [3ms]
2024-11-25 13:55:18.603 [info] > git diff --name-status -z --diff-filter=ADMR e7a47e12663b2a64afed8cfd125a9811ae58663d...refs/remotes/origin/jhw [3ms]
2024-11-25 13:55:18.604 [info] > git symbolic-ref --short refs/remotes/origin/HEAD [1ms]
2024-11-25 13:55:18.604 [info] fatal: ref refs/remotes/origin/HEAD is not a symbolic ref
2024-11-25 13:55:18.604 [warning] [Repository][getDefaultBranch] Failed to get default branch details: Failed to execute git.
2024-11-25 13:55:21.471 [info] > git config --get commit.template [4ms]
2024-11-25 13:55:21.472 [info] > git for-each-ref --format=%(refname)%00%(upstream:short)%00%(objectname)%00%(upstream:track)%00%(upstream:remotename)%00%(upstream:remoteref) refs/heads/jhw refs/remotes/jhw [3ms]
2024-11-25 13:55:21.482 [info] > git for-each-ref --sort -committerdate --format %(refname) %(objectname) %(*objectname) [3ms]
2024-11-25 13:55:21.569 [info] > git status -z -uall [94ms]
2024-11-25 13:56:47.852 [info] > git config --get commit.template [4ms]
2024-11-25 13:56:47.853 [info] > git for-each-ref --format=%(refname)%00%(upstream:short)%00%(objectname)%00%(upstream:track)%00%(upstream:remotename)%00%(upstream:remoteref) refs/heads/jhw refs/remotes/jhw [1ms]
2024-11-25 13:56:47.860 [info] > git for-each-ref --sort -committerdate --format %(refname) %(objectname) %(*objectname) [2ms]
2024-11-25 13:56:47.924 [info] > git status -z -uall [69ms]
2024-11-25 13:56:52.949 [info] > git config --get commit.template [5ms]
2024-11-25 13:56:52.950 [info] > git for-each-ref --format=%(refname)%00%(upstream:short)%00%(objectname)%00%(upstream:track)%00%(upstream:remotename)%00%(upstream:remoteref) refs/heads/jhw refs/remotes/jhw [2ms]
2024-11-25 13:56:52.958 [info] > git for-each-ref --sort -committerdate --format %(refname) %(objectname) %(*objectname) [2ms]
2024-11-25 13:56:53.025 [info] > git status -z -uall [72ms]
2024-11-25 13:56:58.520 [info] > git config --get commit.template [3ms]
2024-11-25 13:56:58.521 [info] > git for-each-ref --format=%(refname)%00%(upstream:short)%00%(objectname)%00%(upstream:track)%00%(upstream:remotename)%00%(upstream:remoteref) refs/heads/jhw refs/remotes/jhw [2ms]
2024-11-25 13:56:58.529 [info] > git for-each-ref --sort -committerdate --format %(refname) %(objectname) %(*objectname) [2ms]
2024-11-25 13:56:58.596 [info] > git status -z -uall [72ms]
2024-11-25 13:57:03.614 [info] > git config --get commit.template [3ms]
2024-11-25 13:57:03.614 [info] > git for-each-ref --format=%(refname)%00%(upstream:short)%00%(objectname)%00%(upstream:track)%00%(upstream:remotename)%00%(upstream:remoteref) refs/heads/jhw refs/remotes/jhw [1ms]
2024-11-25 13:57:03.622 [info] > git for-each-ref --sort -committerdate --format %(refname) %(objectname) %(*objectname) [2ms]
2024-11-25 13:57:03.687 [info] > git status -z -uall [70ms]
2024-11-25 13:57:08.707 [info] > git config --get commit.template [4ms]
2024-11-25 13:57:08.708 [info] > git for-each-ref --format=%(refname)%00%(upstream:short)%00%(objectname)%00%(upstream:track)%00%(upstream:remotename)%00%(upstream:remoteref) refs/heads/jhw refs/remotes/jhw [2ms]
2024-11-25 13:57:08.716 [info] > git for-each-ref --sort -committerdate --format %(refname) %(objectname) %(*objectname) [2ms]
2024-11-25 13:57:08.781 [info] > git status -z -uall [70ms]
2024-11-25 13:57:13.796 [info] > git config --get commit.template [2ms]
2024-11-25 13:57:13.798 [info] > git for-each-ref --format=%(refname)%00%(upstream:short)%00%(objectname)%00%(upstream:track)%00%(upstream:remotename)%00%(upstream:remoteref) refs/heads/jhw refs/remotes/jhw [2ms]
2024-11-25 13:57:13.805 [info] > git for-each-ref --sort -committerdate --format %(refname) %(objectname) %(*objectname) [2ms]
2024-11-25 13:57:13.871 [info] > git status -z -uall [71ms]
2024-11-25 13:57:18.891 [info] > git config --get commit.template [4ms]
2024-11-25 13:57:18.892 [info] > git for-each-ref --format=%(refname)%00%(upstream:short)%00%(objectname)%00%(upstream:track)%00%(upstream:remotename)%00%(upstream:remoteref) refs/heads/jhw refs/remotes/jhw [2ms]
2024-11-25 13:57:18.900 [info] > git for-each-ref --sort -committerdate --format %(refname) %(objectname) %(*objectname) [2ms]
2024-11-25 13:57:18.964 [info] > git status -z -uall [69ms]
2024-11-25 13:57:23.982 [info] > git config --get commit.template [3ms]
2024-11-25 13:57:23.983 [info] > git for-each-ref --format=%(refname)%00%(upstream:short)%00%(objectname)%00%(upstream:track)%00%(upstream:remotename)%00%(upstream:remoteref) refs/heads/jhw refs/remotes/jhw [2ms]
2024-11-25 13:57:23.990 [info] > git for-each-ref --sort -committerdate --format %(refname) %(objectname) %(*objectname) [2ms]
2024-11-25 13:57:24.053 [info] > git status -z -uall [68ms]
2024-11-25 13:57:29.069 [info] > git config --get commit.template [2ms]
2024-11-25 13:57:29.071 [info] > git for-each-ref --format=%(refname)%00%(upstream:short)%00%(objectname)%00%(upstream:track)%00%(upstream:remotename)%00%(upstream:remoteref) refs/heads/jhw refs/remotes/jhw [2ms]
2024-11-25 13:57:29.078 [info] > git for-each-ref --sort -committerdate --format %(refname) %(objectname) %(*objectname) [2ms]
2024-11-25 13:57:29.141 [info] > git status -z -uall [68ms]
2024-11-25 13:57:34.161 [info] > git config --get commit.template [7ms]
2024-11-25 13:57:34.162 [info] > git for-each-ref --format=%(refname)%00%(upstream:short)%00%(objectname)%00%(upstream:track)%00%(upstream:remotename)%00%(upstream:remoteref) refs/heads/jhw refs/remotes/jhw [3ms]
2024-11-25 13:57:34.169 [info] > git for-each-ref --sort -committerdate --format %(refname) %(objectname) %(*objectname) [2ms]
2024-11-25 13:57:34.234 [info] > git status -z -uall [69ms]
2024-11-25 13:57:39.250 [info] > git config --get commit.template [4ms]
2024-11-25 13:57:39.250 [info] > git for-each-ref --format=%(refname)%00%(upstream:short)%00%(objectname)%00%(upstream:track)%00%(upstream:remotename)%00%(upstream:remoteref) refs/heads/jhw refs/remotes/jhw [1ms]
2024-11-25 13:57:39.258 [info] > git for-each-ref --sort -committerdate --format %(refname) %(objectname) %(*objectname) [3ms]
2024-11-25 13:57:39.322 [info] > git status -z -uall [69ms]
2024-11-25 13:57:42.723 [info] > git show --textconv :mypage.php [7ms]
2024-11-25 13:57:42.726 [info] > git ls-files --stage -- /var/www/html/2_team/2_team2/mypage.php [7ms]
2024-11-25 13:57:42.730 [info] > git cat-file -s 9104ce1c9742f347dceb33d62fb4f4bf68ab9da3 [2ms]
2024-11-25 13:57:44.337 [info] > git config --get commit.template [5ms]
2024-11-25 13:57:44.340 [info] > git for-each-ref --format=%(refname)%00%(upstream:short)%00%(objectname)%00%(upstream:track)%00%(upstream:remotename)%00%(upstream:remoteref) refs/heads/jhw refs/remotes/jhw [3ms]
2024-11-25 13:57:44.349 [info] > git for-each-ref --sort -committerdate --format %(refname) %(objectname) %(*objectname) [2ms]
2024-11-25 13:57:44.413 [info] > git status -z -uall [69ms]
2024-11-25 13:57:49.427 [info] > git config --get commit.template [2ms]
2024-11-25 13:57:49.428 [info] > git for-each-ref --format=%(refname)%00%(upstream:short)%00%(objectname)%00%(upstream:track)%00%(upstream:remotename)%00%(upstream:remoteref) refs/heads/jhw refs/remotes/jhw [1ms]
2024-11-25 13:57:49.436 [info] > git for-each-ref --sort -committerdate --format %(refname) %(objectname) %(*objectname) [2ms]
2024-11-25 13:57:49.500 [info] > git status -z -uall [69ms]
2024-11-25 13:57:54.515 [info] > git config --get commit.template [3ms]
2024-11-25 13:57:54.516 [info] > git for-each-ref --format=%(refname)%00%(upstream:short)%00%(objectname)%00%(upstream:track)%00%(upstream:remotename)%00%(upstream:remoteref) refs/heads/jhw refs/remotes/jhw [2ms]
2024-11-25 13:57:54.523 [info] > git for-each-ref --sort -committerdate --format %(refname) %(objectname) %(*objectname) [2ms]
2024-11-25 13:57:54.587 [info] > git status -z -uall [68ms]
2024-11-25 13:57:59.604 [info] > git config --get commit.template [4ms]
2024-11-25 13:57:59.606 [info] > git for-each-ref --format=%(refname)%00%(upstream:short)%00%(objectname)%00%(upstream:track)%00%(upstream:remotename)%00%(upstream:remoteref) refs/heads/jhw refs/remotes/jhw [2ms]
2024-11-25 13:57:59.613 [info] > git for-each-ref --sort -committerdate --format %(refname) %(objectname) %(*objectname) [2ms]
2024-11-25 13:57:59.675 [info] > git status -z -uall [67ms]
2024-11-25 13:58:06.680 [info] > git config --get commit.template [3ms]
2024-11-25 13:58:06.681 [info] > git for-each-ref --format=%(refname)%00%(upstream:short)%00%(objectname)%00%(upstream:track)%00%(upstream:remotename)%00%(upstream:remoteref) refs/heads/jhw refs/remotes/jhw [1ms]
2024-11-25 13:58:06.689 [info] > git for-each-ref --sort -committerdate --format %(refname) %(objectname) %(*objectname) [2ms]
2024-11-25 13:58:06.755 [info] > git status -z -uall [71ms]
2024-11-25 13:58:12.319 [info] > git config --get commit.template [3ms]
2024-11-25 13:58:12.320 [info] > git for-each-ref --format=%(refname)%00%(upstream:short)%00%(objectname)%00%(upstream:track)%00%(upstream:remotename)%00%(upstream:remoteref) refs/heads/jhw refs/remotes/jhw [1ms]
2024-11-25 13:58:12.328 [info] > git for-each-ref --sort -committerdate --format %(refname) %(objectname) %(*objectname) [2ms]
2024-11-25 13:58:12.395 [info] > git status -z -uall [72ms]
2024-11-25 13:58:17.406 [info] > git config --get commit.template [3ms]
2024-11-25 13:58:17.407 [info] > git for-each-ref --format=%(refname)%00%(upstream:short)%00%(objectname)%00%(upstream:track)%00%(upstream:remotename)%00%(upstream:remoteref) refs/heads/jhw refs/remotes/jhw [1ms]
2024-11-25 13:58:17.416 [info] > git for-each-ref --sort -committerdate --format %(refname) %(objectname) %(*objectname) [3ms]
2024-11-25 13:58:17.494 [info] > git status -z -uall [84ms]
2024-11-25 13:58:22.509 [info] > git config --get commit.template [2ms]
2024-11-25 13:58:22.510 [info] > git for-each-ref --format=%(refname)%00%(upstream:short)%00%(objectname)%00%(upstream:track)%00%(upstream:remotename)%00%(upstream:remoteref) refs/heads/jhw refs/remotes/jhw [2ms]
2024-11-25 13:58:22.517 [info] > git for-each-ref --sort -committerdate --format %(refname) %(objectname) %(*objectname) [2ms]
2024-11-25 13:58:22.582 [info] > git status -z -uall [70ms]
2024-11-25 14:03:14.489 [info] > git config --get commit.template [22ms]
2024-11-25 14:03:14.544 [info] > git ls-files --stage -- /var/www/html/2_team/2_team2/mypage.php [8ms]
2024-11-25 14:03:14.603 [info] > git cat-file -s 6b71a8c176f4554671cb1e3a655eb900dc70ebce [57ms]
2024-11-25 14:03:14.606 [info] > git for-each-ref --format=%(refname)%00%(upstream:short)%00%(objectname)%00%(upstream:track)%00%(upstream:remotename)%00%(upstream:remoteref) refs/heads/jhw refs/remotes/jhw [119ms]
2024-11-25 14:03:14.703 [info] > git show --textconv :mypage.php [23ms]
2024-11-25 14:03:15.085 [info] > git for-each-ref --sort -committerdate --format %(refname) %(objectname) %(*objectname) [467ms]
2024-11-25 14:03:15.827 [info] > git status -z -uall [1215ms]
2024-11-25 14:03:15.863 [info] > git merge-base refs/heads/jhw refs/remotes/origin/jhw [5ms]
2024-11-25 14:03:15.877 [info] > git diff --name-status -z --diff-filter=ADMR 9737636c5f94e0bcd809246b99e222d049bc4914...refs/remotes/origin/jhw [5ms]
2024-11-25 14:04:02.945 [info] > git config --get commit.template [3ms]
2024-11-25 14:04:02.946 [info] > git for-each-ref --format=%(refname)%00%(upstream:short)%00%(objectname)%00%(upstream:track)%00%(upstream:remotename)%00%(upstream:remoteref) refs/heads/jhw refs/remotes/jhw [2ms]
2024-11-25 14:04:02.953 [info] > git for-each-ref --sort -committerdate --format %(refname) %(objectname) %(*objectname) [2ms]
2024-11-25 14:04:03.017 [info] > git status -z -uall [68ms]
2024-11-25 14:04:08.028 [info] > git config --get commit.template [3ms]
2024-11-25 14:04:08.030 [info] > git for-each-ref --format=%(refname)%00%(upstream:short)%00%(objectname)%00%(upstream:track)%00%(upstream:remotename)%00%(upstream:remoteref) refs/heads/jhw refs/remotes/jhw [1ms]
2024-11-25 14:04:08.037 [info] > git for-each-ref --sort -committerdate --format %(refname) %(objectname) %(*objectname) [2ms]
2024-11-25 14:04:08.102 [info] > git status -z -uall [70ms]
2024-11-25 14:04:30.210 [info] > git config --get commit.template [3ms]
2024-11-25 14:04:30.212 [info] > git for-each-ref --format=%(refname)%00%(upstream:short)%00%(objectname)%00%(upstream:track)%00%(upstream:remotename)%00%(upstream:remoteref) refs/heads/jhw refs/remotes/jhw [1ms]
2024-11-25 14:04:30.220 [info] > git for-each-ref --sort -committerdate --format %(refname) %(objectname) %(*objectname) [2ms]
2024-11-25 14:04:30.286 [info] > git status -z -uall [72ms]
2024-11-25 14:05:15.537 [info] > git config --get commit.template [3ms]
2024-11-25 14:05:15.538 [info] > git for-each-ref --format=%(refname)%00%(upstream:short)%00%(objectname)%00%(upstream:track)%00%(upstream:remotename)%00%(upstream:remoteref) refs/heads/jhw refs/remotes/jhw [2ms]
2024-11-25 14:05:15.546 [info] > git for-each-ref --sort -committerdate --format %(refname) %(objectname) %(*objectname) [3ms]
2024-11-25 14:05:15.615 [info] > git status -z -uall [74ms]
2024-11-25 14:06:52.406 [info] > git config --get commit.template [130ms]
2024-11-25 14:06:52.628 [info] > git for-each-ref --format=%(refname)%00%(upstream:short)%00%(objectname)%00%(upstream:track)%00%(upstream:remotename)%00%(upstream:remoteref) refs/heads/jhw refs/remotes/jhw [349ms]
2024-11-25 14:06:52.795 [info] > git for-each-ref --sort -committerdate --format %(refname) %(objectname) %(*objectname) [161ms]
2024-11-25 14:06:53.706 [info] > git status -z -uall [1074ms]
2024-11-25 14:07:32.290 [info] > git config --get commit.template [3ms]
2024-11-25 14:07:32.291 [info] > git for-each-ref --format=%(refname)%00%(upstream:short)%00%(objectname)%00%(upstream:track)%00%(upstream:remotename)%00%(upstream:remoteref) refs/heads/jhw refs/remotes/jhw [2ms]
2024-11-25 14:07:32.299 [info] > git for-each-ref --sort -committerdate --format %(refname) %(objectname) %(*objectname) [2ms]
2024-11-25 14:07:32.367 [info] > git status -z -uall [73ms]
2024-11-25 14:07:48.388 [info] > git ls-files --stage -- /var/www/html/2_team/2_team2/mypage.php [16ms]
2024-11-25 14:07:48.399 [info] > git cat-file -s 6b71a8c176f4554671cb1e3a655eb900dc70ebce [8ms]
2024-11-25 14:07:48.400 [info] > git show --textconv :mypage.php [30ms]
2024-11-25 14:07:50.596 [info] > git show --textconv :mypage.php [8ms]
2024-11-25 14:07:50.598 [info] > git ls-files --stage -- /var/www/html/2_team/2_team2/mypage.php [7ms]
2024-11-25 14:07:50.602 [info] > git cat-file -s 6b71a8c176f4554671cb1e3a655eb900dc70ebce [1ms]
2024-11-25 14:09:27.769 [info] > git config --get commit.template [4ms]
2024-11-25 14:09:27.770 [info] > git for-each-ref --format=%(refname)%00%(upstream:short)%00%(objectname)%00%(upstream:track)%00%(upstream:remotename)%00%(upstream:remoteref) refs/heads/jhw refs/remotes/jhw [1ms]
2024-11-25 14:09:27.782 [info] > git for-each-ref --sort -committerdate --format %(refname) %(objectname) %(*objectname) [3ms]
2024-11-25 14:09:27.882 [info] > git status -z -uall [108ms]
2024-11-25 14:09:31.484 [info] > git check-ignore -v -z --stdin [11ms]
2024-11-25 14:09:32.894 [info] > git config --get commit.template [4ms]
2024-11-25 14:09:32.895 [info] > git for-each-ref --format=%(refname)%00%(upstream:short)%00%(objectname)%00%(upstream:track)%00%(upstream:remotename)%00%(upstream:remoteref) refs/heads/jhw refs/remotes/jhw [2ms]
2024-11-25 14:09:32.903 [info] > git for-each-ref --sort -committerdate --format %(refname) %(objectname) %(*objectname) [2ms]
2024-11-25 14:09:32.970 [info] > git status -z -uall [72ms]
2024-11-25 14:09:34.156 [info] > git check-ignore -v -z --stdin [7ms]
2024-11-25 14:09:35.133 [info] > git check-ignore -v -z --stdin [9ms]
2024-11-25 14:09:36.169 [info] > git check-ignore -v -z --stdin [12ms]
2024-11-25 14:09:37.361 [info] > git check-ignore -v -z --stdin [8ms]
2024-11-25 14:09:41.007 [info] > git show --textconv :add_comment.php [13ms]
2024-11-25 14:09:41.010 [info] > git ls-files --stage -- /var/www/html/2_team/2_team2/add_comment.php [9ms]
2024-11-25 14:09:41.014 [info] > git cat-file -s 46d75a1c5fff54cf9a63bd49989221962a68ba28 [2ms]
2024-11-25 14:11:39.851 [info] > git config --get commit.template [3ms]
2024-11-25 14:11:39.852 [info] > git for-each-ref --format=%(refname)%00%(upstream:short)%00%(objectname)%00%(upstream:track)%00%(upstream:remotename)%00%(upstream:remoteref) refs/heads/jhw refs/remotes/jhw [1ms]
2024-11-25 14:11:39.860 [info] > git for-each-ref --sort -committerdate --format %(refname) %(objectname) %(*objectname) [3ms]
2024-11-25 14:11:39.929 [info] > git status -z -uall [74ms]
2024-11-25 14:11:49.482 [info] > git config --get commit.template [3ms]
2024-11-25 14:11:49.483 [info] > git for-each-ref --format=%(refname)%00%(upstream:short)%00%(objectname)%00%(upstream:track)%00%(upstream:remotename)%00%(upstream:remoteref) refs/heads/jhw refs/remotes/jhw [2ms]
2024-11-25 14:11:49.491 [info] > git for-each-ref --sort -committerdate --format %(refname) %(objectname) %(*objectname) [3ms]
2024-11-25 14:11:49.561 [info] > git status -z -uall [75ms]
2024-11-25 14:13:20.277 [info] > git show --textconv :add_comment.php [8ms]
2024-11-25 14:13:20.280 [info] > git ls-files --stage -- /var/www/html/2_team/2_team2/add_comment.php [7ms]
2024-11-25 14:13:20.284 [info] > git cat-file -s 46d75a1c5fff54cf9a63bd49989221962a68ba28 [2ms]
2024-11-25 14:13:26.934 [info] > git config --get commit.template [3ms]
2024-11-25 14:13:26.935 [info] > git for-each-ref --format=%(refname)%00%(upstream:short)%00%(objectname)%00%(upstream:track)%00%(upstream:remotename)%00%(upstream:remoteref) refs/heads/jhw refs/remotes/jhw [1ms]
2024-11-25 14:13:26.943 [info] > git for-each-ref --sort -committerdate --format %(refname) %(objectname) %(*objectname) [2ms]
2024-11-25 14:13:27.010 [info] > git status -z -uall [72ms]
2024-11-25 14:15:44.976 [info] > git config --get commit.template [3ms]
2024-11-25 14:15:44.977 [info] > git for-each-ref --format=%(refname)%00%(upstream:short)%00%(objectname)%00%(upstream:track)%00%(upstream:remotename)%00%(upstream:remoteref) refs/heads/jhw refs/remotes/jhw [1ms]
2024-11-25 14:15:44.985 [info] > git for-each-ref --sort -committerdate --format %(refname) %(objectname) %(*objectname) [2ms]
2024-11-25 14:15:45.051 [info] > git status -z -uall [71ms]
2024-11-25 14:16:09.009 [info] > git config --get commit.template [4ms]
2024-11-25 14:16:09.010 [info] > git for-each-ref --format=%(refname)%00%(upstream:short)%00%(objectname)%00%(upstream:track)%00%(upstream:remotename)%00%(upstream:remoteref) refs/heads/jhw refs/remotes/jhw [2ms]
2024-11-25 14:16:09.017 [info] > git for-each-ref --sort -committerdate --format %(refname) %(objectname) %(*objectname) [2ms]
2024-11-25 14:16:09.085 [info] > git status -z -uall [72ms]
2024-11-25 14:16:15.576 [info] > git check-ignore -v -z --stdin [9ms]
